do run
loading script "jan_unknown400_120.py"
loading script "jan_pump_ms.py"
loading script "jan_co2.py"
loading script "jan_pump_extraction_line.py"
testing...
no interpolation path defined
executed 556.052928
script duration name:unknown400_120 seconds:556.0
loading script "jan_unknown400_120.py"
loading script "jan_pump_ms.py"
loading script "jan_co2.py"
loading script "jan_pump_extraction_line.py"
testing...
no interpolation path defined
executed 0
loading script "jan_unknown400_120.py"
loading script "jan_pump_ms.py"
loading script "jan_co2.py"
loading script "jan_pump_extraction_line.py"
testing...
no interpolation path defined
calculate duration
testing...
no interpolation path defined
executed 0
calculate duration
testing...
no interpolation path defined
executed 0
executed 0.0
script duration name:co2 seconds:0.0
loading script "jan_unknown400_120.py"
loading script "jan_pump_ms.py"
loading script "jan_co2.py"
loading script "jan_pump_extraction_line.py"
testing...
no interpolation path defined
calculate duration
testing...
no interpolation path defined
executed 4.0
executed 4.0
Script duration 556.0
Run total estimated duration= 557.000
run duration: 0:09:17
doing event level: 2
08:40:36 -- Setting default integration. t=1.048576
setting integration time = 1.048576
SetIntegrationTime 1.048576 ===>> OK
----------------- start -----------------
**************** Experiment Type: Ar/Ar, Ar/Ar
create new session 4419404816
close session 4419404816
$$$$$ Clearing conditionals
adding conditionals kevin
extract conditionals from file. /Users/jan/PychronDev/scripts/conditionals/kevin.yaml
no attr for this modification cd={'extraction_str': '', 'attr': '', 'mapper': '', 'use_termination': False, 'start_count': 0, 'nskip': 0, 'window': 0, 'frequency': 1, 'teststr': '', 'action': 'Skip Next Run', 'ntrips': 1, 'use_truncation': False}
no attr for this cancelation cd={'mapper': '', 'window': 0, 'frequency': 1, 'attr': '', 'teststr': '', 'start_count': 0, 'ntrips': 1}
adding truncation attr="Ar40" test="Ar40>5000.0" start="10"
adding truncation attr="age" test="age>100.0" start="50"
adding truncation attr="Ar39" test="Ar39.bs_corrected<0.5" start="50"
adding termination attr="Ar40" test="Ar40>5000.0" start="1"
Invalid conditional kind="pre_run_terminations"
no attr for this action cd={'mapper': '', 'attr': '', 'start_count': 0, 'window': 0, 'frequency': 1, 'teststr': '', 'action': None, 'ntrips': 1}
Invalid conditional kind="post_run_terminations"
Add queue conditionals
add default conditionals
adding default conditionals from /Users/jan/PychronDev/setupfiles/spectrometer/default_conditionals.yaml
Start automated run 65506-105
loading script "jan_unknown400_120.py"
loading script "jan_pump_ms.py"
loading script "jan_co2.py"
loading script "jan_pump_extraction_line.py"
%%%%%%%%%%%%%%%%%% setting automated run 65506-105
No value "sensitivity_multiplier" in metadata
$$$$$$$$$$$$$$$ auto_save_detector_ic=False
============================= Pre Extraction Check =============================
loading queue conditionals pre_run_terminations
loading system conditionals pre_run_terminations
loading conditionals from /Users/jan/PychronDev/setupfiles/spectrometer/default_conditionals.yaml
08:40:36 -- ******* Pre Extraction Check *******
Get a measurement from the spectrometer
GetData ===>> H2,-0.268158601867998,H1,-0.0722517873909865,AX,-0.0757580012370315,L1,-0.00671025562867333,L2,-0...
Pre Extraction Termination data. keys=H2,H1,AX,L1,L2,CDD, signals=-0.26816,-0.07225,-0.07576,-0.00671,-0.00952,0.00149
08:40:36 -- testing system defined conditionals
Checking default pre extraction terminations n=2
testing CDD
evaluate ot="CDD.inactive" t="CDD", ctx="{'CDD': False}"
GetDeflection CDD ===>> 50
testing CDD==2000
evaluate ot="CDD.deflection==2000" t="CDD==2000", ctx="{'CDD': 50.0}"
08:40:36 -- ******* Pre Extraction Check Passed *******
=================================================================================
08:40:36 -- stopping status monitor
stop 4975560080
Alive clients [4982987280]
08:40:36 -- starting status monitor
start 4975560080
Monitor already running
start extraction
do extraction
Analysis started at 08:40:36.142763
Extraction Started jan_co2.py
08:40:36 -- ******* Extraction Started jan_co2.py *******
state changed from not run to extraction
DO EXTRACTION <pychron.extraction_line.pyscript_runner.RemotePyScriptRunner object at 0x12abb4950>
testing...
no interpolation path defined
calculate duration
testing...
no interpolation path defined
executed 0
calculate duration
testing...
no interpolation path defined
executed 0
executed 100.0
Jan CO2 laser analysis
doing GOSUB
testing...
no interpolation path defined
executed 0
Waiting for CO2 access
wait ('FelixCO2Flag', 0) {}
waiting for FelixCO2Flag = 0
Read FelixCO2Flag ===>> 0
finished waiting
CO2 free
wait ('CO2PumpTimeFlag', 0) {}
waiting for CO2PumpTimeFlag = 0
Read CO2PumpTimeFlag ===>> 0
finished waiting
acquire ('JanCO2Flag',) {'clear': True}
acquire JanCO2Flag
Set JanCO2Flag 1 ===>> OK
JanCO2Flag acquired
set extraction state False (0.75, 'red', 1.5)
CO2 acquired
executed 0
WaitForCO2Access.py completed successfully
gosub finished
doing GOSUB
testing...
no interpolation path defined
executed 0
Prepare for CO2 analysis
close () {'description': 'Jan Inlet'}
closing name=--- desc=Jan Inlet
checking ownership. requestor=129.138.12.150
check software interlocks R
interlocks []
actuate state mode=None-script, software_lock=False
doing actuation None-script close_channel False
Close R ===>> OK
GetValveState R ===>> False
change switch state (True, True)
update switch state R False args=() kw={} ncanvase=2
08:40:36 -- CLOSE  VALVE-R (Jan Inlet)
---------------------------------------- close None (Jan Inlet) result=[(True, True)]
action=close, ok=True, locked=[False]
open () {'description': 'Jan Ion Pump'}
opening name=--- desc=Jan Ion Pump
checking ownership. requestor=129.138.12.150
check software interlocks O
interlocks []
actuate state mode=None-script, software_lock=False
doing actuation None-script open_channel False
Open O ===>> OK
GetValveState O ===>> OK
change switch state (True, True)
update switch state O True args=() kw={} ncanvase=2
08:40:36 -- OPEN   VALVE-O (Jan Ion Pump)
---------------------------------------- open None (Jan Ion Pump) result=[(True, True)], time=0.08 sec
action=open, ok=True, locked=[False]
close () {'description': 'Microbone to Minibone'}
closing name=--- desc=Microbone to Minibone
checking ownership. requestor=129.138.12.150
check software interlocks L
interlocks []
actuate state mode=None-script, software_lock=False
doing actuation None-script close_channel False
Close L ===>> OK
Get Checksum: 1006475879
GetValveState L ===>> False
change switch state (True, True)
update switch state L False args=() kw={} ncanvase=2
08:40:37 -- CLOSE  VALVE-L (Microbone to Minibone)
---------------------------------------- close None (Microbone to Minibone) result=[(True, True)]
action=close, ok=True, locked=[False]
open () {'description': 'Microbone to Turbo'}
opening name=--- desc=Microbone to Turbo
checking ownership. requestor=129.138.12.150
check software interlocks U
interlocks []
actuate state mode=None-script, software_lock=False
doing actuation None-script open_channel False
Open U ===>> OK
GetValveState U ===>> OK
change switch state (True, True)
update switch state U True args=() kw={} ncanvase=2
08:40:37 -- OPEN   VALVE-U (Microbone to Turbo)
---------------------------------------- open None (Microbone to Turbo) result=[(True, True)], time=0.11 sec
action=open, ok=True, locked=[False]
open () {'description': 'Microbone to Inlet Pipette'}
opening name=--- desc=Microbone to Inlet Pipette
checking ownership. requestor=129.138.12.150
check software interlocks S
interlocks []
actuate state mode=None-script, software_lock=False
doing actuation None-script open_channel False
Open S ===>> OK
GetValveState S ===>> OK
change switch state (True, True)
update switch state S True args=() kw={} ncanvase=2
08:40:38 -- OPEN   VALVE-S (Microbone to Inlet Pipette)
---------------------------------------- open None (Microbone to Inlet Pipette) result=[(True, True)], time=0.38 sec
action=open, ok=True, locked=[False]
open () {'description': 'Microbone to Getter D-50'}
opening name=--- desc=Microbone to Getter D-50
checking ownership. requestor=129.138.12.150
check software interlocks K
interlocks []
actuate state mode=None-script, software_lock=False
doing actuation None-script open_channel False
Open K ===>> OK
GetValveState K ===>> OK
change switch state (True, True)
update switch state K True args=() kw={} ncanvase=2
08:40:39 -- OPEN   VALVE-K (Microbone to Getter D-50)
---------------------------------------- open None (Microbone to Getter D-50) result=[(True, True)], time=0.38 sec
action=open, ok=True, locked=[False]
open () {'description': 'Microbone to Getter NP-10'}
opening name=--- desc=Microbone to Getter NP-10
checking ownership. requestor=129.138.12.150
check software interlocks M
interlocks []
actuate state mode=None-script, software_lock=False
doing actuation None-script open_channel False
Open M ===>> OK
GetValveState M ===>> OK
change switch state (True, True)
update switch state M True args=() kw={} ncanvase=2
08:40:39 -- OPEN   VALVE-M (Microbone to Getter NP-10)
---------------------------------------- open None (Microbone to Getter NP-10) result=[(True, True)], time=0.12 sec
action=open, ok=True, locked=[False]
close () {'description': 'CO2 Laser to Felix'}
closing name=--- desc=CO2 Laser to Felix
checking ownership. requestor=129.138.12.150
check software interlocks F
interlocks []
actuate state mode=None-script, software_lock=True
VALVE-F(CO2 Laser to Felix) software locked
change switch state (True, False)
---------------------------------------- close None (CO2 Laser to Felix) result=[(True, False)]
action=close, ok=True, locked=[True]
open () {'description': 'CO2 Laser to Jan'}
opening name=--- desc=CO2 Laser to Jan
checking ownership. requestor=129.138.12.150
check software interlocks A
interlocks []
actuate state mode=None-script, software_lock=False
doing actuation None-script open_channel False
Open A ===>> OK
GetValveState A ===>> OK
change switch state (True, True)
update switch state A True args=() kw={} ncanvase=2
08:40:39 -- OPEN   VALVE-A (CO2 Laser to Jan)
---------------------------------------- open None (CO2 Laser to Jan) result=[(True, True)], time=0.11 sec
action=open, ok=True, locked=[False]
open () {'description': 'Microbone to CO2 Laser'}
opening name=--- desc=Microbone to CO2 Laser
checking ownership. requestor=129.138.12.150
check software interlocks T
interlocks []
actuate state mode=None-script, software_lock=False
doing actuation None-script open_channel False
Open T ===>> OK
Get Checksum: 1006475879
GetValveState T ===>> OK
change switch state (True, True)
update switch state T True args=() kw={} ncanvase=2
08:40:40 -- OPEN   VALVE-T (Microbone to CO2 Laser)
---------------------------------------- open None (Microbone to CO2 Laser) result=[(True, True)], time=0.38 sec
action=open, ok=True, locked=[False]
executed 0
PrepareForCO2Analysis.py completed successfully
gosub finished
set_motor ('beam', '1.25') {}
setting motor "beam" to 1.25
set motor beam to 1.25
SetMotor beam,1.25 ===>> OK
GetMotorMoving beam ===>> False
GetMotorMoving beam ===>> False
Block completed
move_to_position ('203',) {'autocenter': True}
FusionsCO2 move to position 203
sending GoToHole 203,True
GoToHole 203,True ===>> OK
GetDriveMoving ===>> OK
GetDriveMoving ===>> OK
GetDriveMoving ===>> OK
GetDriveMoving ===>> OK
Get Checksum: 1006475879
GetDriveMoving ===>> OK
GetDriveMoving ===>> OK
GetDriveMoving ===>> False
GetDriveMoving ===>> False
Block completed
GetAutoCorrecting ===>> OK
GetAutoCorrecting ===>> False
GetAutoCorrecting ===>> False
Block completed
update position
GetPosition ===>> 1.99390,-11.96340,1.00000
got position (1.9939, -11.9634, 1.0)
move to position succeeded
sleep (5,) {}
SLEEP 5.0
block started
WaitControl setup for 5.0  
Get Checksum: 1006475879
set states for children of Y. state=False
handle state [('Y', False)]
update switch state Y False args=() kw={'refresh': False} ncanvase=2
refresh_canvas_needed fired
Get Checksum: 308250487
Join finished
block finished. duration 5.0141851902
close () {'description': 'Microbone to Turbo'}
closing name=--- desc=Microbone to Turbo
checking ownership. requestor=129.138.12.150
check software interlocks U
interlocks []
actuate state mode=None-script, software_lock=False
doing actuation None-script close_channel True
Close U ===>> OK
GetValveState U ===>> False
change switch state (True, True)
update switch state U False args=() kw={} ncanvase=2
08:40:51 -- CLOSE  VALVE-U (Microbone to Turbo)
---------------------------------------- close None (Microbone to Turbo) result=[(True, True)]
action=close, ok=True, locked=[False]
enable laser
enable () {}
set extraction state FusionsCO2 Enabled (False, 'red', 1.5)
enabling laser
set states for children of Z. state=True
handle state [('Z', True)]
update switch state Z True args=() kw={'refresh': False} ncanvase=2
refresh_canvas_needed fired
Enable ===>> OK
begin interval
BEGIN INTERVAL Interval 1 waiting for 30.0
block started
set extract to 5.0
WaitControl setup for 30.0  
extract (5.0,) {}
GetPosition ===>> 1.99390,-11.96340,1.00000
set extraction state FusionsCO2 ON! 5.0(watts) (0.75, 'red', 1.5)
extract sample to 5.0 (watts)
set laser output
SetLaserOutput 5.0,watts ===>> OK
COMPLETE INTERVAL waiting for Interval 1 to complete
Get Checksum: -1929789864
Get Checksum: -1929789864
Get Checksum: -1929789864
Get Checksum: -1929789864
Get Checksum: -1929789864
set states for children of Z. state=False
handle state [('Z', False)]
update switch state Z False args=() kw={'refresh': False} ncanvase=2
refresh_canvas_needed fired
Get Checksum: 1348205436
set states for children of Y. state=True
handle state [('Y', True)]
update switch state Y True args=() kw={'refresh': False} ncanvase=2
refresh_canvas_needed fired
Get Checksum: -1927676594
Get Checksum: -1927676594
Get Checksum: -1927676594
Get Checksum: -1927676594
Join finished
block finished. duration 30.0659439564
Interval 1 finished
end_extract () {}
ending extraction. set laser power to 0
set laser power 0
SetLaserPower 0 ===>> OK
disable () {}
%%%%%%%%%%%%%%%%%%%%%%%%%%%%%%%%%%% disable
set extraction state False (0.75, 'red', 1.5)
disabling laser
Disable ===>> OK
sleep (30.0,) {}
SLEEP 30.0
block started
WaitControl setup for 30.0  
Get Checksum: -1927676594
set states for children of V. state=False
set states for children of Y. state=False
handle state [('V', False), ('Y', False)]
update switch state V False args=() kw={'refresh': True} ncanvase=2
update switch state Y False args=() kw={'refresh': False} ncanvase=2
refresh_canvas_needed fired
Get Checksum: -487842390
set states for children of H. state=True
handle state [('H', True)]
update switch state H True args=() kw={'refresh': False} ncanvase=2
refresh_canvas_needed fired
Get Checksum: -2041049482
Get Checksum: -2041049482
Get Checksum: -2041049482
Get Checksum: -2041049482
Get Checksum: -2041049482
Get Checksum: -2041049482
Get Checksum: -2041049482
Join finished
block finished. duration 30.0681490898
executed 195.0
jan_co2.py completed successfully
Get Checksum: -2041049482
GetAchievedOutput ===>> No Response
Requested Output= 0.000
Achieved Output=  0.000
GetResponseBlob ===>> No Response
GetOutputBlob ===>> No Response
persistence save...
persistence save - db
AutomatedRunPersister post_extraction_save deprecated
persistence save - dvc
no extraction position for 203
create new session 4982606736
close session 4982606736
Extraction Finished
08:41:52 -- ******* Extraction Finished *******
no overlap. not waiting for min ms pumptime
08:41:52 -- Sending spectrometer configuration
======== Sending configuration ========
SetDeflection CDD,50.0 ===>> OK
SetDeflection H2,0.0 ===>> OK
SetDeflection H1,0.0 ===>> OK
SetDeflection L2,825.0 ===>> OK
SetDeflection L1,400.0 ===>> OK
SetDeflection AX,190.0 ===>> OK
SetZFocus 74.64 ===>> OK
SetZSymmetry -50.72 ===>> OK
SetExtractionLens 26.13 ===>> OK
SetIonRepeller -3.81 ===>> OK
SetElectronEnergy 75.08 ===>> OK
SetYSymmetry -2.81 ===>> OK
SetIonCounterVoltage 1590.0 ===>> OK
send trap current 200.0
GetParameter Trap Current Readback ===>> 198.147042666178
SetParameter Trap Current Set,200.0 ===>> OK
updating mftable name mftable
Using mftable located at /Users/jan/PychronDev/setupfiles/spectrometer/mftables/mftable.csv
============ MFtable ===========
Isotope  H2     H1     AX     L1     L2     CDD    
Ar40     5.7711 5.8789 5.9922 6.1110 6.2309 6.3392
Ar39     5.6703 5.7712 5.8846 5.9970 6.1160 6.2257
Ar36     5.3478 5.4402 5.5480 5.6559 5.7710 5.8768
================================
get initial guess parabolic
get initial guess parabolic
get initial guess parabolic
get initial guess parabolic
get initial guess parabolic
get initial guess parabolic
======== Configuration Finished ========
GetYSymmetry ===>> -2.81
GetZSymmetry ===>> -50.72
GetParameter Trap Current Readback ===>> 197.923274125618
GetHighVoltage ===>> 4499.94659342336
start measurement
do measurement
L#=65506 analysis type=unknown
Measurement Started jan_unknown400_120.py
08:41:52 -- ******* Measurement Started jan_unknown400_120.py *******
state changed from extraction to measurement
setting spec, defl, and gains
GetExtractionLens ===>> 26.13
GetYSymmetry ===>> -2.81
GetZSymmetry ===>> -50.72
GetZFocus ===>> 74.64
GetDeflection H2 ===>> 0
GetDeflection H1 ===>> 0
GetDeflection AX ===>> 190
GetDeflection L1 ===>> 400
GetDeflection L2 ===>> 825
GetDeflection CDD ===>> 50
GetGain H2 ===>> 0.0113
GetGain H1 ===>> 0.1
GetGain AX ===>> 0.097049
GetGain L1 ===>> 0.010355
GetGain L2 ===>> 0.095649
GetGain CDD ===>> 0
pre measurement save
New frame /Users/jan/PychronDev/data/isotopes/4a/7c36f6-b9a6-49d4-ab83-92ca2811ccdf.h5
flush and close file /Users/jan/PychronDev/data/isotopes/4a/7c36f6-b9a6-49d4-ab83-92ca2811ccdf.h5
testing...
no interpolation path defined
executed 568.532928
unknown measurement script
activate_detectors ('H2', 'H1', 'AX', 'L1', 'L2', 'CDD') {}
activate detectors
*************** Set Analysis View Ar/Ar
create graphs
clearing graphs
clear isotope group
setting isotope det=H2, iso=PM41
setting isotope det=H1, iso=Ar40
setting isotope det=AX, iso=Ar39
setting isotope det=L1, iso=Ar38
setting isotope det=L2, iso=Ar37
setting isotope det=CDD, iso=Ar36
setting previous blanks
 - setting Ar40 blank 0.354+/-0.008
 - setting Ar36 blank 0.00438+/-0.00016
 - setting Ar37 blank 0.045+/-0.005
 - setting Ar38 blank 0.0128+/-0.0023
 - setting PM41 blank 0.01+/-0.07
 - setting Ar39 blank 0.012+/-0.009
load analysis view
position_magnet ('Ar40',) {'detector': 'H1'}
detector Detector(H1)
POSITION Ar40 H1
setting detector H2 to PM41 (40.9624)
setting detector H1 to Ar40 (39.9624)
setting detector AX to Ar39 (38.9624)
setting detector L1 to Ar38 (37.9624)
setting detector L2 to Ar37 (36.9624)
setting detector CDD to Ar36 (35.9624)
Mapping mass to dac mass func: "parabolic"
H1 map mass coeffs = [-0.00063987  0.15840543  0.57051999]
H1 map mass to dac 39.9624 >> 5.87891
GetDeflection H1 ===>> 0
GetHighVoltage ===>> 4499.94659342336
positioning Ar40 (5.87887537965) on H1
setting magnet DAC
current  : 5.878876
requested: 5.878875
Delta Dac: 0.000000
Checking detector protection. dv=0.00000
Checking detector "CDD". Protection Threshold: 0.1 (V)
SetMagnetDAC 5.87887537965 ===>> OK
Magnet settling time: 0.500
equilibrate () {'delay': 3, 'inlet': 'R', 'outlet': 'O', 'eqtime': 12.0}
Equilibration Started
08:41:53 -- ******* Equilibration Started *******
checking ownership. requestor=129.138.12.150
check software interlocks O
interlocks []
actuate state mode=None-script, software_lock=False
doing actuation None-script close_channel True
Close O ===>> OK
GetValveState O ===>> False
change switch state (True, True)
update switch state O False args=() kw={} ncanvase=2
08:41:53 -- CLOSE  VALVE-O (Jan Ion Pump)
waiting 3s before opening inlet value ('R',)
Get Checksum: 991524765
checking ownership. requestor=129.138.12.150
check software interlocks R
interlocks []
actuate state mode=None-script, software_lock=False
doing actuation None-script open_channel True
Open R ===>> OK
GetValveState R ===>> OK
change switch state (True, True)
update switch state R True args=() kw={} ncanvase=2
08:41:56 -- OPEN   VALVE-R (Jan Inlet)
equilibrating for 12.0sec
set_time_zero () {}
sniff (12.0,) {}
py_sniff
build tables- sniff [Detector(H2), Detector(H1), Detector(AX), Detector(L1), Detector(L2), Detector(CDD)]
add group /sniff/PM41 (Group) '' table H2
add group /sniff/Ar40 (Group) '' table H1
add group /sniff/Ar39 (Group) '' table AX
add group /sniff/Ar38 (Group) '' table L1
add group /sniff/Ar37 (Group) '' table L2
add group /sniff/Ar36 (Group) '' table CDD
flush and close file /Users/jan/PychronDev/data/isotopes/4a/7c36f6-b9a6-49d4-ab83-92ca2811ccdf.h5
measuring sniff. ncounts=12.0
starting measurement
GetData ===>> H2,-0.0778800654236247,H1,0.0385460869871902,AX,0.267759973010667,L1,0.0125317196433935,L2,0.0036...
Get Checksum: 1520380032
GetData ===>> H2,0.863050246324197,H1,2.2070621386822,AX,1.01545637022498,L1,0.179029879531785,L2,0.26483425134...
GetData ===>> H2,0.614347499376639,H1,3.58951512238186,AX,0.318383894761431,L1,0.223142481160309,L2,0.086179840...
GetData ===>> H2,0.158118307561224,H1,4.05718167642866,AX,0.155428891167895,L1,0.118304376092825,L2,0.090510816...
set states for children of H. state=False
handle state [('H', False)]
update switch state H False args=() kw={'refresh': False} ncanvase=2
refresh_canvas_needed fired
Get Checksum: 1043020636
GetData ===>> H2,-0.050398116342491,H1,4.1357613493642,AX,0.104829947743722,L1,0.0687075603812489,L2,-0.1146438...
GetData ===>> H2,-0.0962478562309578,H1,4.256159667959,AX,0.0920915121588305,L1,0.0362520796884067,L2,-0.053884...
set states for children of C. state=True
set states for children of B. state=True
set states for children of D. state=True
handle state [('C', True), ('B', True), ('D', True)]
update switch state C True args=() kw={'refresh': True} ncanvase=2
update switch state B True args=() kw={'refresh': True} ncanvase=2
update switch state D True args=() kw={'refresh': False} ncanvase=2
refresh_canvas_needed fired
GetData ===>> H2,-0.156077727858812,H1,4.27661822733734,AX,0.0056965546480555,L1,-0.00462915014605924,L2,0.0118...
Get Checksum: 1198826875
GetData ===>> H2,-0.0983210700492094,H1,4.33518164768529,AX,-0.0572094279594861,L1,-0.0309917306339467,L2,0.045...
set states for children of Q. state=True
set states for children of P. state=True
handle state [('Q', True), ('P', True)]
update switch state Q True args=() kw={'refresh': True} ncanvase=2
update switch state P True args=() kw={'refresh': False} ncanvase=2
refresh_canvas_needed fired
GetData ===>> H2,-0.0876029077453633,H1,4.31276572781549,AX,-0.023998651005907,L1,-0.0158325168962993,L2,-0.010...
GetData ===>> H2,-0.140180871190961,H1,4.29633456877248,AX,0.0820689964249435,L1,0.0424473412338511,L2,0.042032...
set states for children of I. state=False
handle state [('I', False)]
update switch state I False args=() kw={'refresh': False} ncanvase=2
refresh_canvas_needed fired
Get Checksum: 1775861429
GetData ===>> H2,-0.0487856765674296,H1,4.22406719154027,AX,0.00320227286295469,L1,0.0321152058700735,L2,0.0635...
Equilibration Finished
08:42:08 -- ******* Equilibration Finished *******
checking ownership. requestor=129.138.12.150
check software interlocks R
interlocks []
actuate state mode=None-script, software_lock=False
doing actuation None-script close_channel True
GetData ===>> H2,-0.112581059715284,H1,4.2957865029684,AX,-0.010474536244799,L1,0.00518267884974701,L2,-0.05175...
Close R ===>> OK
set states for children of R. state=False
handle state [('R', False)]
update switch state R False args=() kw={'refresh': False} ncanvase=2
refresh_canvas_needed fired
GetValveState R ===>> False
change switch state (True, True)
update switch state R False args=() kw={} ncanvase=2
08:42:09 -- CLOSE  VALVE-R (Jan Inlet)
Post Equilibration Started jan_pump_extraction_line.py
08:42:09 -- ******* Post Equilibration Started jan_pump_extraction_line.py *******
testing...
no interpolation path defined
calculate duration
testing...
no interpolation path defined
executed 4.0
executed 4.0
Pump after analysis
doing GOSUB
testing...
no interpolation path defined
executed 4.0
Pump Microbone
close () {'description': 'Jan Inlet'}
closing name=--- desc=Jan Inlet
checking ownership. requestor=129.138.12.150
check software interlocks R
interlocks []
actuate state mode=None-script, software_lock=False
doing actuation None-script close_channel False
Close R ===>> OK
GetValveState R ===>> False
change switch state (True, True)
update switch state R False args=() kw={} ncanvase=2
08:42:10 -- CLOSE  VALVE-R (Jan Inlet)
---------------------------------------- close None (Jan Inlet) result=[(True, True)]
measurement finished
estimated time: 12.583 actual time: :12.666
flush and close file /Users/jan/PychronDev/data/isotopes/4a/7c36f6-b9a6-49d4-ab83-92ca2811ccdf.h5
set_fits () {}
using default fits file=/Users/jan/PychronDev/scripts/measurement/fits/nominal.yaml
set "Ar40" to "('Parabolic', 'SEM')"
No fit for "PM41". defaulting to linear. check the measurement script "jan_unknown400_120.py"
set "PM41" to "linear"
set "Ar36" to "('Parabolic', 'SEM')"
set "Ar37" to "('linear', 'SEM')"
set "Ar38" to "('linear', 'SEM')"
set "Ar39" to "('Parabolic', 'SEM')"
set_baseline_fits () {}
using default fits file=/Users/jan/PychronDev/scripts/measurement/fits/nominal.yaml
set "H1" to "('average', 'SEM')"
set "H2" to "('average', 'SEM')"
set "CDD" to "('average', 'SEM')"
set "L2" to "('average', 'SEM')"
set "L1" to "('average', 'SEM')"
set "AX" to "('average', 'SEM')"
multicollect () {'integration_time': 1, 'ncounts': 400}
build tables- signal [Detector(H2), Detector(H1), Detector(AX), Detector(L1), Detector(L2), Detector(CDD)]
add group /signal/PM41 (Group) '' table H2
add group /signal/Ar40 (Group) '' table H1
add group /signal/Ar39 (Group) '' table AX
add group /signal/Ar38 (Group) '' table L1
add group /signal/Ar37 (Group) '' table L2
add group /signal/Ar36 (Group) '' table CDD
flush and close file /Users/jan/PychronDev/data/isotopes/4a/7c36f6-b9a6-49d4-ab83-92ca2811ccdf.h5
measuring signal. ncounts=400
action=close, ok=True, locked=[False]
is_closed ('F',) {}
is F () closed?
is closed True
open () {'description': 'CO2 Laser to Jan'}
opening name=--- desc=CO2 Laser to Jan
checking ownership. requestor=129.138.12.150
check software interlocks A
interlocks []
actuate state mode=None-script, software_lock=False
doing actuation None-script open_channel False
Open A ===>> OK
GetValveState A ===>> OK
change switch state (True, True)
update switch state A True args=() kw={} ncanvase=2
08:42:10 -- OPEN   VALVE-A (CO2 Laser to Jan)
---------------------------------------- open None (CO2 Laser to Jan) result=[(True, True)], time=0.11 sec
Get Checksum: 1838806504
action=open, ok=True, locked=[False]
sleep (1,) {}
SLEEP 1.0
starting measurement
GetData ===>> H2,-0.177092582889504,H1,4.31593289666419,AX,0.14622396246648,L1,0.0202585506258721,L2,0.01294859...
close () {'description': 'CO2 Laser to Roughing'}
closing name=--- desc=CO2 Laser to Roughing
checking ownership. requestor=129.138.12.150
check software interlocks G
interlocks []
actuate state mode=None-script, software_lock=True
VALVE-G(CO2 Laser to Roughing) software locked
change switch state (True, False)
---------------------------------------- close None (CO2 Laser to Roughing) result=[(True, False)]
action=close, ok=True, locked=[True]
open () {'description': 'Microbone to Turbo'}
opening name=--- desc=Microbone to Turbo
checking ownership. requestor=129.138.12.150
check software interlocks U
interlocks []
actuate state mode=None-script, software_lock=False
doing actuation None-script open_channel True
Open U ===>> OK
GetValveState U ===>> OK
change switch state (True, True)
update switch state U True args=() kw={} ncanvase=2
08:42:11 -- OPEN   VALVE-U (Microbone to Turbo)
---------------------------------------- open None (Microbone to Turbo) result=[(True, True)], time=0.12 sec
testing Ar40>5000.0
evaluate ot="Ar40>5000.0" t="Ar40>5000.0", ctx="{'Ar40': 3.980666519094924}"
GetData ===>> H2,-0.175745421126443,H1,4.38824411257646,AX,0.0638710233342141,L1,-0.00793592739705051,L2,0.0732...
action=open, ok=True, locked=[False]
open () {'description': 'Microbone to Getter NP-10'}
opening name=--- desc=Microbone to Getter NP-10
checking ownership. requestor=129.138.12.150
check software interlocks M
interlocks []
actuate state mode=None-script, software_lock=False
doing actuation None-script open_channel False
Open M ===>> OK
GetValveState M ===>> OK
change switch state (True, True)
update switch state M True args=() kw={} ncanvase=2
08:42:12 -- OPEN   VALVE-M (Microbone to Getter NP-10)
---------------------------------------- open None (Microbone to Getter NP-10) result=[(True, True)], time=0.12 sec
action=open, ok=True, locked=[False]
open () {'description': 'Microbone to Getter D-50'}
opening name=--- desc=Microbone to Getter D-50
checking ownership. requestor=129.138.12.150
check software interlocks K
interlocks []
actuate state mode=None-script, software_lock=False
doing actuation None-script open_channel False
Open K ===>> OK
testing Ar40>5000.0
evaluate ot="Ar40>5000.0" t="Ar40>5000.0", ctx="{'Ar40': -0.24158903925687533}"
GetData ===>> H2,-0.280513189068573,H1,4.35763904167465,AX,0.0530280866058444,L1,-0.0239531123933177,L2,-0.0052...
GetValveState K ===>> OK
change switch state (True, True)
update switch state K True args=() kw={} ncanvase=2
08:42:12 -- OPEN   VALVE-K (Microbone to Getter D-50)
---------------------------------------- open None (Microbone to Getter D-50) result=[(True, True)], time=0.43 sec
action=open, ok=True, locked=[False]
open () {'description': 'Microbone to CO2 Laser'}
opening name=--- desc=Microbone to CO2 Laser
checking ownership. requestor=129.138.12.150
check software interlocks T
interlocks []
actuate state mode=None-script, software_lock=False
doing actuation None-script open_channel False
Open T ===>> OK
GetValveState T ===>> OK
change switch state (True, True)
update switch state T True args=() kw={} ncanvase=2
08:42:13 -- OPEN   VALVE-T (Microbone to CO2 Laser)
---------------------------------------- open None (Microbone to CO2 Laser) result=[(True, True)], time=0.40 sec
Get Checksum: 1695186306
action=open, ok=True, locked=[False]
open () {'description': 'Microbone to Inlet Pipette'}
opening name=--- desc=Microbone to Inlet Pipette
checking ownership. requestor=129.138.12.150
check software interlocks S
interlocks []
actuate state mode=None-script, software_lock=False
doing actuation None-script open_channel False
testing Ar40>5000.0
evaluate ot="Ar40>5000.0" t="Ar40>5000.0", ctx="{'Ar40': -6.519304410576122}"
GetData ===>> H2,-0.181196523759636,H1,4.39371766913081,AX,-0.0740539985608915,L1,-0.00407731515382753,L2,-0.00...
Open S ===>> OK
GetValveState S ===>> OK
change switch state (True, True)
update switch state S True args=() kw={} ncanvase=2
08:42:14 -- OPEN   VALVE-S (Microbone to Inlet Pipette)
---------------------------------------- open None (Microbone to Inlet Pipette) result=[(True, True)], time=0.43 sec
action=open, ok=True, locked=[False]
sleep (1,) {}
SLEEP 1.0
testing Ar40>5000.0
evaluate ot="Ar40>5000.0" t="Ar40>5000.0", ctx="{'Ar40': 1.813281850192935}"
GetData ===>> H2,-0.190312717576613,H1,4.38836601487889,AX,-0.0994486608766322,L1,0.0168087265347055,L2,0.12551...
set_resource () {'name': 'CO2PumpTimeFlag', 'value': 30}
Set CO2PumpTimeFlag 30 ===>> OK
release ('JanCO2Flag',) {}
release JanCO2Flag
Set JanCO2Flag 0 ===>> OK
executed 6.0
PumpMicrobone.py completed successfully
gosub finished
get_resource_value () {'name': 'JanMiniboneFlag'}
Read JanMiniboneFlag ===>> 0
Get Resource Value JanMiniboneFlag=0.0
get resource value 0.0
get_resource_value () {'name': 'JanMiniboneFlag'}
Read JanMiniboneFlag ===>> 0
Get Resource Value JanMiniboneFlag=0.0
executed 4.0
jan_pump_extraction_line.py completed successfully
Post Equilibration Finished
08:42:15 -- ******* Post Equilibration Finished *******
testing Ar40>5000.0
evaluate ot="Ar40>5000.0" t="Ar40>5000.0", ctx="{'Ar40': 2.3821425662012885}"
GetData ===>> H2,-0.194577637409508,H1,4.39631435851886,AX,0.0660745484699254,L1,0.00732419552577659,L2,0.05084...
Get Checksum: 1695186306
testing Ar40>5000.0
evaluate ot="Ar40>5000.0" t="Ar40>5000.0", ctx="{'Ar40': 2.905891506452343}"
GetData ===>> H2,-0.11121111608962,H1,4.41594404907637,AX,0.0415516659566358,L1,-0.0437723716040198,L2,0.110720...
testing Ar40>5000.0
evaluate ot="Ar40>5000.0" t="Ar40>5000.0", ctx="{'Ar40': 3.3937959315690027}"
GetData ===>> H2,-0.173080832069736,H1,4.39559508114915,AX,-0.0534413169459893,L1,-0.0318767502187857,L2,-0.015...
testing Ar40>5000.0
evaluate ot="Ar40>5000.0" t="Ar40>5000.0", ctx="{'Ar40': 3.277568458965517}"
GetData ===>> H2,-0.209632750415444,H1,4.36172162614656,AX,0.0124024290758341,L1,-0.0280474919405748,L2,0.03609...
Get Checksum: 1695186306
testing Ar40>5000.0
evaluate ot="Ar40>5000.0" t="Ar40>5000.0", ctx="{'Ar40': 3.058864569676234}"
GetData ===>> H2,-0.123258787723049,H1,4.33900746398199,AX,-0.0352943699798063,L1,0.0160857584790279,L2,0.09166...
testing Ar40>5000.0
evaluate ot="Ar40>5000.0" t="Ar40>5000.0", ctx="{'Ar40': 3.0021861061244675}"
testing Ar40>5000.0
evaluate ot="Ar40>5000.0" t="Ar40>5000.0", ctx="{'Ar40': 3.0021861061244675}"
GetData ===>> H2,-0.194452300807759,H1,4.28263380492895,AX,0.0835769479149077,L1,0.00542140241896936,L2,-0.0481...
testing Ar40>5000.0
evaluate ot="Ar40>5000.0" t="Ar40>5000.0", ctx="{'Ar40': 2.8666321686835756}"
testing Ar40>5000.0
evaluate ot="Ar40>5000.0" t="Ar40>5000.0", ctx="{'Ar40': 2.8666321686835756}"
GetData ===>> H2,-0.25110057400395,H1,4.39611929974928,AX,-0.12748983303458,L1,0.0310854577518734,L2,0.06809093...
Get Checksum: 1695186306
testing Ar40>5000.0
evaluate ot="Ar40>5000.0" t="Ar40>5000.0", ctx="{'Ar40': 3.453864433063794}"
testing Ar40>5000.0
evaluate ot="Ar40>5000.0" t="Ar40>5000.0", ctx="{'Ar40': 3.453864433063794}"
GetData ===>> H2,-0.252782809875805,H1,4.4796285584064,AX,-0.0392487215230985,L1,0.00449920779421832,L2,0.05537...
testing Ar40>5000.0
evaluate ot="Ar40>5000.0" t="Ar40>5000.0", ctx="{'Ar40': 4.031607902441898}"
testing Ar40>5000.0
evaluate ot="Ar40>5000.0" t="Ar40>5000.0", ctx="{'Ar40': 4.031607902441898}"
GetData ===>> H2,-0.246971242477911,H1,4.46433155907557,AX,0.0437335681930577,L1,0.015466112849564,L2,0.0121506...
testing Ar40>5000.0
evaluate ot="Ar40>5000.0" t="Ar40>5000.0", ctx="{'Ar40': 4.215161469178641}"
testing Ar40>5000.0
evaluate ot="Ar40>5000.0" t="Ar40>5000.0", ctx="{'Ar40': 4.215161469178641}"
GetData ===>> H2,-0.247170345886332,H1,4.58857760246489,AX,0.0368166420712181,L1,-0.000459647721700249,L2,0.016...
Get Checksum: 1695186306
testing Ar40>5000.0
evaluate ot="Ar40>5000.0" t="Ar40>5000.0", ctx="{'Ar40': 4.563076913541344}"
testing Ar40>5000.0
evaluate ot="Ar40>5000.0" t="Ar40>5000.0", ctx="{'Ar40': 4.563076913541344}"
GetData ===>> H2,-0.229793857775787,H1,4.4034586422258,AX,-0.0390979720641313,L1,-0.0501208267447336,L2,0.03326...
testing Ar40>5000.0
evaluate ot="Ar40>5000.0" t="Ar40>5000.0", ctx="{'Ar40': 4.264304470561032}"
testing Ar40>5000.0
evaluate ot="Ar40>5000.0" t="Ar40>5000.0", ctx="{'Ar40': 4.264304470561032}"
GetData ===>> H2,-0.216225309906297,H1,4.49296501940883,AX,0.189772226894085,L1,-0.0428815434397643,L2,0.030995...
testing Ar40>5000.0
evaluate ot="Ar40>5000.0" t="Ar40>5000.0", ctx="{'Ar40': 4.24457877833042}"
testing Ar40>5000.0
evaluate ot="Ar40>5000.0" t="Ar40>5000.0", ctx="{'Ar40': 4.24457877833042}"
GetData ===>> H2,-0.240303286819967,H1,4.42071182811528,AX,-0.0310383341054108,L1,0.00102739248991668,L2,0.0818...
Get Checksum: 1695186306
testing Ar40>5000.0
evaluate ot="Ar40>5000.0" t="Ar40>5000.0", ctx="{'Ar40': 4.083142551762307}"
testing Ar40>5000.0
evaluate ot="Ar40>5000.0" t="Ar40>5000.0", ctx="{'Ar40': 4.083142551762307}"
GetData ===>> H2,-0.240303286819967,H1,4.42071182811528,AX,-0.0310383341054108,L1,0.00102739248991668,L2,0.0818...
testing Ar40>5000.0
evaluate ot="Ar40>5000.0" t="Ar40>5000.0", ctx="{'Ar40': 3.9787208766253523}"
testing Ar40>5000.0
evaluate ot="Ar40>5000.0" t="Ar40>5000.0", ctx="{'Ar40': 3.9787208766253523}"
GetData ===>> H2,-0.244506374368044,H1,4.38790278690242,AX,0.0756082686204032,L1,-0.0494363823823221,L2,0.09088...
testing Ar40>5000.0
evaluate ot="Ar40>5000.0" t="Ar40>5000.0", ctx="{'Ar40': 3.869378346337013}"
testing Ar40>5000.0
evaluate ot="Ar40>5000.0" t="Ar40>5000.0", ctx="{'Ar40': 3.869378346337013}"
GetData ===>> H2,-0.224210332550759,H1,4.48295641565652,AX,-0.0237550943723218,L1,-0.0742806269091344,L2,0.0285...
Get Checksum: 1695186306
testing Ar40>5000.0
evaluate ot="Ar40>5000.0" t="Ar40>5000.0", ctx="{'Ar40': 3.9167585142852075}"
testing Ar40>5000.0
evaluate ot="Ar40>5000.0" t="Ar40>5000.0", ctx="{'Ar40': 3.9167585142852075}"
GetData ===>> H2,-0.204760271697965,H1,4.46740296431865,AX,-0.0360365479134045,L1,-0.0440022499237111,L2,-0.029...
testing Ar40>5000.0
evaluate ot="Ar40>5000.0" t="Ar40>5000.0", ctx="{'Ar40': 3.9244227544082793}"
testing Ar40>5000.0
evaluate ot="Ar40>5000.0" t="Ar40>5000.0", ctx="{'Ar40': 3.9244227544082793}"
GetData ===>> H2,-0.267692201989865,H1,4.58302550832139,AX,-0.0670058337866158,L1,0.00513109610826496,L2,-0.016...
Get Checksum: 1695186306
testing Ar40>5000.0
evaluate ot="Ar40>5000.0" t="Ar40>5000.0", ctx="{'Ar40': 4.0358747060600635}"
testing Ar40>5000.0
evaluate ot="Ar40>5000.0" t="Ar40>5000.0", ctx="{'Ar40': 4.0358747060600635}"
GetData ===>> H2,-0.0762239084340926,H1,4.56806685848978,AX,-0.0709241199843536,L1,0.00208369647679867,L2,0.067...
testing Ar40>5000.0
evaluate ot="Ar40>5000.0" t="Ar40>5000.0", ctx="{'Ar40': 4.081833896144014}"
testing Ar40>5000.0
evaluate ot="Ar40>5000.0" t="Ar40>5000.0", ctx="{'Ar40': 4.081833896144014}"
08:42:35 -- collecting point 25
GetData ===>> H2,-0.0963561981279378,H1,4.51052206007836,AX,-0.0520731666877478,L1,-0.042717497922897,L2,0.0515...
testing Ar40>5000.0
evaluate ot="Ar40>5000.0" t="Ar40>5000.0", ctx="{'Ar40': 4.053317918406812}"
testing Ar40>5000.0
evaluate ot="Ar40>5000.0" t="Ar40>5000.0", ctx="{'Ar40': 4.053317918406812}"
GetData ===>> H2,-0.190033635508276,H1,4.498719495391,AX,-0.0930629501664563,L1,-0.0338632696131789,L2,0.019959...
Get Checksum: 1695186306
testing Ar40>5000.0
evaluate ot="Ar40>5000.0" t="Ar40>5000.0", ctx="{'Ar40': 4.017116057862482}"
testing Ar40>5000.0
evaluate ot="Ar40>5000.0" t="Ar40>5000.0", ctx="{'Ar40': 4.017116057862482}"
GetData ===>> H2,-0.192376632651058,H1,4.56416283970145,AX,-0.143371224844635,L1,-0.0293232748396718,L2,0.02823...
testing Ar40>5000.0
evaluate ot="Ar40>5000.0" t="Ar40>5000.0", ctx="{'Ar40': 4.031026112655972}"
testing Ar40>5000.0
evaluate ot="Ar40>5000.0" t="Ar40>5000.0", ctx="{'Ar40': 4.031026112655972}"
GetData ===>> H2,-0.161442636750017,H1,4.60129364243584,AX,-0.0674579517849549,L1,-0.00172447923270212,L2,-0.01...
testing Ar40>5000.0
evaluate ot="Ar40>5000.0" t="Ar40>5000.0", ctx="{'Ar40': 4.056255352356163}"
testing Ar40>5000.0
evaluate ot="Ar40>5000.0" t="Ar40>5000.0", ctx="{'Ar40': 4.056255352356163}"
GetData ===>> H2,-0.198770553707398,H1,4.61292495419154,AX,-0.000649236721684715,L1,0.0154553054149983,L2,0.019...
Get Checksum: 1695186306
testing Ar40>5000.0
evaluate ot="Ar40>5000.0" t="Ar40>5000.0", ctx="{'Ar40': 4.071877424019353}"
testing Ar40>5000.0
evaluate ot="Ar40>5000.0" t="Ar40>5000.0", ctx="{'Ar40': 4.071877424019353}"
GetData ===>> H2,-0.207983672947108,H1,4.53002122000938,AX,-0.0382630477554937,L1,0.00643514089677013,L2,0.0246...
testing Ar40>5000.0
evaluate ot="Ar40>5000.0" t="Ar40>5000.0", ctx="{'Ar40': 4.028298499924049}"
testing Ar40>5000.0
evaluate ot="Ar40>5000.0" t="Ar40>5000.0", ctx="{'Ar40': 4.028298499924049}"
GetData ===>> H2,-0.229958076933612,H1,4.57459422241067,AX,-0.0112865001019022,L1,-0.0178102152700495,L2,0.0342...
testing Ar40>5000.0
evaluate ot="Ar40>5000.0" t="Ar40>5000.0", ctx="{'Ar40': 4.014605713609185}"
testing Ar40>5000.0
evaluate ot="Ar40>5000.0" t="Ar40>5000.0", ctx="{'Ar40': 4.014605713609185}"
GetData ===>> H2,-0.23053686312984,H1,4.59677816912112,AX,0.025769148494789,L1,-0.0255553552269722,L2,-0.069477...
Get Checksum: 1695186306
testing Ar40>5000.0
evaluate ot="Ar40>5000.0" t="Ar40>5000.0", ctx="{'Ar40': 4.009824366239555}"
testing Ar40>5000.0
evaluate ot="Ar40>5000.0" t="Ar40>5000.0", ctx="{'Ar40': 4.009824366239555}"
GetData ===>> H2,-0.147978344775436,H1,4.62428903300862,AX,0.0521583846330419,L1,-0.0283757369960652,L2,-0.0089...
testing Ar40>5000.0
evaluate ot="Ar40>5000.0" t="Ar40>5000.0", ctx="{'Ar40': 4.013377253985191}"
testing Ar40>5000.0
evaluate ot="Ar40>5000.0" t="Ar40>5000.0", ctx="{'Ar40': 4.013377253985191}"
GetData ===>> H2,-0.256446284890016,H1,4.55966120283435,AX,-0.0309571545005764,L1,-0.0393677495151183,L2,0.0523...
testing Ar40>5000.0
evaluate ot="Ar40>5000.0" t="Ar40>5000.0", ctx="{'Ar40': 3.982645355419564}"
testing Ar40>5000.0
evaluate ot="Ar40>5000.0" t="Ar40>5000.0", ctx="{'Ar40': 3.982645355419564}"
GetData ===>> H2,-0.25736028776807,H1,4.56727384262521,AX,0.0857461190884249,L1,-0.0282319813561248,L2,0.040903...
Get Checksum: 1695186306
testing Ar40>5000.0
evaluate ot="Ar40>5000.0" t="Ar40>5000.0", ctx="{'Ar40': 3.959100074145199}"
testing Ar40>5000.0
evaluate ot="Ar40>5000.0" t="Ar40>5000.0", ctx="{'Ar40': 3.959100074145199}"
GetData ===>> H2,-0.257289051968562,H1,4.67889304887013,AX,-0.0126204260198767,L1,-0.00290516526778821,L2,0.025...
testing Ar40>5000.0
evaluate ot="Ar40>5000.0" t="Ar40>5000.0", ctx="{'Ar40': 3.9810921101977095}"
testing Ar40>5000.0
evaluate ot="Ar40>5000.0" t="Ar40>5000.0", ctx="{'Ar40': 3.9810921101977095}"
GetData ===>> H2,-0.208871563982651,H1,4.6624214845415,AX,0.0184009815283524,L1,0.0178788624844338,L2,0.0258419...
testing Ar40>5000.0
evaluate ot="Ar40>5000.0" t="Ar40>5000.0", ctx="{'Ar40': 3.987193864544025}"
testing Ar40>5000.0
evaluate ot="Ar40>5000.0" t="Ar40>5000.0", ctx="{'Ar40': 3.987193864544025}"
GetData ===>> H2,-0.27427915262353,H1,4.63548345626263,AX,-0.0278374869583037,L1,0.0124008684903732,L2,0.023812...
Get Checksum: 1695186306
testing Ar40>5000.0
evaluate ot="Ar40>5000.0" t="Ar40>5000.0", ctx="{'Ar40': 3.9783351811473966}"
testing Ar40>5000.0
evaluate ot="Ar40>5000.0" t="Ar40>5000.0", ctx="{'Ar40': 3.9783351811473966}"
GetData ===>> H2,-0.269460924769053,H1,4.53339950075982,AX,-0.0515630040408963,L1,-0.0377397782670679,L2,0.0014...
testing Ar40>5000.0
evaluate ot="Ar40>5000.0" t="Ar40>5000.0", ctx="{'Ar40': 3.93444392221863}"
testing Ar40>5000.0
evaluate ot="Ar40>5000.0" t="Ar40>5000.0", ctx="{'Ar40': 3.93444392221863}"
GetData ===>> H2,-0.21632090404416,H1,4.66170167657867,AX,0.0135278546551588,L1,-0.0571280043482821,L2,-0.08558...
testing Ar40>5000.0
evaluate ot="Ar40>5000.0" t="Ar40>5000.0", ctx="{'Ar40': 3.938834351200725}"
testing Ar40>5000.0
evaluate ot="Ar40>5000.0" t="Ar40>5000.0", ctx="{'Ar40': 3.938834351200725}"
GetData ===>> H2,-0.231155996933492,H1,4.67890525101062,AX,-0.0772649175153811,L1,-0.0273430466742879,L2,0.0690...
Get Checksum: 1695186306
testing Ar40>5000.0
evaluate ot="Ar40>5000.0" t="Ar40>5000.0", ctx="{'Ar40': 3.9446471638520575}"
testing Ar40>5000.0
evaluate ot="Ar40>5000.0" t="Ar40>5000.0", ctx="{'Ar40': 3.9446471638520575}"
GetData ===>> H2,-0.157600204538275,H1,4.66039627504247,AX,-0.0460669913812119,L1,-0.0275790652960596,L2,0.0377...
testing Ar40>5000.0
evaluate ot="Ar40>5000.0" t="Ar40>5000.0", ctx="{'Ar40': 3.941163633106219}"
testing Ar40>5000.0
evaluate ot="Ar40>5000.0" t="Ar40>5000.0", ctx="{'Ar40': 3.941163633106219}"
GetData ===>> H2,-0.144079602553144,H1,4.60922671287267,AX,0.120993220827057,L1,-0.0297676644865379,L2,-0.01420...
testing Ar40>5000.0
evaluate ot="Ar40>5000.0" t="Ar40>5000.0", ctx="{'Ar40': 3.922067902553781}"
testing Ar40>5000.0
evaluate ot="Ar40>5000.0" t="Ar40>5000.0", ctx="{'Ar40': 3.922067902553781}"
GetData ===>> H2,-0.116960521660396,H1,4.6601156768846,AX,0.064706037517827,L1,-0.0181903589523424,L2,-0.044599...
Get Checksum: 1695186306
testing Ar40>5000.0
evaluate ot="Ar40>5000.0" t="Ar40>5000.0", ctx="{'Ar40': 3.918459721677807}"
testing Ar40>5000.0
evaluate ot="Ar40>5000.0" t="Ar40>5000.0", ctx="{'Ar40': 3.918459721677807}"
GetData ===>> H2,-0.147388080799306,H1,4.71833795739902,AX,-0.0260862542931366,L1,-0.0316384373182081,L2,0.0379...
testing Ar40>5000.0
evaluate ot="Ar40>5000.0" t="Ar40>5000.0", ctx="{'Ar40': 3.9282795039735547}"
testing Ar40>5000.0
evaluate ot="Ar40>5000.0" t="Ar40>5000.0", ctx="{'Ar40': 3.9282795039735547}"
GetData ===>> H2,-0.190335637054214,H1,4.66735047497362,AX,0.0569244468045699,L1,-0.0212010212224422,L2,0.08994...
Get Checksum: 1695186306
testing Ar40>5000.0
evaluate ot="Ar40>5000.0" t="Ar40>5000.0", ctx="{'Ar40': 3.9217417732217688}"
testing Ar40>5000.0
evaluate ot="Ar40>5000.0" t="Ar40>5000.0", ctx="{'Ar40': 3.9217417732217688}"
GetData ===>> H2,-0.22493485208937,H1,4.63711938503091,AX,-0.014035527444759,L1,0.0181142836192487,L2,-0.013687...
testing Ar40>5000.0
evaluate ot="Ar40>5000.0" t="Ar40>5000.0", ctx="{'Ar40': 3.907799556239993}"
testing Ar40>5000.0
evaluate ot="Ar40>5000.0" t="Ar40>5000.0", ctx="{'Ar40': 3.907799556239993}"
GetData ===>> H2,-0.309940999144751,H1,4.63824257513525,AX,0.0572491505259691,L1,-0.0488224966325236,L2,0.03979...
testing Ar40>5000.0
evaluate ot="Ar40>5000.0" t="Ar40>5000.0", ctx="{'Ar40': 3.8954389656574837}"
testing Ar40>5000.0
evaluate ot="Ar40>5000.0" t="Ar40>5000.0", ctx="{'Ar40': 3.8954389656574837}"
GetData ===>> H2,-0.264264176008563,H1,4.75325546499812,AX,-0.051539814766135,L1,-0.0297161594150763,L2,0.04438...
Get Checksum: 1695186306
testing Ar40>5000.0
evaluate ot="Ar40>5000.0" t="Ar40>5000.0", ctx="{'Ar40': 3.90882016707403}"
testing Ar40>5000.0
evaluate ot="Ar40>5000.0" t="Ar40>5000.0", ctx="{'Ar40': 3.90882016707403}"
08:43:02 -- collecting point 50
GetData ===>> H2,-0.284526210598163,H1,4.61597640897546,AX,0.00614901261090581,L1,0.0122880257412872,L2,-0.0653...
testing Ar40>5000.0
evaluate ot="Ar40>5000.0" t="Ar40>5000.0", ctx="{'Ar40': 3.8898667585094553}"
testing age>100.0
evaluate ot="age>100.0" t="age>100.0", ctx="{'age': 111.39465053552169}"
condition age>100.0 is true trips=1/1
08:43:03 -- Conditional tripped: age>100.0 condition age>100.0 is True
08:43:03 -- truncation conditional condition age>100.0 is True. measurement iteration executed 50/400 counts
state changed from measurement to truncated
measurement finished
estimated time: 419.430 actual time: :52.598
flush and close file /Users/jan/PychronDev/data/isotopes/4a/7c36f6-b9a6-49d4-ab83-92ca2811ccdf.h5
baselines () {'settling_time': 15.0, 'detector': 'H1', 'mass': 34.2, 'ncounts': 120}
%%%%%%%%%%%%%%%%%%%%%%%%%%%%%%%% Baseline
build tables- baseline [Detector(H2), Detector(H1), Detector(AX), Detector(L1), Detector(L2), Detector(CDD)]
add group baseline table H2
add group baseline table H1
add group baseline table AX
add group baseline table L1
add group baseline table L2
add group baseline table CDD
flush and close file /Users/jan/PychronDev/data/isotopes/4a/7c36f6-b9a6-49d4-ab83-92ca2811ccdf.h5
detector Detector(H1)
POSITION 34.2 H1
Mapping mass to dac mass func: "parabolic"
H1 map mass coeffs = [-0.00063987  0.15840543  0.57051999]
H1 map mass to dac 34.2 >> 5.23956599104
GetDeflection H1 ===>> 0
GetHighVoltage ===>> 4499.94659342336
positioning 34.2 (5.23953513573) on H1
setting magnet DAC
current  : 5.878875
requested: 5.239535
Delta Dac: 0.639340
Checking detector protection. dv=0.63934
Checking detector "CDD". Protection Threshold: 0.1 (V)
ProtectDetector CDD,On ===>> OK
GetDeflection CDD ===>> 2000
SetMagnetDAC 5.23953513573 ===>> OK
Magnet settling time: 0.500
loading system conditionals pre_run_terminations
loading conditionals from /Users/jan/PychronDev/setupfiles/spectrometer/default_conditionals.yaml
loading queue conditionals pre_run_terminations
loading system conditionals None
loading conditionals from /Users/jan/PychronDev/setupfiles/spectrometer/default_conditionals.yaml
loading queue conditionals None
loading system conditionals post_run_terminations
loading conditionals from /Users/jan/PychronDev/setupfiles/spectrometer/default_conditionals.yaml
loading queue conditionals post_run_terminations
Show conditionals active run: <pychron.experiment.automated_run.automated_run.AutomatedRun object at 0x12b99c710>
Show conditionals measuring run: <pychron.experiment.automated_run.automated_run.AutomatedRun object at 0x12b99c710>
active_run same as measuring_run: True
GetMagnetMoving ===>> True
GetMagnetMoving ===>> True
GetMagnetMoving ===>> True
GetMagnetMoving ===>> True
GetMagnetMoving ===>> True
Get Checksum: 1695186306
GetMagnetMoving ===>> True
GetMagnetMoving ===>> True
GetMagnetMoving ===>> True
GetMagnetMoving ===>> False
ProtectDetector CDD,Off ===>> OK
GetDeflection CDD ===>> 50
Delaying 15.0s for detectors to settle
Get Checksum: 1695186306
Get Checksum: 1695186306
Get Checksum: 1695186306
Get Checksum: 1695186306
Join finished
measuring baseline. ncounts=120.0
starting measurement
GetData ===>> H2,-0.172785402496118,H1,-0.0448797818308975,AX,-0.0394922393866869,L1,-0.00581789189900568,L2,0....
Get Checksum: 1695186306
testing Ar40>5000.0
evaluate ot="Ar40>5000.0" t="Ar40>5000.0", ctx="{'Ar40': 3.8898667585094553}"
GetData ===>> H2,-0.303205230825387,H1,-0.0694624743925008,AX,-0.0575572462357975,L1,-0.00154448444411343,L2,-0...
testing Ar40>5000.0
evaluate ot="Ar40>5000.0" t="Ar40>5000.0", ctx="{'Ar40': 3.9079754218798226}"
GetData ===>> H2,-0.245894947045105,H1,0.0394530125608529,AX,0.00752960247058192,L1,-0.0357376949550123,L2,-0.0...
testing Ar40>5000.0
evaluate ot="Ar40>5000.0" t="Ar40>5000.0", ctx="{'Ar40': 3.8757673749889716}"
GetData ===>> H2,-0.254413707267828,H1,0.0076916458335631,AX,-0.118591691908779,L1,-0.0696383899513206,L2,-0.07...
Get Checksum: 1695186306
testing Ar40>5000.0
evaluate ot="Ar40>5000.0" t="Ar40>5000.0", ctx="{'Ar40': 3.867603693225369}"
GetData ===>> H2,-0.208552254596402,H1,-0.0410046551859054,AX,-0.15483772858341,L1,-0.082736468705417,L2,0.0341...
testing Ar40>5000.0
evaluate ot="Ar40>5000.0" t="Ar40>5000.0", ctx="{'Ar40': 3.872444744371101}"
GetData ===>> H2,-0.146141266649016,H1,-0.10180895911065,AX,-0.0467279207148026,L1,-0.047184087655667,L2,0.1116...
testing Ar40>5000.0
evaluate ot="Ar40>5000.0" t="Ar40>5000.0", ctx="{'Ar40': 3.885806162455713}"
GetData ===>> H2,-0.255020023694489,H1,-0.0517830972328824,AX,0.0149433568468894,L1,-0.00885328463867426,L2,-0....
Get Checksum: 1695186306
testing Ar40>5000.0
evaluate ot="Ar40>5000.0" t="Ar40>5000.0", ctx="{'Ar40': 3.888203480819326}"
GetData ===>> H2,-0.26226199585408,H1,-0.0475267051650573,AX,-0.0213774856952716,L1,-0.00943243576554433,L2,0.0...
testing Ar40>5000.0
evaluate ot="Ar40>5000.0" t="Ar40>5000.0", ctx="{'Ar40': 3.889469420583558}"
GetData ===>> H2,-0.257166740395957,H1,-0.0799756330046584,AX,-0.0440377943285318,L1,-0.00944442612001075,L2,-0...
testing Ar40>5000.0
evaluate ot="Ar40>5000.0" t="Ar40>5000.0", ctx="{'Ar40': 3.8940594768268046}"
GetData ===>> H2,-0.223794184155957,H1,-0.112366380465922,AX,0.065541058862112,L1,-0.000768070051710703,L2,-0.0...
Get Checksum: 1695186306
testing Ar40>5000.0
evaluate ot="Ar40>5000.0" t="Ar40>5000.0", ctx="{'Ar40': 3.900970596567529}"
testing Ar40>5000.0
evaluate ot="Ar40>5000.0" t="Ar40>5000.0", ctx="{'Ar40': 3.900970596567529}"
GetData ===>> H2,-0.290449036553742,H1,-0.0720968275974563,AX,-0.0758855104413307,L1,0.010941213036493,L2,-0.04...
testing Ar40>5000.0
evaluate ot="Ar40>5000.0" t="Ar40>5000.0", ctx="{'Ar40': 3.9029642806400795}"
testing Ar40>5000.0
evaluate ot="Ar40>5000.0" t="Ar40>5000.0", ctx="{'Ar40': 3.9029642806400795}"
GetData ===>> H2,-0.279661953453548,H1,-0.042912428593511,AX,-0.039990869301297,L1,-0.000619260457048983,L2,-0....
testing Ar40>5000.0
evaluate ot="Ar40>5000.0" t="Ar40>5000.0", ctx="{'Ar40': 3.9021936507835417}"
testing Ar40>5000.0
evaluate ot="Ar40>5000.0" t="Ar40>5000.0", ctx="{'Ar40': 3.9021936507835417}"
GetData ===>> H2,-0.275631809645316,H1,0.00442301621548253,AX,-0.00963936635394402,L1,-0.0391784919371224,L2,-0...
Get Checksum: 1695186306
testing Ar40>5000.0
evaluate ot="Ar40>5000.0" t="Ar40>5000.0", ctx="{'Ar40': 3.897900391304242}"
testing Ar40>5000.0
evaluate ot="Ar40>5000.0" t="Ar40>5000.0", ctx="{'Ar40': 3.897900391304242}"
GetData ===>> H2,-0.249280895159936,H1,-0.0297003516146031,AX,-0.134570433037515,L1,-0.0425869780439482,L2,0.03...
testing Ar40>5000.0
evaluate ot="Ar40>5000.0" t="Ar40>5000.0", ctx="{'Ar40': 3.8966578380241335}"
testing Ar40>5000.0
evaluate ot="Ar40>5000.0" t="Ar40>5000.0", ctx="{'Ar40': 3.8966578380241335}"
GetData ===>> H2,-0.170974884936194,H1,-0.0152342274959193,AX,-0.00258653484024537,L1,-0.00828609192193443,L2,0...
Get Checksum: 1695186306
testing Ar40>5000.0
evaluate ot="Ar40>5000.0" t="Ar40>5000.0", ctx="{'Ar40': 3.8946165502401278}"
testing Ar40>5000.0
evaluate ot="Ar40>5000.0" t="Ar40>5000.0", ctx="{'Ar40': 3.8946165502401278}"
GetData ===>> H2,-0.115043023228583,H1,0.0109723120738316,AX,-0.10548630674167,L1,-0.0135742533768456,L2,0.0345...
testing Ar40>5000.0
evaluate ot="Ar40>5000.0" t="Ar40>5000.0", ctx="{'Ar40': 3.8911925147060127}"
testing Ar40>5000.0
evaluate ot="Ar40>5000.0" t="Ar40>5000.0", ctx="{'Ar40': 3.8911925147060127}"
GetData ===>> H2,-0.123984973867685,H1,-0.0332301024848157,AX,-0.0573833372530332,L1,-0.0519980230409951,L2,0.0...
testing Ar40>5000.0
evaluate ot="Ar40>5000.0" t="Ar40>5000.0", ctx="{'Ar40': 3.890771448914655}"
testing Ar40>5000.0
evaluate ot="Ar40>5000.0" t="Ar40>5000.0", ctx="{'Ar40': 3.890771448914655}"
GetData ===>> H2,-0.250947264264858,H1,-0.0412312051809359,AX,0.0218703324074312,L1,-0.0387712167084075,L2,0.02...
Get Checksum: 1695186306
testing Ar40>5000.0
evaluate ot="Ar40>5000.0" t="Ar40>5000.0", ctx="{'Ar40': 3.8908416739165665}"
testing Ar40>5000.0
evaluate ot="Ar40>5000.0" t="Ar40>5000.0", ctx="{'Ar40': 3.8908416739165665}"
GetData ===>> H2,-0.341170141445037,H1,-0.0741112861947666,AX,-0.0380543155591009,L1,0.0428900054995447,L2,0.18...
testing Ar40>5000.0
evaluate ot="Ar40>5000.0" t="Ar40>5000.0", ctx="{'Ar40': 3.892635037392689}"
testing Ar40>5000.0
evaluate ot="Ar40>5000.0" t="Ar40>5000.0", ctx="{'Ar40': 3.892635037392689}"
GetData ===>> H2,-0.243067837505682,H1,-0.0562896679919376,AX,-0.0354683184408039,L1,0.0284749106556723,L2,-0.0...
testing Ar40>5000.0
evaluate ot="Ar40>5000.0" t="Ar40>5000.0", ctx="{'Ar40': 3.893357983611058}"
testing Ar40>5000.0
evaluate ot="Ar40>5000.0" t="Ar40>5000.0", ctx="{'Ar40': 3.893357983611058}"
GetData ===>> H2,-0.152218697404228,H1,-0.0247990383964279,AX,0.0612964413446118,L1,-0.0321653527519518,L2,-0.0...
Get Checksum: 1695186306
testing Ar40>5000.0
evaluate ot="Ar40>5000.0" t="Ar40>5000.0", ctx="{'Ar40': 3.892512524018367}"
testing Ar40>5000.0
evaluate ot="Ar40>5000.0" t="Ar40>5000.0", ctx="{'Ar40': 3.892512524018367}"
GetData ===>> H2,-0.199899176550091,H1,-0.0951355222105431,AX,0.0865813208728386,L1,-0.0164849964407401,L2,-0.1...
testing Ar40>5000.0
evaluate ot="Ar40>5000.0" t="Ar40>5000.0", ctx="{'Ar40': 3.8949410372892896}"
testing Ar40>5000.0
evaluate ot="Ar40>5000.0" t="Ar40>5000.0", ctx="{'Ar40': 3.8949410372892896}"
GetData ===>> H2,-0.274386618896666,H1,0.0234040302707018,AX,0.00575456196166196,L1,-0.0169887200885447,L2,-0.0...
testing Ar40>5000.0
evaluate ot="Ar40>5000.0" t="Ar40>5000.0", ctx="{'Ar40': 3.8920044819070347}"
testing Ar40>5000.0
evaluate ot="Ar40>5000.0" t="Ar40>5000.0", ctx="{'Ar40': 3.8920044819070347}"
GetData ===>> H2,-0.218940681727414,H1,-0.00875778295583702,AX,-0.10277462731114,L1,-0.0219082942369181,L2,-0.0...
Get Checksum: 1695186306
testing Ar40>5000.0
evaluate ot="Ar40>5000.0" t="Ar40>5000.0", ctx="{'Ar40': 3.8906527150244066}"
testing Ar40>5000.0
evaluate ot="Ar40>5000.0" t="Ar40>5000.0", ctx="{'Ar40': 3.8906527150244066}"
08:43:46 -- collecting point 25
GetData ===>> H2,-0.0850724693403628,H1,-0.0953500324633925,AX,-0.135390885466559,L1,-0.015230375072877,L2,0.00...
testing Ar40>5000.0
evaluate ot="Ar40>5000.0" t="Ar40>5000.0", ctx="{'Ar40': 3.892872779472691}"
testing Ar40>5000.0
evaluate ot="Ar40>5000.0" t="Ar40>5000.0", ctx="{'Ar40': 3.892872779472691}"
GetData ===>> H2,-0.14537257726556,H1,-0.0508769897190174,AX,-0.041707064362233,L1,-0.0224980499827012,L2,-0.11...
testing Ar40>5000.0
evaluate ot="Ar40>5000.0" t="Ar40>5000.0", ctx="{'Ar40': 3.893211568088631}"
testing Ar40>5000.0
evaluate ot="Ar40>5000.0" t="Ar40>5000.0", ctx="{'Ar40': 3.893211568088631}"
GetData ===>> H2,-0.15724493324215,H1,-0.0221872917234521,AX,-0.0484092119445447,L1,-0.00440841977871211,L2,-0....
Get Checksum: 1695186306
testing Ar40>5000.0
evaluate ot="Ar40>5000.0" t="Ar40>5000.0", ctx="{'Ar40': 3.892462679844296}"
testing Ar40>5000.0
evaluate ot="Ar40>5000.0" t="Ar40>5000.0", ctx="{'Ar40': 3.892462679844296}"
GetData ===>> H2,-0.225687602926825,H1,-0.00123122242798852,AX,-0.0454756297516173,L1,-0.0185812803774847,L2,-0...
testing Ar40>5000.0
evaluate ot="Ar40>5000.0" t="Ar40>5000.0", ctx="{'Ar40': 3.8910188525711464}"
testing Ar40>5000.0
evaluate ot="Ar40>5000.0" t="Ar40>5000.0", ctx="{'Ar40': 3.8910188525711464}"
GetData ===>> H2,-0.2568280245066,H1,-0.0131589483518322,AX,-0.164482921494073,L1,-0.0432527314390909,L2,-0.001...
testing Ar40>5000.0
evaluate ot="Ar40>5000.0" t="Ar40>5000.0", ctx="{'Ar40': 3.8900859004866226}"
testing Ar40>5000.0
evaluate ot="Ar40>5000.0" t="Ar40>5000.0", ctx="{'Ar40': 3.8900859004866226}"
GetData ===>> H2,-0.226057900232977,H1,-0.0951236049607783,AX,-0.0211107259759952,L1,-0.0313450292552523,L2,-0....
Get Checksum: 1695186306
testing Ar40>5000.0
evaluate ot="Ar40>5000.0" t="Ar40>5000.0", ctx="{'Ar40': 3.8919473004280314}"
testing Ar40>5000.0
evaluate ot="Ar40>5000.0" t="Ar40>5000.0", ctx="{'Ar40': 3.8919473004280314}"
GetData ===>> H2,-0.291839979138391,H1,-0.0198736327205794,AX,-0.100410537420536,L1,-0.0367693388485451,L2,-0.1...
testing Ar40>5000.0
evaluate ot="Ar40>5000.0" t="Ar40>5000.0", ctx="{'Ar40': 3.8912611915912794}"
testing Ar40>5000.0
evaluate ot="Ar40>5000.0" t="Ar40>5000.0", ctx="{'Ar40': 3.8912611915912794}"
GetData ===>> H2,-0.228346741517491,H1,-0.0761018652083443,AX,-0.119182609323454,L1,-0.0192611596808361,L2,0.00...
testing Ar40>5000.0
evaluate ot="Ar40>5000.0" t="Ar40>5000.0", ctx="{'Ar40': 3.8923750968220667}"
testing Ar40>5000.0
evaluate ot="Ar40>5000.0" t="Ar40>5000.0", ctx="{'Ar40': 3.8923750968220667}"
GetData ===>> H2,-0.203754792212344,H1,0.02081495592281,AX,-0.0494643522952428,L1,-0.012393619442412,L2,-0.0719...
Get Checksum: 1695186306
testing Ar40>5000.0
evaluate ot="Ar40>5000.0" t="Ar40>5000.0", ctx="{'Ar40': 3.890484619277316}"
testing Ar40>5000.0
evaluate ot="Ar40>5000.0" t="Ar40>5000.0", ctx="{'Ar40': 3.890484619277316}"
GetData ===>> H2,-0.214353656201608,H1,-0.0281739343039209,AX,-0.029461118232354,L1,-0.029955715646939,L2,-0.04...
testing Ar40>5000.0
evaluate ot="Ar40>5000.0" t="Ar40>5000.0", ctx="{'Ar40': 3.890146196006573}"
testing Ar40>5000.0
evaluate ot="Ar40>5000.0" t="Ar40>5000.0", ctx="{'Ar40': 3.890146196006573}"
GetData ===>> H2,-0.225993267395516,H1,0.0247880790451795,AX,-0.0493136186598581,L1,0.00554136614742654,L2,0.00...
testing Ar40>5000.0
evaluate ot="Ar40>5000.0" t="Ar40>5000.0", ctx="{'Ar40': 3.888313910827041}"
testing Ar40>5000.0
evaluate ot="Ar40>5000.0" t="Ar40>5000.0", ctx="{'Ar40': 3.888313910827041}"
GetData ===>> H2,-0.289895834057011,H1,0.00752463297375456,AX,-0.0899336830120725,L1,-0.0147949393134622,L2,-0....
Get Checksum: 1695186306
testing Ar40>5000.0
evaluate ot="Ar40>5000.0" t="Ar40>5000.0", ctx="{'Ar40': 3.887062959437244}"
testing Ar40>5000.0
evaluate ot="Ar40>5000.0" t="Ar40>5000.0", ctx="{'Ar40': 3.887062959437244}"
GetData ===>> H2,-0.182358204651092,H1,-0.000730226836487113,AX,-0.0430405734139901,L1,0.000235237201599735,L2,...
testing Ar40>5000.0
evaluate ot="Ar40>5000.0" t="Ar40>5000.0", ctx="{'Ar40': 3.8861027313606864}"
testing Ar40>5000.0
evaluate ot="Ar40>5000.0" t="Ar40>5000.0", ctx="{'Ar40': 3.8861027313606864}"
GetData ===>> H2,-0.293939493864787,H1,-0.0232606205228468,AX,-0.117050655098036,L1,-0.0356717907600629,L2,-0.1...
Get Checksum: 1695186306
testing Ar40>5000.0
evaluate ot="Ar40>5000.0" t="Ar40>5000.0", ctx="{'Ar40': 3.8857859467009574}"
testing Ar40>5000.0
evaluate ot="Ar40>5000.0" t="Ar40>5000.0", ctx="{'Ar40': 3.8857859467009574}"
GetData ===>> H2,-0.243326222456349,H1,-0.0947184176245617,AX,-0.167276602807177,L1,-0.0370353204540589,L2,-0.0...
testing Ar40>5000.0
evaluate ot="Ar40>5000.0" t="Ar40>5000.0", ctx="{'Ar40': 3.8873176586161295}"
testing Ar40>5000.0
evaluate ot="Ar40>5000.0" t="Ar40>5000.0", ctx="{'Ar40': 3.8873176586161295}"
GetData ===>> H2,-0.256782323965344,H1,-0.0875320284173807,AX,-0.0347841193673685,L1,-0.050709507317134,L2,-0.0...
testing Ar40>5000.0
evaluate ot="Ar40>5000.0" t="Ar40>5000.0", ctx="{'Ar40': 3.888593125205364}"
testing Ar40>5000.0
evaluate ot="Ar40>5000.0" t="Ar40>5000.0", ctx="{'Ar40': 3.888593125205364}"
GetData ===>> H2,-0.250212962433418,H1,-0.107862334703657,AX,-0.0600383138764939,L1,0.0209878254760915,L2,-0.03...
Get Checksum: 1695186306
testing Ar40>5000.0
evaluate ot="Ar40>5000.0" t="Ar40>5000.0", ctx="{'Ar40': 3.8903022350411303}"
testing Ar40>5000.0
evaluate ot="Ar40>5000.0" t="Ar40>5000.0", ctx="{'Ar40': 3.8903022350411303}"
GetData ===>> H2,-0.123445409826887,H1,0.0296443325595199,AX,-0.0323487954999583,L1,0.0120683461417796,L2,-0.02...
testing Ar40>5000.0
evaluate ot="Ar40>5000.0" t="Ar40>5000.0", ctx="{'Ar40': 3.8886559904260705}"
testing Ar40>5000.0
evaluate ot="Ar40>5000.0" t="Ar40>5000.0", ctx="{'Ar40': 3.8886559904260705}"
GetData ===>> H2,-0.130425306689111,H1,0.00641519747832682,AX,-0.00445419293002568,L1,0.000984182412911309,L2,-...
testing Ar40>5000.0
evaluate ot="Ar40>5000.0" t="Ar40>5000.0", ctx="{'Ar40': 3.887626527771738}"
testing Ar40>5000.0
evaluate ot="Ar40>5000.0" t="Ar40>5000.0", ctx="{'Ar40': 3.887626527771738}"
GetData ===>> H2,-0.280377586437294,H1,-0.0598542455562122,AX,-0.0408837583463594,L1,-0.0170990561873797,L2,0.0...
Get Checksum: 1695186306
testing Ar40>5000.0
evaluate ot="Ar40>5000.0" t="Ar40>5000.0", ctx="{'Ar40': 3.8881499825797516}"
testing Ar40>5000.0
evaluate ot="Ar40>5000.0" t="Ar40>5000.0", ctx="{'Ar40': 3.8881499825797516}"
GetData ===>> H2,-0.215775602693672,H1,0.0883909854264122,AX,-0.0545079970231979,L1,-0.0283362043999456,L2,-0.0...
testing Ar40>5000.0
evaluate ot="Ar40>5000.0" t="Ar40>5000.0", ctx="{'Ar40': 3.885355834263351}"
testing Ar40>5000.0
evaluate ot="Ar40>5000.0" t="Ar40>5000.0", ctx="{'Ar40': 3.885355834263351}"
GetData ===>> H2,-0.148004007729575,H1,0.00326589919301692,AX,-0.0398053328873535,L1,-0.0587927284948769,L2,-0....
testing Ar40>5000.0
evaluate ot="Ar40>5000.0" t="Ar40>5000.0", ctx="{'Ar40': 3.884533716009259}"
testing Ar40>5000.0
evaluate ot="Ar40>5000.0" t="Ar40>5000.0", ctx="{'Ar40': 3.884533716009259}"
GetData ===>> H2,-0.18829966711331,H1,-0.0681393115499638,AX,-0.0470873716258233,L1,-0.0439651345093498,L2,-0.0...
Get Checksum: 1695186306
testing Ar40>5000.0
evaluate ot="Ar40>5000.0" t="Ar40>5000.0", ctx="{'Ar40': 3.8852658413137022}"
testing Ar40>5000.0
evaluate ot="Ar40>5000.0" t="Ar40>5000.0", ctx="{'Ar40': 3.8852658413137022}"
GetData ===>> H2,-0.197172490097203,H1,-0.0559677768108056,AX,-0.0719790162337388,L1,-0.0396480358364624,L2,0.0...
testing Ar40>5000.0
evaluate ot="Ar40>5000.0" t="Ar40>5000.0", ctx="{'Ar40': 3.885713887756727}"
testing Ar40>5000.0
evaluate ot="Ar40>5000.0" t="Ar40>5000.0", ctx="{'Ar40': 3.885713887756727}"
GetData ===>> H2,-0.144572760768939,H1,-0.0460124828178586,AX,-0.0699967292198746,L1,-0.0154282941893598,L2,-0....
testing Ar40>5000.0
evaluate ot="Ar40>5000.0" t="Ar40>5000.0", ctx="{'Ar40': 3.8859404773246715}"
testing Ar40>5000.0
evaluate ot="Ar40>5000.0" t="Ar40>5000.0", ctx="{'Ar40': 3.8859404773246715}"
08:44:12 -- collecting point 50
GetData ===>> H2,-0.157692059943697,H1,-0.106611174894167,AX,-0.0881256161139811,L1,-0.0185800812552313,L2,0.01...
Get Checksum: 1695186306
testing Ar40>5000.0
evaluate ot="Ar40>5000.0" t="Ar40>5000.0", ctx="{'Ar40': 3.887369977151424}"
testing age>100.0
evaluate ot="age>100.0" t="age>100.0", ctx="{'age': 118.11608824187284}"
condition age>100.0 is true trips=1/1
08:44:14 -- Conditional tripped: age>100.0 condition age>100.0 is True
08:44:14 -- truncation conditional condition age>100.0 is True. measurement iteration executed 50/120 counts
measurement finished
estimated time: 125.829 actual time: :52.600
flush and close file /Users/jan/PychronDev/data/isotopes/4a/7c36f6-b9a6-49d4-ab83-92ca2811ccdf.h5
activate_detectors ('H1', 'AX', 'L2', 'CDD') {'peak_center': True}
peak_center () {'detector': 'H1', 'integration_time': 0.262144, 'isotope': 'Ar40'}
peak center: mean=4.66389261823 threshold=3
peak center started
setup peak center. detector=['H1', 'AX', 'L2', 'CDD'], isotope=Ar40
VersionedUnpickler [<apptools.sweet_pickle.versioned_unpickler.VersionedUnpickler object at 0x13cf72e30>] using Updater [<apptools.sweet_pickle.updater.Updater object at 0x136e1c0b0>]
VersionedUnpickler [<apptools.sweet_pickle.versioned_unpickler.VersionedUnpickler object at 0x13cf72e30>] using Updater [<apptools.sweet_pickle.updater.Updater object at 0x136e1c0b0>]
VersionedUnpickler [<apptools.sweet_pickle.versioned_unpickler.VersionedUnpickler object at 0x13cf72e30>] using Updater [<apptools.sweet_pickle.updater.Updater object at 0x136e1c0b0>]
setting integration time = 0.524288
SetIntegrationTime 0.524288 ===>> OK
Mapping mass to dac mass func: "parabolic"
H1 map mass coeffs = [-0.00063987  0.15840543  0.57051999]
H1 map mass to dac 39.9624 >> 5.87891
GetDeflection H1 ===>> 0
GetHighVoltage ===>> 4499.94659342336
do peak center. <pychron.spectrometer.jobs.peak_center.PeakCenter object at 0x136fe7170>
doing pc
starting peak center. center dac= 5.87887537965 step_width=0.001
width = 0.001
get scan parameters. half-width=0.015,window=0.015, i=0, scalar=1
Scan parameters center=5.87888 width=0.03000 (5.86388 - 5.89388)
GetData ===>> H2,-0.0838047472245645,H1,-0.0878180637216673,AX,-0.239733578791688,L1,-0.0291843241811884,L2,-0....
Moving to starting dac 5.86387537965
setting magnet DAC
current  : 5.239535
requested: 5.863875
Delta Dac: 0.624340
Checking detector protection. dv=0.62434
Checking detector "CDD". Protection Threshold: 0.1 (V)
ProtectDetector CDD,On ===>> OK
GetDeflection CDD ===>> 2000
SetMagnetDAC 5.86387537965 ===>> OK
Magnet settling time: 0.500
loading system conditionals pre_run_terminations
loading conditionals from /Users/jan/PychronDev/setupfiles/spectrometer/default_conditionals.yaml
loading queue conditionals pre_run_terminations
loading system conditionals None
loading conditionals from /Users/jan/PychronDev/setupfiles/spectrometer/default_conditionals.yaml
loading queue conditionals None
loading system conditionals post_run_terminations
loading conditionals from /Users/jan/PychronDev/setupfiles/spectrometer/default_conditionals.yaml
loading queue conditionals post_run_terminations
Show conditionals active run: <pychron.experiment.automated_run.automated_run.AutomatedRun object at 0x12b99c710>
Show conditionals measuring run: <pychron.experiment.automated_run.automated_run.AutomatedRun object at 0x12b99c710>
active_run same as measuring_run: True
GetMagnetMoving ===>> True
GetMagnetMoving ===>> True
GetMagnetMoving ===>> True
GetMagnetMoving ===>> True
GetMagnetMoving ===>> True
GetMagnetMoving ===>> True
GetMagnetMoving ===>> True
GetMagnetMoving ===>> True
Get Checksum: 1695186306
GetMagnetMoving ===>> True
GetMagnetMoving ===>> False
ProtectDetector CDD,Off ===>> OK
GetDeflection CDD ===>> 50
Wait until signal near baseline. tol= -0.0658635477913. timeout= 10
GetData ===>> H2,0.202302209089072,H1,0.00666571409608814,AX,-0.00977856183341056,L1,0.0224022673790463,L2,0.13...
GetData ===>> H2,0.220081680070983,H1,0.0526998355067089,AX,-0.21980634192251,L1,-0.0128347252818446,L2,-0.1499...
GetData ===>> H2,-0.00487188026623773,H1,0.0850063255412039,AX,-0.182760568683391,L1,-0.0491228625734496,L2,-0....
GetData ===>> H2,-0.0832277243290795,H1,0.0263988495563307,AX,-0.118777078150739,L1,-0.0628941437536166,L2,-0.1...
GetData ===>> H2,-0.141325254632864,H1,-0.0356269231566174,AX,-0.145654344213652,L1,-0.0714563888680637,L2,-0.1...
GetData ===>> H2,-0.148101202470152,H1,-0.0266117174829049,AX,-0.0499281466320652,L1,-0.0618950579325876,L2,-0....
Get Checksum: 1695186306
GetData ===>> H2,-0.187676783404604,H1,-0.0566830891405743,AX,-0.0205424093533595,L1,-0.066246807878878,L2,0.03...
GetData ===>> H2,-0.304746338537371,H1,0.025134094228574,AX,-0.186349995409839,L1,-0.033265007218642,L2,0.02179...
GetData ===>> H2,-0.304746338537371,H1,0.025134094228574,AX,-0.186349995409839,L1,-0.033265007218642,L2,0.02179...
GetData ===>> H2,-0.214107221155123,H1,-0.0445936237636111,AX,-0.12285548609486,L1,-0.0295202075683831,L2,-0.01...
GetData ===>> H2,-0.0672192496871825,H1,-0.0928235491842287,AX,-0.211217610058698,L1,-0.0309345418206814,L2,-0....
Peak center baseline intensity achieved
_do_sweep sm= 5.86387537965, em= 5.89387537965, stm= 0.001
calculated step values: start=5.86387537965, end=5.89387537965, width=0.001, nsteps=31.0
setting magnet DAC
current  : 5.863875
requested: 5.863875
Delta Dac: 0.000000
Checking detector protection. dv=0.00000
Checking detector "CDD". Protection Threshold: 0.1 (V)
SetMagnetDAC 5.86387537965 ===>> OK
GetData ===>> H2,-0.0613218675932125,H1,-0.0157351504980195,AX,-0.18563212066338,L1,-0.0147427647872566,L2,-0.1...
setting magnet DAC
current  : 5.863875
requested: 5.864910
Delta Dac: 0.001034
Checking detector protection. dv=0.00103
Checking detector "CDD". Protection Threshold: 0.1 (V)
SetMagnetDAC 5.86490986241 ===>> OK
Magnet settling time: 1.049
Get Checksum: 1695186306
GetData ===>> H2,-0.161258985981817,H1,0.0265420304115917,AX,-0.0101265496611657,L1,0.00831610794638065,L2,0.00...
setting magnet DAC
current  : 5.864910
requested: 5.865944
Delta Dac: 0.001034
Checking detector protection. dv=0.00103
Checking detector "CDD". Protection Threshold: 0.1 (V)
SetMagnetDAC 5.86594434517 ===>> OK
Magnet settling time: 1.049
GetData ===>> H2,-0.182558816379428,H1,-0.131548008211379,AX,-0.0761289366400667,L1,0.0134818657015924,L2,-0.16...
setting magnet DAC
current  : 5.865944
requested: 5.866979
Delta Dac: 0.001034
Checking detector protection. dv=0.00103
Checking detector "CDD". Protection Threshold: 0.1 (V)
SetMagnetDAC 5.86697882793 ===>> OK
Magnet settling time: 1.049
GetData ===>> H2,-0.106096570251904,H1,0.239175188983443,AX,0.0128897251521671,L1,0.00382563968324909,L2,-0.020...
setting magnet DAC
current  : 5.866979
requested: 5.868013
Delta Dac: 0.001034
Checking detector protection. dv=0.00103
Checking detector "CDD". Protection Threshold: 0.1 (V)
SetMagnetDAC 5.86801331068 ===>> OK
Magnet settling time: 1.049
Get Checksum: 1695186306
GetData ===>> H2,-0.173875351003745,H1,0.622486211912032,AX,-0.0608266772661795,L1,-0.0218491851350351,L2,0.006...
setting magnet DAC
current  : 5.868013
requested: 5.869048
Delta Dac: 0.001034
Checking detector protection. dv=0.00103
Checking detector "CDD". Protection Threshold: 0.1 (V)
SetMagnetDAC 5.86904779344 ===>> OK
Magnet settling time: 1.049
GetData ===>> H2,-0.116684486792504,H1,1.33256659366745,AX,-0.0354335287735151,L1,0.00230097273923649,L2,0.0832...
setting magnet DAC
current  : 5.869048
requested: 5.870082
Delta Dac: 0.001034
Checking detector protection. dv=0.00103
Checking detector "CDD". Protection Threshold: 0.1 (V)
SetMagnetDAC 5.8700822762 ===>> OK
Magnet settling time: 1.049
Get Checksum: 1695186306
GetData ===>> H2,-0.247587375429218,H1,2.50296014905527,AX,0.102958657356223,L1,0.0367822317594948,L2,0.0251453...
setting magnet DAC
current  : 5.870082
requested: 5.871117
Delta Dac: 0.001034
Checking detector protection. dv=0.00103
Checking detector "CDD". Protection Threshold: 0.1 (V)
SetMagnetDAC 5.87111675896 ===>> OK
Magnet settling time: 1.049
GetData ===>> H2,-0.229295352761056,H1,3.87849440613934,AX,-0.0157173835289486,L1,0.0222486074261694,L2,0.06376...
setting magnet DAC
current  : 5.871117
requested: 5.872151
Delta Dac: 0.001034
Checking detector protection. dv=0.00103
Checking detector "CDD". Protection Threshold: 0.1 (V)
SetMagnetDAC 5.87215124172 ===>> OK
Magnet settling time: 1.049
GetData ===>> H2,-0.189947998927945,H1,4.70135075883482,AX,-0.0324879585054166,L1,-0.00296275616719681,L2,0.029...
setting magnet DAC
current  : 5.872151
requested: 5.873186
Delta Dac: 0.001034
Checking detector protection. dv=0.00103
Checking detector "CDD". Protection Threshold: 0.1 (V)
SetMagnetDAC 5.87318572448 ===>> OK
Magnet settling time: 1.049
Get Checksum: 1695186306
GetData ===>> H2,-0.15940070492292,H1,5.04146334497893,AX,0.0466815350456817,L1,-0.0369574436856277,L2,0.055583...
setting magnet DAC
current  : 5.873186
requested: 5.874220
Delta Dac: 0.001034
Checking detector protection. dv=0.00103
Checking detector "CDD". Protection Threshold: 0.1 (V)
SetMagnetDAC 5.87422020724 ===>> OK
Magnet settling time: 1.049
GetData ===>> H2,-0.178681743795493,H1,5.20277903481656,AX,0.0653183065792971,L1,-0.0732758802513561,L2,-0.0347...
setting magnet DAC
current  : 5.874220
requested: 5.875255
Delta Dac: 0.001034
Checking detector protection. dv=0.00103
Checking detector "CDD". Protection Threshold: 0.1 (V)
SetMagnetDAC 5.87525469 ===>> OK
Magnet settling time: 1.049
GetData ===>> H2,-0.24463285995644,H1,5.30581142506514,AX,-0.0776126641115313,L1,-0.0491563689741994,L2,-0.1165...
setting magnet DAC
current  : 5.875255
requested: 5.876289
Delta Dac: 0.001034
Checking detector protection. dv=0.00103
Checking detector "CDD". Protection Threshold: 0.1 (V)
SetMagnetDAC 5.87628917275 ===>> OK
Magnet settling time: 1.049
Get Checksum: 1695186306
GetData ===>> H2,-0.278286812951168,H1,5.22171358010459,AX,-0.00943057276149039,L1,-0.0786224138603978,L2,-0.00...
setting magnet DAC
current  : 5.876289
requested: 5.877324
Delta Dac: 0.001034
Checking detector protection. dv=0.00103
Checking detector "CDD". Protection Threshold: 0.1 (V)
SetMagnetDAC 5.87732365551 ===>> OK
Magnet settling time: 1.049
GetData ===>> H2,-0.190885449670971,H1,5.27481742190099,AX,0.0962824599249105,L1,-0.004834281094655,L2,0.092049...
setting magnet DAC
current  : 5.877324
requested: 5.878358
Delta Dac: 0.001034
Checking detector protection. dv=0.00103
Checking detector "CDD". Protection Threshold: 0.1 (V)
SetMagnetDAC 5.87835813827 ===>> OK
Magnet settling time: 1.049
GetData ===>> H2,-0.207142874231929,H1,5.27352008852711,AX,0.00961792686228252,L1,0.0015471282199105,L2,-0.0545...
setting magnet DAC
current  : 5.878358
requested: 5.879393
Delta Dac: 0.001034
Checking detector protection. dv=0.00103
Checking detector "CDD". Protection Threshold: 0.1 (V)
SetMagnetDAC 5.87939262103 ===>> OK
Magnet settling time: 1.049
Get Checksum: 1695186306
GetData ===>> H2,-0.180056935374833,H1,5.28465810655325,AX,0.0727803232871417,L1,-0.0309752219268476,L2,-0.1283...
setting magnet DAC
current  : 5.879393
requested: 5.880427
Delta Dac: 0.001034
Checking detector protection. dv=0.00103
Checking detector "CDD". Protection Threshold: 0.1 (V)
SetMagnetDAC 5.88042710379 ===>> OK
Magnet settling time: 1.049
GetData ===>> H2,-0.149455906309936,H1,5.29631147941376,AX,0.0210116855594293,L1,-0.0198754167622117,L2,0.04587...
setting magnet DAC
current  : 5.880427
requested: 5.881462
Delta Dac: 0.001034
Checking detector protection. dv=0.00103
Checking detector "CDD". Protection Threshold: 0.1 (V)
SetMagnetDAC 5.88146158655 ===>> OK
Magnet settling time: 1.049
Get Checksum: 1695186306
GetData ===>> H2,-0.289247263535268,H1,5.35209949636879,AX,0.0428747284985745,L1,0.01515638891706,L2,-0.0660205...
setting magnet DAC
current  : 5.881462
requested: 5.882496
Delta Dac: 0.001034
Checking detector protection. dv=0.00103
Checking detector "CDD". Protection Threshold: 0.1 (V)
SetMagnetDAC 5.88249606931 ===>> OK
Magnet settling time: 1.049
GetData ===>> H2,-0.15860922235653,H1,5.3630990401057,AX,-0.0291247968355326,L1,-0.00952356210127377,L2,-0.1042...
setting magnet DAC
current  : 5.882496
requested: 5.883531
Delta Dac: 0.001034
Checking detector protection. dv=0.00103
Checking detector "CDD". Protection Threshold: 0.1 (V)
SetMagnetDAC 5.88353055206 ===>> OK
Magnet settling time: 1.049
GetData ===>> H2,-0.195958620068141,H1,5.28145121274919,AX,0.00989637349945292,L1,-0.0308483951701955,L2,-0.045...
setting magnet DAC
current  : 5.883531
requested: 5.884565
Delta Dac: 0.001034
Checking detector protection. dv=0.00103
Checking detector "CDD". Protection Threshold: 0.1 (V)
SetMagnetDAC 5.88456503482 ===>> OK
Magnet settling time: 1.049
Get Checksum: 1695186306
GetData ===>> H2,-0.255424664648784,H1,5.18531537863038,AX,0.0509063360737815,L1,-0.0272894149162166,L2,-0.0637...
setting magnet DAC
current  : 5.884565
requested: 5.885600
Delta Dac: 0.001034
Checking detector protection. dv=0.00103
Checking detector "CDD". Protection Threshold: 0.1 (V)
SetMagnetDAC 5.88559951758 ===>> OK
Magnet settling time: 1.049
GetData ===>> H2,-0.157790668594517,H1,4.77863773978668,AX,-0.121511484184259,L1,-0.00833645705020477,L2,0.0352...
setting magnet DAC
current  : 5.885600
requested: 5.886634
Delta Dac: 0.001034
Checking detector protection. dv=0.00103
Checking detector "CDD". Protection Threshold: 0.1 (V)
SetMagnetDAC 5.88663400034 ===>> OK
Magnet settling time: 1.049
GetData ===>> H2,-0.280848932053067,H1,3.92192524391513,AX,0.0356097120291454,L1,-0.0254388219159092,L2,0.03924...
setting magnet DAC
current  : 5.886634
requested: 5.887668
Delta Dac: 0.001034
Checking detector protection. dv=0.00103
Checking detector "CDD". Protection Threshold: 0.1 (V)
SetMagnetDAC 5.8876684831 ===>> OK
Magnet settling time: 1.049
Get Checksum: 1695186306
GetData ===>> H2,-0.346255329517776,H1,2.58449894516091,AX,-0.0531514562090556,L1,-0.0345585437059428,L2,0.0528...
setting magnet DAC
current  : 5.887668
requested: 5.888703
Delta Dac: 0.001034
Checking detector protection. dv=0.00103
Checking detector "CDD". Protection Threshold: 0.1 (V)
SetMagnetDAC 5.88870296586 ===>> OK
Magnet settling time: 1.049
GetData ===>> H2,-0.206075616605625,H1,0.753264900707218,AX,-0.0277794996261563,L1,-0.0155216970187834,L2,-0.00...
setting magnet DAC
current  : 5.888703
requested: 5.889737
Delta Dac: 0.001034
Checking detector protection. dv=0.00103
Checking detector "CDD". Protection Threshold: 0.1 (V)
SetMagnetDAC 5.88973744862 ===>> OK
Magnet settling time: 1.049
GetData ===>> H2,-0.0994788094087724,H1,0.227694982675142,AX,-0.0938162772280119,L1,-0.0177646850057369,L2,-0.0...
setting magnet DAC
current  : 5.889737
requested: 5.890772
Delta Dac: 0.001034
Checking detector protection. dv=0.00103
Checking detector "CDD". Protection Threshold: 0.1 (V)
SetMagnetDAC 5.89077193137 ===>> OK
Magnet settling time: 1.049
GetData ===>> H2,-0.164221341759023,H1,0.137641290882829,AX,-0.104014592668798,L1,-0.0857307070776429,L2,-0.016...
setting magnet DAC
current  : 5.890772
requested: 5.891806
Delta Dac: 0.001034
Checking detector protection. dv=0.00103
Checking detector "CDD". Protection Threshold: 0.1 (V)
SetMagnetDAC 5.89180641413 ===>> OK
Magnet settling time: 1.049
GetData ===>> H2,-0.296533813951017,H1,0.0187628339631153,AX,-0.0764998706290428,L1,-0.0450390315775101,L2,-0.0...
setting magnet DAC
current  : 5.891806
requested: 5.892841
Delta Dac: 0.001034
Checking detector protection. dv=0.00103
Checking detector "CDD". Protection Threshold: 0.1 (V)
SetMagnetDAC 5.89284089689 ===>> OK
Magnet settling time: 1.049
Get Checksum: 1695186306
GetData ===>> H2,-0.0949737149649482,H1,0.0728050662166304,AX,-0.0667391991104912,L1,-0.0443183240265027,L2,-0....
setting magnet DAC
current  : 5.892841
requested: 5.893875
Delta Dac: 0.001034
Checking detector protection. dv=0.00103
Checking detector "CDD". Protection Threshold: 0.1 (V)
SetMagnetDAC 5.89387537965 ===>> OK
Magnet settling time: 1.049
GetData ===>> H2,-0.243222600035228,H1,-0.0307616749303684,AX,-0.0589716944183247,L1,-0.0423091686207254,L2,0.0...
result of _do_sweep=True
result of _calculate_peak_center=([5.8712401091092037, 5.8789054397705263, 5.8865707704318488], [3.9766105443867139, 5.3626361334554478, 3.9742894345445667], 5.8824525339589027, 5.3626361334554478)
Failed to find a valid peak. No peak greater than 1.0. max = 0.101017284004
Failed to find a valid peak. No peak greater than 1.0. max = 0.0894050118171
Failed to find a valid peak. No peak greater than 1.0. max = 0.0112600803306
new center pos Detector(H1) (Ar40) @ 5.87890543977
GetHighVoltage ===>> 4499.94659342336
GetDeflection H1 ===>> 0
dac uncorrected for HV and deflection 5.8789400603
update mftable H1 Ar40 5.8789400603 message=automated run peakcenter
get initial guess parabolic
get initial guess parabolic
get initial guess parabolic
get initial guess parabolic
get initial guess parabolic
get initial guess parabolic
add to repo msg=modified - automated run peakcenter
locally archiving mftable
setting magnet DAC
current  : 5.893875
requested: 5.878905
Delta Dac: 0.014970
Checking detector protection. dv=0.01497
Checking detector "CDD". Protection Threshold: 0.1 (V)
Get Checksum: 1695186306
SetMagnetDAC 5.87890543977 ===>> OK
Magnet settling time: 0.500
sweep finished
setting integration time = 1.048576
SetIntegrationTime 1.048576 ===>> OK
Failed to find a valid peak. No peak greater than 1.0. max = 0.101017284004
Failed to find a valid peak. No peak greater than 1.0. max = 0.0894050118171
Failed to find a valid peak. No peak greater than 1.0. max = 0.0112600803306
flush and close file /Users/jan/PychronDev/data/isotopes/4a/7c36f6-b9a6-49d4-ab83-92ca2811ccdf.h5
finished measure script
executed 568.532928
jan_unknown400_120.py completed successfully
Measurement Finished
08:44:55 -- ******* Measurement Finished *******
Post Measurement Started jan_pump_ms.py
08:44:55 -- ******* Post Measurement Started jan_pump_ms.py *******
testing...
no interpolation path defined
executed 0
Pumping spectrometer
open () {'name': 'O'}
opening name=O desc=---
checking ownership. requestor=129.138.12.150
check software interlocks O
interlocks []
actuate state mode=None-script, software_lock=False
doing actuation None-script open_channel True
Open O ===>> OK
GetValveState O ===>> OK
change switch state (True, True)
update switch state O True args=() kw={} ncanvase=2
08:44:55 -- OPEN   VALVE-O (Jan Ion Pump)
---------------------------------------- open O () result=[(True, True)], time=0.09 sec
action=open, ok=True, locked=[False]
executed 0
jan_pump_ms.py completed successfully
setting _ms_pumptime
Post Measurement Finished
08:44:55 -- ******* Post Measurement Finished *******
$$$$$$$$$$$$$$$$$$$$ state at run end truncated
post measurement save measured=True aborted=False
Set filtering
setting fod for Ar40= {'filter_outliers': True, 'std_devs': 2, 'iterations': 1}
setting fod for H1= {'filter_outliers': True, 'std_devs': 2, 'iterations': 1}
setting fod for PM41= {'filter_outliers': False, 'std_devs': 2, 'iterations': 1}
setting fod for H2= {'filter_outliers': True, 'std_devs': 2, 'iterations': 1}
setting fod for Ar36= {'filter_outliers': True, 'std_devs': 2, 'iterations': 1}
setting fod for CDD= {'filter_outliers': True, 'std_devs': 10, 'iterations': 1}
setting fod for Ar37= {'filter_outliers': True, 'std_devs': 2, 'iterations': 1}
setting fod for L2= {'filter_outliers': True, 'std_devs': 2, 'iterations': 1}
setting fod for Ar38= {'filter_outliers': True, 'std_devs': 2, 'iterations': 1}
setting fod for L1= {'filter_outliers': True, 'std_devs': 2, 'iterations': 1}
setting fod for Ar39= {'filter_outliers': True, 'std_devs': 2, 'iterations': 1}
setting fod for AX= {'filter_outliers': True, 'std_devs': 2, 'iterations': 1}
persistence save...
persistence save - db
post measurement save
5282084720 connecting to database sqlite:////Users/jan/PychronDev/.appdata/local_lab.db
connected to db sqlite:////Users/jan/PychronDev/.appdata/local_lab.db
create new session 5282084720
close session 5282084720
No database instance. Not saving post measurement to isotopedb database
$$$$$$$$$$$$$$$ auto_save_detector_ic=False
massspec enabled True
create new session 4978720400
MassSpec Database Version: 16.0
close session 4978720400
saving post measurement to secondary database
saving to massspec database 129.138.12.160/massspecdata
setting labnumber to 65506
setting aliquot to 105
setting step to 
setting uuid to 4a7c36f6-b9a6-49d4-ab83-92ca2811ccdf
setting irradpos to 65506
setting extract_device to Fusions CO2
setting tray to 
setting position to 203
setting power_requested to 5.0
setting extract_value to 5.0
setting duration to 30.0
setting duration_at_request to 30.0
setting first_stage_delay to 30.0
setting cleanup to 30.0
setting comment to F:2 DS
setting irradiation to NM-289
setting level to F
setting irradiation_level to F
setting sample to 6-2-15-C
setting material to DetritalSanidine
setting project to Cather
setting mass_spectrometer to Jan
no attribute chron_dosages
no attribute production_ratios
no attribute interference_corrections
no attribute production_name
no attribute j
Reference Isotope=Ar40
Reference Detector=H1
%%%%%%%%%%%%%%%%%%%% Comment: F:2 DS %%%%%%%%%%%%%%%%%%%
adding isotope PM41 H2
add baseline dbdet= PM41. original det= H2
get baseline data PM41 H2
Get data baseline <pychron.processing.isotope.Baseline object at 0x134a7cc10> len t=50
baseline PM41. v=-0.217739208615, e=0.00769779904621
get signal data PM41 H2
Get data signal PM41 0.03+/-0.06 len t=50
adding isotope Ar40 H1
add baseline dbdet= Ar40. original det= H1
get baseline data Ar40 H1
Get data baseline <pychron.processing.isotope.Baseline object at 0x134a7c550> len t=50
baseline Ar40. v=-0.0391158194815, e=0.00596195720405
get signal data Ar40 H1
Get data signal Ar40 4.26+/-0.05 len t=50
adding isotope Ar39 AX
add baseline dbdet= Ar39. original det= AX
get baseline data Ar39 AX
Get data baseline <pychron.processing.isotope.Baseline object at 0x134a7c290> len t=50
baseline Ar39. v=-0.0548516840117, e=0.0062328564662
get signal data Ar39 AX
Get data signal Ar39 0.19+/-0.06 len t=50
adding isotope Ar38 L1
add baseline dbdet= Ar38. original det= L1
get baseline data Ar38 L1
Get data baseline <pychron.processing.isotope.Baseline object at 0x13ad33e90> len t=50
baseline Ar38. v=-0.0205291890513, e=0.00276593238777
get signal data Ar38 L1
Get data signal Ar38 0.021+/-0.009 len t=50
adding isotope Ar37 L2
add baseline dbdet= Ar37. original det= L2
get baseline data Ar37 L2
Get data baseline <pychron.processing.isotope.Baseline object at 0x13ad33f10> len t=50
baseline Ar37. v=-0.0272307375777, e=0.00652947217083
get signal data Ar37 L2
Get data signal Ar37 0.083+/-0.017 len t=50
adding isotope Ar36 CDD
add baseline dbdet= Ar36. original det= CDD
get baseline data Ar36 CDD
Get data baseline <pychron.processing.isotope.Baseline object at 0x13ad33910> len t=50
baseline Ar36. v=8.9319246721e-06, e=5.05051090725e-06
get signal data Ar36 CDD
Get data signal Ar36 0.0072+/-0.0010 len t=50
65506-105 added analysis time 0.519417047501s
analysis added to mass spec database
mass spec save time= 0.538
persistence save - dvc
================= post measurement started
create new session 4982606736
close session 4982606736
---------------- Experiment Queue saving disabled
DVC saving peakcenter
Failed to find a valid peak. No peak greater than 1.0. max = 0.101017284004
Failed to find a valid peak. No peak greater than 1.0. max = 0.0894050118171
Failed to find a valid peak. No peak greater than 1.0. max = 0.0112600803306
Get Checksum: 192129876
Smart pull ahead: 0 behind: 0
Up-to-date with origin
add to repo msg=modified - ad8224ebc6dbfeb9f5997218dfa5fe690569839d.json
add to repo msg=modified - 06-105.json
add to repo msg=modified - 06-105.dat.json
add to repo msg=modified - 06-105.blan.json
add to repo msg=modified - 06-105.inte.json
add to repo msg=modified - 06-105.icfa.json
add to repo msg=modified - 06-105.base.json
not at valid file /Users/jan/PychronDev/data/.dvc/repositories/Cather/655/tags/06-105.tags.json
add to repo msg=modified - 06-105.peak.json
add to repo msg=modified - 06-105.extr.json
not at valid file /Users/jan/PychronDev/data/.dvc/repositories/Cather/655/monitor/06-105.moni.json
commit message=<COLLECTION>
add to repo msg=modified - 06-105.inte.json
add to repo msg=modified - 06-105.base.json
commit message=<ISOEVO> default collection fits
Get Checksum: 192129876
add to repo msg=modified - 06-105.blan.json
commit message=<BLANKS> preceding bu-FC-J-7434
add to repo msg=modified - 06-105.icfa.json
commit message=<ICFactor> default
push repository <pychron.git_archive.repo_manager.GitRepoManager object at 0x1350565f0>
pushing to remote=origin, url=https://github.com
Get Checksum: 192129876
Get Checksum: 192129876
no changes to meta repo
create new session 4982606736
add association Cather
get identifier "65506"
setting analysis irradiation position=<pychron.dvc.dvc_orm.IrradiationPositionTbl object at 0x13a603950>
close session 4982606736
================= post measurement finished
08:45:08 -- ******* Post Run Check *******
loading queue conditionals post_run_actions
loading system conditionals post_run_actions
loading conditionals from /Users/jan/PychronDev/setupfiles/spectrometer/default_conditionals.yaml
loading queue conditionals post_run_terminations
loading system conditionals post_run_terminations
loading conditionals from /Users/jan/PychronDev/setupfiles/spectrometer/default_conditionals.yaml
Checking default post run terminations n=1
GetDeflection CDD ===>> 50
testing CDD==2000
evaluate ot="CDD.deflection==2000" t="CDD==2000", ctx="{'CDD': 50.0}"
08:45:08 -- ******* Post Run Check Passed *******
08:45:08 -- Automated run 65506-105 truncated duration: 272.925 s
----------------- finish -----------------
----------------- stop -----------------
retroactive repository identifiers disabled
finish run. runs completed=3
write rem/ex queues
/Users/jan/PychronDev/experiments/rem/CurrentExperiment.rem.txt
/Users/jan/PychronDev/experiments/rem/CurrentExperiment.ex.txt
doing event level: 3
