do run
loading script "jan_unknown400_120.py"
loading script "jan_pump_ms.py"
loading script "jan_co2.py"
loading script "jan_pump_extraction_line.py"
testing...
no interpolation path defined
executed 556.052928
script duration name:unknown400_120 seconds:556.0
loading script "jan_unknown400_120.py"
loading script "jan_pump_ms.py"
loading script "jan_co2.py"
loading script "jan_pump_extraction_line.py"
testing...
no interpolation path defined
executed 0
loading script "jan_unknown400_120.py"
loading script "jan_pump_ms.py"
loading script "jan_co2.py"
loading script "jan_pump_extraction_line.py"
testing...
no interpolation path defined
calculate duration
testing...
no interpolation path defined
executed 0
calculate duration
testing...
no interpolation path defined
executed 0
executed 0.0
script duration name:co2 seconds:0.0
loading script "jan_unknown400_120.py"
loading script "jan_pump_ms.py"
loading script "jan_co2.py"
loading script "jan_pump_extraction_line.py"
testing...
no interpolation path defined
calculate duration
testing...
no interpolation path defined
executed 4.0
executed 4.0
Script duration 556.0
Run total estimated duration= 557.000
run duration: 0:09:17
doing event level: 2
08:06:43 -- Setting default integration. t=1.048576
setting integration time = 1.048576
SetIntegrationTime 1.048576 ===>> OK
----------------- start -----------------
**************** Experiment Type: Ar/Ar, Ar/Ar
create new session 4419404816
close session 4419404816
$$$$$ Clearing conditionals
adding conditionals kevin
extract conditionals from file. /Users/jan/PychronDev/scripts/conditionals/kevin.yaml
no attr for this modification cd={'extraction_str': '', 'attr': '', 'mapper': '', 'use_termination': False, 'start_count': 0, 'nskip': 0, 'window': 0, 'frequency': 1, 'teststr': '', 'action': 'Skip Next Run', 'ntrips': 1, 'use_truncation': False}
no attr for this cancelation cd={'mapper': '', 'window': 0, 'frequency': 1, 'attr': '', 'teststr': '', 'start_count': 0, 'ntrips': 1}
adding truncation attr="Ar40" test="Ar40>5000.0" start="10"
adding truncation attr="age" test="age>100.0" start="50"
adding truncation attr="Ar39" test="Ar39.bs_corrected<0.5" start="50"
adding termination attr="Ar40" test="Ar40>5000.0" start="1"
Invalid conditional kind="pre_run_terminations"
no attr for this action cd={'mapper': '', 'attr': '', 'start_count': 0, 'window': 0, 'frequency': 1, 'teststr': '', 'action': None, 'ntrips': 1}
Invalid conditional kind="post_run_terminations"
Add queue conditionals
add default conditionals
adding default conditionals from /Users/jan/PychronDev/setupfiles/spectrometer/default_conditionals.yaml
Start automated run 65506-100
loading script "jan_unknown400_120.py"
loading script "jan_pump_ms.py"
loading script "jan_co2.py"
loading script "jan_pump_extraction_line.py"
%%%%%%%%%%%%%%%%%% setting automated run 65506-100
No value "sensitivity_multiplier" in metadata
$$$$$$$$$$$$$$$ auto_save_detector_ic=False
============================= Pre Extraction Check =============================
loading queue conditionals pre_run_terminations
loading system conditionals pre_run_terminations
loading conditionals from /Users/jan/PychronDev/setupfiles/spectrometer/default_conditionals.yaml
08:06:43 -- ******* Pre Extraction Check *******
Get a measurement from the spectrometer
GetData ===>> H2,-0.0796972237269939,H1,-0.08791340864136,AX,0.0499545791856786,L1,0.0147744604015491,L2,0.0584...
Pre Extraction Termination data. keys=H2,H1,AX,L1,L2,CDD, signals=-0.07970,-0.08791,0.04995,0.01477,0.05849,0.00208
08:06:43 -- testing system defined conditionals
Checking default pre extraction terminations n=2
testing CDD
evaluate ot="CDD.inactive" t="CDD", ctx="{'CDD': False}"
GetDeflection CDD ===>> 50
testing CDD==2000
evaluate ot="CDD.deflection==2000" t="CDD==2000", ctx="{'CDD': 50.0}"
08:06:43 -- ******* Pre Extraction Check Passed *******
=================================================================================
08:06:43 -- stopping status monitor
stop 4975560080
Alive clients [4982987280]
08:06:43 -- starting status monitor
start 4975560080
Monitor already running
start extraction
do extraction
Analysis started at 08:06:43.624093
Extraction Started jan_co2.py
08:06:43 -- ******* Extraction Started jan_co2.py *******
state changed from not run to extraction
DO EXTRACTION <pychron.extraction_line.pyscript_runner.RemotePyScriptRunner object at 0x12abb4950>
testing...
no interpolation path defined
calculate duration
testing...
no interpolation path defined
executed 0
calculate duration
testing...
no interpolation path defined
executed 0
executed 100.0
Jan CO2 laser analysis
doing GOSUB
testing...
no interpolation path defined
executed 0
Waiting for CO2 access
wait ('FelixCO2Flag', 0) {}
waiting for FelixCO2Flag = 0
Read FelixCO2Flag ===>> 0
finished waiting
CO2 free
wait ('CO2PumpTimeFlag', 0) {}
waiting for CO2PumpTimeFlag = 0
Read CO2PumpTimeFlag ===>> 0
finished waiting
acquire ('JanCO2Flag',) {'clear': True}
acquire JanCO2Flag
Set JanCO2Flag 1 ===>> OK
JanCO2Flag acquired
set extraction state False (0.75, 'red', 1.5)
CO2 acquired
executed 0
WaitForCO2Access.py completed successfully
gosub finished
doing GOSUB
testing...
no interpolation path defined
executed 0
Prepare for CO2 analysis
close () {'description': 'Jan Inlet'}
closing name=--- desc=Jan Inlet
checking ownership. requestor=129.138.12.150
check software interlocks R
interlocks []
actuate state mode=None-script, software_lock=False
doing actuation None-script close_channel False
Close R ===>> OK
GetValveState R ===>> False
change switch state (True, True)
update switch state R False args=() kw={} ncanvase=2
08:06:44 -- CLOSE  VALVE-R (Jan Inlet)
---------------------------------------- close None (Jan Inlet) result=[(True, True)]
Get Checksum: -1404555142
action=close, ok=True, locked=[False]
open () {'description': 'Jan Ion Pump'}
opening name=--- desc=Jan Ion Pump
checking ownership. requestor=129.138.12.150
check software interlocks O
interlocks []
actuate state mode=None-script, software_lock=False
doing actuation None-script open_channel False
Open O ===>> OK
GetValveState O ===>> OK
change switch state (True, True)
update switch state O True args=() kw={} ncanvase=2
08:06:44 -- OPEN   VALVE-O (Jan Ion Pump)
---------------------------------------- open None (Jan Ion Pump) result=[(True, True)], time=0.12 sec
action=open, ok=True, locked=[False]
close () {'description': 'Microbone to Minibone'}
closing name=--- desc=Microbone to Minibone
checking ownership. requestor=129.138.12.150
check software interlocks L
interlocks []
actuate state mode=None-script, software_lock=False
doing actuation None-script close_channel False
Close L ===>> OK
GetValveState L ===>> False
change switch state (True, True)
update switch state L False args=() kw={} ncanvase=2
08:06:45 -- CLOSE  VALVE-L (Microbone to Minibone)
---------------------------------------- close None (Microbone to Minibone) result=[(True, True)]
action=close, ok=True, locked=[False]
open () {'description': 'Microbone to Turbo'}
opening name=--- desc=Microbone to Turbo
checking ownership. requestor=129.138.12.150
check software interlocks U
interlocks []
actuate state mode=None-script, software_lock=False
doing actuation None-script open_channel False
Open U ===>> OK
GetValveState U ===>> OK
change switch state (True, True)
update switch state U True args=() kw={} ncanvase=2
08:06:45 -- OPEN   VALVE-U (Microbone to Turbo)
---------------------------------------- open None (Microbone to Turbo) result=[(True, True)], time=0.14 sec
action=open, ok=True, locked=[False]
open () {'description': 'Microbone to Inlet Pipette'}
opening name=--- desc=Microbone to Inlet Pipette
checking ownership. requestor=129.138.12.150
check software interlocks S
interlocks []
actuate state mode=None-script, software_lock=False
doing actuation None-script open_channel False
Open S ===>> OK
GetValveState S ===>> OK
change switch state (True, True)
update switch state S True args=() kw={} ncanvase=2
08:06:46 -- OPEN   VALVE-S (Microbone to Inlet Pipette)
---------------------------------------- open None (Microbone to Inlet Pipette) result=[(True, True)], time=0.39 sec
action=open, ok=True, locked=[False]
open () {'description': 'Microbone to Getter D-50'}
opening name=--- desc=Microbone to Getter D-50
checking ownership. requestor=129.138.12.150
check software interlocks K
interlocks []
actuate state mode=None-script, software_lock=False
doing actuation None-script open_channel False
Open K ===>> OK
GetValveState K ===>> OK
change switch state (True, True)
update switch state K True args=() kw={} ncanvase=2
08:06:46 -- OPEN   VALVE-K (Microbone to Getter D-50)
---------------------------------------- open None (Microbone to Getter D-50) result=[(True, True)], time=0.38 sec
action=open, ok=True, locked=[False]
open () {'description': 'Microbone to Getter NP-10'}
opening name=--- desc=Microbone to Getter NP-10
checking ownership. requestor=129.138.12.150
check software interlocks M
interlocks []
actuate state mode=None-script, software_lock=False
doing actuation None-script open_channel False
Open M ===>> OK
Get Checksum: -1404555142
GetValveState M ===>> OK
change switch state (True, True)
update switch state M True args=() kw={} ncanvase=2
08:06:47 -- OPEN   VALVE-M (Microbone to Getter NP-10)
---------------------------------------- open None (Microbone to Getter NP-10) result=[(True, True)], time=0.11 sec
action=open, ok=True, locked=[False]
close () {'description': 'CO2 Laser to Felix'}
closing name=--- desc=CO2 Laser to Felix
checking ownership. requestor=129.138.12.150
check software interlocks F
interlocks []
actuate state mode=None-script, software_lock=True
VALVE-F(CO2 Laser to Felix) software locked
change switch state (True, False)
---------------------------------------- close None (CO2 Laser to Felix) result=[(True, False)]
action=close, ok=True, locked=[True]
open () {'description': 'CO2 Laser to Jan'}
opening name=--- desc=CO2 Laser to Jan
checking ownership. requestor=129.138.12.150
check software interlocks A
interlocks []
actuate state mode=None-script, software_lock=False
doing actuation None-script open_channel False
Open A ===>> OK
GetValveState A ===>> OK
change switch state (True, True)
update switch state A True args=() kw={} ncanvase=2
08:06:47 -- OPEN   VALVE-A (CO2 Laser to Jan)
---------------------------------------- open None (CO2 Laser to Jan) result=[(True, True)], time=0.11 sec
action=open, ok=True, locked=[False]
open () {'description': 'Microbone to CO2 Laser'}
opening name=--- desc=Microbone to CO2 Laser
checking ownership. requestor=129.138.12.150
check software interlocks T
interlocks []
actuate state mode=None-script, software_lock=False
doing actuation None-script open_channel False
Open T ===>> OK
GetValveState T ===>> OK
change switch state (True, True)
update switch state T True args=() kw={} ncanvase=2
08:06:48 -- OPEN   VALVE-T (Microbone to CO2 Laser)
---------------------------------------- open None (Microbone to CO2 Laser) result=[(True, True)], time=0.38 sec
action=open, ok=True, locked=[False]
executed 0
PrepareForCO2Analysis.py completed successfully
gosub finished
set_motor ('beam', '1.25') {}
setting motor "beam" to 1.25
set motor beam to 1.25
SetMotor beam,1.25 ===>> OK
GetMotorMoving beam ===>> False
GetMotorMoving beam ===>> False
Block completed
move_to_position ('198',) {'autocenter': True}
FusionsCO2 move to position 198
sending GoToHole 198,True
GoToHole 198,True ===>> OK
Get Checksum: -1404555142
GetDriveMoving ===>> OK
GetDriveMoving ===>> OK
GetDriveMoving ===>> OK
GetDriveMoving ===>> OK
GetDriveMoving ===>> OK
GetDriveMoving ===>> OK
GetDriveMoving ===>> False
GetDriveMoving ===>> False
Block completed
GetAutoCorrecting ===>> OK
GetAutoCorrecting ===>> OK
Get Checksum: -1404555142
GetAutoCorrecting ===>> OK
GetAutoCorrecting ===>> OK
GetAutoCorrecting ===>> OK
GetAutoCorrecting ===>> OK
GetAutoCorrecting ===>> OK
GetAutoCorrecting ===>> OK
Get Checksum: -1404555142
GetAutoCorrecting ===>> OK
GetAutoCorrecting ===>> OK
GetAutoCorrecting ===>> False
GetAutoCorrecting ===>> False
Block completed
update position
GetPosition ===>> -7.97560,-11.96340,1.00000
got position (-7.9756, -11.9634, 1.0)
move to position succeeded
sleep (5,) {}
SLEEP 5.0
block started
WaitControl setup for 5.0  
Get Checksum: -1404555142
Get Checksum: -1404555142
Join finished
block finished. duration 5.01629781723
close () {'description': 'Microbone to Turbo'}
closing name=--- desc=Microbone to Turbo
checking ownership. requestor=129.138.12.150
check software interlocks U
interlocks []
actuate state mode=None-script, software_lock=False
doing actuation None-script close_channel True
Close U ===>> OK
GetValveState U ===>> False
change switch state (True, True)
update switch state U False args=() kw={} ncanvase=2
08:07:03 -- CLOSE  VALVE-U (Microbone to Turbo)
---------------------------------------- close None (Microbone to Turbo) result=[(True, True)]
action=close, ok=True, locked=[False]
enable laser
enable () {}
set extraction state FusionsCO2 Enabled (False, 'red', 1.5)
enabling laser
Enable ===>> OK
begin interval
BEGIN INTERVAL Interval 1 waiting for 30.0
block started
set extract to 5.0
WaitControl setup for 30.0  
extract (5.0,) {}
GetPosition ===>> -7.97560,-11.96340,1.00000
set extraction state FusionsCO2 ON! 5.0(watts) (0.75, 'red', 1.5)
extract sample to 5.0 (watts)
set laser output
SetLaserOutput 5.0,watts ===>> OK
COMPLETE INTERVAL waiting for Interval 1 to complete
Get Checksum: 777293942
Get Checksum: 777293942
Get Checksum: 777293942
Get Checksum: 777293942
Get Checksum: 777293942
Get Checksum: 777293942
Get Checksum: 777293942
Get Checksum: 777293942
Get Checksum: 777293942
Join finished
block finished. duration 30.102175951
Interval 1 finished
end_extract () {}
ending extraction. set laser power to 0
set laser power 0
SetLaserPower 0 ===>> OK
disable () {}
%%%%%%%%%%%%%%%%%%%%%%%%%%%%%%%%%%% disable
set extraction state False (0.75, 'red', 1.5)
disabling laser
Disable ===>> OK
sleep (30.0,) {}
SLEEP 30.0
block started
WaitControl setup for 30.0  
Get Checksum: 777293942
Get Checksum: 777293942
Get Checksum: 777293942
Get Checksum: 777293942
Get Checksum: 777293942
Get Checksum: 777293942
Get Checksum: 777293942
Get Checksum: 777293942
Get Checksum: 777293942
Get Checksum: 777293942
Join finished
block finished. duration 30.0841588974
executed 195.0
jan_co2.py completed successfully
GetAchievedOutput ===>> No Response
Requested Output= 0.000
Achieved Output=  0.000
GetResponseBlob ===>> No Response
GetOutputBlob ===>> No Response
persistence save...
persistence save - db
AutomatedRunPersister post_extraction_save deprecated
persistence save - dvc
no extraction position for 198
create new session 4982606736
close session 4982606736
Extraction Finished
08:08:04 -- ******* Extraction Finished *******
no overlap. not waiting for min ms pumptime
08:08:04 -- Sending spectrometer configuration
======== Sending configuration ========
SetDeflection CDD,50.0 ===>> OK
SetDeflection H2,0.0 ===>> OK
SetDeflection H1,0.0 ===>> OK
SetDeflection L2,825.0 ===>> OK
SetDeflection L1,400.0 ===>> OK
SetDeflection AX,190.0 ===>> OK
SetZFocus 74.64 ===>> OK
SetZSymmetry -50.72 ===>> OK
SetExtractionLens 26.13 ===>> OK
SetIonRepeller -3.81 ===>> OK
SetElectronEnergy 75.08 ===>> OK
SetYSymmetry -2.81 ===>> OK
SetIonCounterVoltage 1590.0 ===>> OK
send trap current 200.0
GetParameter Trap Current Readback ===>> 197.811389855338
SetParameter Trap Current Set,200.0 ===>> OK
updating mftable name mftable
Using mftable located at /Users/jan/PychronDev/setupfiles/spectrometer/mftables/mftable.csv
============ MFtable ===========
Isotope  H2     H1     AX     L1     L2     CDD    
Ar40     5.7711 5.8790 5.9922 6.1110 6.2309 6.3393
Ar39     5.6704 5.7712 5.8846 5.9971 6.1160 6.2258
Ar36     5.3479 5.4402 5.5480 5.6560 5.7710 5.8769
================================
get initial guess parabolic
get initial guess parabolic
get initial guess parabolic
get initial guess parabolic
get initial guess parabolic
get initial guess parabolic
======== Configuration Finished ========
GetYSymmetry ===>> -2.81
GetZSymmetry ===>> -50.72
GetParameter Trap Current Readback ===>> 198.370811206739
GetHighVoltage ===>> 4499.94659342336
start measurement
do measurement
L#=65506 analysis type=unknown
Measurement Started jan_unknown400_120.py
08:08:04 -- ******* Measurement Started jan_unknown400_120.py *******
state changed from extraction to measurement
setting spec, defl, and gains
GetExtractionLens ===>> 26.13
GetYSymmetry ===>> -2.81
GetZSymmetry ===>> -50.72
GetZFocus ===>> 74.64
GetDeflection H2 ===>> 0
GetDeflection H1 ===>> 0
GetDeflection AX ===>> 190
GetDeflection L1 ===>> 400
GetDeflection L2 ===>> 825
GetDeflection CDD ===>> 50
GetGain H2 ===>> 0.0113
GetGain H1 ===>> 0.1
GetGain AX ===>> 0.097049
GetGain L1 ===>> 0.010355
GetGain L2 ===>> 0.095649
GetGain CDD ===>> 0
pre measurement save
New frame /Users/jan/PychronDev/data/isotopes/04/aba80e-57dd-4948-9d9e-a83bf2c9372f.h5
flush and close file /Users/jan/PychronDev/data/isotopes/04/aba80e-57dd-4948-9d9e-a83bf2c9372f.h5
testing...
no interpolation path defined
executed 568.532928
unknown measurement script
activate_detectors ('H2', 'H1', 'AX', 'L1', 'L2', 'CDD') {}
activate detectors
*************** Set Analysis View Ar/Ar
create graphs
Get Checksum: 777293942
clearing graphs
clear isotope group
setting isotope det=H2, iso=PM41
setting isotope det=H1, iso=Ar40
setting isotope det=AX, iso=Ar39
setting isotope det=L1, iso=Ar38
setting isotope det=L2, iso=Ar37
setting isotope det=CDD, iso=Ar36
setting previous blanks
 - setting Ar40 blank 0.354+/-0.008
 - setting Ar36 blank 0.00438+/-0.00016
 - setting Ar37 blank 0.045+/-0.005
 - setting Ar38 blank 0.0128+/-0.0023
 - setting PM41 blank 0.01+/-0.07
 - setting Ar39 blank 0.012+/-0.009
load analysis view
position_magnet ('Ar40',) {'detector': 'H1'}
detector Detector(H1)
POSITION Ar40 H1
setting detector H2 to PM41 (40.9624)
setting detector H1 to Ar40 (39.9624)
setting detector AX to Ar39 (38.9624)
setting detector L1 to Ar38 (37.9624)
setting detector L2 to Ar37 (36.9624)
setting detector CDD to Ar36 (35.9624)
Mapping mass to dac mass func: "parabolic"
H1 map mass coeffs = [-0.00063987  0.15840543  0.57057999]
H1 map mass to dac 39.9624 >> 5.87897
GetDeflection H1 ===>> 0
GetHighVoltage ===>> 4499.94659342336
positioning Ar40 (5.8789353793) on H1
setting magnet DAC
current  : 5.878936
requested: 5.878935
Delta Dac: 0.000001
Checking detector protection. dv=0.00000
Checking detector "CDD". Protection Threshold: 0.1 (V)
SetMagnetDAC 5.8789353793 ===>> OK
Magnet settling time: 0.500
equilibrate () {'delay': 3, 'inlet': 'R', 'outlet': 'O', 'eqtime': 12.0}
Equilibration Started
08:08:05 -- ******* Equilibration Started *******
checking ownership. requestor=129.138.12.150
check software interlocks O
interlocks []
actuate state mode=None-script, software_lock=False
doing actuation None-script close_channel True
Close O ===>> OK
GetValveState O ===>> False
change switch state (True, True)
update switch state O False args=() kw={} ncanvase=2
08:08:05 -- CLOSE  VALVE-O (Jan Ion Pump)
waiting 3s before opening inlet value ('R',)
Get Checksum: 1076709024
checking ownership. requestor=129.138.12.150
check software interlocks R
interlocks []
actuate state mode=None-script, software_lock=False
doing actuation None-script open_channel True
Open R ===>> OK
GetValveState R ===>> OK
change switch state (True, True)
update switch state R True args=() kw={} ncanvase=2
08:08:09 -- OPEN   VALVE-R (Jan Inlet)
equilibrating for 12.0sec
set_time_zero () {}
sniff (12.0,) {}
py_sniff
build tables- sniff [Detector(H2), Detector(H1), Detector(AX), Detector(L1), Detector(L2), Detector(CDD)]
add group /sniff/PM41 (Group) '' table H2
add group /sniff/Ar40 (Group) '' table H1
add group /sniff/Ar39 (Group) '' table AX
add group /sniff/Ar38 (Group) '' table L1
add group /sniff/Ar37 (Group) '' table L2
add group /sniff/Ar36 (Group) '' table CDD
flush and close file /Users/jan/PychronDev/data/isotopes/04/aba80e-57dd-4948-9d9e-a83bf2c9372f.h5
measuring sniff. ncounts=12.0
starting measurement
GetData ===>> H2,0.0360639497033866,H1,-0.0159140509626841,AX,0.595387257565263,L1,0.0248164827447206,L2,0.1304...
Get Checksum: -612364762
GetData ===>> H2,0.878908690868168,H1,0.257765142676259,AX,0.747962173905342,L1,0.151439754653439,L2,0.31276902...
GetData ===>> H2,0.377680813304259,H1,0.287855369547629,AX,0.295722404041515,L1,0.0946389555225958,L2,0.1109944...
GetData ===>> H2,0.129273776341965,H1,0.34191113867823,AX,0.101059290020564,L1,0.0467537228556103,L2,-0.0030545...
Get Checksum: -612364762
GetData ===>> H2,0.00191166262365183,H1,0.486476872545239,AX,0.043420206886175,L1,0.0126097509562669,L2,0.00454...
GetData ===>> H2,-0.071717724207083,H1,0.427353820915877,AX,-0.0595629740403869,L1,0.0228166511089655,L2,-0.048...
GetData ===>> H2,-0.138643983886672,H1,0.422081015468145,AX,-0.104176829957623,L1,-0.00949718350998113,L2,-0.02...
Get Checksum: -612364762
GetData ===>> H2,-0.108170099191602,H1,0.45483170772711,AX,-0.00930297645680549,L1,-0.0281229652923953,L2,-0.02...
GetData ===>> H2,-0.113173928745185,H1,0.422128840122338,AX,-0.0051618055785724,L1,0.0113865295799745,L2,0.0446...
GetData ===>> H2,-0.108908736648819,H1,0.407507514289818,AX,0.00942069430945315,L1,0.0217447892743471,L2,0.0149...
Get Checksum: -612364762
GetData ===>> H2,-0.195580945053642,H1,0.485807536140404,AX,0.0208492397103554,L1,0.0281758161024805,L2,0.10644...
Equilibration Finished
08:08:21 -- ******* Equilibration Finished *******
checking ownership. requestor=129.138.12.150
check software interlocks R
interlocks []
actuate state mode=None-script, software_lock=False
doing actuation None-script close_channel True
GetData ===>> H2,-0.266166522999343,H1,0.450839703856443,AX,-0.0420665338185872,L1,0.0258506285029057,L2,0.1306...
Close R ===>> OK
GetValveState R ===>> False
change switch state (True, True)
update switch state R False args=() kw={} ncanvase=2
08:08:22 -- CLOSE  VALVE-R (Jan Inlet)
Post Equilibration Started jan_pump_extraction_line.py
08:08:22 -- ******* Post Equilibration Started jan_pump_extraction_line.py *******
testing...
no interpolation path defined
calculate duration
testing...
no interpolation path defined
executed 4.0
executed 4.0
Pump after analysis
doing GOSUB
testing...
no interpolation path defined
executed 4.0
Pump Microbone
close () {'description': 'Jan Inlet'}
closing name=--- desc=Jan Inlet
checking ownership. requestor=129.138.12.150
check software interlocks R
interlocks []
actuate state mode=None-script, software_lock=False
doing actuation None-script close_channel False
Close R ===>> OK
GetValveState R ===>> False
change switch state (True, True)
update switch state R False args=() kw={} ncanvase=2
08:08:22 -- CLOSE  VALVE-R (Jan Inlet)
---------------------------------------- close None (Jan Inlet) result=[(True, True)]
measurement finished
estimated time: 12.583 actual time: :12.690
flush and close file /Users/jan/PychronDev/data/isotopes/04/aba80e-57dd-4948-9d9e-a83bf2c9372f.h5
set_fits () {}
using default fits file=/Users/jan/PychronDev/scripts/measurement/fits/nominal.yaml
set "Ar40" to "('Parabolic', 'SEM')"
No fit for "PM41". defaulting to linear. check the measurement script "jan_unknown400_120.py"
set "PM41" to "linear"
set "Ar36" to "('Parabolic', 'SEM')"
set "Ar37" to "('linear', 'SEM')"
set "Ar38" to "('linear', 'SEM')"
set "Ar39" to "('Parabolic', 'SEM')"
set_baseline_fits () {}
using default fits file=/Users/jan/PychronDev/scripts/measurement/fits/nominal.yaml
set "H1" to "('average', 'SEM')"
set "H2" to "('average', 'SEM')"
set "CDD" to "('average', 'SEM')"
set "L2" to "('average', 'SEM')"
set "L1" to "('average', 'SEM')"
set "AX" to "('average', 'SEM')"
multicollect () {'integration_time': 1, 'ncounts': 400}
build tables- signal [Detector(H2), Detector(H1), Detector(AX), Detector(L1), Detector(L2), Detector(CDD)]
add group /signal/PM41 (Group) '' table H2
add group /signal/Ar40 (Group) '' table H1
add group /signal/Ar39 (Group) '' table AX
add group /signal/Ar38 (Group) '' table L1
add group /signal/Ar37 (Group) '' table L2
add group /signal/Ar36 (Group) '' table CDD
flush and close file /Users/jan/PychronDev/data/isotopes/04/aba80e-57dd-4948-9d9e-a83bf2c9372f.h5
measuring signal. ncounts=400
action=close, ok=True, locked=[False]
is_closed ('F',) {}
is F () closed?
is closed True
open () {'description': 'CO2 Laser to Jan'}
opening name=--- desc=CO2 Laser to Jan
checking ownership. requestor=129.138.12.150
check software interlocks A
interlocks []
actuate state mode=None-script, software_lock=False
doing actuation None-script open_channel False
Open A ===>> OK
GetValveState A ===>> OK
change switch state (True, True)
update switch state A True args=() kw={} ncanvase=2
08:08:22 -- OPEN   VALVE-A (CO2 Laser to Jan)
---------------------------------------- open None (CO2 Laser to Jan) result=[(True, True)], time=0.12 sec
Get Checksum: 1076709024
action=open, ok=True, locked=[False]
sleep (1,) {}
SLEEP 1.0
starting measurement
GetData ===>> H2,-0.338472638943176,H1,0.40933655779789,AX,0.0877181348118301,L1,-0.0511258703065453,L2,0.00034...
close () {'description': 'CO2 Laser to Roughing'}
closing name=--- desc=CO2 Laser to Roughing
checking ownership. requestor=129.138.12.150
check software interlocks G
interlocks []
actuate state mode=None-script, software_lock=True
VALVE-G(CO2 Laser to Roughing) software locked
change switch state (True, False)
---------------------------------------- close None (CO2 Laser to Roughing) result=[(True, False)]
action=close, ok=True, locked=[True]
open () {'description': 'Microbone to Turbo'}
opening name=--- desc=Microbone to Turbo
checking ownership. requestor=129.138.12.150
check software interlocks U
interlocks []
actuate state mode=None-script, software_lock=False
doing actuation None-script open_channel True
Open U ===>> OK
testing Ar40>5000.0
evaluate ot="Ar40>5000.0" t="Ar40>5000.0", ctx="{'Ar40': 0.14416917862901601}"
GetData ===>> H2,-0.117200017064682,H1,0.469242882736132,AX,-0.0381818741767658,L1,-0.0292753610363953,L2,0.072...
GetValveState U ===>> OK
change switch state (True, True)
update switch state U True args=() kw={} ncanvase=2
08:08:24 -- OPEN   VALVE-U (Microbone to Turbo)
---------------------------------------- open None (Microbone to Turbo) result=[(True, True)], time=0.15 sec
action=open, ok=True, locked=[False]
open () {'description': 'Microbone to Getter NP-10'}
opening name=--- desc=Microbone to Getter NP-10
checking ownership. requestor=129.138.12.150
check software interlocks M
interlocks []
actuate state mode=None-script, software_lock=False
doing actuation None-script open_channel False
Open M ===>> OK
GetValveState M ===>> OK
change switch state (True, True)
update switch state M True args=() kw={} ncanvase=2
08:08:24 -- OPEN   VALVE-M (Microbone to Getter NP-10)
---------------------------------------- open None (Microbone to Getter NP-10) result=[(True, True)], time=0.12 sec
action=open, ok=True, locked=[False]
open () {'description': 'Microbone to Getter D-50'}
opening name=--- desc=Microbone to Getter D-50
checking ownership. requestor=129.138.12.150
check software interlocks K
interlocks []
actuate state mode=None-script, software_lock=False
doing actuation None-script open_channel False
Open K ===>> OK
testing Ar40>5000.0
evaluate ot="Ar40>5000.0" t="Ar40>5000.0", ctx="{'Ar40': -0.30612023850886033}"
GetData ===>> H2,-0.0918225615233583,H1,0.473796097175794,AX,0.00530210583226135,L1,0.00534582600360882,L2,-0.0...
GetValveState K ===>> OK
change switch state (True, True)
update switch state K True args=() kw={} ncanvase=2
08:08:25 -- OPEN   VALVE-K (Microbone to Getter D-50)
---------------------------------------- open None (Microbone to Getter D-50) result=[(True, True)], time=0.40 sec
action=open, ok=True, locked=[False]
open () {'description': 'Microbone to CO2 Laser'}
opening name=--- desc=Microbone to CO2 Laser
checking ownership. requestor=129.138.12.150
check software interlocks T
interlocks []
actuate state mode=None-script, software_lock=False
doing actuation None-script open_channel False
Open T ===>> OK
GetValveState T ===>> OK
change switch state (True, True)
update switch state T True args=() kw={} ncanvase=2
08:08:25 -- OPEN   VALVE-T (Microbone to CO2 Laser)
---------------------------------------- open None (Microbone to CO2 Laser) result=[(True, True)], time=0.38 sec
action=open, ok=True, locked=[False]
open () {'description': 'Microbone to Inlet Pipette'}
opening name=--- desc=Microbone to Inlet Pipette
checking ownership. requestor=129.138.12.150
check software interlocks S
interlocks []
actuate state mode=None-script, software_lock=False
doing actuation None-script open_channel False
testing Ar40>5000.0
evaluate ot="Ar40>5000.0" t="Ar40>5000.0", ctx="{'Ar40': -5.843003149150765}"
GetData ===>> H2,-0.123829463053126,H1,0.496146891282456,AX,-0.0232099892218974,L1,-0.0162211311321712,L2,-0.00...
Open S ===>> OK
Get Checksum: -1097334291
GetValveState S ===>> OK
change switch state (True, True)
update switch state S True args=() kw={} ncanvase=2
08:08:26 -- OPEN   VALVE-S (Microbone to Inlet Pipette)
---------------------------------------- open None (Microbone to Inlet Pipette) result=[(True, True)], time=0.38 sec
action=open, ok=True, locked=[False]
sleep (1,) {}
SLEEP 1.0
testing Ar40>5000.0
evaluate ot="Ar40>5000.0" t="Ar40>5000.0", ctx="{'Ar40': -2.237477419218712}"
GetData ===>> H2,-0.158343131331688,H1,0.527506155530388,AX,-0.0912085817799264,L1,0.0209013189468031,L2,0.0022...
set_resource () {'name': 'CO2PumpTimeFlag', 'value': 30}
Set CO2PumpTimeFlag 30 ===>> OK
release ('JanCO2Flag',) {}
release JanCO2Flag
Set JanCO2Flag 0 ===>> OK
executed 6.0
PumpMicrobone.py completed successfully
gosub finished
get_resource_value () {'name': 'JanMiniboneFlag'}
Read JanMiniboneFlag ===>> 0
Get Resource Value JanMiniboneFlag=0.0
get resource value 0.0
get_resource_value () {'name': 'JanMiniboneFlag'}
Read JanMiniboneFlag ===>> 0
Get Resource Value JanMiniboneFlag=0.0
executed 4.0
jan_pump_extraction_line.py completed successfully
Post Equilibration Finished
08:08:27 -- ******* Post Equilibration Finished *******
testing Ar40>5000.0
evaluate ot="Ar40>5000.0" t="Ar40>5000.0", ctx="{'Ar40': -0.8686042227765234}"
GetData ===>> H2,-0.23493466942709,H1,0.509751041521356,AX,-0.0269908684785246,L1,3.48077867147007E-05,L2,0.006...
testing Ar40>5000.0
evaluate ot="Ar40>5000.0" t="Ar40>5000.0", ctx="{'Ar40': -1.354123945457595}"
GetData ===>> H2,-0.258997243176988,H1,0.475230223252399,AX,-0.100723434969222,L1,-0.00945641646019402,L2,0.014...
Get Checksum: -1097334291
testing Ar40>5000.0
evaluate ot="Ar40>5000.0" t="Ar40>5000.0", ctx="{'Ar40': -1.7496762255432998}"
GetData ===>> H2,-0.1322698297944,H1,0.553086215276477,AX,0.0200602208708138,L1,-0.000896476563495176,L2,-0.027...
testing Ar40>5000.0
evaluate ot="Ar40>5000.0" t="Ar40>5000.0", ctx="{'Ar40': -0.6778694177849374}"
GetData ===>> H2,-0.130300968784947,H1,0.556758128679635,AX,-0.012388440216884,L1,-0.00624849126233614,L2,-0.02...
Get Checksum: -1097334291
testing Ar40>5000.0
evaluate ot="Ar40>5000.0" t="Ar40>5000.0", ctx="{'Ar40': -0.3778868019115014}"
GetData ===>> H2,-0.0266742548646411,H1,0.478588548682768,AX,0.00986156762621258,L1,-0.0269872111748039,L2,0.02...
testing Ar40>5000.0
evaluate ot="Ar40>5000.0" t="Ar40>5000.0", ctx="{'Ar40': -0.7950979581554973}"
testing Ar40>5000.0
evaluate ot="Ar40>5000.0" t="Ar40>5000.0", ctx="{'Ar40': -0.7950979581554973}"
GetData ===>> H2,-0.145853520837494,H1,0.589727641391114,AX,-0.0119708643781512,L1,-0.0261748526525649,L2,-0.03...
testing Ar40>5000.0
evaluate ot="Ar40>5000.0" t="Ar40>5000.0", ctx="{'Ar40': -0.29785792273134254}"
testing Ar40>5000.0
evaluate ot="Ar40>5000.0" t="Ar40>5000.0", ctx="{'Ar40': -0.29785792273134254}"
GetData ===>> H2,-0.314488282572041,H1,0.537909600861242,AX,-0.126087966377081,L1,-0.0103064951748598,L2,-0.051...
Get Checksum: -1097334291
testing Ar40>5000.0
evaluate ot="Ar40>5000.0" t="Ar40>5000.0", ctx="{'Ar40': -0.3394249224158269}"
testing Ar40>5000.0
evaluate ot="Ar40>5000.0" t="Ar40>5000.0", ctx="{'Ar40': -0.3394249224158269}"
GetData ===>> H2,-0.30046643139044,H1,0.645889426977653,AX,-0.110469110354033,L1,-0.00686856996419353,L2,-0.008...
testing Ar40>5000.0
evaluate ot="Ar40>5000.0" t="Ar40>5000.0", ctx="{'Ar40': 0.012642175949965584}"
testing Ar40>5000.0
evaluate ot="Ar40>5000.0" t="Ar40>5000.0", ctx="{'Ar40': 0.012642175949965584}"
GetData ===>> H2,-0.220635535828124,H1,0.518036370494213,AX,-0.0740539985608915,L1,-0.0458973483739414,L2,0.027...
testing Ar40>5000.0
evaluate ot="Ar40>5000.0" t="Ar40>5000.0", ctx="{'Ar40': -0.2433759954668437}"
testing Ar40>5000.0
evaluate ot="Ar40>5000.0" t="Ar40>5000.0", ctx="{'Ar40': -0.2433759954668437}"
GetData ===>> H2,-0.128047784009073,H1,0.694112220518428,AX,-0.0190346144776433,L1,-0.0675677594532798,L2,-0.11...
Get Checksum: -1097334291
testing Ar40>5000.0
evaluate ot="Ar40>5000.0" t="Ar40>5000.0", ctx="{'Ar40': 0.06928581452198451}"
testing Ar40>5000.0
evaluate ot="Ar40>5000.0" t="Ar40>5000.0", ctx="{'Ar40': 0.06928581452198451}"
GetData ===>> H2,-0.0913023035174618,H1,0.585719520893435,AX,-0.0292175752679909,L1,-0.00269159614004682,L2,0.0...
testing Ar40>5000.0
evaluate ot="Ar40>5000.0" t="Ar40>5000.0", ctx="{'Ar40': -0.04704265377765421}"
testing Ar40>5000.0
evaluate ot="Ar40>5000.0" t="Ar40>5000.0", ctx="{'Ar40': -0.04704265377765421}"
GetData ===>> H2,-0.201967351985921,H1,0.611326388131528,AX,-0.0295422990850599,L1,-0.00715880644645683,L2,0.02...
testing Ar40>5000.0
evaluate ot="Ar40>5000.0" t="Ar40>5000.0", ctx="{'Ar40': -0.07576809277643037}"
testing Ar40>5000.0
evaluate ot="Ar40>5000.0" t="Ar40>5000.0", ctx="{'Ar40': -0.07576809277643037}"
GetData ===>> H2,-0.379838066647822,H1,0.544164145052428,AX,0.0379539552262039,L1,-0.0086434390496995,L2,0.0549...
Get Checksum: -1097334291
testing Ar40>5000.0
evaluate ot="Ar40>5000.0" t="Ar40>5000.0", ctx="{'Ar40': -0.212716861519738}"
testing Ar40>5000.0
evaluate ot="Ar40>5000.0" t="Ar40>5000.0", ctx="{'Ar40': -0.212716861519738}"
GetData ===>> H2,-0.285568638783175,H1,0.528127940353485,AX,0.0130173507181321,L1,-0.00951277086773865,L2,-0.04...
testing Ar40>5000.0
evaluate ot="Ar40>5000.0" t="Ar40>5000.0", ctx="{'Ar40': -0.3083964741476627}"
testing Ar40>5000.0
evaluate ot="Ar40>5000.0" t="Ar40>5000.0", ctx="{'Ar40': -0.3083964741476627}"
GetData ===>> H2,-0.210776454578857,H1,0.616580193046379,AX,0.125112789696146,L1,-0.00096007918257281,L2,0.2046...
testing Ar40>5000.0
evaluate ot="Ar40>5000.0" t="Ar40>5000.0", ctx="{'Ar40': -0.23825941978131993}"
testing Ar40>5000.0
evaluate ot="Ar40>5000.0" t="Ar40>5000.0", ctx="{'Ar40': -0.23825941978131993}"
GetData ===>> H2,-0.229931155923778,H1,0.66424987970064,AX,-0.0597600664493286,L1,0.0204027193940962,L2,0.10764...
Get Checksum: -1097334291
testing Ar40>5000.0
evaluate ot="Ar40>5000.0" t="Ar40>5000.0", ctx="{'Ar40': -0.13839100787819036}"
testing Ar40>5000.0
evaluate ot="Ar40>5000.0" t="Ar40>5000.0", ctx="{'Ar40': -0.13839100787819036}"
GetData ===>> H2,-0.149844835498703,H1,0.679072263637592,AX,-0.0215630572426973,L1,0.00488944165604091,L2,0.039...
testing Ar40>5000.0
evaluate ot="Ar40>5000.0" t="Ar40>5000.0", ctx="{'Ar40': -0.06553345825480128}"
testing Ar40>5000.0
evaluate ot="Ar40>5000.0" t="Ar40>5000.0", ctx="{'Ar40': -0.06553345825480128}"
GetData ===>> H2,-0.141399959976564,H1,0.672875068661472,AX,-0.0196725305449641,L1,-0.0105798479685689,L2,0.001...
testing Ar40>5000.0
evaluate ot="Ar40>5000.0" t="Ar40>5000.0", ctx="{'Ar40': -0.032369607891705676}"
testing Ar40>5000.0
evaluate ot="Ar40>5000.0" t="Ar40>5000.0", ctx="{'Ar40': -0.032369607891705676}"
GetData ===>> H2,-0.130469905822753,H1,0.742274374855545,AX,0.0361899649895909,L1,-0.0213149075243675,L2,0.0087...
Get Checksum: -1097334291
testing Ar40>5000.0
evaluate ot="Ar40>5000.0" t="Ar40>5000.0", ctx="{'Ar40': 0.04295769041937281}"
testing Ar40>5000.0
evaluate ot="Ar40>5000.0" t="Ar40>5000.0", ctx="{'Ar40': 0.04295769041937281}"
08:08:48 -- collecting point 25
GetData ===>> H2,-0.153280809278144,H1,0.686956892570368,AX,-0.0628903041334,L1,-0.057823368415123,L2,-0.065787...
testing Ar40>5000.0
evaluate ot="Ar40>5000.0" t="Ar40>5000.0", ctx="{'Ar40': 0.03680357816854757}"
testing Ar40>5000.0
evaluate ot="Ar40>5000.0" t="Ar40>5000.0", ctx="{'Ar40': 0.03680357816854757}"
GetData ===>> H2,-0.216575369006495,H1,0.698551651769353,AX,-0.0226184886899942,L1,-0.0259807395759843,L2,0.118...
testing Ar40>5000.0
evaluate ot="Ar40>5000.0" t="Ar40>5000.0", ctx="{'Ar40': 0.0335082927680414}"
testing Ar40>5000.0
evaluate ot="Ar40>5000.0" t="Ar40>5000.0", ctx="{'Ar40': 0.0335082927680414}"
GetData ===>> H2,-0.220627452866388,H1,0.599443510943965,AX,-0.0027373408606659,L1,0.00470572967773619,L2,0.035...
Get Checksum: -1097334291
testing Ar40>5000.0
evaluate ot="Ar40>5000.0" t="Ar40>5000.0", ctx="{'Ar40': -0.04361356946187406}"
testing Ar40>5000.0
evaluate ot="Ar40>5000.0" t="Ar40>5000.0", ctx="{'Ar40': -0.04361356946187406}"
GetData ===>> H2,-0.1475798861936,H1,0.670027837007736,AX,-0.128242893559039,L1,0.0324204256273472,L2,-0.032876...
testing Ar40>5000.0
evaluate ot="Ar40>5000.0" t="Ar40>5000.0", ctx="{'Ar40': -0.053337578519763784}"
testing Ar40>5000.0
evaluate ot="Ar40>5000.0" t="Ar40>5000.0", ctx="{'Ar40': -0.053337578519763784}"
GetData ===>> H2,-0.242328985411549,H1,0.671953896646715,AX,-0.0479338153008928,L1,-0.0135107304066131,L2,0.005...
testing Ar40>5000.0
evaluate ot="Ar40>5000.0" t="Ar40>5000.0", ctx="{'Ar40': -0.061524532389950926}"
testing Ar40>5000.0
evaluate ot="Ar40>5000.0" t="Ar40>5000.0", ctx="{'Ar40': -0.061524532389950926}"
GetData ===>> H2,-0.248876033885039,H1,0.685233946602692,AX,-0.020217655507643,L1,-0.0070868477681866,L2,0.0340...
Get Checksum: -1097334291
testing Ar40>5000.0
evaluate ot="Ar40>5000.0" t="Ar40>5000.0", ctx="{'Ar40': -0.06193385179764743}"
testing Ar40>5000.0
evaluate ot="Ar40>5000.0" t="Ar40>5000.0", ctx="{'Ar40': -0.06193385179764743}"
GetData ===>> H2,-0.133672342795956,H1,0.728256614360112,AX,-0.020368434213668,L1,-0.0412349797580219,L2,-0.017...
testing Ar40>5000.0
evaluate ot="Ar40>5000.0" t="Ar40>5000.0", ctx="{'Ar40': -0.041826502844303504}"
testing Ar40>5000.0
evaluate ot="Ar40>5000.0" t="Ar40>5000.0", ctx="{'Ar40': -0.041826502844303504}"
GetData ===>> H2,-0.158340429867929,H1,0.745542673611221,AX,-0.0081662019949698,L1,-0.0521080835739871,L2,-0.02...
Get Checksum: -1097334291
testing Ar40>5000.0
evaluate ot="Ar40>5000.0" t="Ar40>5000.0", ctx="{'Ar40': -0.021629607745110357}"
testing Ar40>5000.0
evaluate ot="Ar40>5000.0" t="Ar40>5000.0", ctx="{'Ar40': -0.021629607745110357}"
GetData ===>> H2,-0.167602665472368,H1,0.790423695417064,AX,-0.0145342877975371,L1,-0.0288261580273529,L2,0.097...
testing Ar40>5000.0
evaluate ot="Ar40>5000.0" t="Ar40>5000.0", ctx="{'Ar40': 0.010501032530554844}"
testing Ar40>5000.0
evaluate ot="Ar40>5000.0" t="Ar40>5000.0", ctx="{'Ar40': 0.010501032530554844}"
GetData ===>> H2,-0.193870073874503,H1,0.801587190248987,AX,-0.015589795465413,L1,-0.0169887200885447,L2,0.0670...
testing Ar40>5000.0
evaluate ot="Ar40>5000.0" t="Ar40>5000.0", ctx="{'Ar40': 0.034947973127919474}"
testing Ar40>5000.0
evaluate ot="Ar40>5000.0" t="Ar40>5000.0", ctx="{'Ar40': 0.034947973127919474}"
GetData ===>> H2,-0.257771564911657,H1,0.771992269537969,AX,-0.0152998219717372,L1,-0.0220713196083086,L2,0.007...
Get Checksum: -1097334291
testing Ar40>5000.0
evaluate ot="Ar40>5000.0" t="Ar40>5000.0", ctx="{'Ar40': 0.0368588020656499}"
testing Ar40>5000.0
evaluate ot="Ar40>5000.0" t="Ar40>5000.0", ctx="{'Ar40': 0.0368588020656499}"
GetData ===>> H2,-0.256639844619336,H1,0.829225768074937,AX,0.0570752019691638,L1,-0.013673731939677,L2,-0.0057...
testing Ar40>5000.0
evaluate ot="Ar40>5000.0" t="Ar40>5000.0", ctx="{'Ar40': 0.05660673624431917}"
testing Ar40>5000.0
evaluate ot="Ar40>5000.0" t="Ar40>5000.0", ctx="{'Ar40': 0.05660673624431917}"
GetData ===>> H2,-0.168016993820807,H1,0.818466545218022,AX,0.0491188978814612,L1,-0.0435760130413624,L2,0.0079...
testing Ar40>5000.0
evaluate ot="Ar40>5000.0" t="Ar40>5000.0", ctx="{'Ar40': 0.06333292572774157}"
testing Ar40>5000.0
evaluate ot="Ar40>5000.0" t="Ar40>5000.0", ctx="{'Ar40': 0.06333292572774157}"
GetData ===>> H2,-0.0948176463876124,H1,0.817472154032006,AX,-0.124025679532895,L1,-0.0331053492107034,L2,0.054...
Get Checksum: -1097334291
testing Ar40>5000.0
evaluate ot="Ar40>5000.0" t="Ar40>5000.0", ctx="{'Ar40': 0.06409848536526008}"
testing Ar40>5000.0
evaluate ot="Ar40>5000.0" t="Ar40>5000.0", ctx="{'Ar40': 0.06409848536526008}"
GetData ===>> H2,-0.104638586111515,H1,0.814620821808165,AX,-0.0242190112444853,L1,-0.00334548731732418,L2,0.06...
testing Ar40>5000.0
evaluate ot="Ar40>5000.0" t="Ar40>5000.0", ctx="{'Ar40': 0.060008660738188446}"
testing Ar40>5000.0
evaluate ot="Ar40>5000.0" t="Ar40>5000.0", ctx="{'Ar40': 0.060008660738188446}"
GetData ===>> H2,-0.0564535844304234,H1,0.771321664110247,AX,0.0357489724242615,L1,0.00664150016084657,L2,0.070...
testing Ar40>5000.0
evaluate ot="Ar40>5000.0" t="Ar40>5000.0", ctx="{'Ar40': 0.039880655216109395}"
testing Ar40>5000.0
evaluate ot="Ar40>5000.0" t="Ar40>5000.0", ctx="{'Ar40': 0.039880655216109395}"
GetData ===>> H2,-0.0766291606191259,H1,0.816837186493813,AX,0.0482832237498539,L1,-0.0390347496232354,L2,-0.02...
testing Ar40>5000.0
evaluate ot="Ar40>5000.0" t="Ar40>5000.0", ctx="{'Ar40': 0.035214934076011284}"
testing Ar40>5000.0
evaluate ot="Ar40>5000.0" t="Ar40>5000.0", ctx="{'Ar40': 0.035214934076011284}"
GetData ===>> H2,-0.190082172014499,H1,0.807840247397951,AX,-0.0942103229059418,L1,-0.0429042940664122,L2,0.032...
testing Ar40>5000.0
evaluate ot="Ar40>5000.0" t="Ar40>5000.0", ctx="{'Ar40': 0.026336284809806765}"
testing Ar40>5000.0
evaluate ot="Ar40>5000.0" t="Ar40>5000.0", ctx="{'Ar40': 0.026336284809806765}"
GetData ===>> H2,-0.104685950829642,H1,0.826853368290537,AX,-0.00541700887811584,L1,-0.00410850663378224,L2,-0....
Get Checksum: -1097334291
testing Ar40>5000.0
evaluate ot="Ar40>5000.0" t="Ar40>5000.0", ctx="{'Ar40': 0.022212607383966798}"
testing Ar40>5000.0
evaluate ot="Ar40>5000.0" t="Ar40>5000.0", ctx="{'Ar40': 0.022212607383966798}"
GetData ===>> H2,-0.200540971578966,H1,0.818442583868939,AX,-0.0170860449632097,L1,-0.0148681130309391,L2,0.031...
testing Ar40>5000.0
evaluate ot="Ar40>5000.0" t="Ar40>5000.0", ctx="{'Ar40': 0.014533869935729804}"
testing Ar40>5000.0
evaluate ot="Ar40>5000.0" t="Ar40>5000.0", ctx="{'Ar40': 0.014533869935729804}"
GetData ===>> H2,-0.235619485792123,H1,0.832305178578596,AX,0.0606122170405033,L1,-0.0495380947219813,L2,0.0273...
testing Ar40>5000.0
evaluate ot="Ar40>5000.0" t="Ar40>5000.0", ctx="{'Ar40': 0.00995613777149934}"
testing Ar40>5000.0
evaluate ot="Ar40>5000.0" t="Ar40>5000.0", ctx="{'Ar40': 0.00995613777149934}"
GetData ===>> H2,-0.197355908020238,H1,0.8799470282993,AX,0.0274865336889838,L1,-0.0243234365197886,L2,-0.00061...
Get Checksum: -1097334291
testing Ar40>5000.0
evaluate ot="Ar40>5000.0" t="Ar40>5000.0", ctx="{'Ar40': 0.015894828745188327}"
testing Ar40>5000.0
evaluate ot="Ar40>5000.0" t="Ar40>5000.0", ctx="{'Ar40': 0.015894828745188327}"
GetData ===>> H2,-0.150899496486431,H1,0.848034341576942,AX,0.00928147157166217,L1,-0.00633964642553175,L2,0.00...
testing Ar40>5000.0
evaluate ot="Ar40>5000.0" t="Ar40>5000.0", ctx="{'Ar40': 0.011315748414349569}"
testing Ar40>5000.0
evaluate ot="Ar40>5000.0" t="Ar40>5000.0", ctx="{'Ar40': 0.011315748414349569}"
GetData ===>> H2,-0.175488929284496,H1,0.910923396992236,AX,-0.077149001707142,L1,0.0342867929895631,L2,0.07137...
testing Ar40>5000.0
evaluate ot="Ar40>5000.0" t="Ar40>5000.0", ctx="{'Ar40': 0.019868901688924523}"
testing Ar40>5000.0
evaluate ot="Ar40>5000.0" t="Ar40>5000.0", ctx="{'Ar40': 0.019868901688924523}"
GetData ===>> H2,-0.171192108355772,H1,0.93370058901312,AX,-0.112508509855904,L1,-0.0214000217081443,L2,0.09461...
Get Checksum: -1097334291
testing Ar40>5000.0
evaluate ot="Ar40>5000.0" t="Ar40>5000.0", ctx="{'Ar40': 0.02973892302980824}"
testing Ar40>5000.0
evaluate ot="Ar40>5000.0" t="Ar40>5000.0", ctx="{'Ar40': 0.02973892302980824}"
08:09:14 -- collecting point 50
GetData ===>> H2,-0.219798918626152,H1,0.863971456539381,AX,0.0187838804050359,L1,-0.0278677912039498,L2,-0.058...
testing Ar40>5000.0
evaluate ot="Ar40>5000.0" t="Ar40>5000.0", ctx="{'Ar40': 0.021430266296221967}"
testing age>100.0
evaluate ot="age>100.0" t="age>100.0", ctx="{'age': -7.3311829482119215}"
testing Ar39<0.5
evaluate ot="Ar39.bs_corrected<0.5" t="Ar39<0.5", ctx="{'Ar39': 0.034943393468776784}"
condition Ar39<0.5 is true trips=1/1
08:09:15 -- Conditional tripped: Ar39.bs_corrected<0.5 condition Ar39<0.5 is True
08:09:15 -- truncation conditional condition Ar39<0.5 is True. measurement iteration executed 50/400 counts
state changed from measurement to truncated
measurement finished
estimated time: 419.430 actual time: :52.668
flush and close file /Users/jan/PychronDev/data/isotopes/04/aba80e-57dd-4948-9d9e-a83bf2c9372f.h5
baselines () {'settling_time': 15.0, 'detector': 'H1', 'mass': 34.2, 'ncounts': 120}
%%%%%%%%%%%%%%%%%%%%%%%%%%%%%%%% Baseline
build tables- baseline [Detector(H2), Detector(H1), Detector(AX), Detector(L1), Detector(L2), Detector(CDD)]
add group baseline table H2
add group baseline table H1
add group baseline table AX
add group baseline table L1
add group baseline table L2
add group baseline table CDD
flush and close file /Users/jan/PychronDev/data/isotopes/04/aba80e-57dd-4948-9d9e-a83bf2c9372f.h5
detector Detector(H1)
POSITION 34.2 H1
Mapping mass to dac mass func: "parabolic"
H1 map mass coeffs = [-0.00063987  0.15840543  0.57057999]
H1 map mass to dac 34.2 >> 5.23962599104
GetDeflection H1 ===>> 0
GetHighVoltage ===>> 4499.94659342336
positioning 34.2 (5.23959513538) on H1
setting magnet DAC
current  : 5.878935
requested: 5.239595
Delta Dac: 0.639340
Checking detector protection. dv=0.63934
Checking detector "CDD". Protection Threshold: 0.1 (V)
ProtectDetector CDD,On ===>> OK
GetDeflection CDD ===>> 2000
SetMagnetDAC 5.23959513538 ===>> OK
Magnet settling time: 0.500
loading system conditionals pre_run_terminations
loading conditionals from /Users/jan/PychronDev/setupfiles/spectrometer/default_conditionals.yaml
loading queue conditionals pre_run_terminations
loading system conditionals None
loading conditionals from /Users/jan/PychronDev/setupfiles/spectrometer/default_conditionals.yaml
loading queue conditionals None
loading system conditionals post_run_terminations
loading conditionals from /Users/jan/PychronDev/setupfiles/spectrometer/default_conditionals.yaml
loading queue conditionals post_run_terminations
Show conditionals active run: <pychron.experiment.automated_run.automated_run.AutomatedRun object at 0x134a7f5f0>
Show conditionals measuring run: <pychron.experiment.automated_run.automated_run.AutomatedRun object at 0x134a7f5f0>
active_run same as measuring_run: True
GetMagnetMoving ===>> True
GetMagnetMoving ===>> True
GetMagnetMoving ===>> True
Get Checksum: -1097334291
GetMagnetMoving ===>> True
GetMagnetMoving ===>> True
GetMagnetMoving ===>> True
GetMagnetMoving ===>> True
GetMagnetMoving ===>> True
GetMagnetMoving ===>> False
ProtectDetector CDD,Off ===>> OK
GetDeflection CDD ===>> 50
Delaying 15.0s for detectors to settle
Get Checksum: -1097334291
Get Checksum: -1097334291
Get Checksum: -1097334291
Get Checksum: -1097334291
Get Checksum: -1097334291
Join finished
measuring baseline. ncounts=120.0
starting measurement
GetData ===>> H2,-0.142755400427851,H1,-0.0261585507890015,AX,-0.119217369059584,L1,0.0152403599572775,L2,0.031...
testing Ar40>5000.0
evaluate ot="Ar40>5000.0" t="Ar40>5000.0", ctx="{'Ar40': 0.021430266296221967}"
GetData ===>> H2,-0.161141501944159,H1,-0.0378805976960049,AX,-0.0080966031272002,L1,-0.03115101595592,L2,-0.02...
Get Checksum: -1097334291
testing Ar40>5000.0
evaluate ot="Ar40>5000.0" t="Ar40>5000.0", ctx="{'Ar40': 0.005937917151344452}"
GetData ===>> H2,-0.213142975577537,H1,-0.0270887328387424,AX,-0.0311890960490404,L1,-0.0460206430902473,L2,-0....
testing Ar40>5000.0
evaluate ot="Ar40>5000.0" t="Ar40>5000.0", ctx="{'Ar40': 0.0042943033500909}"
GetData ===>> H2,-0.17756634618072,H1,-0.0392876280246977,AX,-0.0918344350616224,L1,-0.0404253702448818,L2,-0.0...
testing Ar40>5000.0
evaluate ot="Ar40>5000.0" t="Ar40>5000.0", ctx="{'Ar40': 0.006522220245952892}"
GetData ===>> H2,-0.237925222271534,H1,-0.0194204355178805,AX,-0.0125044331874885,L1,-0.0619000335608004,L2,-0....
Get Checksum: -1097334291
testing Ar40>5000.0
evaluate ot="Ar40>5000.0" t="Ar40>5000.0", ctx="{'Ar40': 0.003885531882106663}"
GetData ===>> H2,-0.254511849386815,H1,-0.0172259779330773,AX,-0.0541601678479011,L1,-0.049205431716527,L2,-0.1...
testing Ar40>5000.0
evaluate ot="Ar40>5000.0" t="Ar40>5000.0", ctx="{'Ar40': 0.0017619967087419974}"
GetData ===>> H2,-0.38873343544383,H1,-0.0109524262048353,AX,0.00417677534837976,L1,-0.0479153609083736,L2,-0.0...
testing Ar40>5000.0
evaluate ot="Ar40>5000.0" t="Ar40>5000.0", ctx="{'Ar40': -0.0006510358048387732}"
GetData ===>> H2,-0.249023991516287,H1,0.0585719608914072,AX,-0.0820637107797999,L1,-0.0259507835205877,L2,-0.0...
Get Checksum: -1097334291
testing Ar40>5000.0
evaluate ot="Ar40>5000.0" t="Ar40>5000.0", ctx="{'Ar40': -0.011151358577054682}"
GetData ===>> H2,-0.239293666794034,H1,-0.069212147629094,AX,-0.15387547537704,L1,-0.0269872111748039,L2,0.0304...
testing Ar40>5000.0
evaluate ot="Ar40>5000.0" t="Ar40>5000.0", ctx="{'Ar40': -0.0051200420087224585}"
GetData ===>> H2,-0.201409224550016,H1,-0.127094501308966,AX,-0.187710926490485,L1,-0.0552355564094424,L2,0.064...
testing Ar40>5000.0
evaluate ot="Ar40>5000.0" t="Ar40>5000.0", ctx="{'Ar40': 0.005493246613930525}"
testing Ar40>5000.0
evaluate ot="Ar40>5000.0" t="Ar40>5000.0", ctx="{'Ar40': 0.005493246613930525}"
GetData ===>> H2,-0.200433109413635,H1,-0.074874147502668,AX,-0.124292157258992,L1,0.0193647502819743,L2,-0.037...
Get Checksum: -1097334291
testing Ar40>5000.0
evaluate ot="Ar40>5000.0" t="Ar40>5000.0", ctx="{'Ar40': 0.009429541504619499}"
testing Ar40>5000.0
evaluate ot="Ar40>5000.0" t="Ar40>5000.0", ctx="{'Ar40': 0.009429541504619499}"
GetData ===>> H2,-0.24117552584389,H1,-0.0222588473348438,AX,-0.117097002425861,L1,-0.0063828248989623,L2,-0.00...
testing Ar40>5000.0
evaluate ot="Ar40>5000.0" t="Ar40>5000.0", ctx="{'Ar40': 0.008325178899541597}"
testing Ar40>5000.0
evaluate ot="Ar40>5000.0" t="Ar40>5000.0", ctx="{'Ar40': 0.008325178899541597}"
GetData ===>> H2,-0.270220207732664,H1,-0.0888072628451696,AX,-0.113192162620915,L1,-0.0103532534159083,L2,-0.0...
Get Checksum: -1097334291
testing Ar40>5000.0
evaluate ot="Ar40>5000.0" t="Ar40>5000.0", ctx="{'Ar40': 0.01250982711911619}"
testing Ar40>5000.0
evaluate ot="Ar40>5000.0" t="Ar40>5000.0", ctx="{'Ar40': 0.01250982711911619}"
GetData ===>> H2,-0.198150235143575,H1,-0.0579348734145889,AX,-0.20225458198647,L1,0.0100242350318074,L2,0.0234...
testing Ar40>5000.0
evaluate ot="Ar40>5000.0" t="Ar40>5000.0", ctx="{'Ar40': 0.013891497776567174}"
testing Ar40>5000.0
evaluate ot="Ar40>5000.0" t="Ar40>5000.0", ctx="{'Ar40': 0.013891497776567174}"
GetData ===>> H2,-0.142971607254236,H1,0.07294572848513,AX,-0.176375796775445,L1,0.00959338020801222,L2,0.08947...
testing Ar40>5000.0
evaluate ot="Ar40>5000.0" t="Ar40>5000.0", ctx="{'Ar40': 0.006363572219710123}"
testing Ar40>5000.0
evaluate ot="Ar40>5000.0" t="Ar40>5000.0", ctx="{'Ar40': 0.006363572219710123}"
GetData ===>> H2,-0.0820573344512029,H1,0.0598132672603448,AX,-0.0417186601718905,L1,-0.0320551818081769,L2,0.0...
Get Checksum: -1097334291
testing Ar40>5000.0
evaluate ot="Ar40>5000.0" t="Ar40>5000.0", ctx="{'Ar40': 0.0005974161840092695}"
testing Ar40>5000.0
evaluate ot="Ar40>5000.0" t="Ar40>5000.0", ctx="{'Ar40': 0.0005974161840092695}"
GetData ===>> H2,-0.160604030700508,H1,-0.0307497500118491,AX,-0.0764882789632977,L1,-0.0404205794619417,L2,-0....
testing Ar40>5000.0
evaluate ot="Ar40>5000.0" t="Ar40>5000.0", ctx="{'Ar40': 0.000836867756755233}"
testing Ar40>5000.0
evaluate ot="Ar40>5000.0" t="Ar40>5000.0", ctx="{'Ar40': 0.000836867756755233}"
GetData ===>> H2,-0.186260633510904,H1,-0.0842544821906486,AX,-0.0929934119897867,L1,-0.0209924261260095,L2,0.0...
testing Ar40>5000.0
evaluate ot="Ar40>5000.0" t="Ar40>5000.0", ctx="{'Ar40': 0.004022198720240455}"
testing Ar40>5000.0
evaluate ot="Ar40>5000.0" t="Ar40>5000.0", ctx="{'Ar40': 0.004022198720240455}"
GetData ===>> H2,-0.221199981692963,H1,-0.0599496171249435,AX,0.0292735747708392,L1,-0.00481988607672646,L2,0.0...
Get Checksum: -1097334291
testing Ar40>5000.0
evaluate ot="Ar40>5000.0" t="Ar40>5000.0", ctx="{'Ar40': 0.005593028263058575}"
testing Ar40>5000.0
evaluate ot="Ar40>5000.0" t="Ar40>5000.0", ctx="{'Ar40': 0.005593028263058575}"
GetData ===>> H2,-0.202532192054218,H1,-0.00673008066536236,AX,-0.0033289622231094,L1,-0.0165545597786013,L2,-0...
testing Ar40>5000.0
evaluate ot="Ar40>5000.0" t="Ar40>5000.0", ctx="{'Ar40': 0.004345798028615844}"
testing Ar40>5000.0
evaluate ot="Ar40>5000.0" t="Ar40>5000.0", ctx="{'Ar40': 0.004345798028615844}"
GetData ===>> H2,-0.172326729442144,H1,-0.0855535951751694,AX,-0.0434348247643598,L1,-0.0385112706549388,L2,-0....
testing Ar40>5000.0
evaluate ot="Ar40>5000.0" t="Ar40>5000.0", ctx="{'Ar40': 0.006970852316967979}"
testing Ar40>5000.0
evaluate ot="Ar40>5000.0" t="Ar40>5000.0", ctx="{'Ar40': 0.006970852316967979}"
GetData ===>> H2,-0.102229491449848,H1,-0.083014945820392,AX,-0.0857611702408673,L1,0.000902563884404587,L2,0.0...
Get Checksum: -1097334291
testing Ar40>5000.0
evaluate ot="Ar40>5000.0" t="Ar40>5000.0", ctx="{'Ar40': 0.009241872153889108}"
testing Ar40>5000.0
evaluate ot="Ar40>5000.0" t="Ar40>5000.0", ctx="{'Ar40': 0.009241872153889108}"
GetData ===>> H2,-0.155279257722501,H1,-0.0124552519768394,AX,-0.13393266355889,L1,-0.00579989988129919,L2,-0.0...
testing Ar40>5000.0
evaluate ot="Ar40>5000.0" t="Ar40>5000.0", ctx="{'Ar40': 0.008247599229184444}"
testing Ar40>5000.0
evaluate ot="Ar40>5000.0" t="Ar40>5000.0", ctx="{'Ar40': 0.008247599229184444}"
GetData ===>> H2,-0.162945490390947,H1,-0.066208177621596,AX,-0.131255077359933,L1,-0.00217685192963975,L2,-0.0...
testing Ar40>5000.0
evaluate ot="Ar40>5000.0" t="Ar40>5000.0", ctx="{'Ar40': 0.009575887616736611}"
testing Ar40>5000.0
evaluate ot="Ar40>5000.0" t="Ar40>5000.0", ctx="{'Ar40': 0.009575887616736611}"
08:09:59 -- collecting point 25
GetData ===>> H2,-0.282463906904301,H1,-0.0560631520835074,AX,0.00882899904878872,L1,-0.0398492622211326,L2,0.0...
Get Checksum: -1097334291
testing Ar40>5000.0
evaluate ot="Ar40>5000.0" t="Ar40>5000.0", ctx="{'Ar40': 0.010392111911761093}"
testing Ar40>5000.0
evaluate ot="Ar40>5000.0" t="Ar40>5000.0", ctx="{'Ar40': 0.010392111911761093}"
GetData ===>> H2,-0.336369370240966,H1,-0.0525580510976507,AX,-0.0333229323595596,L1,-0.0358934667891399,L2,-0....
testing Ar40>5000.0
evaluate ot="Ar40>5000.0" t="Ar40>5000.0", ctx="{'Ar40': 0.011010738146173815}"
testing Ar40>5000.0
evaluate ot="Ar40>5000.0" t="Ar40>5000.0", ctx="{'Ar40': 0.011010738146173815}"
GetData ===>> H2,-0.232453375984003,H1,-0.0427574233614834,AX,-0.0202640489805086,L1,-0.0325413618817564,L2,0.0...
testing Ar40>5000.0
evaluate ot="Ar40>5000.0" t="Ar40>5000.0", ctx="{'Ar40': 0.01122055400262384}"
testing Ar40>5000.0
evaluate ot="Ar40>5000.0" t="Ar40>5000.0", ctx="{'Ar40': 0.01122055400262384}"
GetData ===>> H2,-0.192795840472432,H1,-0.104263718557695,AX,-0.0228620481678593,L1,-0.0399702356680157,L2,-0.0...
Get Checksum: -1097334291
testing Ar40>5000.0
evaluate ot="Ar40>5000.0" t="Ar40>5000.0", ctx="{'Ar40': 0.013612036412049278}"
testing Ar40>5000.0
evaluate ot="Ar40>5000.0" t="Ar40>5000.0", ctx="{'Ar40': 0.013612036412049278}"
GetData ===>> H2,-0.175686023532527,H1,-0.0541556293579991,AX,-0.0624265715709994,L1,-0.0522217317717844,L2,-0....
testing Ar40>5000.0
evaluate ot="Ar40>5000.0" t="Ar40>5000.0", ctx="{'Ar40': 0.014110723855317975}"
testing Ar40>5000.0
evaluate ot="Ar40>5000.0" t="Ar40>5000.0", ctx="{'Ar40': 0.014110723855317975}"
GetData ===>> H2,-0.204423324723532,H1,-0.0697247208063743,AX,-0.0612440435338759,L1,-0.0495440777687113,L2,-0....
testing Ar40>5000.0
evaluate ot="Ar40>5000.0" t="Ar40>5000.0", ctx="{'Ar40': 0.015095135183981201}"
testing Ar40>5000.0
evaluate ot="Ar40>5000.0" t="Ar40>5000.0", ctx="{'Ar40': 0.015095135183981201}"
GetData ===>> H2,-0.226383751824995,H1,-0.0340171245572616,AX,-0.0786443050343022,L1,-0.00605898183401752,L2,-0...
Get Checksum: -1097334291
testing Ar40>5000.0
evaluate ot="Ar40>5000.0" t="Ar40>5000.0", ctx="{'Ar40': 0.01486417816082386}"
testing Ar40>5000.0
evaluate ot="Ar40>5000.0" t="Ar40>5000.0", ctx="{'Ar40': 0.01486417816082386}"
GetData ===>> H2,-0.240464817648092,H1,-0.0137672242826124,AX,-0.112369461247944,L1,-0.0203594214245454,L2,0.02...
testing Ar40>5000.0
evaluate ot="Ar40>5000.0" t="Ar40>5000.0", ctx="{'Ar40': 0.014014846568031036}"
testing Ar40>5000.0
evaluate ot="Ar40>5000.0" t="Ar40>5000.0", ctx="{'Ar40': 0.014014846568031036}"
GetData ===>> H2,-0.228175767633432,H1,-0.119491414402462,AX,-0.0851700497944782,L1,-0.0294442561769225,L2,-0.0...
Get Checksum: -1097334291
testing Ar40>5000.0
evaluate ot="Ar40>5000.0" t="Ar40>5000.0", ctx="{'Ar40': 0.01642075295419082}"
testing Ar40>5000.0
evaluate ot="Ar40>5000.0" t="Ar40>5000.0", ctx="{'Ar40': 0.01642075295419082}"
GetData ===>> H2,-0.235346371472622,H1,0.00134535304081602,AX,-0.121882245186675,L1,-0.00614893928591488,L2,-0....
testing Ar40>5000.0
evaluate ot="Ar40>5000.0" t="Ar40>5000.0", ctx="{'Ar40': 0.015131112863421226}"
testing Ar40>5000.0
evaluate ot="Ar40>5000.0" t="Ar40>5000.0", ctx="{'Ar40': 0.015131112863421226}"
GetData ===>> H2,-0.245694475685419,H1,-0.0504597006048211,AX,-0.0450234096101669,L1,-0.0210571629981323,L2,0.0...
testing Ar40>5000.0
evaluate ot="Ar40>5000.0" t="Ar40>5000.0", ctx="{'Ar40': 0.015395310881999524}"
testing Ar40>5000.0
evaluate ot="Ar40>5000.0" t="Ar40>5000.0", ctx="{'Ar40': 0.015395310881999524}"
GetData ===>> H2,-0.168806470063364,H1,0.00889653257856189,AX,-0.0638293558038116,L1,-0.00582268976496567,L2,0....
Get Checksum: -1097334291
testing Ar40>5000.0
evaluate ot="Ar40>5000.0" t="Ar40>5000.0", ctx="{'Ar40': 0.01399604697778506}"
testing Ar40>5000.0
evaluate ot="Ar40>5000.0" t="Ar40>5000.0", ctx="{'Ar40': 0.01399604697778506}"
GetData ===>> H2,-0.207817943531392,H1,-0.0300342522981499,AX,0.0465074400350792,L1,0.0039408994810414,L2,-0.03...
testing Ar40>5000.0
evaluate ot="Ar40>5000.0" t="Ar40>5000.0", ctx="{'Ar40': 0.013724602335331182}"
testing Ar40>5000.0
evaluate ot="Ar40>5000.0" t="Ar40>5000.0", ctx="{'Ar40': 0.013724602335331182}"
GetData ===>> H2,-0.151088541864239,H1,-0.014816789745775,AX,-0.0379963343140441,L1,0.0138175126353591,L2,0.012...
testing Ar40>5000.0
evaluate ot="Ar40>5000.0" t="Ar40>5000.0", ctx="{'Ar40': 0.013066984712154506}"
testing Ar40>5000.0
evaluate ot="Ar40>5000.0" t="Ar40>5000.0", ctx="{'Ar40': 0.013066984712154506}"
GetData ===>> H2,-0.177000797395885,H1,-0.100092974992516,AX,-0.194200794504972,L1,-0.00521334249303919,L2,-0.1...
Get Checksum: -1097334291
testing Ar40>5000.0
evaluate ot="Ar40>5000.0" t="Ar40>5000.0", ctx="{'Ar40': 0.014629659922134053}"
testing Ar40>5000.0
evaluate ot="Ar40>5000.0" t="Ar40>5000.0", ctx="{'Ar40': 0.014629659922134053}"
GetData ===>> H2,-0.372928097315206,H1,-0.0279712052536628,AX,-0.0639568806403796,L1,-0.0367489705976457,L2,-0....
testing Ar40>5000.0
evaluate ot="Ar40>5000.0" t="Ar40>5000.0", ctx="{'Ar40': 0.014311157128143293}"
testing Ar40>5000.0
evaluate ot="Ar40>5000.0" t="Ar40>5000.0", ctx="{'Ar40': 0.014311157128143293}"
GetData ===>> H2,-0.267969087240805,H1,-0.0810602611134968,AX,0.00510488202375542,L1,-0.0171026540832758,L2,-0....
testing Ar40>5000.0
evaluate ot="Ar40>5000.0" t="Ar40>5000.0", ctx="{'Ar40': 0.015303046076782179}"
testing Ar40>5000.0
evaluate ot="Ar40>5000.0" t="Ar40>5000.0", ctx="{'Ar40': 0.015303046076782179}"
GetData ===>> H2,-0.149000765955483,H1,-0.0171782717990564,AX,0.0281015506190733,L1,-0.00969981727800136,L2,-0....
Get Checksum: -1097334291
testing Ar40>5000.0
evaluate ot="Ar40>5000.0" t="Ar40>5000.0", ctx="{'Ar40': 0.014726702472761144}"
testing Ar40>5000.0
evaluate ot="Ar40>5000.0" t="Ar40>5000.0", ctx="{'Ar40': 0.014726702472761144}"
GetData ===>> H2,-0.101169598688908,H1,-0.121752048405921,AX,-0.0519224370931411,L1,-0.00156728396196124,L2,-0....
testing Ar40>5000.0
evaluate ot="Ar40>5000.0" t="Ar40>5000.0", ctx="{'Ar40': 0.016609113841179746}"
testing Ar40>5000.0
evaluate ot="Ar40>5000.0" t="Ar40>5000.0", ctx="{'Ar40': 0.016609113841179746}"
GetData ===>> H2,-0.1698279841632,H1,-0.0178819349698987,AX,0.0040259588494419,L1,-0.00803546170316274,L2,-0.03...
testing Ar40>5000.0
evaluate ot="Ar40>5000.0" t="Ar40>5000.0", ctx="{'Ar40': 0.016045276660215213}"
testing Ar40>5000.0
evaluate ot="Ar40>5000.0" t="Ar40>5000.0", ctx="{'Ar40': 0.016045276660215213}"
GetData ===>> H2,-0.239264049910571,H1,-0.0512108197576076,AX,-0.0571514581259412,L1,-0.00985089068728442,L2,-0...
Get Checksum: -1097334291
testing Ar40>5000.0
evaluate ot="Ar40>5000.0" t="Ar40>5000.0", ctx="{'Ar40': 0.016247140793687054}"
testing Ar40>5000.0
evaluate ot="Ar40>5000.0" t="Ar40>5000.0", ctx="{'Ar40': 0.016247140793687054}"
GetData ===>> H2,-0.209019763587981,H1,-0.00374809091125956,AX,-0.0417998308007045,L1,-0.014785342720888,L2,0.0...
testing Ar40>5000.0
evaluate ot="Ar40>5000.0" t="Ar40>5000.0", ctx="{'Ar40': 0.015408429772522159}"
testing Ar40>5000.0
evaluate ot="Ar40>5000.0" t="Ar40>5000.0", ctx="{'Ar40': 0.015408429772522159}"
GetData ===>> H2,-0.27944443498872,H1,-0.0343987087888518,AX,-0.0706690884052247,L1,-0.00885088642808175,L2,-0....
testing Ar40>5000.0
evaluate ot="Ar40>5000.0" t="Ar40>5000.0", ctx="{'Ar40': 0.015257549387951319}"
testing Ar40>5000.0
evaluate ot="Ar40>5000.0" t="Ar40>5000.0", ctx="{'Ar40': 0.015257549387951319}"
GetData ===>> H2,-0.223303944381352,H1,-0.0343152373625476,AX,-0.118614865208337,L1,-0.00580109935014712,L2,0.0...
Get Checksum: -1097334291
testing Ar40>5000.0
evaluate ot="Ar40>5000.0" t="Ar40>5000.0", ctx="{'Ar40': 0.015111216698022956}"
testing Ar40>5000.0
evaluate ot="Ar40>5000.0" t="Ar40>5000.0", ctx="{'Ar40': 0.015111216698022956}"
GetData ===>> H2,-0.188399451658195,H1,-0.0640624295466406,AX,-0.0655683164493903,L1,0.00319533599305666,L2,-0....
testing Ar40>5000.0
evaluate ot="Ar40>5000.0" t="Ar40>5000.0", ctx="{'Ar40': 0.01557794232572618}"
testing Ar40>5000.0
evaluate ot="Ar40>5000.0" t="Ar40>5000.0", ctx="{'Ar40': 0.01557794232572618}"
08:10:25 -- collecting point 50
GetData ===>> H2,-0.127146114449926,H1,0.0358372924110341,AX,-0.0811480172936856,L1,-0.0328706576901111,L2,-0.0...
testing Ar40>5000.0
evaluate ot="Ar40>5000.0" t="Ar40>5000.0", ctx="{'Ar40': 0.0140280044891678}"
testing age>100.0
evaluate ot="age>100.0" t="age>100.0", ctx="{'age': -6.6814456364703325}"
testing Ar39<0.5
evaluate ot="Ar39.bs_corrected<0.5" t="Ar39<0.5", ctx="{'Ar39': 0.04691483987316236}"
condition Ar39<0.5 is true trips=1/1
08:10:26 -- Conditional tripped: Ar39.bs_corrected<0.5 condition Ar39<0.5 is True
08:10:26 -- truncation conditional condition Ar39<0.5 is True. measurement iteration executed 50/120 counts
measurement finished
estimated time: 125.829 actual time: :52.673
flush and close file /Users/jan/PychronDev/data/isotopes/04/aba80e-57dd-4948-9d9e-a83bf2c9372f.h5
activate_detectors ('H1', 'AX', 'L2', 'CDD') {'peak_center': True}
peak_center () {'detector': 'H1', 'integration_time': 0.262144, 'isotope': 'Ar40'}
peak center: mean=0.853885537705 threshold=3
Skipping peak center. intensities to small. 0.853885537705<3
finished measure script
executed 568.532928
jan_unknown400_120.py completed successfully
Measurement Finished
08:10:26 -- ******* Measurement Finished *******
Post Measurement Started jan_pump_ms.py
08:10:26 -- ******* Post Measurement Started jan_pump_ms.py *******
testing...
no interpolation path defined
executed 0
Pumping spectrometer
open () {'name': 'O'}
opening name=O desc=---
checking ownership. requestor=129.138.12.150
check software interlocks O
interlocks []
actuate state mode=None-script, software_lock=False
doing actuation None-script open_channel True
Open O ===>> OK
GetValveState O ===>> OK
change switch state (True, True)
update switch state O True args=() kw={} ncanvase=2
08:10:26 -- OPEN   VALVE-O (Jan Ion Pump)
---------------------------------------- open O () result=[(True, True)], time=0.08 sec
loading system conditionals pre_run_terminations
loading conditionals from /Users/jan/PychronDev/setupfiles/spectrometer/default_conditionals.yaml
loading queue conditionals pre_run_terminations
loading system conditionals None
loading conditionals from /Users/jan/PychronDev/setupfiles/spectrometer/default_conditionals.yaml
loading queue conditionals None
loading system conditionals post_run_terminations
loading conditionals from /Users/jan/PychronDev/setupfiles/spectrometer/default_conditionals.yaml
loading queue conditionals post_run_terminations
Show conditionals active run: <pychron.experiment.automated_run.automated_run.AutomatedRun object at 0x134a7f5f0>
Show conditionals measuring run: <pychron.experiment.automated_run.automated_run.AutomatedRun object at 0x134a7f5f0>
active_run same as measuring_run: True
Get Checksum: -1404555142
action=open, ok=True, locked=[False]
executed 0
jan_pump_ms.py completed successfully
setting _ms_pumptime
Post Measurement Finished
08:10:26 -- ******* Post Measurement Finished *******
$$$$$$$$$$$$$$$$$$$$ state at run end truncated
post measurement save measured=True aborted=False
Set filtering
setting fod for Ar40= {'filter_outliers': True, 'std_devs': 2, 'iterations': 1}
setting fod for H1= {'filter_outliers': True, 'std_devs': 2, 'iterations': 1}
setting fod for PM41= {'filter_outliers': False, 'std_devs': 2, 'iterations': 1}
setting fod for H2= {'filter_outliers': True, 'std_devs': 2, 'iterations': 1}
setting fod for Ar36= {'filter_outliers': True, 'std_devs': 2, 'iterations': 1}
setting fod for CDD= {'filter_outliers': True, 'std_devs': 10, 'iterations': 1}
setting fod for Ar37= {'filter_outliers': True, 'std_devs': 2, 'iterations': 1}
setting fod for L2= {'filter_outliers': True, 'std_devs': 2, 'iterations': 1}
setting fod for Ar38= {'filter_outliers': True, 'std_devs': 2, 'iterations': 1}
setting fod for L1= {'filter_outliers': True, 'std_devs': 2, 'iterations': 1}
setting fod for Ar39= {'filter_outliers': True, 'std_devs': 2, 'iterations': 1}
setting fod for AX= {'filter_outliers': True, 'std_devs': 2, 'iterations': 1}
persistence save...
persistence save - db
post measurement save
5287303408 connecting to database sqlite:////Users/jan/PychronDev/.appdata/local_lab.db
connected to db sqlite:////Users/jan/PychronDev/.appdata/local_lab.db
create new session 5287303408
close session 5287303408
No database instance. Not saving post measurement to isotopedb database
$$$$$$$$$$$$$$$ auto_save_detector_ic=False
massspec enabled True
create new session 4978720400
MassSpec Database Version: 16.0
close session 4978720400
saving post measurement to secondary database
saving to massspec database 129.138.12.160/massspecdata
setting labnumber to 65506
setting aliquot to 100
setting step to 
setting uuid to 04aba80e-57dd-4948-9d9e-a83bf2c9372f
setting irradpos to 65506
setting extract_device to Fusions CO2
setting tray to 
setting position to 198
setting power_requested to 5.0
setting extract_value to 5.0
setting duration to 30.0
setting duration_at_request to 30.0
setting first_stage_delay to 30.0
setting cleanup to 30.0
setting comment to F:2 DS
setting irradiation to NM-289
setting level to F
setting irradiation_level to F
setting sample to 6-2-15-C
setting material to DetritalSanidine
setting project to Cather
setting mass_spectrometer to Jan
no attribute chron_dosages
no attribute production_ratios
no attribute interference_corrections
no attribute production_name
no attribute j
Reference Isotope=Ar40
Reference Detector=H1
%%%%%%%%%%%%%%%%%%%% Comment: F:2 DS %%%%%%%%%%%%%%%%%%%
adding isotope PM41 H2
add baseline dbdet= PM41. original det= H2
get baseline data PM41 H2
Get data baseline <pychron.processing.isotope.Baseline object at 0x13ac210d0> len t=50
baseline PM41. v=-0.200353158147, e=0.00660652916823
get signal data PM41 H2
Get data signal PM41 0.00+/-0.08 len t=50
adding isotope Ar40 H1
add baseline dbdet= Ar40. original det= H1
get baseline data Ar40 H1
Get data baseline <pychron.processing.isotope.Baseline object at 0x13ac212d0> len t=50
baseline Ar40. v=-0.0467407241628, e=0.00527677093417
get signal data Ar40 H1
Get data signal Ar40 0.36+/-0.04 len t=50
adding isotope Ar39 AX
add baseline dbdet= Ar39. original det= AX
get baseline data Ar39 AX
Get data baseline <pychron.processing.isotope.Baseline object at 0x13ac21750> len t=50
baseline Ar39. v=-0.0609076165483, e=0.00746313107907
get signal data Ar39 AX
Get data signal Ar39 0.05+/-0.05 len t=50
adding isotope Ar38 L1
add baseline dbdet= Ar38. original det= L1
get baseline data Ar38 L1
Get data baseline <pychron.processing.isotope.Baseline object at 0x13ac21910> len t=50
baseline Ar38. v=-0.0186595319216, e=0.00282758799068
get signal data Ar38 L1
Get data signal Ar38 0.013+/-0.008 len t=50
adding isotope Ar37 L2
add baseline dbdet= Ar37. original det= L2
get baseline data Ar37 L2
Get data baseline <pychron.processing.isotope.Baseline object at 0x13ac21550> len t=50
baseline Ar37. v=-0.0234193101286, e=0.00666176688692
get signal data Ar37 L2
Get data signal Ar37 0.017+/-0.018 len t=50
adding isotope Ar36 CDD
add baseline dbdet= Ar36. original det= CDD
get baseline data Ar36 CDD
Get data baseline <pychron.processing.isotope.Baseline object at 0x13ac215d0> len t=50
baseline Ar36. v=5.95461644807e-06, e=4.16736340336e-06
get signal data Ar36 CDD
Get data signal Ar36 0.0047+/-0.0008 len t=50
65506-100 added analysis time 0.519431114197s
analysis added to mass spec database
mass spec save time= 0.528
persistence save - dvc
================= post measurement started
create new session 4982606736
close session 4982606736
---------------- Experiment Queue saving disabled
DVC saving peakcenter
Smart pull ahead: 0 behind: 0
Up-to-date with origin
add to repo msg=modified - ad8224ebc6dbfeb9f5997218dfa5fe690569839d.json
add to repo msg=modified - 06-100.json
add to repo msg=modified - 06-100.dat.json
add to repo msg=modified - 06-100.blan.json
Get Checksum: -1404555142
add to repo msg=modified - 06-100.inte.json
add to repo msg=modified - 06-100.icfa.json
add to repo msg=modified - 06-100.base.json
not at valid file /Users/jan/PychronDev/data/.dvc/repositories/Cather/655/tags/06-100.tags.json
add to repo msg=modified - 06-100.peak.json
add to repo msg=modified - 06-100.extr.json
not at valid file /Users/jan/PychronDev/data/.dvc/repositories/Cather/655/monitor/06-100.moni.json
commit message=<COLLECTION>
add to repo msg=modified - 06-100.inte.json
add to repo msg=modified - 06-100.base.json
commit message=<ISOEVO> default collection fits
add to repo msg=modified - 06-100.blan.json
commit message=<BLANKS> preceding bu-FC-J-7434
add to repo msg=modified - 06-100.icfa.json
Get Checksum: -1404555142
commit message=<ICFactor> default
push repository <pychron.git_archive.repo_manager.GitRepoManager object at 0x134a7f410>
pushing to remote=origin, url=https://github.com
Get Checksum: -1404555142
no changes to meta repo
create new session 4982606736
add association Cather
get identifier "65506"
setting analysis irradiation position=<pychron.dvc.dvc_orm.IrradiationPositionTbl object at 0x136def290>
close session 4982606736
================= post measurement finished
08:10:39 -- ******* Post Run Check *******
loading queue conditionals post_run_actions
loading system conditionals post_run_actions
loading conditionals from /Users/jan/PychronDev/setupfiles/spectrometer/default_conditionals.yaml
loading queue conditionals post_run_terminations
loading system conditionals post_run_terminations
loading conditionals from /Users/jan/PychronDev/setupfiles/spectrometer/default_conditionals.yaml
Checking default post run terminations n=1
GetDeflection CDD ===>> 50
testing CDD==2000
evaluate ot="CDD.deflection==2000" t="CDD==2000", ctx="{'CDD': 50.0}"
08:10:39 -- ******* Post Run Check Passed *******
08:10:39 -- Automated run 65506-100 truncated duration: 235.899 s
----------------- finish -----------------
----------------- stop -----------------
retroactive repository identifiers disabled
finish run. runs completed=12
write rem/ex queues
/Users/jan/PychronDev/experiments/rem/CurrentExperiment.rem.txt
/Users/jan/PychronDev/experiments/rem/CurrentExperiment.ex.txt
doing event level: 3
