do run
loading script "jan_unknown400_120.py"
loading script "jan_pump_ms.py"
loading script "jan_co2.py"
loading script "jan_pump_extraction_line.py"
testing...
no interpolation path defined
executed 556.052928
script duration name:unknown400_120 seconds:556.0
loading script "jan_unknown400_120.py"
loading script "jan_pump_ms.py"
loading script "jan_co2.py"
loading script "jan_pump_extraction_line.py"
testing...
no interpolation path defined
executed 0
loading script "jan_unknown400_120.py"
loading script "jan_pump_ms.py"
loading script "jan_co2.py"
loading script "jan_pump_extraction_line.py"
testing...
no interpolation path defined
calculate duration
testing...
no interpolation path defined
executed 0
calculate duration
testing...
no interpolation path defined
executed 0
executed 0.0
script duration name:co2 seconds:0.0
loading script "jan_unknown400_120.py"
loading script "jan_pump_ms.py"
loading script "jan_co2.py"
loading script "jan_pump_extraction_line.py"
testing...
no interpolation path defined
calculate duration
testing...
no interpolation path defined
executed 4.0
executed 4.0
Script duration 556.0
Run total estimated duration= 557.000
run duration: 0:09:17
doing event level: 2
19:31:18 -- Setting default integration. t=1.048576
setting integration time = 1.048576
SetIntegrationTime 1.048576 ===>> OK
----------------- start -----------------
**************** Experiment Type: Ar/Ar, Ar/Ar
create new session 4417786896
close session 4417786896
$$$$$ Clearing conditionals
adding conditionals kevin
extract conditionals from file. /Users/jan/PychronDev/scripts/conditionals/kevin.yaml
no attr for this modification cd={'extraction_str': '', 'attr': '', 'mapper': '', 'use_termination': False, 'start_count': 0, 'nskip': 0, 'window': 0, 'frequency': 1, 'teststr': '', 'action': 'Skip Next Run', 'ntrips': 1, 'use_truncation': False}
no attr for this cancelation cd={'mapper': '', 'window': 0, 'frequency': 1, 'attr': '', 'teststr': '', 'start_count': 0, 'ntrips': 1}
adding truncation attr="Ar40" test="Ar40>5000.0" start="10"
adding truncation attr="age" test="age>100.0" start="50"
adding truncation attr="Ar39" test="Ar39.bs_corrected<0.5" start="50"
adding termination attr="Ar40" test="Ar40>5000.0" start="1"
Invalid conditional kind="pre_run_terminations"
no attr for this action cd={'mapper': '', 'attr': '', 'start_count': 0, 'window': 0, 'frequency': 1, 'teststr': '', 'action': None, 'ntrips': 1}
Invalid conditional kind="post_run_terminations"
Add queue conditionals
add default conditionals
adding default conditionals from /Users/jan/PychronDev/setupfiles/spectrometer/default_conditionals.yaml
Start automated run 65506-21
loading script "jan_unknown400_120.py"
loading script "jan_pump_ms.py"
loading script "jan_co2.py"
loading script "jan_pump_extraction_line.py"
%%%%%%%%%%%%%%%%%% setting automated run 65506-21
No value "sensitivity_multiplier" in metadata
$$$$$$$$$$$$$$$ auto_save_detector_ic=False
============================= Pre Extraction Check =============================
loading queue conditionals pre_run_terminations
loading system conditionals pre_run_terminations
loading conditionals from /Users/jan/PychronDev/setupfiles/spectrometer/default_conditionals.yaml
19:31:19 -- ******* Pre Extraction Check *******
Get a measurement from the spectrometer
GetData ===>> H2,-0.154379391479509,H1,-0.0168204750692567,AX,-0.0995761390375318,L1,-0.0145258513866874,L2,0.0...
Pre Extraction Termination data. keys=H2,H1,AX,L1,L2,CDD, signals=-0.15438,-0.01682,-0.09958,-0.01453,0.06701,0.00253
19:31:19 -- testing system defined conditionals
Checking default pre extraction terminations n=2
testing CDD
evaluate ot="CDD.inactive" t="CDD", ctx="{'CDD': False}"
GetDeflection CDD ===>> 50
testing CDD==2000
evaluate ot="CDD.deflection==2000" t="CDD==2000", ctx="{'CDD': 50.0}"
19:31:19 -- ******* Pre Extraction Check Passed *******
=================================================================================
19:31:19 -- stopping status monitor
stop 4972300624
Alive clients [4980890128]
19:31:19 -- starting status monitor
start 4972300624
Monitor already running
start extraction
do extraction
Analysis started at 19:31:19.058878
Extraction Started jan_co2.py
19:31:19 -- ******* Extraction Started jan_co2.py *******
state changed from not run to extraction
DO EXTRACTION <pychron.extraction_line.pyscript_runner.RemotePyScriptRunner object at 0x12ac74950>
testing...
no interpolation path defined
calculate duration
testing...
no interpolation path defined
executed 0
calculate duration
testing...
no interpolation path defined
executed 0
executed 100.0
Jan CO2 laser analysis
doing GOSUB
testing...
no interpolation path defined
executed 0
Waiting for CO2 access
wait ('FelixCO2Flag', 0) {}
waiting for FelixCO2Flag = 0
Read FelixCO2Flag ===>> 0
finished waiting
CO2 free
wait ('CO2PumpTimeFlag', 0) {}
waiting for CO2PumpTimeFlag = 0
Read CO2PumpTimeFlag ===>> 0
finished waiting
acquire ('JanCO2Flag',) {'clear': True}
acquire JanCO2Flag
Set JanCO2Flag 1 ===>> OK
JanCO2Flag acquired
set extraction state False (0.75, 'red', 1.5)
CO2 acquired
executed 0
WaitForCO2Access.py completed successfully
gosub finished
doing GOSUB
testing...
no interpolation path defined
executed 0
Prepare for CO2 analysis
close () {'description': 'Jan Inlet'}
closing name=--- desc=Jan Inlet
checking ownership. requestor=129.138.12.150
check software interlocks R
interlocks []
actuate state mode=None-script, software_lock=False
doing actuation None-script close_channel False
Close R ===>> OK
GetValveState R ===>> False
change switch state (True, True)
update switch state R False args=() kw={} ncanvase=2
19:31:19 -- CLOSE  VALVE-R (Jan Inlet)
---------------------------------------- close None (Jan Inlet) result=[(True, True)]
action=close, ok=True, locked=[False]
open () {'description': 'Jan Ion Pump'}
opening name=--- desc=Jan Ion Pump
checking ownership. requestor=129.138.12.150
check software interlocks O
interlocks []
actuate state mode=None-script, software_lock=False
doing actuation None-script open_channel False
Open O ===>> OK
GetValveState O ===>> OK
change switch state (True, True)
update switch state O True args=() kw={} ncanvase=2
19:31:19 -- OPEN   VALVE-O (Jan Ion Pump)
---------------------------------------- open None (Jan Ion Pump) result=[(True, True)], time=0.11 sec
action=open, ok=True, locked=[False]
close () {'description': 'Microbone to Minibone'}
closing name=--- desc=Microbone to Minibone
checking ownership. requestor=129.138.12.150
check software interlocks L
interlocks []
actuate state mode=None-script, software_lock=False
doing actuation None-script close_channel False
Close L ===>> OK
Get Checksum: -1965264452
GetValveState L ===>> False
change switch state (True, True)
update switch state L False args=() kw={} ncanvase=2
19:31:20 -- CLOSE  VALVE-L (Microbone to Minibone)
---------------------------------------- close None (Microbone to Minibone) result=[(True, True)]
action=close, ok=True, locked=[False]
open () {'description': 'Microbone to Turbo'}
opening name=--- desc=Microbone to Turbo
checking ownership. requestor=129.138.12.150
check software interlocks U
interlocks []
actuate state mode=None-script, software_lock=False
doing actuation None-script open_channel False
Open U ===>> OK
GetValveState U ===>> OK
change switch state (True, True)
update switch state U True args=() kw={} ncanvase=2
19:31:20 -- OPEN   VALVE-U (Microbone to Turbo)
---------------------------------------- open None (Microbone to Turbo) result=[(True, True)], time=0.12 sec
action=open, ok=True, locked=[False]
open () {'description': 'Microbone to Inlet Pipette'}
opening name=--- desc=Microbone to Inlet Pipette
checking ownership. requestor=129.138.12.150
check software interlocks S
interlocks []
actuate state mode=None-script, software_lock=False
doing actuation None-script open_channel False
Open S ===>> OK
GetValveState S ===>> OK
change switch state (True, True)
update switch state S True args=() kw={} ncanvase=2
19:31:21 -- OPEN   VALVE-S (Microbone to Inlet Pipette)
---------------------------------------- open None (Microbone to Inlet Pipette) result=[(True, True)], time=0.39 sec
action=open, ok=True, locked=[False]
open () {'description': 'Microbone to Getter D-50'}
opening name=--- desc=Microbone to Getter D-50
checking ownership. requestor=129.138.12.150
check software interlocks K
interlocks []
actuate state mode=None-script, software_lock=False
doing actuation None-script open_channel False
Open K ===>> OK
GetValveState K ===>> OK
change switch state (True, True)
update switch state K True args=() kw={} ncanvase=2
19:31:22 -- OPEN   VALVE-K (Microbone to Getter D-50)
---------------------------------------- open None (Microbone to Getter D-50) result=[(True, True)], time=0.38 sec
action=open, ok=True, locked=[False]
open () {'description': 'Microbone to Getter NP-10'}
opening name=--- desc=Microbone to Getter NP-10
checking ownership. requestor=129.138.12.150
check software interlocks M
interlocks []
actuate state mode=None-script, software_lock=False
doing actuation None-script open_channel False
Open M ===>> OK
GetValveState M ===>> OK
change switch state (True, True)
update switch state M True args=() kw={} ncanvase=2
19:31:22 -- OPEN   VALVE-M (Microbone to Getter NP-10)
---------------------------------------- open None (Microbone to Getter NP-10) result=[(True, True)], time=0.12 sec
action=open, ok=True, locked=[False]
close () {'description': 'CO2 Laser to Felix'}
closing name=--- desc=CO2 Laser to Felix
checking ownership. requestor=129.138.12.150
check software interlocks F
interlocks []
actuate state mode=None-script, software_lock=True
VALVE-F(CO2 Laser to Felix) software locked
change switch state (True, False)
---------------------------------------- close None (CO2 Laser to Felix) result=[(True, False)]
action=close, ok=True, locked=[True]
open () {'description': 'CO2 Laser to Jan'}
opening name=--- desc=CO2 Laser to Jan
checking ownership. requestor=129.138.12.150
check software interlocks A
interlocks []
actuate state mode=None-script, software_lock=False
doing actuation None-script open_channel False
Open A ===>> OK
GetValveState A ===>> OK
change switch state (True, True)
update switch state A True args=() kw={} ncanvase=2
19:31:22 -- OPEN   VALVE-A (CO2 Laser to Jan)
---------------------------------------- open None (CO2 Laser to Jan) result=[(True, True)], time=0.12 sec
action=open, ok=True, locked=[False]
open () {'description': 'Microbone to CO2 Laser'}
opening name=--- desc=Microbone to CO2 Laser
checking ownership. requestor=129.138.12.150
check software interlocks T
interlocks []
actuate state mode=None-script, software_lock=False
doing actuation None-script open_channel False
Open T ===>> OK
Get Checksum: -1965264452
GetValveState T ===>> OK
change switch state (True, True)
update switch state T True args=() kw={} ncanvase=2
19:31:23 -- OPEN   VALVE-T (Microbone to CO2 Laser)
---------------------------------------- open None (Microbone to CO2 Laser) result=[(True, True)], time=0.39 sec
action=open, ok=True, locked=[False]
executed 0
PrepareForCO2Analysis.py completed successfully
gosub finished
set_motor ('beam', '1.25') {}
setting motor "beam" to 1.25
set motor beam to 1.25
SetMotor beam,1.25 ===>> OK
GetMotorMoving beam ===>> False
GetMotorMoving beam ===>> False
Block completed
move_to_position ('129',) {'autocenter': True}
FusionsCO2 move to position 129
sending GoToHole 129,True
GoToHole 129,True ===>> OK
GetDriveMoving ===>> OK
GetDriveMoving ===>> OK
GetDriveMoving ===>> OK
GetDriveMoving ===>> OK
Get Checksum: -1965264452
GetDriveMoving ===>> OK
GetDriveMoving ===>> OK
GetDriveMoving ===>> False
GetDriveMoving ===>> False
Block completed
GetAutoCorrecting ===>> OK
GetAutoCorrecting ===>> OK
GetAutoCorrecting ===>> OK
GetAutoCorrecting ===>> OK
Get Checksum: -1965264452
GetAutoCorrecting ===>> OK
GetAutoCorrecting ===>> OK
GetAutoCorrecting ===>> OK
GetAutoCorrecting ===>> False
GetAutoCorrecting ===>> False
Block completed
update position
GetPosition ===>> 1.99390,-1.99390,1.00000
got position (1.9939, -1.9939, 1.0)
move to position succeeded
sleep (5,) {}
SLEEP 5.0
block started
WaitControl setup for 5.0  
Get Checksum: -1965264452
Get Checksum: -1965264452
Join finished
block finished. duration 5.01286506653
close () {'description': 'Microbone to Turbo'}
closing name=--- desc=Microbone to Turbo
checking ownership. requestor=129.138.12.150
check software interlocks U
interlocks []
actuate state mode=None-script, software_lock=False
doing actuation None-script close_channel True
Close U ===>> OK
GetValveState U ===>> False
change switch state (True, True)
update switch state U False args=() kw={} ncanvase=2
19:31:37 -- CLOSE  VALVE-U (Microbone to Turbo)
---------------------------------------- close None (Microbone to Turbo) result=[(True, True)]
action=close, ok=True, locked=[False]
enable laser
enable () {}
set extraction state FusionsCO2 Enabled (False, 'red', 1.5)
enabling laser
Enable ===>> OK
begin interval
BEGIN INTERVAL Interval 1 waiting for 30.0
block started
set extract to 5.0
WaitControl setup for 30.0  
extract (5.0,) {}
GetPosition ===>> 1.99390,-1.99390,1.00000
set extraction state FusionsCO2 ON! 5.0(watts) (0.75, 'red', 1.5)
extract sample to 5.0 (watts)
set laser output
SetLaserOutput 5.0,watts ===>> OK
COMPLETE INTERVAL waiting for Interval 1 to complete
Get Checksum: 1551197106
Get Checksum: 1551197106
Get Checksum: 1551197106
Get Checksum: 1551197106
Get Checksum: 1551197106
Get Checksum: 1551197106
Get Checksum: 1551197106
Get Checksum: 1551197106
Get Checksum: 1551197106
Get Checksum: 1551197106
Join finished
block finished. duration 30.0873711109
Interval 1 finished
end_extract () {}
ending extraction. set laser power to 0
set laser power 0
SetLaserPower 0 ===>> OK
disable () {}
%%%%%%%%%%%%%%%%%%%%%%%%%%%%%%%%%%% disable
set extraction state False (0.75, 'red', 1.5)
disabling laser
Disable ===>> OK
sleep (30.0,) {}
SLEEP 30.0
block started
WaitControl setup for 30.0  
Get Checksum: 1551197106
Get Checksum: 1551197106
Get Checksum: 1551197106
Get Checksum: 1551197106
Get Checksum: 1551197106
Get Checksum: 1551197106
Get Checksum: 1551197106
Get Checksum: 1551197106
Get Checksum: 1551197106
Get Checksum: 1551197106
Join finished
block finished. duration 30.0962929726
executed 195.0
jan_co2.py completed successfully
GetAchievedOutput ===>> No Response
Requested Output= 0.000
Achieved Output=  0.000
GetResponseBlob ===>> No Response
GetOutputBlob ===>> No Response
persistence save...
persistence save - db
AutomatedRunPersister post_extraction_save deprecated
persistence save - dvc
no extraction position for 129
create new session 4979461008
close session 4979461008
Extraction Finished
19:32:38 -- ******* Extraction Finished *******
no overlap. not waiting for min ms pumptime
19:32:38 -- Sending spectrometer configuration
======== Sending configuration ========
SetDeflection CDD,50.0 ===>> OK
SetDeflection H2,0.0 ===>> OK
SetDeflection H1,0.0 ===>> OK
SetDeflection L2,825.0 ===>> OK
SetDeflection L1,400.0 ===>> OK
SetDeflection AX,190.0 ===>> OK
SetZFocus 74.64 ===>> OK
SetZSymmetry -50.72 ===>> OK
SetExtractionLens 26.13 ===>> OK
SetIonRepeller -3.81 ===>> OK
SetElectronEnergy 75.08 ===>> OK
SetYSymmetry -2.81 ===>> OK
SetIonCounterVoltage 1590.0 ===>> OK
send trap current 200.0
GetParameter Trap Current Readback ===>> 198.258926936459
SetParameter Trap Current Set,200.0 ===>> OK
updating mftable name mftable
Using mftable located at /Users/jan/PychronDev/setupfiles/spectrometer/mftables/mftable.csv
============ MFtable ===========
Isotope  H2     H1     AX     L1     L2     CDD    
Ar40     5.7713 5.8791 5.9924 6.1112 6.2311 6.3394
Ar39     5.6705 5.7714 5.8848 5.9973 6.1162 6.2259
Ar36     5.3480 5.4404 5.5482 5.6561 5.7712 5.8770
================================
get initial guess parabolic
get initial guess parabolic
get initial guess parabolic
get initial guess parabolic
get initial guess parabolic
get initial guess parabolic
======== Configuration Finished ========
GetYSymmetry ===>> -2.81
GetZSymmetry ===>> -50.72
GetParameter Trap Current Readback ===>> 197.923274125618
GetHighVoltage ===>> 4499.94659342336
start measurement
do measurement
L#=65506 analysis type=unknown
Measurement Started jan_unknown400_120.py
19:32:38 -- ******* Measurement Started jan_unknown400_120.py *******
state changed from extraction to measurement
setting spec, defl, and gains
GetExtractionLens ===>> 26.13
GetYSymmetry ===>> -2.81
GetZSymmetry ===>> -50.72
GetZFocus ===>> 74.64
GetDeflection H2 ===>> 0
GetDeflection H1 ===>> 0
GetDeflection AX ===>> 190
GetDeflection L1 ===>> 400
GetDeflection L2 ===>> 825
GetDeflection CDD ===>> 50
GetGain H2 ===>> 0.0113
GetGain H1 ===>> 0.1
GetGain AX ===>> 0.097049
GetGain L1 ===>> 0.010355
GetGain L2 ===>> 0.095649
GetGain CDD ===>> 0
pre measurement save
New frame /Users/jan/PychronDev/data/isotopes/10/3ccc34-679a-4e9c-a7aa-d68c1debddcd.h5
flush and close file /Users/jan/PychronDev/data/isotopes/10/3ccc34-679a-4e9c-a7aa-d68c1debddcd.h5
testing...
no interpolation path defined
executed 568.532928
unknown measurement script
activate_detectors ('H2', 'H1', 'AX', 'L1', 'L2', 'CDD') {}
activate detectors
*************** Set Analysis View Ar/Ar
create graphs
clearing graphs
clear isotope group
setting isotope det=H2, iso=PM41
setting isotope det=H1, iso=Ar40
setting isotope det=AX, iso=Ar39
setting isotope det=L1, iso=Ar38
setting isotope det=L2, iso=Ar37
setting isotope det=CDD, iso=Ar36
setting previous blanks
 - setting Ar40 blank 0.387+/-0.008
 - setting Ar36 blank 0.00579+/-0.00019
 - setting Ar37 blank 0.038+/-0.005
 - setting Ar38 blank 0.0112+/-0.0023
 - setting PM41 blank 0.03+/-0.06
 - setting Ar39 blank 0.026+/-0.009
load analysis view
position_magnet ('Ar40',) {'detector': 'H1'}
detector Detector(H1)
POSITION Ar40 H1
setting detector H2 to PM41 (40.9624)
setting detector H1 to Ar40 (39.9624)
setting detector AX to Ar39 (38.9624)
setting detector L1 to Ar38 (37.9624)
setting detector L2 to Ar37 (36.9624)
setting detector CDD to Ar36 (35.9624)
Mapping mass to dac mass func: "parabolic"
H1 map mass coeffs = [-0.00063987  0.15840543  0.57074999]
H1 map mass to dac 39.9624 >> 5.87914
GetDeflection H1 ===>> 0
GetHighVoltage ===>> 4499.94659342336
positioning Ar40 (5.8791053783) on H1
setting magnet DAC
current  : 5.879105
requested: 5.879105
Delta Dac: 0.000000
Checking detector protection. dv=0.00000
Checking detector "CDD". Protection Threshold: 0.1 (V)
SetMagnetDAC 5.8791053783 ===>> OK
equilibrate () {'delay': 3, 'inlet': 'R', 'outlet': 'O', 'eqtime': 12.0}
Equilibration Started
19:32:38 -- ******* Equilibration Started *******
checking ownership. requestor=129.138.12.150
check software interlocks O
interlocks []
actuate state mode=None-script, software_lock=False
doing actuation None-script close_channel True
Close O ===>> OK
GetValveState O ===>> False
change switch state (True, True)
update switch state O False args=() kw={} ncanvase=2
19:32:39 -- CLOSE  VALVE-O (Jan Ion Pump)
waiting 3s before opening inlet value ('R',)
Get Checksum: -598318598
checking ownership. requestor=129.138.12.150
check software interlocks R
interlocks []
actuate state mode=None-script, software_lock=False
doing actuation None-script open_channel True
Open R ===>> OK
set states for children of R. state=True
handle state [('R', True)]
update switch state R True args=() kw={'refresh': False} ncanvase=2
refresh_canvas_needed fired
GetValveState R ===>> OK
change switch state (True, True)
update switch state R True args=() kw={} ncanvase=2
19:32:42 -- OPEN   VALVE-R (Jan Inlet)
equilibrating for 12.0sec
set_time_zero () {}
sniff (12.0,) {}
py_sniff
build tables- sniff [Detector(H2), Detector(H1), Detector(AX), Detector(L1), Detector(L2), Detector(CDD)]
add group /sniff/PM41 (Group) '' table H2
add group /sniff/Ar40 (Group) '' table H1
add group /sniff/Ar39 (Group) '' table AX
add group /sniff/Ar38 (Group) '' table L1
add group /sniff/Ar37 (Group) '' table L2
add group /sniff/Ar36 (Group) '' table CDD
flush and close file /Users/jan/PychronDev/data/isotopes/10/3ccc34-679a-4e9c-a7aa-d68c1debddcd.h5
measuring sniff. ncounts=12.0
starting measurement
GetData ===>> H2,-0.16687789182826,H1,0.0201229566076712,AX,0.0312463205514196,L1,0.0164316237693075,L2,-0.0054...
GetData ===>> H2,0.354673446197354,H1,3.84956139773236,AX,0.951049944927876,L1,0.0724756633538455,L2,0.25699154...
Get Checksum: -1449001502
GetData ===>> H2,0.708566919653981,H1,13.6244180172085,AX,1.19888401176467,L1,0.182582090617011,L2,0.0808917565...
GetData ===>> H2,0.198356772030809,H1,17.218149933654,AX,0.920706306994744,L1,0.17195217252837,L2,0.16630042093...
GetData ===>> H2,0.023307262511278,H1,18.4983254896521,AX,0.788579558307598,L1,0.0876611937151756,L2,0.10636614...
Get Checksum: -1449001502
GetData ===>> H2,-0.0122014237534087,H1,18.8897692442726,AX,0.52554539587953,L1,0.0448712490161361,L2,0.0121962...
GetData ===>> H2,-0.0720038196482447,H1,18.9786826813224,AX,0.543132041951589,L1,0.0209962358727004,L2,0.049683...
GetData ===>> H2,-0.0965038123002869,H1,19.1302678749698,AX,0.803313971974486,L1,0.0186464036890804,L2,0.027563...
Get Checksum: -1449001502
GetData ===>> H2,-0.032498957090413,H1,19.2752722361576,AX,0.685770047460544,L1,0.037380940382452,L2,0.04444972...
GetData ===>> H2,0.0378501233842748,H1,19.0814148036883,AX,0.578431208669361,L1,0.0111800731018827,L2,0.0723339...
GetData ===>> H2,0.000171559675045852,H1,19.2988677322064,AX,0.625780881149657,L1,0.0182392031890517,L2,0.06748...
Get Checksum: -1449001502
Equilibration Finished
19:32:54 -- ******* Equilibration Finished *******
checking ownership. requestor=129.138.12.150
check software interlocks R
interlocks []
actuate state mode=None-script, software_lock=False
doing actuation None-script close_channel True
GetData ===>> H2,0.133587579225837,H1,19.4544886851185,AX,0.623733801888649,L1,0.00977700132008772,L2,0.0520671...
Close R ===>> OK
set states for children of R. state=False
handle state [('R', False)]
update switch state R False args=() kw={'refresh': False} ncanvase=2
GetValveState R ===>> False
change switch state (True, True)
update switch state R False args=() kw={} ncanvase=2
refresh_canvas_needed fired
19:32:55 -- CLOSE  VALVE-R (Jan Inlet)
Post Equilibration Started jan_pump_extraction_line.py
19:32:55 -- ******* Post Equilibration Started jan_pump_extraction_line.py *******
testing...
no interpolation path defined
calculate duration
testing...
no interpolation path defined
executed 4.0
executed 4.0
Pump after analysis
doing GOSUB
testing...
no interpolation path defined
executed 4.0
Pump Microbone
close () {'description': 'Jan Inlet'}
closing name=--- desc=Jan Inlet
checking ownership. requestor=129.138.12.150
check software interlocks R
interlocks []
actuate state mode=None-script, software_lock=False
doing actuation None-script close_channel False
Close R ===>> OK
measurement finished
estimated time: 12.583 actual time: :12.682
flush and close file /Users/jan/PychronDev/data/isotopes/10/3ccc34-679a-4e9c-a7aa-d68c1debddcd.h5
set_fits () {}
using default fits file=/Users/jan/PychronDev/scripts/measurement/fits/nominal.yaml
set "Ar40" to "('Parabolic', 'SEM')"
No fit for "PM41". defaulting to linear. check the measurement script "jan_unknown400_120.py"
set "PM41" to "linear"
set "Ar36" to "('Parabolic', 'SEM')"
set "Ar37" to "('linear', 'SEM')"
set "Ar38" to "('linear', 'SEM')"
set "Ar39" to "('Parabolic', 'SEM')"
set_baseline_fits () {}
using default fits file=/Users/jan/PychronDev/scripts/measurement/fits/nominal.yaml
set "H1" to "('average', 'SEM')"
set "H2" to "('average', 'SEM')"
set "CDD" to "('average', 'SEM')"
set "L2" to "('average', 'SEM')"
set "L1" to "('average', 'SEM')"
set "AX" to "('average', 'SEM')"
multicollect () {'integration_time': 1, 'ncounts': 400}
build tables- signal [Detector(H2), Detector(H1), Detector(AX), Detector(L1), Detector(L2), Detector(CDD)]
add group /signal/PM41 (Group) '' table H2
add group /signal/Ar40 (Group) '' table H1
add group /signal/Ar39 (Group) '' table AX
GetValveState R ===>> False
add group /signal/Ar38 (Group) '' table L1
change switch state (True, True)
add group /signal/Ar37 (Group) '' table L2
update switch state R False args=() kw={} ncanvase=2
add group /signal/Ar36 (Group) '' table CDD
flush and close file /Users/jan/PychronDev/data/isotopes/10/3ccc34-679a-4e9c-a7aa-d68c1debddcd.h5
measuring signal. ncounts=400
19:32:55 -- CLOSE  VALVE-R (Jan Inlet)
---------------------------------------- close None (Jan Inlet) result=[(True, True)]
action=close, ok=True, locked=[False]
is_closed ('F',) {}
is F () closed?
is closed True
open () {'description': 'CO2 Laser to Jan'}
opening name=--- desc=CO2 Laser to Jan
checking ownership. requestor=129.138.12.150
check software interlocks A
interlocks []
actuate state mode=None-script, software_lock=False
doing actuation None-script open_channel False
Open A ===>> OK
GetValveState A ===>> OK
change switch state (True, True)
update switch state A True args=() kw={} ncanvase=2
19:32:56 -- OPEN   VALVE-A (CO2 Laser to Jan)
---------------------------------------- open None (CO2 Laser to Jan) result=[(True, True)], time=0.20 sec
starting measurement
GetData ===>> H2,-0.0588610372564231,H1,19.2506880921846,AX,0.664916260228585,L1,0.0134213124324746,L2,0.006599...
action=open, ok=True, locked=[False]
sleep (1,) {}
SLEEP 1.0
Get Checksum: -598318598
testing Ar40>5000.0
evaluate ot="Ar40>5000.0" t="Ar40>5000.0", ctx="{'Ar40': 19.105091080522403}"
GetData ===>> H2,-0.153818627889218,H1,19.3601506903066,AX,0.726571160031465,L1,0.0174464706431788,L2,0.1721864...
close () {'description': 'CO2 Laser to Roughing'}
closing name=--- desc=CO2 Laser to Roughing
checking ownership. requestor=129.138.12.150
check software interlocks G
interlocks []
actuate state mode=None-script, software_lock=True
VALVE-G(CO2 Laser to Roughing) software locked
change switch state (True, False)
---------------------------------------- close None (CO2 Laser to Roughing) result=[(True, False)]
action=close, ok=True, locked=[True]
open () {'description': 'Microbone to Turbo'}
opening name=--- desc=Microbone to Turbo
checking ownership. requestor=129.138.12.150
check software interlocks U
interlocks []
actuate state mode=None-script, software_lock=False
doing actuation None-script open_channel True
Open U ===>> OK
GetValveState U ===>> OK
change switch state (True, True)
update switch state U True args=() kw={} ncanvase=2
19:32:57 -- OPEN   VALVE-U (Microbone to Turbo)
---------------------------------------- open None (Microbone to Turbo) result=[(True, True)], time=0.21 sec
action=open, ok=True, locked=[False]
open () {'description': 'Microbone to Getter NP-10'}
opening name=--- desc=Microbone to Getter NP-10
checking ownership. requestor=129.138.12.150
check software interlocks M
interlocks []
actuate state mode=None-script, software_lock=False
doing actuation None-script open_channel False
Open M ===>> OK
GetValveState M ===>> OK
change switch state (True, True)
update switch state M True args=() kw={} ncanvase=2
19:32:58 -- OPEN   VALVE-M (Microbone to Getter NP-10)
---------------------------------------- open None (Microbone to Getter NP-10) result=[(True, True)], time=0.12 sec
action=open, ok=True, locked=[False]
open () {'description': 'Microbone to Getter D-50'}
opening name=--- desc=Microbone to Getter D-50
checking ownership. requestor=129.138.12.150
check software interlocks K
interlocks []
actuate state mode=None-script, software_lock=False
doing actuation None-script open_channel False
testing Ar40>5000.0
evaluate ot="Ar40>5000.0" t="Ar40>5000.0", ctx="{'Ar40': 0.004098138485830682}"
GetData ===>> H2,-0.230281124048231,H1,19.3279243668129,AX,0.581736068825006,L1,0.0107707736376297,L2,0.0898155...
Open K ===>> OK
GetValveState K ===>> OK
change switch state (True, True)
update switch state K True args=() kw={} ncanvase=2
19:32:58 -- OPEN   VALVE-K (Microbone to Getter D-50)
---------------------------------------- open None (Microbone to Getter D-50) result=[(True, True)], time=0.38 sec
action=open, ok=True, locked=[False]
open () {'description': 'Microbone to CO2 Laser'}
opening name=--- desc=Microbone to CO2 Laser
checking ownership. requestor=129.138.12.150
check software interlocks T
interlocks []
actuate state mode=None-script, software_lock=False
doing actuation None-script open_channel False
Open T ===>> OK
GetValveState T ===>> OK
change switch state (True, True)
update switch state T True args=() kw={} ncanvase=2
19:32:59 -- OPEN   VALVE-T (Microbone to CO2 Laser)
---------------------------------------- open None (Microbone to CO2 Laser) result=[(True, True)], time=0.38 sec
testing Ar40>5000.0
evaluate ot="Ar40>5000.0" t="Ar40>5000.0", ctx="{'Ar40': 4.276020449388985}"
GetData ===>> H2,-0.187668576914276,H1,19.2939755661586,AX,0.621616980965948,L1,0.0117574416702941,L2,0.0114097...
action=open, ok=True, locked=[False]
open () {'description': 'Microbone to Inlet Pipette'}
opening name=--- desc=Microbone to Inlet Pipette
checking ownership. requestor=129.138.12.150
check software interlocks S
interlocks []
actuate state mode=None-script, software_lock=False
doing actuation None-script open_channel False
Open S ===>> OK
GetValveState S ===>> OK
change switch state (True, True)
update switch state S True args=() kw={} ncanvase=2
19:32:59 -- OPEN   VALVE-S (Microbone to Inlet Pipette)
---------------------------------------- open None (Microbone to Inlet Pipette) result=[(True, True)], time=0.38 sec
action=open, ok=True, locked=[False]
sleep (1,) {}
SLEEP 1.0
Get Checksum: -860229079
testing Ar40>5000.0
evaluate ot="Ar40>5000.0" t="Ar40>5000.0", ctx="{'Ar40': 11.17062178951935}"
GetData ===>> H2,-0.105296261388625,H1,19.2125151273527,AX,0.64983727730848,L1,0.0235401020962577,L2,-0.0085364...
set_resource () {'name': 'CO2PumpTimeFlag', 'value': 30}
Set CO2PumpTimeFlag 30 ===>> OK
release ('JanCO2Flag',) {}
release JanCO2Flag
Set JanCO2Flag 0 ===>> OK
executed 6.0
PumpMicrobone.py completed successfully
gosub finished
get_resource_value () {'name': 'JanMiniboneFlag'}
Read JanMiniboneFlag ===>> 0
Get Resource Value JanMiniboneFlag=0.0
get resource value 0.0
get_resource_value () {'name': 'JanMiniboneFlag'}
Read JanMiniboneFlag ===>> 0
Get Resource Value JanMiniboneFlag=0.0
executed 4.0
jan_pump_extraction_line.py completed successfully
Post Equilibration Finished
19:33:01 -- ******* Post Equilibration Finished *******
testing Ar40>5000.0
evaluate ot="Ar40>5000.0" t="Ar40>5000.0", ctx="{'Ar40': 12.910755603052193}"
GetData ===>> H2,-0.257692267543899,H1,19.316737763858,AX,0.621105228949285,L1,5.76109322065394E-05,L2,0.014738...
testing Ar40>5000.0
evaluate ot="Ar40>5000.0" t="Ar40>5000.0", ctx="{'Ar40': 18.042114809308433}"
GetData ===>> H2,-0.238274942817358,H1,19.3309992469119,AX,0.595363980256647,L1,8.88153202460163E-05,L2,0.01512...
Get Checksum: -860229079
testing Ar40>5000.0
evaluate ot="Ar40>5000.0" t="Ar40>5000.0", ctx="{'Ar40': 19.268190037737565}"
GetData ===>> H2,-0.157186846001451,H1,19.3414653999757,AX,0.630061276458328,L1,-0.00683139030605824,L2,0.03847...
testing Ar40>5000.0
evaluate ot="Ar40>5000.0" t="Ar40>5000.0", ctx="{'Ar40': 19.48043068339037}"
GetData ===>> H2,-0.150433621207046,H1,19.3015231970654,AX,0.586181514914792,L1,-0.022569969049704,L2,0.0756418...
testing Ar40>5000.0
evaluate ot="Ar40>5000.0" t="Ar40>5000.0", ctx="{'Ar40': 19.050003388743193}"
GetData ===>> H2,-0.127792295710183,H1,19.2836556423485,AX,0.611428968335775,L1,-0.00580829616022938,L2,0.00223...
Get Checksum: -860229079
testing Ar40>5000.0
evaluate ot="Ar40>5000.0" t="Ar40>5000.0", ctx="{'Ar40': 18.782448137959097}"
testing Ar40>5000.0
evaluate ot="Ar40>5000.0" t="Ar40>5000.0", ctx="{'Ar40': 18.782448137959097}"
GetData ===>> H2,-0.12868850714204,H1,19.3442764895261,AX,0.540526412950947,L1,0.0229187963567237,L2,-0.0348476...
testing Ar40>5000.0
evaluate ot="Ar40>5000.0" t="Ar40>5000.0", ctx="{'Ar40': 19.013800111749855}"
testing Ar40>5000.0
evaluate ot="Ar40>5000.0" t="Ar40>5000.0", ctx="{'Ar40': 19.013800111749855}"
GetData ===>> H2,-0.229882697944421,H1,19.3776228101504,AX,0.632073592347984,L1,0.0262613406282572,L2,0.0343358...
testing Ar40>5000.0
evaluate ot="Ar40>5000.0" t="Ar40>5000.0", ctx="{'Ar40': 19.2006300165664}"
testing Ar40>5000.0
evaluate ot="Ar40>5000.0" t="Ar40>5000.0", ctx="{'Ar40': 19.2006300165664}"
GetData ===>> H2,-0.153122701969142,H1,19.3955555489368,AX,0.65677145872033,L1,0.00487143052963077,L2,0.0285325...
Get Checksum: -860229079
testing Ar40>5000.0
evaluate ot="Ar40>5000.0" t="Ar40>5000.0", ctx="{'Ar40': 19.275861358025892}"
testing Ar40>5000.0
evaluate ot="Ar40>5000.0" t="Ar40>5000.0", ctx="{'Ar40': 19.275861358025892}"
GetData ===>> H2,-0.0927573402973743,H1,19.2428040252788,AX,0.622814956401468,L1,-0.00435443607194672,L2,-0.027...
testing Ar40>5000.0
evaluate ot="Ar40>5000.0" t="Ar40>5000.0", ctx="{'Ar40': 18.814528261342804}"
testing Ar40>5000.0
evaluate ot="Ar40>5000.0" t="Ar40>5000.0", ctx="{'Ar40': 18.814528261342804}"
GetData ===>> H2,-0.146264198079584,H1,19.2611226039415,AX,0.649069428435922,L1,-0.0219946021155927,L2,0.057655...
testing Ar40>5000.0
evaluate ot="Ar40>5000.0" t="Ar40>5000.0", ctx="{'Ar40': 18.657019607989273}"
testing Ar40>5000.0
evaluate ot="Ar40>5000.0" t="Ar40>5000.0", ctx="{'Ar40': 18.657019607989273}"
GetData ===>> H2,-0.197930418447646,H1,19.3285000824901,AX,0.540642734190964,L1,-0.029635906801199,L2,0.0248956...
Get Checksum: -860229079
testing Ar40>5000.0
evaluate ot="Ar40>5000.0" t="Ar40>5000.0", ctx="{'Ar40': 18.7444721489997}"
testing Ar40>5000.0
evaluate ot="Ar40>5000.0" t="Ar40>5000.0", ctx="{'Ar40': 18.7444721489997}"
GetData ===>> H2,-0.197067293181998,H1,19.4072899326166,AX,0.647289438358419,L1,-0.0264061059335733,L2,-0.03610...
testing Ar40>5000.0
evaluate ot="Ar40>5000.0" t="Ar40>5000.0", ctx="{'Ar40': 18.94215769525807}"
testing Ar40>5000.0
evaluate ot="Ar40>5000.0" t="Ar40>5000.0", ctx="{'Ar40': 18.94215769525807}"
GetData ===>> H2,-0.212042611657156,H1,19.4845693341581,AX,0.629247056378924,L1,0.0217976587107841,L2,0.0956170...
testing Ar40>5000.0
evaluate ot="Ar40>5000.0" t="Ar40>5000.0", ctx="{'Ar40': 19.160255168049158}"
testing Ar40>5000.0
evaluate ot="Ar40>5000.0" t="Ar40>5000.0", ctx="{'Ar40': 19.160255168049158}"
GetData ===>> H2,-0.222261440762599,H1,19.4835089101019,AX,0.527615616907142,L1,-0.0072811350190247,L2,0.074158...
Get Checksum: -860229079
testing Ar40>5000.0
evaluate ot="Ar40>5000.0" t="Ar40>5000.0", ctx="{'Ar40': 19.24889913121958}"
testing Ar40>5000.0
evaluate ot="Ar40>5000.0" t="Ar40>5000.0", ctx="{'Ar40': 19.24889913121958}"
GetData ===>> H2,-0.206339745295283,H1,19.4422781356194,AX,0.654386323997263,L1,-0.0703388645246455,L2,0.025556...
testing Ar40>5000.0
evaluate ot="Ar40>5000.0" t="Ar40>5000.0", ctx="{'Ar40': 19.21294278474945}"
testing Ar40>5000.0
evaluate ot="Ar40>5000.0" t="Ar40>5000.0", ctx="{'Ar40': 19.21294278474945}"
GetData ===>> H2,-0.146899097439628,H1,19.2573828026851,AX,0.659331180293397,L1,-0.0463617904881727,L2,-0.07479...
testing Ar40>5000.0
evaluate ot="Ar40>5000.0" t="Ar40>5000.0", ctx="{'Ar40': 18.950043124692883}"
testing Ar40>5000.0
evaluate ot="Ar40>5000.0" t="Ar40>5000.0", ctx="{'Ar40': 18.950043124692883}"
GetData ===>> H2,-0.108877622853176,H1,19.3146314082813,AX,0.611510375182685,L1,-0.0505455895665585,L2,-0.01973...
Get Checksum: -860229079
testing Ar40>5000.0
evaluate ot="Ar40>5000.0" t="Ar40>5000.0", ctx="{'Ar40': 18.846808006016644}"
testing Ar40>5000.0
evaluate ot="Ar40>5000.0" t="Ar40>5000.0", ctx="{'Ar40': 18.846808006016644}"
GetData ===>> H2,-0.166012691630602,H1,19.4147210492704,AX,0.718875266890836,L1,-0.0115509097025132,L2,0.027358...
testing Ar40>5000.0
evaluate ot="Ar40>5000.0" t="Ar40>5000.0", ctx="{'Ar40': 18.8774472829253}"
testing Ar40>5000.0
evaluate ot="Ar40>5000.0" t="Ar40>5000.0", ctx="{'Ar40': 18.8774472829253}"
GetData ===>> H2,-0.191712068817855,H1,19.4077347388292,AX,0.627676793968295,L1,-0.0122665581955331,L2,0.075276...
Get Checksum: -860229079
testing Ar40>5000.0
evaluate ot="Ar40>5000.0" t="Ar40>5000.0", ctx="{'Ar40': 18.885500106296494}"
testing Ar40>5000.0
evaluate ot="Ar40>5000.0" t="Ar40>5000.0", ctx="{'Ar40': 18.885500106296494}"
19:33:21 -- collecting point 25
GetData ===>> H2,-0.108190392071107,H1,19.3905455976814,AX,0.558790545314131,L1,-0.0256871663856472,L2,0.008662...
testing Ar40>5000.0
evaluate ot="Ar40>5000.0" t="Ar40>5000.0", ctx="{'Ar40': 18.87211630848447}"
testing Ar40>5000.0
evaluate ot="Ar40>5000.0" t="Ar40>5000.0", ctx="{'Ar40': 18.87211630848447}"
GetData ===>> H2,-0.0759108107393162,H1,19.4268107713415,AX,0.58918405114241,L1,-0.00495423877699974,L2,0.01253...
testing Ar40>5000.0
evaluate ot="Ar40>5000.0" t="Ar40>5000.0", ctx="{'Ar40': 18.886663242105175}"
testing Ar40>5000.0
evaluate ot="Ar40>5000.0" t="Ar40>5000.0", ctx="{'Ar40': 18.886663242105175}"
GetData ===>> H2,-0.102730300375336,H1,19.3457016740538,AX,0.521044561224237,L1,-0.00890844332454269,L2,0.06023...
Get Checksum: -860229079
testing Ar40>5000.0
evaluate ot="Ar40>5000.0" t="Ar40>5000.0", ctx="{'Ar40': 18.836634573593038}"
testing Ar40>5000.0
evaluate ot="Ar40>5000.0" t="Ar40>5000.0", ctx="{'Ar40': 18.836634573593038}"
GetData ===>> H2,-0.168253167694918,H1,19.4564257459211,AX,0.595596753592429,L1,-0.0239579063202526,L2,0.075927...
testing Ar40>5000.0
evaluate ot="Ar40>5000.0" t="Ar40>5000.0", ctx="{'Ar40': 18.872040248622266}"
testing Ar40>5000.0
evaluate ot="Ar40>5000.0" t="Ar40>5000.0", ctx="{'Ar40': 18.872040248622266}"
GetData ===>> H2,-0.151486877162925,H1,19.3938680985699,AX,0.628281632795962,L1,-0.0530985741037301,L2,0.026970...
testing Ar40>5000.0
evaluate ot="Ar40>5000.0" t="Ar40>5000.0", ctx="{'Ar40': 18.855984410687576}"
testing Ar40>5000.0
evaluate ot="Ar40>5000.0" t="Ar40>5000.0", ctx="{'Ar40': 18.855984410687576}"
GetData ===>> H2,-0.151706968291225,H1,19.4000032167969,AX,0.684373449401041,L1,-0.0311653874398121,L2,0.071729...
Get Checksum: -860229079
testing Ar40>5000.0
evaluate ot="Ar40>5000.0" t="Ar40>5000.0", ctx="{'Ar40': 18.846303665609074}"
testing Ar40>5000.0
evaluate ot="Ar40>5000.0" t="Ar40>5000.0", ctx="{'Ar40': 18.846303665609074}"
GetData ===>> H2,-0.278775740832511,H1,19.3995061155639,AX,0.634039420742439,L1,-0.0592941261838362,L2,0.013643...
testing Ar40>5000.0
evaluate ot="Ar40>5000.0" t="Ar40>5000.0", ctx="{'Ar40': 18.83773135667154}"
testing Ar40>5000.0
evaluate ot="Ar40>5000.0" t="Ar40>5000.0", ctx="{'Ar40': 18.83773135667154}"
GetData ===>> H2,-0.226311041953603,H1,19.418188203565,AX,0.484464080825082,L1,-0.0630029733451501,L2,-0.082471...
testing Ar40>5000.0
evaluate ot="Ar40>5000.0" t="Ar40>5000.0", ctx="{'Ar40': 18.839558748658828}"
testing Ar40>5000.0
evaluate ot="Ar40>5000.0" t="Ar40>5000.0", ctx="{'Ar40': 18.839558748658828}"
GetData ===>> H2,-0.205210417192945,H1,19.4224666920224,AX,0.50184565724308,L1,-0.0479931528028045,L2,0.0869434...
Get Checksum: -860229079
testing Ar40>5000.0
evaluate ot="Ar40>5000.0" t="Ar40>5000.0", ctx="{'Ar40': 18.841651849895865}"
testing Ar40>5000.0
evaluate ot="Ar40>5000.0" t="Ar40>5000.0", ctx="{'Ar40': 18.841651849895865}"
GetData ===>> H2,-0.135934662302717,H1,19.4386400993522,AX,0.640355930114141,L1,-0.0342104810450006,L2,0.006246...
testing Ar40>5000.0
evaluate ot="Ar40>5000.0" t="Ar40>5000.0", ctx="{'Ar40': 18.84898592249655}"
testing Ar40>5000.0
evaluate ot="Ar40>5000.0" t="Ar40>5000.0", ctx="{'Ar40': 18.84898592249655}"
GetData ===>> H2,-0.173327691968169,H1,19.4364154602969,AX,0.648801846156311,L1,-0.015327535852867,L2,0.1489867...
testing Ar40>5000.0
evaluate ot="Ar40>5000.0" t="Ar40>5000.0", ctx="{'Ar40': 18.852196771423994}"
testing Ar40>5000.0
evaluate ot="Ar40>5000.0" t="Ar40>5000.0", ctx="{'Ar40': 18.852196771423994}"
GetData ===>> H2,-0.195431220397887,H1,19.466818398693,AX,0.559407164826972,L1,0.0178428291224952,L2,0.07375976...
Get Checksum: -860229079
testing Ar40>5000.0
evaluate ot="Ar40>5000.0" t="Ar40>5000.0", ctx="{'Ar40': 18.86499892319598}"
testing Ar40>5000.0
evaluate ot="Ar40>5000.0" t="Ar40>5000.0", ctx="{'Ar40': 18.86499892319598}"
GetData ===>> H2,-0.214820925393232,H1,19.4175732663265,AX,0.594747133600686,L1,0.0133336702492383,L2,-0.055854...
testing Ar40>5000.0
evaluate ot="Ar40>5000.0" t="Ar40>5000.0", ctx="{'Ar40': 18.855171568949466}"
testing Ar40>5000.0
evaluate ot="Ar40>5000.0" t="Ar40>5000.0", ctx="{'Ar40': 18.855171568949466}"
GetData ===>> H2,-0.243008623455052,H1,19.4269023652252,AX,0.690518630224449,L1,-0.0118721786372147,L2,0.004958...
testing Ar40>5000.0
evaluate ot="Ar40>5000.0" t="Ar40>5000.0", ctx="{'Ar40': 18.85000896702945}"
testing Ar40>5000.0
evaluate ot="Ar40>5000.0" t="Ar40>5000.0", ctx="{'Ar40': 18.85000896702945}"
GetData ===>> H2,-0.212884392947909,H1,19.4552347112473,AX,0.674004333315855,L1,-0.0437508202419204,L2,-0.06945...
Get Checksum: -860229079
testing Ar40>5000.0
evaluate ot="Ar40>5000.0" t="Ar40>5000.0", ctx="{'Ar40': 18.85452500442241}"
testing Ar40>5000.0
evaluate ot="Ar40>5000.0" t="Ar40>5000.0", ctx="{'Ar40': 18.85452500442241}"
GetData ===>> H2,-0.138288456112823,H1,19.4472642731844,AX,0.543795092575657,L1,-0.0680185046616995,L2,0.008104...
testing Ar40>5000.0
evaluate ot="Ar40>5000.0" t="Ar40>5000.0", ctx="{'Ar40': 18.854520958616916}"
testing Ar40>5000.0
evaluate ot="Ar40>5000.0" t="Ar40>5000.0", ctx="{'Ar40': 18.854520958616916}"
GetData ===>> H2,-0.161426432390192,H1,19.6208117212346,AX,0.599519067757742,L1,-0.0418026256372296,L2,0.049843...
testing Ar40>5000.0
evaluate ot="Ar40>5000.0" t="Ar40>5000.0", ctx="{'Ar40': 18.905290110736992}"
testing Ar40>5000.0
evaluate ot="Ar40>5000.0" t="Ar40>5000.0", ctx="{'Ar40': 18.905290110736992}"
GetData ===>> H2,-0.169563505862272,H1,19.5327854942058,AX,0.595189400618993,L1,-0.0428599901670022,L2,0.025990...
Get Checksum: -860229079
testing Ar40>5000.0
evaluate ot="Ar40>5000.0" t="Ar40>5000.0", ctx="{'Ar40': 18.91731915720679}"
testing Ar40>5000.0
evaluate ot="Ar40>5000.0" t="Ar40>5000.0", ctx="{'Ar40': 18.91731915720679}"
GetData ===>> H2,-0.274780205377142,H1,19.5507410988919,AX,0.597098154941471,L1,-0.00946361065744802,L2,0.05960...
testing Ar40>5000.0
evaluate ot="Ar40>5000.0" t="Ar40>5000.0", ctx="{'Ar40': 18.929519507321615}"
testing Ar40>5000.0
evaluate ot="Ar40>5000.0" t="Ar40>5000.0", ctx="{'Ar40': 18.929519507321615}"
GetData ===>> H2,-0.188058292752317,H1,19.523314560532,AX,0.581596424582919,L1,0.00800213740805378,L2,-0.049407...
testing Ar40>5000.0
evaluate ot="Ar40>5000.0" t="Ar40>5000.0", ctx="{'Ar40': 18.92973235485634}"
testing Ar40>5000.0
evaluate ot="Ar40>5000.0" t="Ar40>5000.0", ctx="{'Ar40': 18.92973235485634}"
GetData ===>> H2,-0.134383676568801,H1,19.5065394342664,AX,0.637692011703708,L1,-0.00254161511239619,L2,0.04148...
Get Checksum: -860229079
testing Ar40>5000.0
evaluate ot="Ar40>5000.0" t="Ar40>5000.0", ctx="{'Ar40': 18.92365812773357}"
testing Ar40>5000.0
evaluate ot="Ar40>5000.0" t="Ar40>5000.0", ctx="{'Ar40': 18.92365812773357}"
GetData ===>> H2,-0.173831041900017,H1,19.6142636198338,AX,0.580665468073593,L1,-0.0192527663892879,L2,0.056092...
testing Ar40>5000.0
evaluate ot="Ar40>5000.0" t="Ar40>5000.0", ctx="{'Ar40': 18.942790489629626}"
testing Ar40>5000.0
evaluate ot="Ar40>5000.0" t="Ar40>5000.0", ctx="{'Ar40': 18.942790489629626}"
GetData ===>> H2,-0.30541737993089,H1,19.5196214557069,AX,0.636005288709556,L1,-0.00306233965350224,L2,-0.00184...
Get Checksum: -860229079
testing Ar40>5000.0
evaluate ot="Ar40>5000.0" t="Ar40>5000.0", ctx="{'Ar40': 18.933944709376615}"
testing Ar40>5000.0
evaluate ot="Ar40>5000.0" t="Ar40>5000.0", ctx="{'Ar40': 18.933944709376615}"
GetData ===>> H2,-0.266657182366714,H1,19.6275828683436,AX,0.648510996683928,L1,-0.0126225653755647,L2,-0.00327...
testing Ar40>5000.0
evaluate ot="Ar40>5000.0" t="Ar40>5000.0", ctx="{'Ar40': 18.948842811223255}"
testing Ar40>5000.0
evaluate ot="Ar40>5000.0" t="Ar40>5000.0", ctx="{'Ar40': 18.948842811223255}"
GetData ===>> H2,-0.108941203127317,H1,19.5571414370328,AX,0.609475224369977,L1,0.0106867552765874,L2,-0.036135...
testing Ar40>5000.0
evaluate ot="Ar40>5000.0" t="Ar40>5000.0", ctx="{'Ar40': 18.943559185485913}"
testing Ar40>5000.0
evaluate ot="Ar40>5000.0" t="Ar40>5000.0", ctx="{'Ar40': 18.943559185485913}"
19:33:47 -- collecting point 50
GetData ===>> H2,-0.122306696774125,H1,19.5790415284461,AX,0.602335782253798,L1,0.0410220461051261,L2,-0.058725...
Get Checksum: -860229079
testing Ar40>5000.0
evaluate ot="Ar40>5000.0" t="Ar40>5000.0", ctx="{'Ar40': 18.94180132681768}"
testing age>100.0
evaluate ot="age>100.0" t="age>100.0", ctx="{'age': 173.3739989537576}"
condition age>100.0 is true trips=1/1
19:33:48 -- Conditional tripped: age>100.0 condition age>100.0 is True
19:33:48 -- truncation conditional condition age>100.0 is True. measurement iteration executed 50/400 counts
state changed from measurement to truncated
measurement finished
estimated time: 419.430 actual time: :52.707
flush and close file /Users/jan/PychronDev/data/isotopes/10/3ccc34-679a-4e9c-a7aa-d68c1debddcd.h5
baselines () {'settling_time': 15.0, 'detector': 'H1', 'mass': 34.2, 'ncounts': 120}
%%%%%%%%%%%%%%%%%%%%%%%%%%%%%%%% Baseline
build tables- baseline [Detector(H2), Detector(H1), Detector(AX), Detector(L1), Detector(L2), Detector(CDD)]
add group baseline table H2
add group baseline table H1
add group baseline table AX
add group baseline table L1
add group baseline table L2
add group baseline table CDD
flush and close file /Users/jan/PychronDev/data/isotopes/10/3ccc34-679a-4e9c-a7aa-d68c1debddcd.h5
detector Detector(H1)
POSITION 34.2 H1
Mapping mass to dac mass func: "parabolic"
H1 map mass coeffs = [-0.00063987  0.15840543  0.57074999]
H1 map mass to dac 34.2 >> 5.23979599104
GetDeflection H1 ===>> 0
GetHighVoltage ===>> 4499.94659342336
positioning 34.2 (5.23976513438) on H1
setting magnet DAC
current  : 5.879105
requested: 5.239765
Delta Dac: 0.639340
Checking detector protection. dv=0.63934
Checking detector "CDD". Protection Threshold: 0.1 (V)
ProtectDetector CDD,On ===>> OK
GetDeflection CDD ===>> 2000
SetMagnetDAC 5.23976513438 ===>> OK
Magnet settling time: 0.500
loading system conditionals pre_run_terminations
loading conditionals from /Users/jan/PychronDev/setupfiles/spectrometer/default_conditionals.yaml
loading queue conditionals pre_run_terminations
loading system conditionals None
loading conditionals from /Users/jan/PychronDev/setupfiles/spectrometer/default_conditionals.yaml
loading queue conditionals None
loading system conditionals post_run_terminations
loading conditionals from /Users/jan/PychronDev/setupfiles/spectrometer/default_conditionals.yaml
loading queue conditionals post_run_terminations
Show conditionals active run: <pychron.experiment.automated_run.automated_run.AutomatedRun object at 0x19f233710>
Show conditionals measuring run: <pychron.experiment.automated_run.automated_run.AutomatedRun object at 0x19f233710>
active_run same as measuring_run: True
GetMagnetMoving ===>> True
GetMagnetMoving ===>> True
GetMagnetMoving ===>> True
GetMagnetMoving ===>> True
GetMagnetMoving ===>> True
GetMagnetMoving ===>> True
GetMagnetMoving ===>> True
GetMagnetMoving ===>> True
GetMagnetMoving ===>> False
ProtectDetector CDD,Off ===>> OK
GetDeflection CDD ===>> 50
Delaying 15.0s for detectors to settle
Get Checksum: -860229079
Get Checksum: -860229079
Get Checksum: -860229079
Get Checksum: -860229079
Get Checksum: -860229079
Join finished
measuring baseline. ncounts=120.0
Get Checksum: -860229079
starting measurement
GetData ===>> H2,-0.184540924842876,H1,-0.0322403538203673,AX,-0.103342463875672,L1,-0.0297508954224676,L2,0.04...
testing Ar40>5000.0
evaluate ot="Ar40>5000.0" t="Ar40>5000.0", ctx="{'Ar40': 18.94180132681768}"
GetData ===>> H2,-0.310588998651955,H1,-0.0661008913106052,AX,-0.102878924071444,L1,-0.0185429083945576,L2,-0.0...
testing Ar40>5000.0
evaluate ot="Ar40>5000.0" t="Ar40>5000.0", ctx="{'Ar40': 18.953729667145474}"
GetData ===>> H2,-0.199349037544936,H1,0.000152485782822964,AX,0.0237036848093782,L1,-0.0401822351273972,L2,-0....
testing Ar40>5000.0
evaluate ot="Ar40>5000.0" t="Ar40>5000.0", ctx="{'Ar40': 18.93728863102937}"
GetData ===>> H2,-0.116289366382775,H1,-0.0619285566649584,AX,-0.202799202528289,L1,-0.00804145771427285,L2,-0....
testing Ar40>5000.0
evaluate ot="Ar40>5000.0" t="Ar40>5000.0", ctx="{'Ar40': 18.944588373583265}"
GetData ===>> H2,-0.201211042241339,H1,0.0274846428201194,AX,-0.150211870026341,L1,-0.0395941352278729,L2,0.000...
Get Checksum: -860229079
testing Ar40>5000.0
evaluate ot="Ar40>5000.0" t="Ar40>5000.0", ctx="{'Ar40': 18.931085579218585}"
GetData ===>> H2,-0.178979419806321,H1,-0.0481466951057328,AX,-0.107398342954912,L1,-0.0541748635415022,L2,0.07...
testing Ar40>5000.0
evaluate ot="Ar40>5000.0" t="Ar40>5000.0", ctx="{'Ar40': 18.93468893929644}"
GetData ===>> H2,-0.221873507890142,H1,-0.0909882335901056,AX,-0.0859118474273289,L1,-0.0242011951117924,L2,-0....
testing Ar40>5000.0
evaluate ot="Ar40>5000.0" t="Ar40>5000.0", ctx="{'Ar40': 18.94338298770696}"
GetData ===>> H2,-0.244351629433786,H1,-0.0205414985422035,AX,-0.0610933281436876,L1,0.0105331235139633,L2,0.03...
Get Checksum: -860229079
testing Ar40>5000.0
evaluate ot="Ar40>5000.0" t="Ar40>5000.0", ctx="{'Ar40': 18.941097682133865}"
GetData ===>> H2,-0.414788864095735,H1,-0.00968812673047808,AX,-0.152669747078421,L1,-0.0155746318813146,L2,0.0...
testing Ar40>5000.0
evaluate ot="Ar40>5000.0" t="Ar40>5000.0", ctx="{'Ar40': 18.938114292042375}"
GetData ===>> H2,-0.314981800468016,H1,-0.0401938404751555,AX,-0.0560848070245288,L1,-0.0510313526363992,L2,-0....
testing Ar40>5000.0
evaluate ot="Ar40>5000.0" t="Ar40>5000.0", ctx="{'Ar40': 18.93877815134365}"
testing Ar40>5000.0
evaluate ot="Ar40>5000.0" t="Ar40>5000.0", ctx="{'Ar40': 18.93877815134365}"
GetData ===>> H2,-0.182922136834062,H1,0.039524612298192,AX,-0.103330875407485,L1,-0.0357305054274668,L2,-0.107...
Get Checksum: -860229079
testing Ar40>5000.0
evaluate ot="Ar40>5000.0" t="Ar40>5000.0", ctx="{'Ar40': 18.932074176883486}"
testing Ar40>5000.0
evaluate ot="Ar40>5000.0" t="Ar40>5000.0", ctx="{'Ar40': 18.932074176883486}"
GetData ===>> H2,-0.272779891303536,H1,-0.0278877284665356,AX,-0.0860393433259411,L1,-0.0503326121433075,L2,0.0...
testing Ar40>5000.0
evaluate ot="Ar40>5000.0" t="Ar40>5000.0", ctx="{'Ar40': 18.93210522656374}"
testing Ar40>5000.0
evaluate ot="Ar40>5000.0" t="Ar40>5000.0", ctx="{'Ar40': 18.93210522656374}"
GetData ===>> H2,-0.189389158834016,H1,-0.117430210931713,AX,-0.090397284496897,L1,-0.0151500068051781,L2,0.054...
testing Ar40>5000.0
evaluate ot="Ar40>5000.0" t="Ar40>5000.0", ctx="{'Ar40': 18.93901938263666}"
testing Ar40>5000.0
evaluate ot="Ar40>5000.0" t="Ar40>5000.0", ctx="{'Ar40': 18.93901938263666}"
GetData ===>> H2,-0.0955016233601751,H1,-0.0169993735940065,AX,-0.0966904561273874,L1,0.00814373102944613,L2,-0...
Get Checksum: -860229079
testing Ar40>5000.0
evaluate ot="Ar40>5000.0" t="Ar40>5000.0", ctx="{'Ar40': 18.937772170889325}"
testing Ar40>5000.0
evaluate ot="Ar40>5000.0" t="Ar40>5000.0", ctx="{'Ar40': 18.937772170889325}"
GetData ===>> H2,-0.155952084002906,H1,0.0125232099049245,AX,-0.0283941635892879,L1,0.0165601253561178,L2,-0.00...
testing Ar40>5000.0
evaluate ot="Ar40>5000.0" t="Ar40>5000.0", ctx="{'Ar40': 18.934723081808375}"
testing Ar40>5000.0
evaluate ot="Ar40>5000.0" t="Ar40>5000.0", ctx="{'Ar40': 18.934723081808375}"
GetData ===>> H2,-0.176259737264355,H1,0.049656491381689,AX,-0.0806148247116492,L1,0.000494481163877516,L2,-0.0...
Get Checksum: -860229079
testing Ar40>5000.0
evaluate ot="Ar40>5000.0" t="Ar40>5000.0", ctx="{'Ar40': 18.929734298770242}"
testing Ar40>5000.0
evaluate ot="Ar40>5000.0" t="Ar40>5000.0", ctx="{'Ar40': 18.929734298770242}"
GetData ===>> H2,-0.199046989068169,H1,-0.056325433614801,AX,-0.0418114265992857,L1,-0.0137516361516884,L2,-0.1...
testing Ar40>5000.0
evaluate ot="Ar40>5000.0" t="Ar40>5000.0", ctx="{'Ar40': 18.931566662265805}"
testing Ar40>5000.0
evaluate ot="Ar40>5000.0" t="Ar40>5000.0", ctx="{'Ar40': 18.931566662265805}"
GetData ===>> H2,-0.16193820889762,H1,-0.112521277903954,AX,-0.0405474764209184,L1,-0.0216110058754511,L2,0.020...
testing Ar40>5000.0
evaluate ot="Ar40>5000.0" t="Ar40>5000.0", ctx="{'Ar40': 18.936317421166812}"
testing Ar40>5000.0
evaluate ot="Ar40>5000.0" t="Ar40>5000.0", ctx="{'Ar40': 18.936317421166812}"
GetData ===>> H2,-0.295787655827074,H1,-0.0881279343785344,AX,-0.00381617711560698,L1,-0.00222364794524901,L2,-...
Get Checksum: -860229079
testing Ar40>5000.0
evaluate ot="Ar40>5000.0" t="Ar40>5000.0", ctx="{'Ar40': 18.939284239997956}"
testing Ar40>5000.0
evaluate ot="Ar40>5000.0" t="Ar40>5000.0", ctx="{'Ar40': 18.939284239997956}"
GetData ===>> H2,-0.159916624550449,H1,-0.0485282254677475,AX,-0.033670836017966,L1,-0.0345393693721015,L2,-0.0...
testing Ar40>5000.0
evaluate ot="Ar40>5000.0" t="Ar40>5000.0", ctx="{'Ar40': 18.939974391500446}"
testing Ar40>5000.0
evaluate ot="Ar40>5000.0" t="Ar40>5000.0", ctx="{'Ar40': 18.939974391500446}"
GetData ===>> H2,-0.160626988536088,H1,0.00826426346838289,AX,0.0134002284199185,L1,-0.0704416604331154,L2,0.02...
testing Ar40>5000.0
evaluate ot="Ar40>5000.0" t="Ar40>5000.0", ctx="{'Ar40': 18.937894410053357}"
testing Ar40>5000.0
evaluate ot="Ar40>5000.0" t="Ar40>5000.0", ctx="{'Ar40': 18.937894410053357}"
GetData ===>> H2,-0.170367716638792,H1,-0.0449751676715458,AX,-0.085865485240981,L1,-0.0259987131663924,L2,-0.0...
Get Checksum: -860229079
testing Ar40>5000.0
evaluate ot="Ar40>5000.0" t="Ar40>5000.0", ctx="{'Ar40': 18.938423491971456}"
testing Ar40>5000.0
evaluate ot="Ar40>5000.0" t="Ar40>5000.0", ctx="{'Ar40': 18.938423491971456}"
GetData ===>> H2,-0.201070829531278,H1,-0.0352095704505338,AX,-0.0556906069194659,L1,-0.0161659584202545,L2,-0....
testing Ar40>5000.0
evaluate ot="Ar40>5000.0" t="Ar40>5000.0", ctx="{'Ar40': 18.938481975582718}"
testing Ar40>5000.0
evaluate ot="Ar40>5000.0" t="Ar40>5000.0", ctx="{'Ar40': 18.938481975582718}"
GetData ===>> H2,-0.215701547395276,H1,0.0379374968004999,AX,-0.0021109143223143,L1,-0.0272460018776169,L2,-0.0...
testing Ar40>5000.0
evaluate ot="Ar40>5000.0" t="Ar40>5000.0", ctx="{'Ar40': 18.935487791090917}"
testing Ar40>5000.0
evaluate ot="Ar40>5000.0" t="Ar40>5000.0", ctx="{'Ar40': 18.935487791090917}"
19:34:32 -- collecting point 25
GetData ===>> H2,-0.177010245936931,H1,0.0502770873812121,AX,-0.0406866277033927,L1,-0.0524669682383601,L2,0.01...
Get Checksum: -860229079
testing Ar40>5000.0
evaluate ot="Ar40>5000.0" t="Ar40>5000.0", ctx="{'Ar40': 18.932239557735233}"
testing Ar40>5000.0
evaluate ot="Ar40>5000.0" t="Ar40>5000.0", ctx="{'Ar40': 18.932239557735233}"
GetData ===>> H2,-0.173288572452302,H1,-0.0275776712190588,AX,-0.168296682207319,L1,-0.067588085269875,L2,-0.08...
testing Ar40>5000.0
evaluate ot="Ar40>5000.0" t="Ar40>5000.0", ctx="{'Ar40': 18.932235602276148}"
testing Ar40>5000.0
evaluate ot="Ar40>5000.0" t="Ar40>5000.0", ctx="{'Ar40': 18.932235602276148}"
GetData ===>> H2,-0.143274289887011,H1,-0.0250136994756066,AX,-0.176468523032533,L1,-0.0531547946704377,L2,-0.0...
testing Ar40>5000.0
evaluate ot="Ar40>5000.0" t="Ar40>5000.0", ctx="{'Ar40': 18.93213697789761}"
testing Ar40>5000.0
evaluate ot="Ar40>5000.0" t="Ar40>5000.0", ctx="{'Ar40': 18.93213697789761}"
GetData ===>> H2,-0.243347754268684,H1,-0.0483732289335624,AX,-0.0475279870603365,L1,-0.0164046381931714,L2,-0....
Get Checksum: -860229079
testing Ar40>5000.0
evaluate ot="Ar40>5000.0" t="Ar40>5000.0", ctx="{'Ar40': 18.93287966702675}"
testing Ar40>5000.0
evaluate ot="Ar40>5000.0" t="Ar40>5000.0", ctx="{'Ar40': 18.93287966702675}"
GetData ===>> H2,-0.126202461497738,H1,0.033570075760392,AX,-0.0672145038930635,L1,-0.0572261481505947,L2,0.124...
testing Ar40>5000.0
evaluate ot="Ar40>5000.0" t="Ar40>5000.0", ctx="{'Ar40': 18.930745505019605}"
testing Ar40>5000.0
evaluate ot="Ar40>5000.0" t="Ar40>5000.0", ctx="{'Ar40': 18.930745505019605}"
GetData ===>> H2,-0.13908601238541,H1,-0.00675393622520097,AX,-0.045835085288132,L1,-0.0547315616903863,L2,-0.0...
testing Ar40>5000.0
evaluate ot="Ar40>5000.0" t="Ar40>5000.0", ctx="{'Ar40': 18.930097754212458}"
testing Ar40>5000.0
evaluate ot="Ar40>5000.0" t="Ar40>5000.0", ctx="{'Ar40': 18.930097754212458}"
GetData ===>> H2,-0.160770136344151,H1,-0.0194323617862977,AX,-0.0260630589470587,L1,-0.0280151460449678,L2,-0....
Get Checksum: -860229079
testing Ar40>5000.0
evaluate ot="Ar40>5000.0" t="Ar40>5000.0", ctx="{'Ar40': 18.929900775249678}"
testing Ar40>5000.0
evaluate ot="Ar40>5000.0" t="Ar40>5000.0", ctx="{'Ar40': 18.929900775249678}"
GetData ===>> H2,-0.227899780708378,H1,0.00770357533419492,AX,0.0824169831577834,L1,-0.0325042405869176,L2,-0.0...
testing Ar40>5000.0
evaluate ot="Ar40>5000.0" t="Ar40>5000.0", ctx="{'Ar40': 18.928868109437058}"
testing Ar40>5000.0
evaluate ot="Ar40>5000.0" t="Ar40>5000.0", ctx="{'Ar40': 18.928868109437058}"
GetData ===>> H2,-0.22874656798149,H1,-0.0805000700417889,AX,-0.0177355724691813,L1,-0.000562856245631345,L2,-0...
testing Ar40>5000.0
evaluate ot="Ar40>5000.0" t="Ar40>5000.0", ctx="{'Ar40': 18.930570867169926}"
testing Ar40>5000.0
evaluate ot="Ar40>5000.0" t="Ar40>5000.0", ctx="{'Ar40': 18.930570867169926}"
GetData ===>> H2,-0.303352899944591,H1,-0.0779255345760842,AX,-0.125033656655,L1,0.00974939793265338,L2,-0.0907...
Get Checksum: -860229079
testing Ar40>5000.0
evaluate ot="Ar40>5000.0" t="Ar40>5000.0", ctx="{'Ar40': 18.932097741051873}"
testing Ar40>5000.0
evaluate ot="Ar40>5000.0" t="Ar40>5000.0", ctx="{'Ar40': 18.932097741051873}"
GetData ===>> H2,-0.268102151035439,H1,-0.0216744750114682,AX,-0.115880377753251,L1,0.00557135730277655,L2,-0.0...
testing Ar40>5000.0
evaluate ot="Ar40>5000.0" t="Ar40>5000.0", ctx="{'Ar40': 18.93193019186729}"
testing Ar40>5000.0
evaluate ot="Ar40>5000.0" t="Ar40>5000.0", ctx="{'Ar40': 18.93193019186729}"
GetData ===>> H2,-0.209524974919228,H1,-0.0458097898988317,AX,-0.0332533514786975,L1,-0.00612255185000617,L2,0....
testing Ar40>5000.0
evaluate ot="Ar40>5000.0" t="Ar40>5000.0", ctx="{'Ar40': 18.932442376384277}"
testing Ar40>5000.0
evaluate ot="Ar40>5000.0" t="Ar40>5000.0", ctx="{'Ar40': 18.932442376384277}"
GetData ===>> H2,-0.205694236236704,H1,-0.0112386804724583,AX,-0.107595338490041,L1,-0.012948594573506,L2,-0.04...
Get Checksum: -860229079
testing Ar40>5000.0
evaluate ot="Ar40>5000.0" t="Ar40>5000.0", ctx="{'Ar40': 18.931992520942877}"
testing Ar40>5000.0
evaluate ot="Ar40>5000.0" t="Ar40>5000.0", ctx="{'Ar40': 18.931992520942877}"
GetData ===>> H2,-0.175278331639882,H1,0.0183333253881869,AX,-0.0291479914519114,L1,-0.0282846919960485,L2,-0.0...
testing Ar40>5000.0
evaluate ot="Ar40>5000.0" t="Ar40>5000.0", ctx="{'Ar40': 18.93078813142311}"
testing Ar40>5000.0
evaluate ot="Ar40>5000.0" t="Ar40>5000.0", ctx="{'Ar40': 18.93078813142311}"
GetData ===>> H2,-0.138550709617358,H1,-0.0779612924667326,AX,-0.13007338560249,L1,-0.0247620552249394,L2,0.004...
Get Checksum: -860229079
testing Ar40>5000.0
evaluate ot="Ar40>5000.0" t="Ar40>5000.0", ctx="{'Ar40': 18.932114598233973}"
testing Ar40>5000.0
evaluate ot="Ar40>5000.0" t="Ar40>5000.0", ctx="{'Ar40': 18.932114598233973}"
GetData ===>> H2,-0.0791877440511813,H1,-0.00693285274289119,AX,-0.0126088267428656,L1,0.00521146933194566,L2,0...
testing Ar40>5000.0
evaluate ot="Ar40>5000.0" t="Ar40>5000.0", ctx="{'Ar40': 18.931599030711194}"
testing Ar40>5000.0
evaluate ot="Ar40>5000.0" t="Ar40>5000.0", ctx="{'Ar40': 18.931599030711194}"
GetData ===>> H2,-0.096582358509538,H1,-0.0870791375133127,AX,-0.0353639494015285,L1,-0.0218807235085026,L2,0.0...
testing Ar40>5000.0
evaluate ot="Ar40>5000.0" t="Ar40>5000.0", ctx="{'Ar40': 18.9330634002571}"
testing Ar40>5000.0
evaluate ot="Ar40>5000.0" t="Ar40>5000.0", ctx="{'Ar40': 18.9330634002571}"
GetData ===>> H2,-0.15567106904779,H1,0.0347633412817629,AX,0.0232975594648642,L1,-0.0452533183706363,L2,-0.062...
Get Checksum: -860229079
testing Ar40>5000.0
evaluate ot="Ar40>5000.0" t="Ar40>5000.0", ctx="{'Ar40': 18.931557026519982}"
testing Ar40>5000.0
evaluate ot="Ar40>5000.0" t="Ar40>5000.0", ctx="{'Ar40': 18.931557026519982}"
GetData ===>> H2,-0.270663659091488,H1,-0.0432582086305143,AX,0.0408785357745394,L1,-0.0211758461816947,L2,-0.0...
testing Ar40>5000.0
evaluate ot="Ar40>5000.0" t="Ar40>5000.0", ctx="{'Ar40': 18.93193517132674}"
testing Ar40>5000.0
evaluate ot="Ar40>5000.0" t="Ar40>5000.0", ctx="{'Ar40': 18.93193517132674}"
GetData ===>> H2,-0.237319911119372,H1,-0.0367597288717601,AX,-0.0985563090733376,L1,0.00407176897543621,L2,-0....
testing Ar40>5000.0
evaluate ot="Ar40>5000.0" t="Ar40>5000.0", ctx="{'Ar40': 18.9321484350114}"
testing Ar40>5000.0
evaluate ot="Ar40>5000.0" t="Ar40>5000.0", ctx="{'Ar40': 18.9321484350114}"
GetData ===>> H2,-0.257318621600309,H1,-0.025240285670791,AX,-0.134674794917713,L1,-0.0407679053063829,L2,-0.05...
Get Checksum: -860229079
testing Ar40>5000.0
evaluate ot="Ar40>5000.0" t="Ar40>5000.0", ctx="{'Ar40': 18.932096232683385}"
testing Ar40>5000.0
evaluate ot="Ar40>5000.0" t="Ar40>5000.0", ctx="{'Ar40': 18.932096232683385}"
GetData ===>> H2,-0.20105734744834,H1,0.0570084141916062,AX,-0.0298786190391188,L1,-0.0461355571917347,L2,0.007...
testing Ar40>5000.0
evaluate ot="Ar40>5000.0" t="Ar40>5000.0", ctx="{'Ar40': 18.930258284807408}"
testing Ar40>5000.0
evaluate ot="Ar40>5000.0" t="Ar40>5000.0", ctx="{'Ar40': 18.930258284807408}"
GetData ===>> H2,-0.192972415324666,H1,0.00691623134077015,AX,-0.0666812349538262,L1,-0.0704428557281848,L2,0.0...
testing Ar40>5000.0
evaluate ot="Ar40>5000.0" t="Ar40>5000.0", ctx="{'Ar40': 18.92956433860383}"
testing Ar40>5000.0
evaluate ot="Ar40>5000.0" t="Ar40>5000.0", ctx="{'Ar40': 18.92956433860383}"
GetData ===>> H2,-0.150628075825166,H1,-0.0518665540912842,AX,-0.00444259267985241,L1,-0.0622074812347775,L2,-0...
Get Checksum: -860229079
testing Ar40>5000.0
evaluate ot="Ar40>5000.0" t="Ar40>5000.0", ctx="{'Ar40': 18.930123948188566}"
testing Ar40>5000.0
evaluate ot="Ar40>5000.0" t="Ar40>5000.0", ctx="{'Ar40': 18.930123948188566}"
GetData ===>> H2,-0.108202567781407,H1,-0.0641101133370679,AX,-0.0661711488860033,L1,-0.0286117313822812,L2,0.0...
testing Ar40>5000.0
evaluate ot="Ar40>5000.0" t="Ar40>5000.0", ctx="{'Ar40': 18.9309105851218}"
testing Ar40>5000.0
evaluate ot="Ar40>5000.0" t="Ar40>5000.0", ctx="{'Ar40': 18.9309105851218}"
19:34:58 -- collecting point 50
GetData ===>> H2,-0.179548918249776,H1,-0.082264065358406,AX,-0.107467870836405,L1,-0.0182023506329207,L2,-0.13...
testing Ar40>5000.0
evaluate ot="Ar40>5000.0" t="Ar40>5000.0", ctx="{'Ar40': 18.932028835618134}"
testing age>100.0
evaluate ot="age>100.0" t="age>100.0", ctx="{'age': 173.2991755634936}"
condition age>100.0 is true trips=1/1
19:34:59 -- Conditional tripped: age>100.0 condition age>100.0 is True
19:34:59 -- truncation conditional condition age>100.0 is True. measurement iteration executed 50/120 counts
measurement finished
estimated time: 125.829 actual time: :52.690
flush and close file /Users/jan/PychronDev/data/isotopes/10/3ccc34-679a-4e9c-a7aa-d68c1debddcd.h5
activate_detectors ('H1', 'AX', 'L2', 'CDD') {'peak_center': True}
peak_center () {'detector': 'H1', 'integration_time': 0.262144, 'isotope': 'Ar40'}
peak center: mean=19.5631843218 threshold=3
peak center started
setup peak center. detector=['H1', 'AX', 'L2', 'CDD'], isotope=Ar40
VersionedUnpickler [<apptools.sweet_pickle.versioned_unpickler.VersionedUnpickler object at 0x1a29f64d0>] using Updater [<apptools.sweet_pickle.updater.Updater object at 0x12cb19cb0>]
VersionedUnpickler [<apptools.sweet_pickle.versioned_unpickler.VersionedUnpickler object at 0x1a29f64d0>] using Updater [<apptools.sweet_pickle.updater.Updater object at 0x12cb19cb0>]
VersionedUnpickler [<apptools.sweet_pickle.versioned_unpickler.VersionedUnpickler object at 0x1a2970530>] using Updater [<apptools.sweet_pickle.updater.Updater object at 0x12cb19cb0>]
setting integration time = 0.524288
SetIntegrationTime 0.524288 ===>> OK
Mapping mass to dac mass func: "parabolic"
H1 map mass coeffs = [-0.00063987  0.15840543  0.57074999]
H1 map mass to dac 39.9624 >> 5.87914
GetDeflection H1 ===>> 0
GetHighVoltage ===>> 4499.94659342336
do peak center. <pychron.spectrometer.jobs.peak_center.PeakCenter object at 0x12cbfe290>
doing pc
starting peak center. center dac= 5.8791053783 step_width=0.001
width = 0.001
get scan parameters. half-width=0.015,window=0.015, i=0, scalar=1
Scan parameters center=5.87911 width=0.03000 (5.86411 - 5.89411)
GetData ===>> H2,-0.169096605626558,H1,-0.0788552355800885,AX,-0.0263414027352089,L1,-0.0428671745963904,L2,0.0...
Moving to starting dac 5.8641053783
setting magnet DAC
current  : 5.239765
requested: 5.864105
Delta Dac: 0.624340
Checking detector protection. dv=0.62434
Checking detector "CDD". Protection Threshold: 0.1 (V)
ProtectDetector CDD,On ===>> OK
GetDeflection CDD ===>> 2000
SetMagnetDAC 5.8641053783 ===>> OK
Magnet settling time: 0.500
loading system conditionals pre_run_terminations
loading conditionals from /Users/jan/PychronDev/setupfiles/spectrometer/default_conditionals.yaml
loading queue conditionals pre_run_terminations
loading system conditionals None
loading conditionals from /Users/jan/PychronDev/setupfiles/spectrometer/default_conditionals.yaml
loading queue conditionals None
loading system conditionals post_run_terminations
loading conditionals from /Users/jan/PychronDev/setupfiles/spectrometer/default_conditionals.yaml
loading queue conditionals post_run_terminations
Show conditionals active run: <pychron.experiment.automated_run.automated_run.AutomatedRun object at 0x19f233710>
Show conditionals measuring run: <pychron.experiment.automated_run.automated_run.AutomatedRun object at 0x19f233710>
active_run same as measuring_run: True
Get Checksum: -860229079
GetMagnetMoving ===>> True
GetMagnetMoving ===>> True
GetMagnetMoving ===>> True
GetMagnetMoving ===>> True
GetMagnetMoving ===>> True
GetMagnetMoving ===>> True
GetMagnetMoving ===>> True
GetMagnetMoving ===>> True
GetMagnetMoving ===>> False
ProtectDetector CDD,Off ===>> OK
GetDeflection CDD ===>> 50
Wait until signal near baseline. tol= -0.0591414266851. timeout= 10
GetData ===>> H2,-0.0612405917020909,H1,0.0117000380640998,AX,-0.00915218060825716,L1,-0.00183487444452969,L2,0...
GetData ===>> H2,0.771061989730305,H1,0.197556749940264,AX,-0.121233412505098,L1,-0.0105906380581152,L2,-0.0316...
Get Checksum: -860229079
GetData ===>> H2,1.0060905292597,H1,0.533778136087393,AX,-0.156287349980189,L1,-0.0328774313266803,L2,-0.259237...
GetData ===>> H2,0.389363259382575,H1,0.304166965461383,AX,-0.0651857477737032,L1,-0.0171632490412487,L2,-0.116...
GetData ===>> H2,0.0205931542892503,H1,0.204356746901069,AX,-0.0853323185099335,L1,-0.00846836452522717,L2,0.05...
GetData ===>> H2,-0.130788852093684,H1,0.00492404010679084,AX,-0.203739470972597,L1,-0.0318844989915567,L2,-0.1...
GetData ===>> H2,-0.173789022273531,H1,-0.0676028891970269,AX,-0.114072793000777,L1,-0.0514847900665261,L2,-0.0...
Peak center baseline intensity achieved
_do_sweep sm= 5.8641053783, em= 5.8941053783, stm= 0.001
calculated step values: start=5.8641053783, end=5.8941053783, width=0.001, nsteps=31.0
setting magnet DAC
current  : 5.864105
requested: 5.864105
Delta Dac: 0.000000
Checking detector protection. dv=0.00000
Checking detector "CDD". Protection Threshold: 0.1 (V)
SetMagnetDAC 5.8641053783 ===>> OK
GetData ===>> H2,-0.173789022273531,H1,-0.0676028891970269,AX,-0.114072793000777,L1,-0.0514847900665261,L2,-0.0...
setting magnet DAC
current  : 5.864105
requested: 5.865140
Delta Dac: 0.001034
Checking detector protection. dv=0.00103
Checking detector "CDD". Protection Threshold: 0.1 (V)
SetMagnetDAC 5.86513986105 ===>> OK
Magnet settling time: 1.049
Get Checksum: -860229079
GetData ===>> H2,-0.186801044774767,H1,-0.0136360278258916,AX,0.0689333736988773,L1,-0.0546857869949747,L2,0.03...
setting magnet DAC
current  : 5.865140
requested: 5.866174
Delta Dac: 0.001034
Checking detector protection. dv=0.00103
Checking detector "CDD". Protection Threshold: 0.1 (V)
SetMagnetDAC 5.86617434381 ===>> OK
Magnet settling time: 1.049
GetData ===>> H2,-0.174652279966398,H1,0.14045498897961,AX,-0.150194942040253,L1,0.0254351297502306,L2,-0.05668...
setting magnet DAC
current  : 5.866174
requested: 5.867209
Delta Dac: 0.001034
Checking detector protection. dv=0.00103
Checking detector "CDD". Protection Threshold: 0.1 (V)
SetMagnetDAC 5.86720882657 ===>> OK
Magnet settling time: 1.049
GetData ===>> H2,-0.16740696766127,H1,0.474635185436623,AX,0.0535239247255438,L1,0.00717251692754123,L2,0.12057...
setting magnet DAC
current  : 5.867209
requested: 5.868243
Delta Dac: 0.001034
Checking detector protection. dv=0.00103
Checking detector "CDD". Protection Threshold: 0.1 (V)
SetMagnetDAC 5.86824330933 ===>> OK
Magnet settling time: 1.049
Get Checksum: -860229079
GetData ===>> H2,-0.19759866246409,H1,1.92977565859327,AX,0.0377450599772201,L1,-0.0349659896544891,L2,-0.09398...
setting magnet DAC
current  : 5.868243
requested: 5.869278
Delta Dac: 0.001034
Checking detector protection. dv=0.00103
Checking detector "CDD". Protection Threshold: 0.1 (V)
SetMagnetDAC 5.86927779209 ===>> OK
Magnet settling time: 1.049
GetData ===>> H2,-0.225752473479469,H1,5.09608675759299,AX,0.0114974571199547,L1,-0.0239422978497574,L2,0.01229...
setting magnet DAC
current  : 5.869278
requested: 5.870312
Delta Dac: 0.001034
Checking detector protection. dv=0.00103
Checking detector "CDD". Protection Threshold: 0.1 (V)
SetMagnetDAC 5.87031227485 ===>> OK
Magnet settling time: 1.049
GetData ===>> H2,-0.254572347528111,H1,9.96303726591623,AX,0.0587142035923793,L1,-0.0244236042800229,L2,0.12549...
setting magnet DAC
current  : 5.870312
requested: 5.871347
Delta Dac: 0.001034
Checking detector protection. dv=0.00103
Checking detector "CDD". Protection Threshold: 0.1 (V)
SetMagnetDAC 5.87134675761 ===>> OK
Magnet settling time: 1.049
Get Checksum: -860229079
GetData ===>> H2,-0.292748832449952,H1,14.6210324645429,AX,0.324366663740673,L1,-0.0348964853374013,L2,-0.05837...
setting magnet DAC
current  : 5.871347
requested: 5.872381
Delta Dac: 0.001034
Checking detector protection. dv=0.00103
Checking detector "CDD". Protection Threshold: 0.1 (V)
SetMagnetDAC 5.87238124036 ===>> OK
Magnet settling time: 1.049
GetData ===>> H2,-0.31320211732447,H1,17.8078225075211,AX,0.50868950046263,L1,-0.0612855189459873,L2,-0.0172380...
setting magnet DAC
current  : 5.872381
requested: 5.873416
Delta Dac: 0.001034
Checking detector protection. dv=0.00103
Checking detector "CDD". Protection Threshold: 0.1 (V)
SetMagnetDAC 5.87341572312 ===>> OK
Magnet settling time: 1.049
Get Checksum: -860229079
GetData ===>> H2,-0.286679470946286,H1,19.1903348273587,AX,0.590253863639566,L1,-0.0368615945269671,L2,0.084937...
setting magnet DAC
current  : 5.873416
requested: 5.874450
Delta Dac: 0.001034
Checking detector protection. dv=0.00103
Checking detector "CDD". Protection Threshold: 0.1 (V)
SetMagnetDAC 5.87445020588 ===>> OK
Magnet settling time: 1.049
GetData ===>> H2,-0.204795313607063,H1,19.6640186770102,AX,0.607602923084661,L1,0.0176278985531416,L2,-0.059329...
setting magnet DAC
current  : 5.874450
requested: 5.875485
Delta Dac: 0.001034
Checking detector protection. dv=0.00103
Checking detector "CDD". Protection Threshold: 0.1 (V)
SetMagnetDAC 5.87548468864 ===>> OK
Magnet settling time: 1.049
GetData ===>> H2,-0.187191767303571,H1,19.8459684418042,AX,0.777255779848929,L1,0.0705119813451146,L2,0.1446531...
setting magnet DAC
current  : 5.875485
requested: 5.876519
Delta Dac: 0.001034
Checking detector protection. dv=0.00103
Checking detector "CDD". Protection Threshold: 0.1 (V)
SetMagnetDAC 5.8765191714 ===>> OK
Magnet settling time: 1.049
Get Checksum: -860229079
GetData ===>> H2,-0.101061256524684,H1,19.9954568019991,AX,0.558958934232757,L1,0.00788694641373315,L2,-0.06834...
setting magnet DAC
current  : 5.876519
requested: 5.877554
Delta Dac: 0.001034
Checking detector protection. dv=0.00103
Checking detector "CDD". Protection Threshold: 0.1 (V)
SetMagnetDAC 5.87755365416 ===>> OK
Magnet settling time: 1.049
GetData ===>> H2,-0.149550351737287,H1,19.9224216751083,AX,0.737213681185814,L1,-0.0333080702843486,L2,0.081176...
setting magnet DAC
current  : 5.877554
requested: 5.878588
Delta Dac: 0.001034
Checking detector protection. dv=0.00103
Checking detector "CDD". Protection Threshold: 0.1 (V)
SetMagnetDAC 5.87858813692 ===>> OK
Magnet settling time: 1.049
GetData ===>> H2,-0.129621140721616,H1,20.0598580457606,AX,0.659622061989774,L1,-0.0246654460808013,L2,0.107323...
setting magnet DAC
current  : 5.878588
requested: 5.879623
Delta Dac: 0.001034
Checking detector protection. dv=0.00103
Checking detector "CDD". Protection Threshold: 0.1 (V)
SetMagnetDAC 5.87962261968 ===>> OK
Magnet settling time: 1.049
Get Checksum: -860229079
GetData ===>> H2,-0.128361391412392,H1,19.9196186370483,AX,0.681266090357155,L1,0.0021545208208801,L2,-0.058464...
setting magnet DAC
current  : 5.879623
requested: 5.880657
Delta Dac: 0.001034
Checking detector protection. dv=0.00103
Checking detector "CDD". Protection Threshold: 0.1 (V)
SetMagnetDAC 5.88065710243 ===>> OK
Magnet settling time: 1.049
GetData ===>> H2,-0.202371774950194,H1,20.0099018496751,AX,0.656992522936759,L1,3.48077867147007E-05,L2,-0.0250...
setting magnet DAC
current  : 5.880657
requested: 5.881692
Delta Dac: 0.001034
Checking detector protection. dv=0.00103
Checking detector "CDD". Protection Threshold: 0.1 (V)
SetMagnetDAC 5.88169158519 ===>> OK
Magnet settling time: 1.049
GetData ===>> H2,-0.14072845331211,H1,19.8989801707079,AX,0.648103808877793,L1,0.0244384828842069,L2,-0.0639495...
setting magnet DAC
current  : 5.881692
requested: 5.882726
Delta Dac: 0.001034
Checking detector protection. dv=0.00103
Checking detector "CDD". Protection Threshold: 0.1 (V)
SetMagnetDAC 5.88272606795 ===>> OK
Magnet settling time: 1.049
Get Checksum: -860229079
GetData ===>> H2,-0.153542965255882,H1,19.9305168306537,AX,0.75242262147165,L1,-0.0185673423359066,L2,0.0273321...
setting magnet DAC
current  : 5.882726
requested: 5.883761
Delta Dac: 0.001034
Checking detector protection. dv=0.00103
Checking detector "CDD". Protection Threshold: 0.1 (V)
SetMagnetDAC 5.88376055071 ===>> OK
Magnet settling time: 1.049
GetData ===>> H2,-0.122955858355687,H1,19.8872267281061,AX,0.622791694602593,L1,0.00171037638648609,L2,0.175791...
setting magnet DAC
current  : 5.883761
requested: 5.884795
Delta Dac: 0.001034
Checking detector protection. dv=0.00103
Checking detector "CDD". Protection Threshold: 0.1 (V)
SetMagnetDAC 5.88479503347 ===>> OK
Magnet settling time: 1.049
Get Checksum: -860229079
GetData ===>> H2,-0.193735038616128,H1,19.3430735958837,AX,0.511361518741013,L1,0.00376080662660755,L2,0.042049...
setting magnet DAC
current  : 5.884795
requested: 5.885830
Delta Dac: 0.001034
Checking detector protection. dv=0.00103
Checking detector "CDD". Protection Threshold: 0.1 (V)
SetMagnetDAC 5.88582951623 ===>> OK
Magnet settling time: 1.049
GetData ===>> H2,-0.155148200566929,H1,17.9752472648829,AX,0.504298255418149,L1,-0.0368687832455689,L2,-0.00769...
setting magnet DAC
current  : 5.885830
requested: 5.886864
Delta Dac: 0.001034
Checking detector protection. dv=0.00103
Checking detector "CDD". Protection Threshold: 0.1 (V)
SetMagnetDAC 5.88686399899 ===>> OK
Magnet settling time: 1.049
GetData ===>> H2,-0.135444987342153,H1,14.6109840683044,AX,0.470034743597832,L1,-0.0532122110946026,L2,0.001890...
setting magnet DAC
current  : 5.886864
requested: 5.887898
Delta Dac: 0.001034
Checking detector protection. dv=0.00103
Checking detector "CDD". Protection Threshold: 0.1 (V)
SetMagnetDAC 5.88789848174 ===>> OK
Magnet settling time: 1.049
Get Checksum: -860229079
GetData ===>> H2,-0.231229075556799,H1,9.88002867153932,AX,0.144880798536481,L1,-0.00132128643775317,L2,0.08274...
setting magnet DAC
current  : 5.887898
requested: 5.888933
Delta Dac: 0.001034
Checking detector protection. dv=0.00103
Checking detector "CDD". Protection Threshold: 0.1 (V)
SetMagnetDAC 5.8889329645 ===>> OK
Magnet settling time: 1.049
GetData ===>> H2,-0.117655991525026,H1,5.0978950062192,AX,0.0293664089701022,L1,0.020671327390188,L2,-0.0113405...
setting magnet DAC
current  : 5.888933
requested: 5.889967
Delta Dac: 0.001034
Checking detector protection. dv=0.00103
Checking detector "CDD". Protection Threshold: 0.1 (V)
SetMagnetDAC 5.88996744726 ===>> OK
Magnet settling time: 1.049
GetData ===>> H2,0.00899580351190148,H1,1.05757396001438,AX,0.0380467977029912,L1,-0.00872018308678044,L2,-0.01...
setting magnet DAC
current  : 5.889967
requested: 5.891002
Delta Dac: 0.001034
Checking detector protection. dv=0.00103
Checking detector "CDD". Protection Threshold: 0.1 (V)
SetMagnetDAC 5.89100193002 ===>> OK
Magnet settling time: 1.049
Get Checksum: -860229079
GetData ===>> H2,-0.191863225037477,H1,0.265076118252039,AX,-0.043597163091468,L1,0.000726126090720752,L2,-0.01...
setting magnet DAC
current  : 5.891002
requested: 5.892036
Delta Dac: 0.001034
Checking detector protection. dv=0.00103
Checking detector "CDD". Protection Threshold: 0.1 (V)
SetMagnetDAC 5.89203641278 ===>> OK
Magnet settling time: 1.049
GetData ===>> H2,-0.175372510253133,H1,0.0460881390308867,AX,-0.058299254403451,L1,0.00139348530392552,L2,0.008...
setting magnet DAC
current  : 5.892036
requested: 5.893071
Delta Dac: 0.001034
Checking detector protection. dv=0.00103
Checking detector "CDD". Protection Threshold: 0.1 (V)
SetMagnetDAC 5.89307089554 ===>> OK
Magnet settling time: 1.049
GetData ===>> H2,-0.207927082687974,H1,0.0528907935164249,AX,0.124659460137612,L1,-0.0655945240557327,L2,-0.101...
setting magnet DAC
current  : 5.893071
requested: 5.894105
Delta Dac: 0.001034
Checking detector protection. dv=0.00103
Checking detector "CDD". Protection Threshold: 0.1 (V)
SetMagnetDAC 5.8941053783 ===>> OK
Magnet settling time: 1.049
Get Checksum: -860229079
GetData ===>> H2,-0.275176610690211,H1,-0.00769622629166451,AX,-0.130200823639499,L1,-0.0689080688299454,L2,-0....
result of _do_sweep=True
result of _calculate_peak_center=([5.8714099875142711, 5.8791053782958347, 5.8868007690773982], [14.815816224684903, 20.05901492306284, 14.816615385930994], 5.8785943562517469, 20.05901492306284)
Failed to find a valid peak. No peak greater than 1.0. max = 0.77453589437
Failed to find a valid peak. No peak greater than 1.0. max = 0.17525513613
Failed to find a valid peak. No peak greater than 1.0. max = 0.0109945684945
new center pos Detector(H1) (Ar40) @ 5.8791053783
GetHighVoltage ===>> 4499.94659342336
GetDeflection H1 ===>> 0
dac uncorrected for HV and deflection 5.87914
update mftable H1 Ar40 5.87914 message=automated run peakcenter
get initial guess parabolic
get initial guess parabolic
get initial guess parabolic
get initial guess parabolic
get initial guess parabolic
get initial guess parabolic
add to repo msg=modified - automated run peakcenter
sweep finished
locally archiving mftable
setting magnet DAC
current  : 5.894105
requested: 5.879105
Delta Dac: 0.015000
Checking detector protection. dv=0.01500
Checking detector "CDD". Protection Threshold: 0.1 (V)
SetMagnetDAC 5.8791053783 ===>> OK
Magnet settling time: 0.500
setting integration time = 1.048576
SetIntegrationTime 1.048576 ===>> OK
Failed to find a valid peak. No peak greater than 1.0. max = 0.77453589437
Failed to find a valid peak. No peak greater than 1.0. max = 0.17525513613
Failed to find a valid peak. No peak greater than 1.0. max = 0.0109945684945
flush and close file /Users/jan/PychronDev/data/isotopes/10/3ccc34-679a-4e9c-a7aa-d68c1debddcd.h5
finished measure script
executed 568.532928
jan_unknown400_120.py completed successfully
Measurement Finished
19:35:39 -- ******* Measurement Finished *******
Post Measurement Started jan_pump_ms.py
19:35:39 -- ******* Post Measurement Started jan_pump_ms.py *******
testing...
no interpolation path defined
executed 0
Pumping spectrometer
open () {'name': 'O'}
opening name=O desc=---
checking ownership. requestor=129.138.12.150
check software interlocks O
interlocks []
actuate state mode=None-script, software_lock=False
doing actuation None-script open_channel True
Open O ===>> OK
GetValveState O ===>> OK
change switch state (True, True)
update switch state O True args=() kw={} ncanvase=2
19:35:39 -- OPEN   VALVE-O (Jan Ion Pump)
---------------------------------------- open O () result=[(True, True)], time=0.11 sec
action=open, ok=True, locked=[False]
executed 0
jan_pump_ms.py completed successfully
setting _ms_pumptime
Post Measurement Finished
19:35:39 -- ******* Post Measurement Finished *******
$$$$$$$$$$$$$$$$$$$$ state at run end truncated
post measurement save measured=True aborted=False
Set filtering
setting fod for Ar40= {'filter_outliers': True, 'std_devs': 2, 'iterations': 1}
setting fod for H1= {'filter_outliers': True, 'std_devs': 2, 'iterations': 1}
setting fod for PM41= {'filter_outliers': False, 'std_devs': 2, 'iterations': 1}
setting fod for H2= {'filter_outliers': True, 'std_devs': 2, 'iterations': 1}
setting fod for Ar36= {'filter_outliers': True, 'std_devs': 2, 'iterations': 1}
setting fod for CDD= {'filter_outliers': True, 'std_devs': 10, 'iterations': 1}
setting fod for Ar37= {'filter_outliers': True, 'std_devs': 2, 'iterations': 1}
setting fod for L2= {'filter_outliers': True, 'std_devs': 2, 'iterations': 1}
setting fod for Ar38= {'filter_outliers': True, 'std_devs': 2, 'iterations': 1}
setting fod for L1= {'filter_outliers': True, 'std_devs': 2, 'iterations': 1}
setting fod for Ar39= {'filter_outliers': True, 'std_devs': 2, 'iterations': 1}
setting fod for AX= {'filter_outliers': True, 'std_devs': 2, 'iterations': 1}
persistence save...
persistence save - db
post measurement save
6983943856 connecting to database sqlite:////Users/jan/PychronDev/.appdata/local_lab.db
connected to db sqlite:////Users/jan/PychronDev/.appdata/local_lab.db
create new session 6983943856
close session 6983943856
No database instance. Not saving post measurement to isotopedb database
$$$$$$$$$$$$$$$ auto_save_detector_ic=False
massspec enabled True
create new session 4975538832
MassSpec Database Version: 16.0
close session 4975538832
saving post measurement to secondary database
saving to massspec database 129.138.12.160/massspecdata
setting labnumber to 65506
setting aliquot to 21
setting step to 
setting uuid to 103ccc34-679a-4e9c-a7aa-d68c1debddcd
setting irradpos to 65506
setting extract_device to Fusions CO2
setting tray to 
setting position to 129
setting power_requested to 5.0
setting extract_value to 5.0
setting duration to 30.0
setting duration_at_request to 30.0
setting first_stage_delay to 30.0
setting cleanup to 30.0
setting comment to F:2 DS
setting irradiation to NM-289
setting level to F
setting irradiation_level to F
setting sample to 6-2-15-C
setting material to DetritalSanidine
setting project to Cather
setting mass_spectrometer to Jan
no attribute chron_dosages
no attribute production_ratios
no attribute interference_corrections
no attribute production_name
no attribute j
Reference Isotope=Ar40
Reference Detector=H1
Get Checksum: -1965264452
%%%%%%%%%%%%%%%%%%%% Comment: F:2 DS %%%%%%%%%%%%%%%%%%%
adding isotope PM41 H2
add baseline dbdet= PM41. original det= H2
get baseline data PM41 H2
Get data baseline <pychron.processing.isotope.Baseline object at 0x1a192fad0> len t=50
baseline PM41. v=-0.193034872086, e=0.00809098820677
get signal data PM41 H2
Get data signal PM41 0.04+/-0.06 len t=50
adding isotope Ar40 H1
add baseline dbdet= Ar40. original det= H1
get baseline data Ar40 H1
Get data baseline <pychron.processing.isotope.Baseline object at 0x19972b490> len t=50
baseline Ar40. v=-0.0256338641015, e=0.00603264460086
get signal data Ar40 H1
Get data signal Ar40 19.33+/-0.04 len t=50
adding isotope Ar39 AX
add baseline dbdet= Ar39. original det= AX
get baseline data Ar39 AX
Get data baseline <pychron.processing.isotope.Baseline object at 0x19972b650> len t=50
baseline Ar39. v=-0.0657072641873, e=0.00752134172363
get signal data Ar39 AX
Get data signal Ar39 0.75+/-0.05 len t=50
adding isotope Ar38 L1
add baseline dbdet= Ar38. original det= L1
get baseline data Ar38 L1
Get data baseline <pychron.processing.isotope.Baseline object at 0x19972be50> len t=50
baseline Ar38. v=-0.0264679888068, e=0.00324922522097
get signal data Ar38 L1
Get data signal Ar38 0.036+/-0.009 len t=50
adding isotope Ar37 L2
add baseline dbdet= Ar37. original det= L2
get baseline data Ar37 L2
Get data baseline <pychron.processing.isotope.Baseline object at 0x19972ba10> len t=50
baseline Ar37. v=-0.0240631866136, e=0.00779298249458
get signal data Ar37 L2
Get data signal Ar37 0.062+/-0.019 len t=50
adding isotope Ar36 CDD
add baseline dbdet= Ar36. original det= CDD
get baseline data Ar36 CDD
Get data baseline <pychron.processing.isotope.Baseline object at 0x19972bed0> len t=50
baseline Ar36. v=2.67957740163e-05, e=8.17031762212e-06
get signal data Ar36 CDD
Get data signal Ar36 0.0060+/-0.0010 len t=50
65506-21 added analysis time 0.527219057083s
analysis added to mass spec database
mass spec save time= 0.535
persistence save - dvc
================= post measurement started
create new session 4979461008
close session 4979461008
---------------- Experiment Queue saving disabled
DVC saving peakcenter
Failed to find a valid peak. No peak greater than 1.0. max = 0.77453589437
Failed to find a valid peak. No peak greater than 1.0. max = 0.17525513613
Failed to find a valid peak. No peak greater than 1.0. max = 0.0109945684945
Smart pull ahead: 0 behind: 0
Up-to-date with origin
add to repo msg=modified - ad8224ebc6dbfeb9f5997218dfa5fe690569839d.json
add to repo msg=modified - 06-21.json
add to repo msg=modified - 06-21.dat.json
add to repo msg=modified - 06-21.blan.json
add to repo msg=modified - 06-21.inte.json
add to repo msg=modified - 06-21.icfa.json
Get Checksum: -1965264452
add to repo msg=modified - 06-21.base.json
not at valid file /Users/jan/PychronDev/data/.dvc/repositories/Cather/655/tags/06-21.tags.json
add to repo msg=modified - 06-21.peak.json
add to repo msg=modified - 06-21.extr.json
not at valid file /Users/jan/PychronDev/data/.dvc/repositories/Cather/655/monitor/06-21.moni.json
commit message=<COLLECTION>
add to repo msg=modified - 06-21.inte.json
add to repo msg=modified - 06-21.base.json
commit message=<ISOEVO> default collection fits
add to repo msg=modified - 06-21.blan.json
commit message=<BLANKS> preceding bu-FC-J-7428
add to repo msg=modified - 06-21.icfa.json
Get Checksum: -1965264452
commit message=<ICFactor> default
push repository <pychron.git_archive.repo_manager.GitRepoManager object at 0x1751b6a70>
pushing to remote=origin, url=https://github.com
Get Checksum: -1965264452
no changes to meta repo
create new session 4979461008
add association Cather
get identifier "65506"
setting analysis irradiation position=<pychron.dvc.dvc_orm.IrradiationPositionTbl object at 0x1a048a8d0>
close session 4979461008
================= post measurement finished
19:35:52 -- ******* Post Run Check *******
loading queue conditionals post_run_actions
loading system conditionals post_run_actions
loading conditionals from /Users/jan/PychronDev/setupfiles/spectrometer/default_conditionals.yaml
loading queue conditionals post_run_terminations
loading system conditionals post_run_terminations
loading conditionals from /Users/jan/PychronDev/setupfiles/spectrometer/default_conditionals.yaml
Checking default post run terminations n=1
GetDeflection CDD ===>> 50
testing CDD==2000
evaluate ot="CDD.deflection==2000" t="CDD==2000", ctx="{'CDD': 50.0}"
19:35:52 -- ******* Post Run Check Passed *******
19:35:52 -- Automated run 65506-21 truncated duration: 273.857 s
----------------- finish -----------------
----------------- stop -----------------
retroactive repository identifiers disabled
finish run. runs completed=168
write rem/ex queues
/Users/jan/PychronDev/experiments/rem/CurrentExperiment.rem.txt
/Users/jan/PychronDev/experiments/rem/CurrentExperiment.ex.txt
doing event level: 3
