do run
loading script "jan_unknown400_120.py"
loading script "jan_pump_ms.py"
loading script "jan_co2.py"
loading script "jan_pump_extraction_line.py"
testing...
no interpolation path defined
executed 556.052928
script duration name:unknown400_120 seconds:556.0
loading script "jan_unknown400_120.py"
loading script "jan_pump_ms.py"
loading script "jan_co2.py"
loading script "jan_pump_extraction_line.py"
testing...
no interpolation path defined
executed 0
loading script "jan_unknown400_120.py"
loading script "jan_pump_ms.py"
loading script "jan_co2.py"
loading script "jan_pump_extraction_line.py"
testing...
no interpolation path defined
calculate duration
testing...
no interpolation path defined
executed 0
calculate duration
testing...
no interpolation path defined
executed 0
executed 0.0
script duration name:co2 seconds:0.0
loading script "jan_unknown400_120.py"
loading script "jan_pump_ms.py"
loading script "jan_co2.py"
loading script "jan_pump_extraction_line.py"
testing...
no interpolation path defined
calculate duration
testing...
no interpolation path defined
executed 4.0
executed 4.0
Script duration 556.0
Run total estimated duration= 557.000
run duration: 0:09:17
doing event level: 2
10:29:55 -- Setting default integration. t=1.048576
setting integration time = 1.048576
SetIntegrationTime 1.048576 ===>> OK
----------------- start -----------------
**************** Experiment Type: Ar/Ar, Ar/Ar
create new session 5002966032
close session 5002966032
$$$$$ Clearing conditionals
adding conditionals kevin
extract conditionals from file. /Users/jan/PychronDev/scripts/conditionals/kevin.yaml
no attr for this modification cd={'extraction_str': '', 'attr': '', 'mapper': '', 'use_termination': False, 'start_count': 0, 'nskip': 0, 'window': 0, 'frequency': 1, 'teststr': '', 'action': 'Skip Next Run', 'ntrips': 1, 'use_truncation': False}
no attr for this cancelation cd={'mapper': '', 'window': 0, 'frequency': 1, 'attr': '', 'teststr': '', 'start_count': 0, 'ntrips': 1}
adding truncation attr="Ar40" test="Ar40>5000.0" start="10"
adding truncation attr="age" test="age>100.0" start="50"
adding truncation attr="Ar39" test="Ar39.bs_corrected<0.5" start="50"
adding termination attr="Ar40" test="Ar40>5000.0" start="1"
Invalid conditional kind="pre_run_terminations"
no attr for this action cd={'mapper': '', 'attr': '', 'start_count': 0, 'window': 0, 'frequency': 1, 'teststr': '', 'action': None, 'ntrips': 1}
Invalid conditional kind="post_run_terminations"
Add queue conditionals
add default conditionals
adding default conditionals from /Users/jan/PychronDev/setupfiles/spectrometer/default_conditionals.yaml
Start automated run 65506-50
loading script "jan_unknown400_120.py"
loading script "jan_pump_ms.py"
loading script "jan_co2.py"
loading script "jan_pump_extraction_line.py"
%%%%%%%%%%%%%%%%%% setting automated run 65506-50
No value "sensitivity_multiplier" in metadata
$$$$$$$$$$$$$$$ auto_save_detector_ic=False
============================= Pre Extraction Check =============================
loading queue conditionals pre_run_terminations
loading system conditionals pre_run_terminations
loading conditionals from /Users/jan/PychronDev/setupfiles/spectrometer/default_conditionals.yaml
10:29:55 -- ******* Pre Extraction Check *******
Get a measurement from the spectrometer
GetData ===>> H2,-0.130123920070314,H1,0.0127976020227517,AX,-0.0612440435338759,L1,-0.00656153383340533,L2,-0....
Pre Extraction Termination data. keys=H2,H1,AX,L1,L2,CDD, signals=-0.13012,0.01280,-0.06124,-0.00656,-0.02462,0.00328
10:29:55 -- testing system defined conditionals
Checking default pre extraction terminations n=2
testing CDD
evaluate ot="CDD.inactive" t="CDD", ctx="{'CDD': False}"
GetDeflection CDD ===>> 50
testing CDD==2000
evaluate ot="CDD.deflection==2000" t="CDD==2000", ctx="{'CDD': 50.0}"
10:29:55 -- ******* Pre Extraction Check Passed *******
=================================================================================
10:29:55 -- stopping status monitor
stop 4973389200
Status monitor stopped
Status monitor finished
10:29:56 -- starting status monitor
start 4973389200
StatusMonitor period=1. Frequencies(state=2, checksum=3, lock=5, owner=5)
start extraction
do extraction
Analysis started at 10:29:58.493347
Extraction Started jan_co2.py
10:29:58 -- ******* Extraction Started jan_co2.py *******
state changed from not run to extraction
DO EXTRACTION <pychron.extraction_line.pyscript_runner.RemotePyScriptRunner object at 0x12ab33950>
testing...
no interpolation path defined
calculate duration
testing...
no interpolation path defined
executed 0
calculate duration
testing...
no interpolation path defined
executed 0
executed 100.0
Jan CO2 laser analysis
doing GOSUB
testing...
no interpolation path defined
executed 0
Waiting for CO2 access
wait ('FelixCO2Flag', 0) {}
waiting for FelixCO2Flag = 0
Read FelixCO2Flag ===>> 0
finished waiting
CO2 free
wait ('CO2PumpTimeFlag', 0) {}
waiting for CO2PumpTimeFlag = 0
Read CO2PumpTimeFlag ===>> 0
finished waiting
acquire ('JanCO2Flag',) {'clear': True}
acquire JanCO2Flag
Set JanCO2Flag 1 ===>> OK
JanCO2Flag acquired
set extraction state False (0.75, 'red', 1.5)
CO2 acquired
executed 0
WaitForCO2Access.py completed successfully
gosub finished
doing GOSUB
testing...
no interpolation path defined
executed 0
Prepare for CO2 analysis
close () {'description': 'Jan Inlet'}
closing name=--- desc=Jan Inlet
checking ownership. requestor=129.138.12.150
check software interlocks R
interlocks []
actuate state mode=None-script, software_lock=False
doing actuation None-script close_channel False
Close R ===>> OK
GetValveState R ===>> False
change switch state (True, True)
update switch state R False args=() kw={} ncanvase=3
10:29:58 -- CLOSE  VALVE-R (Jan Inlet)
---------------------------------------- close None (Jan Inlet) result=[(True, True)]
action=close, ok=True, locked=[False]
open () {'description': 'Jan Ion Pump'}
opening name=--- desc=Jan Ion Pump
checking ownership. requestor=129.138.12.150
check software interlocks O
interlocks []
actuate state mode=None-script, software_lock=False
doing actuation None-script open_channel False
Open O ===>> OK
GetValveState O ===>> OK
change switch state (True, True)
update switch state O True args=() kw={} ncanvase=3
10:29:59 -- OPEN   VALVE-O (Jan Ion Pump)
---------------------------------------- open None (Jan Ion Pump) result=[(True, True)], time=0.08 sec
Get Checksum: -1965264452
action=open, ok=True, locked=[False]
close () {'description': 'Microbone to Minibone'}
closing name=--- desc=Microbone to Minibone
checking ownership. requestor=129.138.12.150
check software interlocks L
interlocks []
actuate state mode=None-script, software_lock=False
doing actuation None-script close_channel False
Close L ===>> OK
GetValveState L ===>> False
change switch state (True, True)
update switch state L False args=() kw={} ncanvase=3
10:29:59 -- CLOSE  VALVE-L (Microbone to Minibone)
---------------------------------------- close None (Microbone to Minibone) result=[(True, True)]
action=close, ok=True, locked=[False]
open () {'description': 'Microbone to Turbo'}
opening name=--- desc=Microbone to Turbo
checking ownership. requestor=129.138.12.150
check software interlocks U
interlocks []
actuate state mode=None-script, software_lock=False
doing actuation None-script open_channel False
Open U ===>> OK
GetValveState U ===>> OK
change switch state (True, True)
update switch state U True args=() kw={} ncanvase=3
10:30:00 -- OPEN   VALVE-U (Microbone to Turbo)
---------------------------------------- open None (Microbone to Turbo) result=[(True, True)], time=0.11 sec
action=open, ok=True, locked=[False]
open () {'description': 'Microbone to Inlet Pipette'}
opening name=--- desc=Microbone to Inlet Pipette
checking ownership. requestor=129.138.12.150
check software interlocks S
interlocks []
actuate state mode=None-script, software_lock=False
doing actuation None-script open_channel False
Open S ===>> OK
GetValveState S ===>> OK
change switch state (True, True)
update switch state S True args=() kw={} ncanvase=3
10:30:00 -- OPEN   VALVE-S (Microbone to Inlet Pipette)
---------------------------------------- open None (Microbone to Inlet Pipette) result=[(True, True)], time=0.38 sec
action=open, ok=True, locked=[False]
open () {'description': 'Microbone to Getter D-50'}
opening name=--- desc=Microbone to Getter D-50
checking ownership. requestor=129.138.12.150
check software interlocks K
interlocks []
actuate state mode=None-script, software_lock=False
doing actuation None-script open_channel False
Open K ===>> OK
GetValveState K ===>> OK
change switch state (True, True)
update switch state K True args=() kw={} ncanvase=3
10:30:01 -- OPEN   VALVE-K (Microbone to Getter D-50)
---------------------------------------- open None (Microbone to Getter D-50) result=[(True, True)], time=0.38 sec
action=open, ok=True, locked=[False]
open () {'description': 'Microbone to Getter NP-10'}
opening name=--- desc=Microbone to Getter NP-10
checking ownership. requestor=129.138.12.150
check software interlocks M
interlocks []
actuate state mode=None-script, software_lock=False
doing actuation None-script open_channel False
Open M ===>> OK
GetValveState M ===>> OK
change switch state (True, True)
update switch state M True args=() kw={} ncanvase=3
10:30:01 -- OPEN   VALVE-M (Microbone to Getter NP-10)
---------------------------------------- open None (Microbone to Getter NP-10) result=[(True, True)], time=0.13 sec
action=open, ok=True, locked=[False]
close () {'description': 'CO2 Laser to Felix'}
closing name=--- desc=CO2 Laser to Felix
checking ownership. requestor=129.138.12.150
check software interlocks F
interlocks []
actuate state mode=None-script, software_lock=True
VALVE-F(CO2 Laser to Felix) software locked
change switch state (True, False)
---------------------------------------- close None (CO2 Laser to Felix) result=[(True, False)]
action=close, ok=True, locked=[True]
open () {'description': 'CO2 Laser to Jan'}
opening name=--- desc=CO2 Laser to Jan
checking ownership. requestor=129.138.12.150
check software interlocks A
interlocks []
actuate state mode=None-script, software_lock=False
doing actuation None-script open_channel False
Open A ===>> OK
GetValveState A ===>> OK
change switch state (True, True)
update switch state A True args=() kw={} ncanvase=3
10:30:02 -- OPEN   VALVE-A (CO2 Laser to Jan)
---------------------------------------- open None (CO2 Laser to Jan) result=[(True, True)], time=0.12 sec
Get Checksum: -1965264452
action=open, ok=True, locked=[False]
open () {'description': 'Microbone to CO2 Laser'}
opening name=--- desc=Microbone to CO2 Laser
checking ownership. requestor=129.138.12.150
check software interlocks T
interlocks []
actuate state mode=None-script, software_lock=False
doing actuation None-script open_channel False
Open T ===>> OK
GetValveState T ===>> OK
change switch state (True, True)
update switch state T True args=() kw={} ncanvase=3
10:30:02 -- OPEN   VALVE-T (Microbone to CO2 Laser)
---------------------------------------- open None (Microbone to CO2 Laser) result=[(True, True)], time=0.39 sec
action=open, ok=True, locked=[False]
executed 0
PrepareForCO2Analysis.py completed successfully
gosub finished
set_motor ('beam', '1.25') {}
setting motor "beam" to 1.25
set motor beam to 1.25
SetMotor beam,1.25 ===>> OK
GetMotorMoving beam ===>> False
GetMotorMoving beam ===>> False
Block completed
move_to_position ('159',) {'autocenter': True}
FusionsCO2 move to position 159
sending GoToHole 159,True
GoToHole 159,True ===>> OK
GetDriveMoving ===>> OK
GetDriveMoving ===>> OK
GetDriveMoving ===>> OK
Get Checksum: -1965264452
GetDriveMoving ===>> OK
GetDriveMoving ===>> OK
GetDriveMoving ===>> OK
GetDriveMoving ===>> False
GetDriveMoving ===>> False
Block completed
GetAutoCorrecting ===>> OK
GetAutoCorrecting ===>> OK
GetAutoCorrecting ===>> OK
Get Checksum: -1965264452
GetAutoCorrecting ===>> OK
GetAutoCorrecting ===>> OK
GetAutoCorrecting ===>> OK
GetAutoCorrecting ===>> OK
GetAutoCorrecting ===>> False
GetAutoCorrecting ===>> False
Block completed
update position
GetPosition ===>> -3.98780,-5.98170,1.00000
got position (-3.9878, -5.9817, 1.0)
move to position succeeded
sleep (5,) {}
SLEEP 5.0
block started
WaitControl setup for 5.0  
Get Checksum: -1965264452
Get Checksum: -1965264452
Join finished
block finished. duration 5.01816105843
close () {'description': 'Microbone to Turbo'}
closing name=--- desc=Microbone to Turbo
checking ownership. requestor=129.138.12.150
check software interlocks U
interlocks []
actuate state mode=None-script, software_lock=False
doing actuation None-script close_channel True
Close U ===>> OK
GetValveState U ===>> False
change switch state (True, True)
update switch state U False args=() kw={} ncanvase=3
10:30:16 -- CLOSE  VALVE-U (Microbone to Turbo)
---------------------------------------- close None (Microbone to Turbo) result=[(True, True)]
action=close, ok=True, locked=[False]
enable laser
enable () {}
set extraction state FusionsCO2 Enabled (False, 'red', 1.5)
enabling laser
Enable ===>> OK
begin interval
BEGIN INTERVAL Interval 1 waiting for 30.0
block started
set extract to 5.0
WaitControl setup for 30.0  
extract (5.0,) {}
GetPosition ===>> -3.98780,-5.98170,1.00000
set extraction state FusionsCO2 ON! 5.0(watts) (0.75, 'red', 1.5)
extract sample to 5.0 (watts)
set laser output
SetLaserOutput 5.0,watts ===>> OK
COMPLETE INTERVAL waiting for Interval 1 to complete
Get Checksum: 1551197106
Get Checksum: 1551197106
Get Checksum: 1551197106
Get Checksum: 1551197106
Get Checksum: 1551197106
Get Checksum: 1551197106
Get Checksum: 1551197106
Get Checksum: 1551197106
Get Checksum: 1551197106
Get Checksum: 1551197106
Join finished
block finished. duration 30.083935976
Interval 1 finished
end_extract () {}
ending extraction. set laser power to 0
set laser power 0
SetLaserPower 0 ===>> OK
disable () {}
%%%%%%%%%%%%%%%%%%%%%%%%%%%%%%%%%%% disable
set extraction state False (0.75, 'red', 1.5)
disabling laser
Disable ===>> OK
sleep (30.0,) {}
SLEEP 30.0
block started
WaitControl setup for 30.0  
Get Checksum: 1551197106
Get Checksum: 1551197106
Get Checksum: 1551197106
Get Checksum: 1551197106
Get Checksum: 1551197106
Get Checksum: 1551197106
Get Checksum: 1551197106
Get Checksum: 1551197106
Get Checksum: 1551197106
Get Checksum: 1551197106
Join finished
block finished. duration 30.07695508
executed 195.0
jan_co2.py completed successfully
GetAchievedOutput ===>> No Response
Requested Output= 0.000
Achieved Output=  0.000
GetResponseBlob ===>> No Response
GetOutputBlob ===>> No Response
persistence save...
persistence save - db
AutomatedRunPersister post_extraction_save deprecated
persistence save - dvc
no extraction position for 159
create new session 4981558160
close session 4981558160
Extraction Finished
10:31:17 -- ******* Extraction Finished *******
no overlap. not waiting for min ms pumptime
10:31:17 -- Sending spectrometer configuration
======== Sending configuration ========
SetDeflection CDD,50.0 ===>> OK
SetDeflection H2,0.0 ===>> OK
SetDeflection H1,0.0 ===>> OK
SetDeflection L2,825.0 ===>> OK
SetDeflection L1,400.0 ===>> OK
SetDeflection AX,190.0 ===>> OK
SetZFocus 74.64 ===>> OK
SetZSymmetry -50.72 ===>> OK
SetExtractionLens 26.13 ===>> OK
SetIonRepeller -3.81 ===>> OK
SetElectronEnergy 75.08 ===>> OK
SetYSymmetry -2.81 ===>> OK
SetIonCounterVoltage 1590.0 ===>> OK
send trap current 200.0
GetParameter Trap Current Readback ===>> 197.923274125618
SetParameter Trap Current Set,200.0 ===>> OK
updating mftable name mftable
Using mftable located at /Users/jan/PychronDev/setupfiles/spectrometer/mftables/mftable.csv
============ MFtable ===========
Isotope  H2     H1     AX     L1     L2     CDD    
Ar40     5.7711 5.8790 5.9923 6.1111 6.2309 6.3393
Ar39     5.6704 5.7713 5.8847 5.9971 6.1161 6.2258
Ar36     5.3479 5.4403 5.5480 5.6560 5.7710 5.8769
================================
get initial guess parabolic
get initial guess parabolic
get initial guess parabolic
get initial guess parabolic
get initial guess parabolic
get initial guess parabolic
======== Configuration Finished ========
GetYSymmetry ===>> -2.81
GetZSymmetry ===>> -50.72
GetParameter Trap Current Readback ===>> 198.147042666178
GetHighVoltage ===>> 4499.94659342336
start measurement
do measurement
L#=65506 analysis type=unknown
Measurement Started jan_unknown400_120.py
10:31:17 -- ******* Measurement Started jan_unknown400_120.py *******
state changed from extraction to measurement
setting spec, defl, and gains
GetExtractionLens ===>> 26.13
GetYSymmetry ===>> -2.81
GetZSymmetry ===>> -50.72
GetZFocus ===>> 74.64
GetDeflection H2 ===>> 0
GetDeflection H1 ===>> 0
GetDeflection AX ===>> 190
GetDeflection L1 ===>> 400
GetDeflection L2 ===>> 825
GetDeflection CDD ===>> 50
GetGain H2 ===>> 0.0113
GetGain H1 ===>> 0.1
GetGain AX ===>> 0.097049
GetGain L1 ===>> 0.010355
GetGain L2 ===>> 0.095649
GetGain CDD ===>> 0
pre measurement save
New frame /Users/jan/PychronDev/data/isotopes/6d/f1b2d3-eae2-4cf9-8e38-325ab77d3513.h5
flush and close file /Users/jan/PychronDev/data/isotopes/6d/f1b2d3-eae2-4cf9-8e38-325ab77d3513.h5
testing...
no interpolation path defined
executed 568.532928
unknown measurement script
activate_detectors ('H2', 'H1', 'AX', 'L1', 'L2', 'CDD') {}
activate detectors
*************** Set Analysis View Ar/Ar
create graphs
Get Checksum: 1551197106
clearing graphs
clear isotope group
setting isotope det=H2, iso=PM41
setting isotope det=H1, iso=Ar40
setting isotope det=AX, iso=Ar39
setting isotope det=L1, iso=Ar38
setting isotope det=L2, iso=Ar37
setting isotope det=CDD, iso=Ar36
setting previous blanks
 - setting Ar40 blank 0.202+/-0.007
 - setting Ar36 blank 0.00498+/-0.00018
 - setting Ar37 blank 0.044+/-0.005
 - setting Ar38 blank 0.0078+/-0.0022
 - setting PM41 blank 0.02+/-0.06
 - setting Ar39 blank 0.031+/-0.009
load analysis view
position_magnet ('Ar40',) {'detector': 'H1'}
detector Detector(H1)
POSITION Ar40 H1
setting detector H2 to PM41 (40.9624)
setting detector H1 to Ar40 (39.9624)
setting detector AX to Ar39 (38.9624)
setting detector L1 to Ar38 (37.9624)
setting detector L2 to Ar37 (36.9624)
setting detector CDD to Ar36 (35.9624)
Mapping mass to dac mass func: "parabolic"
H1 map mass coeffs = [-0.00063987  0.15840543  0.57060999]
H1 map mass to dac 39.9624 >> 5.879
GetDeflection H1 ===>> 0
GetHighVoltage ===>> 4499.94659342336
positioning Ar40 (5.87896537912) on H1
setting magnet DAC
current  : 5.878966
requested: 5.878965
Delta Dac: 0.000000
Checking detector protection. dv=0.00000
Checking detector "CDD". Protection Threshold: 0.1 (V)
SetMagnetDAC 5.87896537912 ===>> OK
Magnet settling time: 0.500
equilibrate () {'delay': 3, 'inlet': 'R', 'outlet': 'O', 'eqtime': 12.0}
Equilibration Started
10:31:19 -- ******* Equilibration Started *******
checking ownership. requestor=129.138.12.150
check software interlocks O
interlocks []
actuate state mode=None-script, software_lock=False
doing actuation None-script close_channel True
Close O ===>> OK
GetValveState O ===>> False
change switch state (True, True)
update switch state O False args=() kw={} ncanvase=3
10:31:19 -- CLOSE  VALVE-O (Jan Ion Pump)
waiting 3s before opening inlet value ('R',)
Get Checksum: -598318598
checking ownership. requestor=129.138.12.150
check software interlocks R
interlocks []
actuate state mode=None-script, software_lock=False
doing actuation None-script open_channel True
Open R ===>> OK
GetValveState R ===>> OK
change switch state (True, True)
update switch state R True args=() kw={} ncanvase=3
10:31:22 -- OPEN   VALVE-R (Jan Inlet)
set_time_zero () {}
equilibrating for 12.0sec
sniff (12.0,) {}
py_sniff
build tables- sniff [Detector(H2), Detector(H1), Detector(AX), Detector(L1), Detector(L2), Detector(CDD)]
add group /sniff/PM41 (Group) '' table H2
add group /sniff/Ar40 (Group) '' table H1
add group /sniff/Ar39 (Group) '' table AX
add group /sniff/Ar38 (Group) '' table L1
add group /sniff/Ar37 (Group) '' table L2
add group /sniff/Ar36 (Group) '' table CDD
flush and close file /Users/jan/PychronDev/data/isotopes/6d/f1b2d3-eae2-4cf9-8e38-325ab77d3513.h5
measuring sniff. ncounts=12.0
starting measurement
GetData ===>> H2,-0.09582260430247,H1,0.0109007327540268,AX,-0.110747212803565,L1,-0.0287818355761527,L2,-0.018...
Get Checksum: -1449001502
GetData ===>> H2,0.601525616495165,H1,142.256897039719,AX,2.60891917221092,L1,0.0432929912124729,L2,0.252550279...
GetData ===>> H2,0.605007995244962,H1,356.522778602625,AX,4.70990427333855,L1,0.169903741502608,L2,0.1793846760...
GetData ===>> H2,0.213853212654023,H1,427.503496404795,AX,5.1885129745234,L1,0.171802125754155,L2,0.10250180444...
Get Checksum: -1449001502
GetData ===>> H2,0.0314056795461771,H1,451.353568299164,AX,5.23671735794462,L1,0.132429966513431,L2,0.097942316...
GetData ===>> H2,0.00448967771744362,H1,460.324738423611,AX,5.28770796518039,L1,0.13739002311351,L2,0.004638952...
GetData ===>> H2,-0.111606413227906,H1,464.052323387229,AX,5.19228863303722,L1,0.110032401322552,L2,0.099002378...
Get Checksum: -1449001502
GetData ===>> H2,-0.12540881296104,H1,465.401156505849,AX,5.2438963863516,L1,0.0855206245810297,L2,-0.005937986...
GetData ===>> H2,-0.211736861177438,H1,466.105449273469,AX,5.22843259485876,L1,0.0846209257546948,L2,-0.0057898...
GetData ===>> H2,-0.0598360803222969,H1,466.524992389447,AX,5.20250863887156,L1,0.074413231858333,L2,0.02384683...
Get Checksum: -1449001502
GetData ===>> H2,-0.0527430757951257,H1,466.371981340514,AX,5.21629181694713,L1,0.0546877709793915,L2,0.1338313...
Equilibration Finished
10:31:34 -- ******* Equilibration Finished *******
checking ownership. requestor=129.138.12.150
check software interlocks R
interlocks []
actuate state mode=None-script, software_lock=False
doing actuation None-script close_channel True
GetData ===>> H2,-0.135159872044721,H1,466.258855134048,AX,5.10331869868159,L1,-0.00388296606343288,L2,-0.00728...
Close R ===>> OK
GetValveState R ===>> False
change switch state (True, True)
update switch state R False args=() kw={} ncanvase=3
10:31:35 -- CLOSE  VALVE-R (Jan Inlet)
Post Equilibration Started jan_pump_extraction_line.py
10:31:35 -- ******* Post Equilibration Started jan_pump_extraction_line.py *******
testing...
no interpolation path defined
calculate duration
testing...
no interpolation path defined
executed 4.0
executed 4.0
Pump after analysis
doing GOSUB
testing...
no interpolation path defined
executed 4.0
Pump Microbone
close () {'description': 'Jan Inlet'}
closing name=--- desc=Jan Inlet
checking ownership. requestor=129.138.12.150
check software interlocks R
interlocks []
actuate state mode=None-script, software_lock=False
doing actuation None-script close_channel False
Close R ===>> OK
GetValveState R ===>> False
change switch state (True, True)
update switch state R False args=() kw={} ncanvase=3
10:31:36 -- CLOSE  VALVE-R (Jan Inlet)
---------------------------------------- close None (Jan Inlet) result=[(True, True)]
measurement finished
estimated time: 12.583 actual time: :12.680
flush and close file /Users/jan/PychronDev/data/isotopes/6d/f1b2d3-eae2-4cf9-8e38-325ab77d3513.h5
set_fits () {}
using default fits file=/Users/jan/PychronDev/scripts/measurement/fits/nominal.yaml
set "Ar40" to "('Parabolic', 'SEM')"
No fit for "PM41". defaulting to linear. check the measurement script "jan_unknown400_120.py"
set "PM41" to "linear"
set "Ar36" to "('Parabolic', 'SEM')"
set "Ar37" to "('linear', 'SEM')"
set "Ar38" to "('linear', 'SEM')"
set "Ar39" to "('Parabolic', 'SEM')"
set_baseline_fits () {}
using default fits file=/Users/jan/PychronDev/scripts/measurement/fits/nominal.yaml
set "H1" to "('average', 'SEM')"
set "H2" to "('average', 'SEM')"
set "CDD" to "('average', 'SEM')"
set "L2" to "('average', 'SEM')"
set "L1" to "('average', 'SEM')"
set "AX" to "('average', 'SEM')"
multicollect () {'integration_time': 1, 'ncounts': 400}
build tables- signal [Detector(H2), Detector(H1), Detector(AX), Detector(L1), Detector(L2), Detector(CDD)]
add group /signal/PM41 (Group) '' table H2
add group /signal/Ar40 (Group) '' table H1
add group /signal/Ar39 (Group) '' table AX
add group /signal/Ar38 (Group) '' table L1
add group /signal/Ar37 (Group) '' table L2
add group /signal/Ar36 (Group) '' table CDD
flush and close file /Users/jan/PychronDev/data/isotopes/6d/f1b2d3-eae2-4cf9-8e38-325ab77d3513.h5
measuring signal. ncounts=400
action=close, ok=True, locked=[False]
is_closed ('F',) {}
is F () closed?
is closed True
open () {'description': 'CO2 Laser to Jan'}
opening name=--- desc=CO2 Laser to Jan
checking ownership. requestor=129.138.12.150
check software interlocks A
interlocks []
actuate state mode=None-script, software_lock=False
doing actuation None-script open_channel False
Open A ===>> OK
GetValveState A ===>> OK
change switch state (True, True)
update switch state A True args=() kw={} ncanvase=3
10:31:36 -- OPEN   VALVE-A (CO2 Laser to Jan)
---------------------------------------- open None (CO2 Laser to Jan) result=[(True, True)], time=0.11 sec
Get Checksum: -598318598
action=open, ok=True, locked=[False]
sleep (1,) {}
SLEEP 1.0
starting measurement
GetData ===>> H2,-0.0879403750580563,H1,466.178479589268,AX,5.19555225091869,L1,0.0507350009548175,L2,0.0513031...
close () {'description': 'CO2 Laser to Roughing'}
closing name=--- desc=CO2 Laser to Roughing
checking ownership. requestor=129.138.12.150
check software interlocks G
interlocks []
actuate state mode=None-script, software_lock=True
VALVE-G(CO2 Laser to Roughing) software locked
change switch state (True, False)
---------------------------------------- close None (CO2 Laser to Roughing) result=[(True, False)]
action=close, ok=True, locked=[True]
open () {'description': 'Microbone to Turbo'}
opening name=--- desc=Microbone to Turbo
checking ownership. requestor=129.138.12.150
check software interlocks U
interlocks []
actuate state mode=None-script, software_lock=False
doing actuation None-script open_channel True
Open U ===>> OK
testing Ar40>5000.0
evaluate ot="Ar40>5000.0" t="Ar40>5000.0", ctx="{'Ar40': 466.08359720573316}"
GetData ===>> H2,-0.140010566761871,H1,466.328601163028,AX,5.28797001117595,L1,0.0377199839134503,L2,0.05195315...
GetValveState U ===>> OK
change switch state (True, True)
update switch state U True args=() kw={} ncanvase=3
10:31:37 -- OPEN   VALVE-U (Microbone to Turbo)
---------------------------------------- open None (Microbone to Turbo) result=[(True, True)], time=0.12 sec
action=open, ok=True, locked=[False]
open () {'description': 'Microbone to Getter NP-10'}
opening name=--- desc=Microbone to Getter NP-10
checking ownership. requestor=129.138.12.150
check software interlocks M
interlocks []
actuate state mode=None-script, software_lock=False
doing actuation None-script open_channel False
Open M ===>> OK
GetValveState M ===>> OK
change switch state (True, True)
update switch state M True args=() kw={} ncanvase=3
10:31:38 -- OPEN   VALVE-M (Microbone to Getter NP-10)
---------------------------------------- open None (Microbone to Getter NP-10) result=[(True, True)], time=0.16 sec
action=open, ok=True, locked=[False]
open () {'description': 'Microbone to Getter D-50'}
opening name=--- desc=Microbone to Getter D-50
checking ownership. requestor=129.138.12.150
check software interlocks K
interlocks []
actuate state mode=None-script, software_lock=False
doing actuation None-script open_channel False
Open K ===>> OK
testing Ar40>5000.0
evaluate ot="Ar40>5000.0" t="Ar40>5000.0", ctx="{'Ar40': 8.70368591836351}"
GetData ===>> H2,-0.19465445593084,H1,466.072374468339,AX,5.148287842971,L1,0.0701255505441289,L2,0.03733455795...
GetValveState K ===>> OK
change switch state (True, True)
update switch state K True args=() kw={} ncanvase=3
10:31:38 -- OPEN   VALVE-K (Microbone to Getter D-50)
---------------------------------------- open None (Microbone to Getter D-50) result=[(True, True)], time=0.39 sec
action=open, ok=True, locked=[False]
open () {'description': 'Microbone to CO2 Laser'}
opening name=--- desc=Microbone to CO2 Laser
checking ownership. requestor=129.138.12.150
check software interlocks T
interlocks []
actuate state mode=None-script, software_lock=False
doing actuation None-script open_channel False
Open T ===>> OK
GetValveState T ===>> OK
change switch state (True, True)
update switch state T True args=() kw={} ncanvase=3
10:31:39 -- OPEN   VALVE-T (Microbone to CO2 Laser)
---------------------------------------- open None (Microbone to CO2 Laser) result=[(True, True)], time=0.38 sec
action=open, ok=True, locked=[False]
open () {'description': 'Microbone to Inlet Pipette'}
opening name=--- desc=Microbone to Inlet Pipette
checking ownership. requestor=129.138.12.150
check software interlocks S
interlocks []
actuate state mode=None-script, software_lock=False
doing actuation None-script open_channel False
testing Ar40>5000.0
evaluate ot="Ar40>5000.0" t="Ar40>5000.0", ctx="{'Ar40': 426.25766411829596}"
GetData ===>> H2,-0.121139464968516,H1,465.632746595245,AX,5.15240725720721,L1,0.0819418434001101,L2,0.03471211...
Open S ===>> OK
Get Checksum: -860229079
GetValveState S ===>> OK
change switch state (True, True)
update switch state S True args=() kw={} ncanvase=3
10:31:40 -- OPEN   VALVE-S (Microbone to Inlet Pipette)
---------------------------------------- open None (Microbone to Inlet Pipette) result=[(True, True)], time=0.39 sec
action=open, ok=True, locked=[False]
sleep (1,) {}
SLEEP 1.0
testing Ar40>5000.0
evaluate ot="Ar40>5000.0" t="Ar40>5000.0", ctx="{'Ar40': 437.2763121704867}"
GetData ===>> H2,-0.12315330430715,H1,465.592389016523,AX,5.09802324193143,L1,0.0718122308613503,L2,0.180765072...
set_resource () {'name': 'CO2PumpTimeFlag', 'value': 30}
Set CO2PumpTimeFlag 30 ===>> OK
release ('JanCO2Flag',) {}
release JanCO2Flag
Set JanCO2Flag 0 ===>> OK
executed 6.0
PumpMicrobone.py completed successfully
gosub finished
get_resource_value () {'name': 'JanMiniboneFlag'}
Read JanMiniboneFlag ===>> 0
Get Resource Value JanMiniboneFlag=0.0
get resource value 0.0
get_resource_value () {'name': 'JanMiniboneFlag'}
Read JanMiniboneFlag ===>> 0
Get Resource Value JanMiniboneFlag=0.0
executed 4.0
jan_pump_extraction_line.py completed successfully
Post Equilibration Finished
10:31:41 -- ******* Post Equilibration Finished *******
testing Ar40>5000.0
evaluate ot="Ar40>5000.0" t="Ar40>5000.0", ctx="{'Ar40': 459.4451549257106}"
GetData ===>> H2,-0.224936198736712,H1,465.35859424585,AX,5.14432336479691,L1,0.0604512904367126,L2,-0.05908990...
testing Ar40>5000.0
evaluate ot="Ar40>5000.0" t="Ar40>5000.0", ctx="{'Ar40': 464.1026685940334}"
GetData ===>> H2,-0.241049001521113,H1,465.243595388504,AX,5.13838289467294,L1,0.0731981439156931,L2,0.07063445...
testing Ar40>5000.0
evaluate ot="Ar40>5000.0" t="Ar40>5000.0", ctx="{'Ar40': 467.33826094297}"
GetData ===>> H2,-0.0746000441503322,H1,465.122411243119,AX,5.12933596346075,L1,0.0904878726532996,L2,-0.030506...
Get Checksum: -860229079
testing Ar40>5000.0
evaluate ot="Ar40>5000.0" t="Ar40>5000.0", ctx="{'Ar40': 468.9091515976987}"
GetData ===>> H2,-0.0959851228415687,H1,464.917688992528,AX,5.12321784539962,L1,0.047327189824536,L2,-0.0610604...
testing Ar40>5000.0
evaluate ot="Ar40>5000.0" t="Ar40>5000.0", ctx="{'Ar40': 468.96041396066886}"
GetData ===>> H2,-0.0659651404134442,H1,464.598827019109,AX,5.09896331375887,L1,0.0125569296937835,L2,0.0203697...
testing Ar40>5000.0
evaluate ot="Ar40>5000.0" t="Ar40>5000.0", ctx="{'Ar40': 468.0197556823041}"
testing Ar40>5000.0
evaluate ot="Ar40>5000.0" t="Ar40>5000.0", ctx="{'Ar40': 468.0197556823041}"
GetData ===>> H2,-0.179709506235598,H1,464.457951772366,AX,5.08489885929851,L1,0.0288761196895986,L2,0.04246563...
Get Checksum: -860229079
testing Ar40>5000.0
evaluate ot="Ar40>5000.0" t="Ar40>5000.0", ctx="{'Ar40': 468.0277090532324}"
testing Ar40>5000.0
evaluate ot="Ar40>5000.0" t="Ar40>5000.0", ctx="{'Ar40': 468.0277090532324}"
GetData ===>> H2,-0.286668725814976,H1,464.190373204702,AX,5.19216952491137,L1,0.0377440299866338,L2,0.07288147...
testing Ar40>5000.0
evaluate ot="Ar40>5000.0" t="Ar40>5000.0", ctx="{'Ar40': 467.78072442370046}"
testing Ar40>5000.0
evaluate ot="Ar40>5000.0" t="Ar40>5000.0", ctx="{'Ar40': 467.78072442370046}"
GetData ===>> H2,-0.169923788554833,H1,463.974502649762,AX,5.14572817690576,L1,0.0602081187572572,L2,-0.0113399...
testing Ar40>5000.0
evaluate ot="Ar40>5000.0" t="Ar40>5000.0", ctx="{'Ar40': 467.7048076085028}"
testing Ar40>5000.0
evaluate ot="Ar40>5000.0" t="Ar40>5000.0", ctx="{'Ar40': 467.7048076085028}"
GetData ===>> H2,-0.112784100539092,H1,463.670660602323,AX,5.14963318212333,L1,0.0658998529390426,L2,0.00086622...
Get Checksum: -860229079
testing Ar40>5000.0
evaluate ot="Ar40>5000.0" t="Ar40>5000.0", ctx="{'Ar40': 467.4670745141318}"
testing Ar40>5000.0
evaluate ot="Ar40>5000.0" t="Ar40>5000.0", ctx="{'Ar40': 467.4670745141318}"
GetData ===>> H2,-0.179183200976186,H1,463.686447477417,AX,5.11486257735946,L1,0.0346702041854463,L2,0.01562744...
testing Ar40>5000.0
evaluate ot="Ar40>5000.0" t="Ar40>5000.0", ctx="{'Ar40': 467.99829377199046}"
testing Ar40>5000.0
evaluate ot="Ar40>5000.0" t="Ar40>5000.0", ctx="{'Ar40': 467.99829377199046}"
GetData ===>> H2,-0.245623166222671,H1,463.743785075617,AX,5.13353792304492,L1,0.0456669901371847,L2,0.07933046...
testing Ar40>5000.0
evaluate ot="Ar40>5000.0" t="Ar40>5000.0", ctx="{'Ar40': 468.83482052379384}"
testing Ar40>5000.0
evaluate ot="Ar40>5000.0" t="Ar40>5000.0", ctx="{'Ar40': 468.83482052379384}"
GetData ===>> H2,-0.216963929101311,H1,463.294929503664,AX,5.10049838677408,L1,0.0380662528967401,L2,0.05121190...
Get Checksum: -860229079
testing Ar40>5000.0
evaluate ot="Ar40>5000.0" t="Ar40>5000.0", ctx="{'Ar40': 468.7572545742315}"
testing Ar40>5000.0
evaluate ot="Ar40>5000.0" t="Ar40>5000.0", ctx="{'Ar40': 468.7572545742315}"
GetData ===>> H2,-0.120131734957286,H1,463.167551136867,AX,5.0634014436585,L1,0.103457822214419,L2,0.0223191840...
testing Ar40>5000.0
evaluate ot="Ar40>5000.0" t="Ar40>5000.0", ctx="{'Ar40': 468.8105929687798}"
testing Ar40>5000.0
evaluate ot="Ar40>5000.0" t="Ar40>5000.0", ctx="{'Ar40': 468.8105929687798}"
GetData ===>> H2,-0.195776528331322,H1,463.299081556069,AX,5.22282072718011,L1,0.0419253110468279,L2,-0.0026670...
testing Ar40>5000.0
evaluate ot="Ar40>5000.0" t="Ar40>5000.0", ctx="{'Ar40': 469.28899778465944}"
testing Ar40>5000.0
evaluate ot="Ar40>5000.0" t="Ar40>5000.0", ctx="{'Ar40': 469.28899778465944}"
GetData ===>> H2,-0.158690264067171,H1,462.64132913893,AX,5.20767859698252,L1,-0.00581669243215815,L2,0.0611792...
Get Checksum: -860229079
testing Ar40>5000.0
evaluate ot="Ar40>5000.0" t="Ar40>5000.0", ctx="{'Ar40': 468.903194129752}"
testing Ar40>5000.0
evaluate ot="Ar40>5000.0" t="Ar40>5000.0", ctx="{'Ar40': 468.903194129752}"
GetData ===>> H2,-0.000585574163720203,H1,462.222525798118,AX,5.09666669818017,L1,0.0386602280651007,L2,0.02491...
testing Ar40>5000.0
evaluate ot="Ar40>5000.0" t="Ar40>5000.0", ctx="{'Ar40': 468.40039984308555}"
testing Ar40>5000.0
evaluate ot="Ar40>5000.0" t="Ar40>5000.0", ctx="{'Ar40': 468.40039984308555}"
GetData ===>> H2,-0.043783992682017,H1,462.318496410554,AX,5.02872666523705,L1,0.0364852950811883,L2,-0.0496694...
testing Ar40>5000.0
evaluate ot="Ar40>5000.0" t="Ar40>5000.0", ctx="{'Ar40': 468.41953830376167}"
testing Ar40>5000.0
evaluate ot="Ar40>5000.0" t="Ar40>5000.0", ctx="{'Ar40': 468.41953830376167}"
GetData ===>> H2,0.0293795159926441,H1,462.416798873218,AX,5.14612105162311,L1,0.0650732142218043,L2,0.21400326...
Get Checksum: -860229079
testing Ar40>5000.0
evaluate ot="Ar40>5000.0" t="Ar40>5000.0", ctx="{'Ar40': 468.7178994065811}"
testing Ar40>5000.0
evaluate ot="Ar40>5000.0" t="Ar40>5000.0", ctx="{'Ar40': 468.7178994065811}"
GetData ===>> H2,-0.0561999245437358,H1,462.021222204176,AX,5.14783543210494,L1,0.106823174448716,L2,0.09046522...
testing Ar40>5000.0
evaluate ot="Ar40>5000.0" t="Ar40>5000.0", ctx="{'Ar40': 468.71721846927653}"
testing Ar40>5000.0
evaluate ot="Ar40>5000.0" t="Ar40>5000.0", ctx="{'Ar40': 468.71721846927653}"
10:32:01 -- collecting point 25
GetData ===>> H2,-0.0629396599446123,H1,461.681445920635,AX,5.12447952779652,L1,0.12826423486455,L2,0.022558590...
testing Ar40>5000.0
evaluate ot="Ar40>5000.0" t="Ar40>5000.0", ctx="{'Ar40': 468.5923027442169}"
testing Ar40>5000.0
evaluate ot="Ar40>5000.0" t="Ar40>5000.0", ctx="{'Ar40': 468.5923027442169}"
GetData ===>> H2,-0.153897001335641,H1,461.552550077516,AX,5.16238503946483,L1,0.0825842456942845,L2,0.00614352...
Get Checksum: -860229079
testing Ar40>5000.0
evaluate ot="Ar40>5000.0" t="Ar40>5000.0", ctx="{'Ar40': 468.55907542425723}"
testing Ar40>5000.0
evaluate ot="Ar40>5000.0" t="Ar40>5000.0", ctx="{'Ar40': 468.55907542425723}"
GetData ===>> H2,-0.208871563982651,H1,461.794110641201,AX,5.0437961828828,L1,0.0523322822500959,L2,0.060141455...
testing Ar40>5000.0
evaluate ot="Ar40>5000.0" t="Ar40>5000.0", ctx="{'Ar40': 468.8351594548335}"
testing Ar40>5000.0
evaluate ot="Ar40>5000.0" t="Ar40>5000.0", ctx="{'Ar40': 468.8351594548335}"
GetData ===>> H2,-0.130387464862498,H1,461.322222177859,AX,5.07224016400831,L1,0.0266756724419854,L2,-0.0221886...
testing Ar40>5000.0
evaluate ot="Ar40>5000.0" t="Ar40>5000.0", ctx="{'Ar40': 468.83120678735486}"
testing Ar40>5000.0
evaluate ot="Ar40>5000.0" t="Ar40>5000.0", ctx="{'Ar40': 468.83120678735486}"
GetData ===>> H2,-0.168355733101148,H1,461.107645052704,AX,5.10310449498297,L1,0.0300990648585533,L2,0.19147807...
Get Checksum: -860229079
testing Ar40>5000.0
evaluate ot="Ar40>5000.0" t="Ar40>5000.0", ctx="{'Ar40': 468.80616888578805}"
testing Ar40>5000.0
evaluate ot="Ar40>5000.0" t="Ar40>5000.0", ctx="{'Ar40': 468.80616888578805}"
GetData ===>> H2,-0.219982144436445,H1,460.789801714979,AX,5.11849262933294,L1,0.0200807453180382,L2,-0.0844420...
testing Ar40>5000.0
evaluate ot="Ar40>5000.0" t="Ar40>5000.0", ctx="{'Ar40': 468.71210476779015}"
testing Ar40>5000.0
evaluate ot="Ar40>5000.0" t="Ar40>5000.0", ctx="{'Ar40': 468.71210476779015}"
GetData ===>> H2,-0.222476953271552,H1,460.687477469745,AX,5.09369188603042,L1,0.0271020316464007,L2,0.00510627...
Get Checksum: -860229079
testing Ar40>5000.0
evaluate ot="Ar40>5000.0" t="Ar40>5000.0", ctx="{'Ar40': 468.6887654687376}"
testing Ar40>5000.0
evaluate ot="Ar40>5000.0" t="Ar40>5000.0", ctx="{'Ar40': 468.6887654687376}"
GetData ===>> H2,-0.199173742535941,H1,460.868319830184,AX,5.09614312481765,L1,0.0401356982588329,L2,0.05059610...
testing Ar40>5000.0
evaluate ot="Ar40>5000.0" t="Ar40>5000.0", ctx="{'Ar40': 468.8483650085185}"
testing Ar40>5000.0
evaluate ot="Ar40>5000.0" t="Ar40>5000.0", ctx="{'Ar40': 468.8483650085185}"
GetData ===>> H2,-0.15679913981714,H1,460.475874375744,AX,5.15422890205281,L1,0.0261004163402837,L2,0.088470674...
testing Ar40>5000.0
evaluate ot="Ar40>5000.0" t="Ar40>5000.0", ctx="{'Ar40': 468.8617103256588}"
testing Ar40>5000.0
evaluate ot="Ar40>5000.0" t="Ar40>5000.0", ctx="{'Ar40': 468.8617103256588}"
GetData ===>> H2,-0.279604217480073,H1,460.121105456113,AX,5.15649112162113,L1,0.0318929059546321,L2,0.02557972...
Get Checksum: -860229079
testing Ar40>5000.0
evaluate ot="Ar40>5000.0" t="Ar40>5000.0", ctx="{'Ar40': 468.79274202790293}"
testing Ar40>5000.0
evaluate ot="Ar40>5000.0" t="Ar40>5000.0", ctx="{'Ar40': 468.79274202790293}"
GetData ===>> H2,-0.213072943365954,H1,460.080805296551,AX,5.11820698111754,L1,0.0529108779556365,L2,0.03187311...
testing Ar40>5000.0
evaluate ot="Ar40>5000.0" t="Ar40>5000.0", ctx="{'Ar40': 468.79738178782304}"
testing Ar40>5000.0
evaluate ot="Ar40>5000.0" t="Ar40>5000.0", ctx="{'Ar40': 468.79738178782304}"
GetData ===>> H2,-0.282606332187863,H1,459.987472647129,AX,5.04880795607582,L1,0.0733872015215435,L2,-0.0115793...
testing Ar40>5000.0
evaluate ot="Ar40>5000.0" t="Ar40>5000.0", ctx="{'Ar40': 468.83192551139166}"
testing Ar40>5000.0
evaluate ot="Ar40>5000.0" t="Ar40>5000.0", ctx="{'Ar40': 468.83192551139166}"
GetData ===>> H2,-0.223211011916446,H1,459.876038194439,AX,5.09958210004326,L1,0.0553013950288004,L2,0.02251298...
Get Checksum: -860229079
testing Ar40>5000.0
evaluate ot="Ar40>5000.0" t="Ar40>5000.0", ctx="{'Ar40': 468.87947849264697}"
testing Ar40>5000.0
evaluate ot="Ar40>5000.0" t="Ar40>5000.0", ctx="{'Ar40': 468.87947849264697}"
GetData ===>> H2,-0.264131066931291,H1,459.826984634015,AX,5.07351309934337,L1,0.0408705075772004,L2,0.08020797...
testing Ar40>5000.0
evaluate ot="Ar40>5000.0" t="Ar40>5000.0", ctx="{'Ar40': 468.9554332278303}"
testing Ar40>5000.0
evaluate ot="Ar40>5000.0" t="Ar40>5000.0", ctx="{'Ar40': 468.9554332278303}"
GetData ===>> H2,-0.0637354175698999,H1,459.74042416431,AX,5.17959250578149,L1,0.0569090262044296,L2,0.13144822...
testing Ar40>5000.0
evaluate ot="Ar40>5000.0" t="Ar40>5000.0", ctx="{'Ar40': 469.03668757313443}"
testing Ar40>5000.0
evaluate ot="Ar40>5000.0" t="Ar40>5000.0", ctx="{'Ar40': 469.03668757313443}"
GetData ===>> H2,-0.104878114231692,H1,459.180367416732,AX,5.14625201020554,L1,0.0466046508240354,L2,-0.0314523...
Get Checksum: -860229079
testing Ar40>5000.0
evaluate ot="Ar40>5000.0" t="Ar40>5000.0", ctx="{'Ar40': 468.97187545937817}"
testing Ar40>5000.0
evaluate ot="Ar40>5000.0" t="Ar40>5000.0", ctx="{'Ar40': 468.97187545937817}"
GetData ===>> H2,-0.15567106904779,H1,459.157256610336,AX,5.12521750035766,L1,0.041882010216575,L2,0.0261839639...
testing Ar40>5000.0
evaluate ot="Ar40>5000.0" t="Ar40>5000.0", ctx="{'Ar40': 468.96272490396365}"
testing Ar40>5000.0
evaluate ot="Ar40>5000.0" t="Ar40>5000.0", ctx="{'Ar40': 468.96272490396365}"
GetData ===>> H2,-0.191527385934888,H1,459.034113506093,AX,5.17257817040845,L1,0.038805721241572,L2,0.073828204...
testing Ar40>5000.0
evaluate ot="Ar40>5000.0" t="Ar40>5000.0", ctx="{'Ar40': 468.9657665631705}"
testing Ar40>5000.0
evaluate ot="Ar40>5000.0" t="Ar40>5000.0", ctx="{'Ar40': 468.9657665631705}"
GetData ===>> H2,-0.177803895242103,H1,458.362302278881,AX,5.10465153201585,L1,0.0567573973633483,L2,0.03001469...
Get Checksum: -860229079
testing Ar40>5000.0
evaluate ot="Ar40>5000.0" t="Ar40>5000.0", ctx="{'Ar40': 468.82828443568695}"
testing Ar40>5000.0
evaluate ot="Ar40>5000.0" t="Ar40>5000.0", ctx="{'Ar40': 468.82828443568695}"
GetData ===>> H2,-0.110305400566894,H1,458.23837195964,AX,5.10743625905293,L1,0.0818430159003608,L2,0.063061131...
testing Ar40>5000.0
evaluate ot="Ar40>5000.0" t="Ar40>5000.0", ctx="{'Ar40': 468.73240028094057}"
testing Ar40>5000.0
evaluate ot="Ar40>5000.0" t="Ar40>5000.0", ctx="{'Ar40': 468.73240028094057}"
GetData ===>> H2,-0.192336193776314,H1,458.364225567783,AX,5.15808661253736,L1,0.0848208519099921,L2,0.04308138...
testing Ar40>5000.0
evaluate ot="Ar40>5000.0" t="Ar40>5000.0", ctx="{'Ar40': 468.73149136245854}"
testing Ar40>5000.0
evaluate ot="Ar40>5000.0" t="Ar40>5000.0", ctx="{'Ar40': 468.73149136245854}"
GetData ===>> H2,-0.278419893435426,H1,458.118415525597,AX,5.1545146532773,L1,0.0423487067330432,L2,0.143193454...
Get Checksum: -860229079
testing Ar40>5000.0
evaluate ot="Ar40>5000.0" t="Ar40>5000.0", ctx="{'Ar40': 468.7127895138977}"
testing Ar40>5000.0
evaluate ot="Ar40>5000.0" t="Ar40>5000.0", ctx="{'Ar40': 468.7127895138977}"
GetData ===>> H2,-0.250144371361425,H1,458.099152698479,AX,5.18496374738461,L1,0.0383151410692327,L2,0.03651361...
testing Ar40>5000.0
evaluate ot="Ar40>5000.0" t="Ar40>5000.0", ctx="{'Ar40': 468.73279366787904}"
testing Ar40>5000.0
evaluate ot="Ar40>5000.0" t="Ar40>5000.0", ctx="{'Ar40': 468.73279366787904}"
GetData ===>> H2,-0.183943349221751,H1,457.910648190002,AX,5.11905202612074,L1,0.0488493796576848,L2,-0.0568459...
testing Ar40>5000.0
evaluate ot="Ar40>5000.0" t="Ar40>5000.0", ctx="{'Ar40': 468.7444245104057}"
testing Ar40>5000.0
evaluate ot="Ar40>5000.0" t="Ar40>5000.0", ctx="{'Ar40': 468.7444245104057}"
GetData ===>> H2,-0.183897484326678,H1,457.392545917674,AX,5.15631252347721,L1,0.0309520908316006,L2,0.03379997...
Get Checksum: -860229079
testing Ar40>5000.0
evaluate ot="Ar40>5000.0" t="Ar40>5000.0", ctx="{'Ar40': 468.6791009499378}"
testing Ar40>5000.0
evaluate ot="Ar40>5000.0" t="Ar40>5000.0", ctx="{'Ar40': 468.6791009499378}"
10:32:28 -- collecting point 50
GetData ===>> H2,-0.132282002784174,H1,457.525404053752,AX,5.12074213757195,L1,0.0401982331388877,L2,0.03785905...
testing Ar40>5000.0
evaluate ot="Ar40>5000.0" t="Ar40>5000.0", ctx="{'Ar40': 468.68933395357}"
testing age>100.0
evaluate ot="age>100.0" t="age>100.0", ctx="{'age': 546.3424590370449}"
condition age>100.0 is true trips=1/1
10:32:29 -- Conditional tripped: age>100.0 condition age>100.0 is True
10:32:29 -- truncation conditional condition age>100.0 is True. measurement iteration executed 50/400 counts
state changed from measurement to truncated
measurement finished
estimated time: 419.430 actual time: :52.707
flush and close file /Users/jan/PychronDev/data/isotopes/6d/f1b2d3-eae2-4cf9-8e38-325ab77d3513.h5
baselines () {'settling_time': 15.0, 'detector': 'H1', 'mass': 34.2, 'ncounts': 120}
%%%%%%%%%%%%%%%%%%%%%%%%%%%%%%%% Baseline
build tables- baseline [Detector(H2), Detector(H1), Detector(AX), Detector(L1), Detector(L2), Detector(CDD)]
add group baseline table H2
add group baseline table H1
add group baseline table AX
add group baseline table L1
add group baseline table L2
add group baseline table CDD
flush and close file /Users/jan/PychronDev/data/isotopes/6d/f1b2d3-eae2-4cf9-8e38-325ab77d3513.h5
detector Detector(H1)
POSITION 34.2 H1
Mapping mass to dac mass func: "parabolic"
H1 map mass coeffs = [-0.00063987  0.15840543  0.57060999]
H1 map mass to dac 34.2 >> 5.23965599104
GetDeflection H1 ===>> 0
GetHighVoltage ===>> 4499.94659342336
positioning 34.2 (5.2396251352) on H1
setting magnet DAC
current  : 5.878965
requested: 5.239625
Delta Dac: 0.639340
Checking detector protection. dv=0.63934
Checking detector "CDD". Protection Threshold: 0.1 (V)
ProtectDetector CDD,On ===>> OK
GetDeflection CDD ===>> 2000
SetMagnetDAC 5.2396251352 ===>> OK
Magnet settling time: 0.500
loading system conditionals pre_run_terminations
loading conditionals from /Users/jan/PychronDev/setupfiles/spectrometer/default_conditionals.yaml
loading queue conditionals pre_run_terminations
loading system conditionals None
loading conditionals from /Users/jan/PychronDev/setupfiles/spectrometer/default_conditionals.yaml
loading queue conditionals None
loading system conditionals post_run_terminations
loading conditionals from /Users/jan/PychronDev/setupfiles/spectrometer/default_conditionals.yaml
loading queue conditionals post_run_terminations
Show conditionals active run: <pychron.experiment.automated_run.automated_run.AutomatedRun object at 0x13ed12d10>
Show conditionals measuring run: <pychron.experiment.automated_run.automated_run.AutomatedRun object at 0x13ed12d10>
active_run same as measuring_run: True
******** Exception trying to open conditionals. Notify developer ********
Traceback (most recent call last):
  File "/Users/jan/Programming/git/pychron_dev/pychron/experiment/experiment_executor.py", line 1048, in _show_conditionals
    self._cv_info = open_view(v, kind=kind)
  File "/Users/jan/Programming/git/pychron_dev/pychron/envisage/view_util.py", line 25, in open_view
    info = obj.edit_traits(**kw)
  File "/Users/jan/anaconda/lib/python2.7/site-packages/traits/has_traits.py", line 2089, in edit_traits
    handler, id, scrollable, args )
  File "/Users/jan/anaconda/lib/python2.7/site-packages/traitsui/view.py", line 433, in ui
    ui.ui( parent, kind )
  File "/Users/jan/anaconda/lib/python2.7/site-packages/traitsui/ui.py", line 221, in ui
    self.rebuild( self, parent )
  File "/Users/jan/anaconda/lib/python2.7/site-packages/traitsui/qt4/toolkit.py", line 154, in ui_live
    ui_live.ui_live( ui, parent )
  File "/Users/jan/anaconda/lib/python2.7/site-packages/traitsui/qt4/ui_live.py", line 39, in ui_live
    _ui_dialog(ui, parent, BaseDialog.NONMODAL)
  File "/Users/jan/anaconda/lib/python2.7/site-packages/traitsui/qt4/ui_live.py", line 59, in _ui_dialog
    BaseDialog.display_ui(ui, parent, style)
  File "/Users/jan/anaconda/lib/python2.7/site-packages/traitsui/qt4/ui_base.py", line 445, in display_ui
    ui.owner.init(ui, parent, style)
  File "/Users/jan/anaconda/lib/python2.7/site-packages/traitsui/qt4/ui_live.py", line 177, in init
    self.add_contents(panel(ui), bbox)
  File "/Users/jan/anaconda/lib/python2.7/site-packages/traitsui/qt4/ui_panel.py", line 231, in panel
    panel = _GroupPanel(content[0], ui).control
  File "/Users/jan/anaconda/lib/python2.7/site-packages/traitsui/qt4/ui_panel.py", line 572, in __init__
    layout = self._add_items(content, inner)
  File "/Users/jan/anaconda/lib/python2.7/site-packages/traitsui/qt4/ui_panel.py", line 840, in _add_items
    editor.prepare(inner)
  File "/Users/jan/anaconda/lib/python2.7/site-packages/traitsui/editor.py", line 158, in prepare
    self.update_editor()
  File "/Users/jan/anaconda/lib/python2.7/site-packages/traitsui/qt4/list_editor.py", line 586, in update_editor
    ui, view_object, monitoring = self._create_page(object)
  File "/Users/jan/anaconda/lib/python2.7/site-packages/traitsui/qt4/list_editor.py", line 737, in _create_page
    kind   = factory.ui_kind ).set(
  File "/Users/jan/anaconda/lib/python2.7/site-packages/traits/has_traits.py", line 2089, in edit_traits
    handler, id, scrollable, args )
  File "/Users/jan/anaconda/lib/python2.7/site-packages/traitsui/view.py", line 433, in ui
    ui.ui( parent, kind )
  File "/Users/jan/anaconda/lib/python2.7/site-packages/traitsui/ui.py", line 221, in ui
    self.rebuild( self, parent )
  File "/Users/jan/anaconda/lib/python2.7/site-packages/traitsui/qt4/toolkit.py", line 140, in ui_subpanel
    ui_panel.ui_subpanel( ui, parent )
  File "/Users/jan/anaconda/lib/python2.7/site-packages/traitsui/qt4/ui_panel.py", line 79, in ui_subpanel
    _ui_panel_for(ui, parent, True)
  File "/Users/jan/anaconda/lib/python2.7/site-packages/traitsui/qt4/ui_panel.py", line 85, in _ui_panel_for
    ui.control = control = _Panel(ui, parent, is_subpanel).control
  File "/Users/jan/Programming/git/pychron_dev/launchers/helpers.py", line 122, in __init__
    self.control = panel(ui)
  File "/Users/jan/anaconda/lib/python2.7/site-packages/traitsui/qt4/ui_panel.py", line 231, in panel
    panel = _GroupPanel(content[0], ui).control
  File "/Users/jan/anaconda/lib/python2.7/site-packages/traitsui/qt4/ui_panel.py", line 572, in __init__
    layout = self._add_items(content, inner)
  File "/Users/jan/anaconda/lib/python2.7/site-packages/traitsui/qt4/ui_panel.py", line 840, in _add_items
    editor.prepare(inner)
  File "/Users/jan/anaconda/lib/python2.7/site-packages/traitsui/editor.py", line 156, in prepare
    self.init( parent )
  File "/Users/jan/anaconda/lib/python2.7/site-packages/traitsui/qt4/tabular_editor.py", line 141, in init
    control = self.control = self.widget_factory(self)
  File "/Users/jan/anaconda/lib/python2.7/site-packages/traitsui/qt4/tabular_editor.py", line 126, in <lambda>
    widget_factory = Callable(lambda *args, **kwds: _TableView(*args, **kwds))
  File "/Users/jan/anaconda/lib/python2.7/site-packages/traitsui/qt4/tabular_editor.py", line 592, in __init__
    self.setModel(editor.model)
AttributeError: 'PySide.QtGui.QTabBar' object has no attribute 'updateGeometries'

GetMagnetMoving ===>> True
GetMagnetMoving ===>> True
GetMagnetMoving ===>> True
Get Checksum: -860229079
GetMagnetMoving ===>> True
GetMagnetMoving ===>> True
GetMagnetMoving ===>> True
GetMagnetMoving ===>> True
GetMagnetMoving ===>> True
GetMagnetMoving ===>> False
ProtectDetector CDD,Off ===>> OK
GetDeflection CDD ===>> 50
Delaying 15.0s for detectors to settle
Get Checksum: -860229079
Get Checksum: -860229079
Get Checksum: -860229079
Get Checksum: -860229079
Get Checksum: -860229079
Join finished
measuring baseline. ncounts=120.0
starting measurement
GetData ===>> H2,-0.192852452557183,H1,-0.0120616569317054,AX,-0.0400488493580873,L1,-0.0288453244322309,L2,-0....
testing Ar40>5000.0
evaluate ot="Ar40>5000.0" t="Ar40>5000.0", ctx="{'Ar40': 468.68933395357}"
GetData ===>> H2,-0.190216994550793,H1,-0.0684969248543997,AX,-0.0733121105203691,L1,-0.00497942970869805,L2,-0...
Get Checksum: -860229079
testing Ar40>5000.0
evaluate ot="Ar40>5000.0" t="Ar40>5000.0", ctx="{'Ar40': 468.7028160627069}"
GetData ===>> H2,-0.133238217952896,H1,-0.100641139784963,AX,0.0678606001686057,L1,-0.0216913225489581,L2,-0.04...
testing Ar40>5000.0
evaluate ot="Ar40>5000.0" t="Ar40>5000.0", ctx="{'Ar40': 468.7229366790042}"
GetData ===>> H2,-0.206917842177211,H1,-0.0719537875751407,AX,-0.0854829963605416,L1,-0.0143053379436908,L2,-0....
Get Checksum: -860229079
testing Ar40>5000.0
evaluate ot="Ar40>5000.0" t="Ar40>5000.0", ctx="{'Ar40': 468.7258251491004}"
GetData ===>> H2,-0.249354871564756,H1,-0.0067897195543452,AX,-0.105497894953164,L1,-0.00989285512078793,L2,0.0...
testing Ar40>5000.0
evaluate ot="Ar40>5000.0" t="Ar40>5000.0", ctx="{'Ar40': 468.71452541755394}"
GetData ===>> H2,-0.184222581485392,H1,-0.0663393051788084,AX,-0.117479367037756,L1,-0.000471648767203722,L2,0....
testing Ar40>5000.0
evaluate ot="Ar40>5000.0" t="Ar40>5000.0", ctx="{'Ar40': 468.71691719412706}"
GetData ===>> H2,-0.117620813138417,H1,-0.0483851517524279,AX,-0.101326049635024,L1,0.00620479136259048,L2,0.01...
Get Checksum: -860229079
testing Ar40>5000.0
evaluate ot="Ar40>5000.0" t="Ar40>5000.0", ctx="{'Ar40': 468.7160607269041}"
GetData ===>> H2,-0.144660581215397,H1,-0.0873175014025616,AX,-0.000892851179334297,L1,-0.0230074656290088,L2,-...
testing Ar40>5000.0
evaluate ot="Ar40>5000.0" t="Ar40>5000.0", ctx="{'Ar40': 468.72028492019314}"
GetData ===>> H2,-0.170982980293638,H1,-0.00290118962358292,AX,-0.0898641425988538,L1,-0.028146924968166,L2,-0....
testing Ar40>5000.0
evaluate ot="Ar40>5000.0" t="Ar40>5000.0", ctx="{'Ar40': 468.71419081366474}"
GetData ===>> H2,-0.128215402837221,H1,-0.0597588738966202,AX,-0.0191737965216103,L1,-0.0189326170415557,L2,-0....
Get Checksum: -860229079
testing Ar40>5000.0
evaluate ot="Ar40>5000.0" t="Ar40>5000.0", ctx="{'Ar40': 468.7150012968693}"
testing Ar40>5000.0
evaluate ot="Ar40>5000.0" t="Ar40>5000.0", ctx="{'Ar40': 468.7150012968693}"
GetData ===>> H2,-0.0809843712362096,H1,-0.0730146628753701,AX,-0.0807655098679557,L1,-0.0449049503658154,L2,-0...
testing Ar40>5000.0
evaluate ot="Ar40>5000.0" t="Ar40>5000.0", ctx="{'Ar40': 468.7168694912166}"
testing Ar40>5000.0
evaluate ot="Ar40>5000.0" t="Ar40>5000.0", ctx="{'Ar40': 468.7168694912166}"
GetData ===>> H2,-0.191592092689428,H1,-0.0309643983285256,AX,-0.101824362789266,L1,-0.00821773884477216,L2,0.0...
testing Ar40>5000.0
evaluate ot="Ar40>5000.0" t="Ar40>5000.0", ctx="{'Ar40': 468.714922131127}"
testing Ar40>5000.0
evaluate ot="Ar40>5000.0" t="Ar40>5000.0", ctx="{'Ar40': 468.714922131127}"
GetData ===>> H2,-0.230589356225253,H1,0.00944529768494036,AX,-0.0429825951395346,L1,-0.00589105910641382,L2,-0...
Get Checksum: -860229079
testing Ar40>5000.0
evaluate ot="Ar40>5000.0" t="Ar40>5000.0", ctx="{'Ar40': 468.7101659267426}"
testing Ar40>5000.0
evaluate ot="Ar40>5000.0" t="Ar40>5000.0", ctx="{'Ar40': 468.7101659267426}"
GetData ===>> H2,-0.13775852331179,H1,-0.0650637843741418,AX,-0.0766505621581393,L1,0.00104899759794467,L2,-0.0...
testing Ar40>5000.0
evaluate ot="Ar40>5000.0" t="Ar40>5000.0", ctx="{'Ar40': 468.71141125741724}"
testing Ar40>5000.0
evaluate ot="Ar40>5000.0" t="Ar40>5000.0", ctx="{'Ar40': 468.71141125741724}"
GetData ===>> H2,-0.206793870509691,H1,-0.0248825177597166,AX,-0.0948013884305139,L1,-0.0259256203651009,L2,0.0...
testing Ar40>5000.0
evaluate ot="Ar40>5000.0" t="Ar40>5000.0", ctx="{'Ar40': 468.70981179289436}"
testing Ar40>5000.0
evaluate ot="Ar40>5000.0" t="Ar40>5000.0", ctx="{'Ar40': 468.70981179289436}"
GetData ===>> H2,-0.2602137300305,H1,-0.0163911173051588,AX,-0.079872986693473,L1,-0.0300850736391447,L2,-0.004...
Get Checksum: -860229079
testing Ar40>5000.0
evaluate ot="Ar40>5000.0" t="Ar40>5000.0", ctx="{'Ar40': 468.7078815489084}"
testing Ar40>5000.0
evaluate ot="Ar40>5000.0" t="Ar40>5000.0", ctx="{'Ar40': 468.7078815489084}"
GetData ===>> H2,-0.154591528545466,H1,-0.0513181220335167,AX,-0.0155086029742392,L1,-0.053123693970301,L2,-0.0...
testing Ar40>5000.0
evaluate ot="Ar40>5000.0" t="Ar40>5000.0", ctx="{'Ar40': 468.7082329221401}"
testing Ar40>5000.0
evaluate ot="Ar40>5000.0" t="Ar40>5000.0", ctx="{'Ar40': 468.7082329221401}"
GetData ===>> H2,-0.202360990525461,H1,0.014634855580309,AX,-0.0688258857560484,L1,-0.0222235541504358,L2,0.029...
testing Ar40>5000.0
evaluate ot="Ar40>5000.0" t="Ar40>5000.0", ctx="{'Ar40': 468.70488119958975}"
testing Ar40>5000.0
evaluate ot="Ar40>5000.0" t="Ar40>5000.0", ctx="{'Ar40': 468.70488119958975}"
GetData ===>> H2,-0.317046830848255,H1,-0.115666835527484,AX,-0.181348117565723,L1,0.00297203786247647,L2,-0.07...
Get Checksum: -860229079
testing Ar40>5000.0
evaluate ot="Ar40>5000.0" t="Ar40>5000.0", ctx="{'Ar40': 468.70874027368194}"
testing Ar40>5000.0
evaluate ot="Ar40>5000.0" t="Ar40>5000.0", ctx="{'Ar40': 468.70874027368194}"
GetData ===>> H2,-0.294866968159101,H1,0.00866986960816902,AX,0.00256421104442704,L1,-0.0307689664778489,L2,0.0...
testing Ar40>5000.0
evaluate ot="Ar40>5000.0" t="Ar40>5000.0", ctx="{'Ar40': 468.7059966051081}"
testing Ar40>5000.0
evaluate ot="Ar40>5000.0" t="Ar40>5000.0", ctx="{'Ar40': 468.7059966051081}"
GetData ===>> H2,-0.224917345659311,H1,-0.106575427241151,AX,0.00614901261090581,L1,-0.0442357147093375,L2,-0.0...
testing Ar40>5000.0
evaluate ot="Ar40>5000.0" t="Ar40>5000.0", ctx="{'Ar40': 468.7090021095818}"
testing Ar40>5000.0
evaluate ot="Ar40>5000.0" t="Ar40>5000.0", ctx="{'Ar40': 468.7090021095818}"
GetData ===>> H2,-0.192388764285307,H1,0.0610545890178617,AX,-0.0533137783281003,L1,0.00534822524617429,L2,-0.1...
Get Checksum: -860229079
testing Ar40>5000.0
evaluate ot="Ar40>5000.0" t="Ar40>5000.0", ctx="{'Ar40': 468.7041148401824}"
testing Ar40>5000.0
evaluate ot="Ar40>5000.0" t="Ar40>5000.0", ctx="{'Ar40': 468.7041148401824}"
GetData ===>> H2,-0.255096651168195,H1,-0.0335759159758585,AX,-0.0816464338042589,L1,0.00781014923563439,L2,-0....
testing Ar40>5000.0
evaluate ot="Ar40>5000.0" t="Ar40>5000.0", ctx="{'Ar40': 468.70376692051315}"
testing Ar40>5000.0
evaluate ot="Ar40>5000.0" t="Ar40>5000.0", ctx="{'Ar40': 468.70376692051315}"
GetData ===>> H2,-0.257065933158202,H1,-0.0317752878147946,AX,-0.0721065303902182,L1,0.00629237155443318,L2,-0....
testing Ar40>5000.0
evaluate ot="Ar40>5000.0" t="Ar40>5000.0", ctx="{'Ar40': 468.7033729679763}"
testing Ar40>5000.0
evaluate ot="Ar40>5000.0" t="Ar40>5000.0", ctx="{'Ar40': 468.7033729679763}"
10:33:12 -- collecting point 25
GetData ===>> H2,-0.272067806701176,H1,-0.00754116651073815,AX,-0.00781820715859378,L1,0.0195365363999935,L2,-0...
Get Checksum: -860229079
testing Ar40>5000.0
evaluate ot="Ar40>5000.0" t="Ar40>5000.0", ctx="{'Ar40': 468.70204116679025}"
testing Ar40>5000.0
evaluate ot="Ar40>5000.0" t="Ar40>5000.0", ctx="{'Ar40': 468.70204116679025}"
GetData ===>> H2,-0.262864435315509,H1,-0.0633590909983937,AX,-0.0611744826135271,L1,-0.0222667068298963,L2,0.0...
testing Ar40>5000.0
evaluate ot="Ar40>5000.0" t="Ar40>5000.0", ctx="{'Ar40': 468.70295865509877}"
testing Ar40>5000.0
evaluate ot="Ar40>5000.0" t="Ar40>5000.0", ctx="{'Ar40': 468.70295865509877}"
GetData ===>> H2,-0.225379237001204,H1,0.0409208174096733,AX,-0.00979016144766682,L1,-0.0371731009509404,L2,0.0...
Get Checksum: -860229079
testing Ar40>5000.0
evaluate ot="Ar40>5000.0" t="Ar40>5000.0", ctx="{'Ar40': 468.69994596248046}"
testing Ar40>5000.0
evaluate ot="Ar40>5000.0" t="Ar40>5000.0", ctx="{'Ar40': 468.69994596248046}"
GetData ===>> H2,-0.217155286320898,H1,-0.0454282491729295,AX,-0.0426231290668368,L1,-0.0287183463192333,L2,-0....
testing Ar40>5000.0
evaluate ot="Ar40>5000.0" t="Ar40>5000.0", ctx="{'Ar40': 468.7002323574271}"
testing Ar40>5000.0
evaluate ot="Ar40>5000.0" t="Ar40>5000.0", ctx="{'Ar40': 468.7002323574271}"
GetData ===>> H2,-0.200426367994157,H1,-0.0360919712647732,AX,-0.0367903165840201,L1,-0.0428348446236874,L2,-0....
testing Ar40>5000.0
evaluate ot="Ar40>5000.0" t="Ar40>5000.0", ctx="{'Ar40': 468.7001770603806}"
testing Ar40>5000.0
evaluate ot="Ar40>5000.0" t="Ar40>5000.0", ctx="{'Ar40': 468.7001770603806}"
GetData ===>> H2,-0.215926404710665,H1,0.00159585697099303,AX,-0.0320588719326918,L1,-0.0688051679604197,L2,0.0...
Get Checksum: -860229079
testing Ar40>5000.0
evaluate ot="Ar40>5000.0" t="Ar40>5000.0", ctx="{'Ar40': 468.69886918886266}"
testing Ar40>5000.0
evaluate ot="Ar40>5000.0" t="Ar40>5000.0", ctx="{'Ar40': 468.69886918886266}"
GetData ===>> H2,-0.162587686173242,H1,0.00621239877076643,AX,0.0355400819062768,L1,-0.068151213584369,L2,-0.16...
testing Ar40>5000.0
evaluate ot="Ar40>5000.0" t="Ar40>5000.0", ctx="{'Ar40': 468.69749677544917}"
testing Ar40>5000.0
evaluate ot="Ar40>5000.0" t="Ar40>5000.0", ctx="{'Ar40': 468.69749677544917}"
GetData ===>> H2,-0.155660260641162,H1,-0.0444386211355006,AX,-0.0736598712436622,L1,-0.038326788731918,L2,0.06...
testing Ar40>5000.0
evaluate ot="Ar40>5000.0" t="Ar40>5000.0", ctx="{'Ar40': 468.697792982246}"
testing Ar40>5000.0
evaluate ot="Ar40>5000.0" t="Ar40>5000.0", ctx="{'Ar40': 468.697792982246}"
GetData ===>> H2,-0.192646221456581,H1,-0.0459170979659749,AX,-0.0877199554642785,L1,-0.0715508330202835,L2,0.0...
Get Checksum: -860229079
testing Ar40>5000.0
evaluate ot="Ar40>5000.0" t="Ar40>5000.0", ctx="{'Ar40': 468.698116039444}"
testing Ar40>5000.0
evaluate ot="Ar40>5000.0" t="Ar40>5000.0", ctx="{'Ar40': 468.698116039444}"
GetData ===>> H2,-0.240467509808991,H1,0.0272460059282721,AX,-0.166859294514303,L1,-0.0637182643042201,L2,0.035...
testing Ar40>5000.0
evaluate ot="Ar40>5000.0" t="Ar40>5000.0", ctx="{'Ar40': 468.69626823728055}"
testing Ar40>5000.0
evaluate ot="Ar40>5000.0" t="Ar40>5000.0", ctx="{'Ar40': 468.69626823728055}"
GetData ===>> H2,-0.253865171216352,H1,0.0333672220361737,AX,-0.144403149591449,L1,-0.0382081914219068,L2,-0.07...
testing Ar40>5000.0
evaluate ot="Ar40>5000.0" t="Ar40>5000.0", ctx="{'Ar40': 468.6943511319233}"
testing Ar40>5000.0
evaluate ot="Ar40>5000.0" t="Ar40>5000.0", ctx="{'Ar40': 468.6943511319233}"
GetData ===>> H2,-0.155983157344205,H1,-0.0335520668079291,AX,-0.12927399774425,L1,-0.00503341006438276,L2,-0.0...
testing Ar40>5000.0
evaluate ot="Ar40>5000.0" t="Ar40>5000.0", ctx="{'Ar40': 468.6943994015538}"
testing Ar40>5000.0
evaluate ot="Ar40>5000.0" t="Ar40>5000.0", ctx="{'Ar40': 468.6943994015538}"
GetData ===>> H2,-0.269946065443887,H1,0.0290477285266324,AX,-0.0443392777096606,L1,-0.0213796423212641,L2,-0.0...
testing Ar40>5000.0
evaluate ot="Ar40>5000.0" t="Ar40>5000.0", ctx="{'Ar40': 468.69275317565473}"
testing Ar40>5000.0
evaluate ot="Ar40>5000.0" t="Ar40>5000.0", ctx="{'Ar40': 468.69275317565473}"
GetData ===>> H2,-0.325321422070463,H1,-0.0268740762099593,AX,0.0451262973148993,L1,0.00145590245584955,L2,-0.0...
Get Checksum: -860229079
testing Ar40>5000.0
evaluate ot="Ar40>5000.0" t="Ar40>5000.0", ctx="{'Ar40': 468.69266521966443}"
testing Ar40>5000.0
evaluate ot="Ar40>5000.0" t="Ar40>5000.0", ctx="{'Ar40': 468.69266521966443}"
GetData ===>> H2,-0.293825399856955,H1,-0.0392280084968054,AX,0.0281827795606444,L1,-0.0332310745574273,L2,0.10...
testing Ar40>5000.0
evaluate ot="Ar40>5000.0" t="Ar40>5000.0", ctx="{'Ar40': 468.6928985417323}"
testing Ar40>5000.0
evaluate ot="Ar40>5000.0" t="Ar40>5000.0", ctx="{'Ar40': 468.6928985417323}"
GetData ===>> H2,-0.219891879151091,H1,0.0692190501803359,AX,0.0608325599356333,L1,-0.0552511187891818,L2,0.016...
testing Ar40>5000.0
evaluate ot="Ar40>5000.0" t="Ar40>5000.0", ctx="{'Ar40': 468.6904090212298}"
testing Ar40>5000.0
evaluate ot="Ar40>5000.0" t="Ar40>5000.0", ctx="{'Ar40': 468.6904090212298}"
GetData ===>> H2,-0.314857081956042,H1,-0.0789505890408158,AX,-0.108603485866913,L1,-0.00825731173548665,L2,0.0...
Get Checksum: -860229079
testing Ar40>5000.0
evaluate ot="Ar40>5000.0" t="Ar40>5000.0", ctx="{'Ar40': 468.6916548343914}"
testing Ar40>5000.0
evaluate ot="Ar40>5000.0" t="Ar40>5000.0", ctx="{'Ar40': 468.6916548343914}"
GetData ===>> H2,-0.385490216248575,H1,-0.0823594155707095,AX,-0.143661092452275,L1,-0.0192671548847983,L2,-0.0...
testing Ar40>5000.0
evaluate ot="Ar40>5000.0" t="Ar40>5000.0", ctx="{'Ar40': 468.6929224856531}"
testing Ar40>5000.0
evaluate ot="Ar40>5000.0" t="Ar40>5000.0", ctx="{'Ar40': 468.6929224856531}"
GetData ===>> H2,-0.234068162502023,H1,-0.0847193043706838,AX,-0.170348400417247,L1,0.00789414361086557,L2,-0.0...
testing Ar40>5000.0
evaluate ot="Ar40>5000.0" t="Ar40>5000.0", ctx="{'Ar40': 468.694186057526}"
testing Ar40>5000.0
evaluate ot="Ar40>5000.0" t="Ar40>5000.0", ctx="{'Ar40': 468.694186057526}"
GetData ===>> H2,-0.146035895790706,H1,-0.0571122740842476,AX,-0.0532442117388014,L1,-0.00886167837124118,L2,-0...
Get Checksum: -860229079
testing Ar40>5000.0
evaluate ot="Ar40>5000.0" t="Ar40>5000.0", ctx="{'Ar40': 468.69476476180716}"
testing Ar40>5000.0
evaluate ot="Ar40>5000.0" t="Ar40>5000.0", ctx="{'Ar40': 468.69476476180716}"
GetData ===>> H2,-0.162144803419515,H1,0.029119320822857,AX,-0.061522286717787,L1,-0.0105426820160232,L2,-0.024...
testing Ar40>5000.0
evaluate ot="Ar40>5000.0" t="Ar40>5000.0", ctx="{'Ar40': 468.69340148823346}"
testing Ar40>5000.0
evaluate ot="Ar40>5000.0" t="Ar40>5000.0", ctx="{'Ar40': 468.69340148823346}"
GetData ===>> H2,-0.149206049451059,H1,-0.0478009319586413,AX,0.130984927063969,L1,-0.0241448676884888,L2,-0.01...
testing Ar40>5000.0
evaluate ot="Ar40>5000.0" t="Ar40>5000.0", ctx="{'Ar40': 468.6937696668321}"
testing Ar40>5000.0
evaluate ot="Ar40>5000.0" t="Ar40>5000.0", ctx="{'Ar40': 468.6937696668321}"
GetData ===>> H2,-0.116580295416509,H1,-0.0347325937980923,AX,0.0400777490332019,L1,-0.0017268791414863,L2,-0.0...
Get Checksum: -860229079
testing Ar40>5000.0
evaluate ot="Ar40>5000.0" t="Ar40>5000.0", ctx="{'Ar40': 468.6938441285083}"
testing Ar40>5000.0
evaluate ot="Ar40>5000.0" t="Ar40>5000.0", ctx="{'Ar40': 468.6938441285083}"
GetData ===>> H2,-0.137966714150292,H1,-0.0482063093206307,AX,-0.000510028186415788,L1,0.0230329599171701,L2,-0...
testing Ar40>5000.0
evaluate ot="Ar40>5000.0" t="Ar40>5000.0", ctx="{'Ar40': 468.69419619002133}"
testing Ar40>5000.0
evaluate ot="Ar40>5000.0" t="Ar40>5000.0", ctx="{'Ar40': 468.69419619002133}"
GetData ===>> H2,-0.202614421788616,H1,0.063656640331611,AX,-0.0648843289699014,L1,0.00987181353119059,L2,-0.00...
Get Checksum: -860229079
testing Ar40>5000.0
evaluate ot="Ar40>5000.0" t="Ar40>5000.0", ctx="{'Ar40': 468.6922509643369}"
testing Ar40>5000.0
evaluate ot="Ar40>5000.0" t="Ar40>5000.0", ctx="{'Ar40': 468.6922509643369}"
10:33:39 -- collecting point 50
GetData ===>> H2,-0.0518868415959655,H1,-0.0428289642676603,AX,-0.0968527056301733,L1,0.00351828667061044,L2,-0...
testing Ar40>5000.0
evaluate ot="Ar40>5000.0" t="Ar40>5000.0", ctx="{'Ar40': 468.6925132597718}"
testing age>100.0
evaluate ot="age>100.0" t="age>100.0", ctx="{'age': 547.3111450512469}"
condition age>100.0 is true trips=1/1
10:33:40 -- Conditional tripped: age>100.0 condition age>100.0 is True
10:33:40 -- truncation conditional condition age>100.0 is True. measurement iteration executed 50/120 counts
measurement finished
estimated time: 125.829 actual time: :52.663
flush and close file /Users/jan/PychronDev/data/isotopes/6d/f1b2d3-eae2-4cf9-8e38-325ab77d3513.h5
activate_detectors ('H1', 'AX', 'L2', 'CDD') {'peak_center': True}
peak_center () {'detector': 'H1', 'integration_time': 0.262144, 'isotope': 'Ar40'}
peak center: mean=458.220243631 threshold=3
peak center started
setup peak center. detector=['H1', 'AX', 'L2', 'CDD'], isotope=Ar40
VersionedUnpickler [<apptools.sweet_pickle.versioned_unpickler.VersionedUnpickler object at 0x133ffa590>] using Updater [<apptools.sweet_pickle.updater.Updater object at 0x13786d7d0>]
VersionedUnpickler [<apptools.sweet_pickle.versioned_unpickler.VersionedUnpickler object at 0x133ffa590>] using Updater [<apptools.sweet_pickle.updater.Updater object at 0x13786d7d0>]
VersionedUnpickler [<apptools.sweet_pickle.versioned_unpickler.VersionedUnpickler object at 0x13c5d12f0>] using Updater [<apptools.sweet_pickle.updater.Updater object at 0x13786d7d0>]
setting integration time = 0.524288
SetIntegrationTime 0.524288 ===>> OK
Mapping mass to dac mass func: "parabolic"
H1 map mass coeffs = [-0.00063987  0.15840543  0.57060999]
H1 map mass to dac 39.9624 >> 5.879
GetDeflection H1 ===>> 0
GetHighVoltage ===>> 4499.94659342336
do peak center. <pychron.spectrometer.jobs.peak_center.PeakCenter object at 0x13786dad0>
doing pc
starting peak center. center dac= 5.87896537912 step_width=0.001
width = 0.001
get scan parameters. half-width=0.015,window=0.015, i=0, scalar=1
Scan parameters center=5.87897 width=0.03000 (5.86397 - 5.89397)
GetData ===>> H2,-0.123999848703525,H1,-0.0815250981324621,AX,0.0389055948100354,L1,-0.00699090206368819,L2,-0....
Moving to starting dac 5.86396537912
setting magnet DAC
current  : 5.239625
requested: 5.863965
Delta Dac: 0.624340
Checking detector protection. dv=0.62434
Checking detector "CDD". Protection Threshold: 0.1 (V)
ProtectDetector CDD,On ===>> OK
GetDeflection CDD ===>> 2000
SetMagnetDAC 5.86396537912 ===>> OK
Magnet settling time: 0.500
loading system conditionals pre_run_terminations
loading conditionals from /Users/jan/PychronDev/setupfiles/spectrometer/default_conditionals.yaml
loading queue conditionals pre_run_terminations
loading system conditionals None
loading conditionals from /Users/jan/PychronDev/setupfiles/spectrometer/default_conditionals.yaml
loading queue conditionals None
loading system conditionals post_run_terminations
loading conditionals from /Users/jan/PychronDev/setupfiles/spectrometer/default_conditionals.yaml
loading queue conditionals post_run_terminations
Show conditionals active run: <pychron.experiment.automated_run.automated_run.AutomatedRun object at 0x13ed12d10>
Show conditionals measuring run: <pychron.experiment.automated_run.automated_run.AutomatedRun object at 0x13ed12d10>
active_run same as measuring_run: True
GetMagnetMoving ===>> True
GetMagnetMoving ===>> True
GetMagnetMoving ===>> True
GetMagnetMoving ===>> True
GetMagnetMoving ===>> True
GetMagnetMoving ===>> True
Get Checksum: -860229079
GetMagnetMoving ===>> True
GetMagnetMoving ===>> True
GetMagnetMoving ===>> True
GetMagnetMoving ===>> False
ProtectDetector CDD,Off ===>> OK
GetDeflection CDD ===>> 50
Wait until signal near baseline. tol= -0.0611438235993. timeout= 10
GetData ===>> H2,23.2108753907049,H1,4.13711239446595,AX,-0.0983361171097144,L1,-0.0449959342403075,L2,0.011387...
GetData ===>> H2,30.1194976602573,H1,12.3102559763154,AX,-0.127026408275706,L1,-0.0925952013757481,L2,-0.161089...
GetData ===>> H2,16.6136645749887,H1,5.93337276920043,AX,0.0359578633904266,L1,-0.106364942817449,L2,-0.1216286...
GetData ===>> H2,7.07840377542049,H1,2.96424499873618,AX,-0.0244625667171717,L1,-0.0915994962795457,L2,-0.07052...
Get Checksum: -860229079
GetData ===>> H2,2.54731640686056,H1,1.65535540348698,AX,0.0489099786761378,L1,-0.0353087108117745,L2,-0.044625...
GetData ===>> H2,0.79571163597616,H1,1.05627943176547,AX,0.0495387198032913,L1,0.018021476414227,L2,-0.03392660...
GetData ===>> H2,0.168543192590181,H1,0.648149913897567,AX,-0.0669246841799152,L1,0.0343565030321564,L2,-0.0211...
GetData ===>> H2,0.0311619038254422,H1,0.48533375063442,AX,0.0491653244324022,L1,0.0299056422431774,L2,-0.01031...
GetData ===>> H2,0.0311619038254422,H1,0.48533375063442,AX,0.0491653244324022,L1,0.0299056422431774,L2,-0.01031...
GetData ===>> H2,0.0574138821010153,H1,0.351707835051962,AX,-0.032024081046623,L1,0.0103111099316252,L2,-0.0180...
Get Checksum: -860229079
GetData ===>> H2,0.0357666904282181,H1,0.38380469296031,AX,-0.15888171963355,L1,-0.00930773523236406,L2,0.12485...
GetData ===>> H2,-0.0134450957435013,H1,0.297145250366504,AX,-0.0677361772014156,L1,-0.0171009468465613,L2,-0.0...
GetData ===>> H2,-0.0508623125397285,H1,0.301229249307977,AX,-0.0390979720641313,L1,-0.0153107920903686,L2,-0.0...
GetData ===>> H2,-0.0555932056750813,H1,0.363130557875802,AX,0.119071504905543,L1,-0.0258338671195518,L2,-0.083...
GetData ===>> H2,-0.0718980600863821,H1,0.40386148131748,AX,0.0573007520235617,L1,-0.0104611562200625,L2,-0.090...
GetData ===>> H2,-0.153548370469986,H1,0.302351781090304,AX,0.0849247034473301,L1,-0.00934850288433968,L2,-0.00...
Get Checksum: -860229079
GetData ===>> H2,-0.100915193715407,H1,0.370348095368134,AX,-0.0345289930579263,L1,-0.0327530210824938,L2,0.017...
GetData ===>> H2,-0.0894975535533435,H1,0.315369291009282,AX,-0.0736019112094466,L1,-0.00859787200084429,L2,0.0...
GetData ===>> H2,-0.0457306640057167,H1,0.334385058663345,AX,-0.0273155997249413,L1,-0.0195759641847524,L2,0.01...
GetData ===>> H2,-0.0462081242109695,H1,0.210226589050566,AX,-0.13766145044074,L1,-0.0284264150671124,L2,0.0073...
GetData ===>> H2,-0.262531074331704,H1,0.210202727207576,AX,-0.0140007301154775,L1,-0.0192166093258529,L2,-0.05...
Peak center failed to move to a baseline position
_do_sweep sm= 5.86396537912, em= 5.89396537912, stm= 0.001
calculated step values: start=5.86396537912, end=5.89396537912, width=0.001, nsteps=31.0
setting magnet DAC
current  : 5.863965
requested: 5.863965
Delta Dac: 0.000000
Checking detector protection. dv=0.00000
Checking detector "CDD". Protection Threshold: 0.1 (V)
SetMagnetDAC 5.86396537912 ===>> OK
GetData ===>> H2,-0.262531074331704,H1,0.210202727207576,AX,-0.0140007301154775,L1,-0.0192166093258529,L2,-0.05...
setting magnet DAC
current  : 5.863965
requested: 5.865000
Delta Dac: 0.001034
Checking detector protection. dv=0.00103
Checking detector "CDD". Protection Threshold: 0.1 (V)
SetMagnetDAC 5.86499986188 ===>> OK
Magnet settling time: 1.049
Get Checksum: -860229079
GetData ===>> H2,-0.177495169788531,H1,0.781836314214313,AX,-0.0110545111195826,L1,-0.0173597380514156,L2,-0.22...
setting magnet DAC
current  : 5.865000
requested: 5.866034
Delta Dac: 0.001034
Checking detector protection. dv=0.00103
Checking detector "CDD". Protection Threshold: 0.1 (V)
SetMagnetDAC 5.86603434464 ===>> OK
Magnet settling time: 1.049
GetData ===>> H2,-0.197676882230922,H1,2.51247003191912,AX,-0.162333050564227,L1,-0.0392335926123818,L2,-0.0460...
setting magnet DAC
current  : 5.866034
requested: 5.867069
Delta Dac: 0.001034
Checking detector protection. dv=0.00103
Checking detector "CDD". Protection Threshold: 0.1 (V)
SetMagnetDAC 5.8670688274 ===>> OK
Magnet settling time: 1.049
GetData ===>> H2,-0.293460291267076,H1,9.60202199082805,AX,-0.00615941467242407,L1,-0.0383878837697419,L2,-0.01...
setting magnet DAC
current  : 5.867069
requested: 5.868103
Delta Dac: 0.001034
Checking detector protection. dv=0.00103
Checking detector "CDD". Protection Threshold: 0.1 (V)
SetMagnetDAC 5.86810331015 ===>> OK
Magnet settling time: 1.049
Get Checksum: -860229079
GetData ===>> H2,-0.201366083118592,H1,44.9777693732263,AX,0.245539741256469,L1,-0.043238363126481,L2,-0.085544...
setting magnet DAC
current  : 5.868103
requested: 5.869138
Delta Dac: 0.001034
Checking detector protection. dv=0.00103
Checking detector "CDD". Protection Threshold: 0.1 (V)
SetMagnetDAC 5.86913779291 ===>> OK
Magnet settling time: 1.049
GetData ===>> H2,-0.217368347415492,H1,119.26594291238,AX,0.889074361042404,L1,-0.0106697650280328,L2,-0.028986...
setting magnet DAC
current  : 5.869138
requested: 5.870172
Delta Dac: 0.001034
Checking detector protection. dv=0.00103
Checking detector "CDD". Protection Threshold: 0.1 (V)
SetMagnetDAC 5.87017227567 ===>> OK
Magnet settling time: 1.049
GetData ===>> H2,-0.236178865832477,H1,231.236037568981,AX,2.09711054880406,L1,-0.00673664152415257,L2,0.044988...
setting magnet DAC
current  : 5.870172
requested: 5.871207
Delta Dac: 0.001034
Checking detector protection. dv=0.00103
Checking detector "CDD". Protection Threshold: 0.1 (V)
SetMagnetDAC 5.87120675843 ===>> OK
Magnet settling time: 1.049
Get Checksum: -860229079
GetData ===>> H2,-0.111877156753542,H1,335.689136742912,AX,3.37409696874805,L1,-0.00582029083226847,L2,-0.14744...
setting magnet DAC
current  : 5.871207
requested: 5.872241
Delta Dac: 0.001034
Checking detector protection. dv=0.00103
Checking detector "CDD". Protection Threshold: 0.1 (V)
SetMagnetDAC 5.87224124119 ===>> OK
Magnet settling time: 1.049
GetData ===>> H2,-0.1825318594012,H1,398.90525098973,AX,4.30780145927688,L1,-0.00743464328143059,L2,-0.02411417...
setting magnet DAC
current  : 5.872241
requested: 5.873276
Delta Dac: 0.001034
Checking detector protection. dv=0.00103
Checking detector "CDD". Protection Threshold: 0.1 (V)
SetMagnetDAC 5.87327572395 ===>> OK
Magnet settling time: 1.049
GetData ===>> H2,-0.222972808858331,H1,427.072208373536,AX,4.69687782384073,L1,-0.0206060436452203,L2,0.0788518...
setting magnet DAC
current  : 5.873276
requested: 5.874310
Delta Dac: 0.001034
Checking detector protection. dv=0.00103
Checking detector "CDD". Protection Threshold: 0.1 (V)
SetMagnetDAC 5.87431020671 ===>> OK
Magnet settling time: 1.049
Get Checksum: -860229079
GetData ===>> H2,-0.174487726544474,H1,436.334794585593,AX,4.72951246695363,L1,0.0289830313770502,L2,-0.0019357...
setting magnet DAC
current  : 5.874310
requested: 5.875345
Delta Dac: 0.001034
Checking detector protection. dv=0.00103
Checking detector "CDD". Protection Threshold: 0.1 (V)
SetMagnetDAC 5.87534468947 ===>> OK
Magnet settling time: 1.049
GetData ===>> H2,-0.0481801483318947,H1,438.851032095061,AX,4.90510321500346,L1,0.0413131026766684,L2,-0.063653...
setting magnet DAC
current  : 5.875345
requested: 5.876379
Delta Dac: 0.001034
Checking detector protection. dv=0.00103
Checking detector "CDD". Protection Threshold: 0.1 (V)
SetMagnetDAC 5.87637917222 ===>> OK
Magnet settling time: 1.049
Get Checksum: -860229079
GetData ===>> H2,0.0366268916538312,H1,439.236518016503,AX,5.03171695613088,L1,0.0864518704332197,L2,0.01938227...
setting magnet DAC
current  : 5.876379
requested: 5.877414
Delta Dac: 0.001034
Checking detector protection. dv=0.00103
Checking detector "CDD". Protection Threshold: 0.1 (V)
SetMagnetDAC 5.87741365498 ===>> OK
Magnet settling time: 1.049
GetData ===>> H2,-0.117886001366801,H1,439.146775929709,AX,5.02291749342751,L1,0.0367846361407375,L2,-0.0580777...
setting magnet DAC
current  : 5.877414
requested: 5.878448
Delta Dac: 0.001034
Checking detector protection. dv=0.00103
Checking detector "CDD". Protection Threshold: 0.1 (V)
SetMagnetDAC 5.87844813774 ===>> OK
Magnet settling time: 1.049
GetData ===>> H2,-0.0696660328537803,H1,439.0375680796,AX,4.87111812698936,L1,0.004452380746755,L2,0.0083127147...
setting magnet DAC
current  : 5.878448
requested: 5.879483
Delta Dac: 0.001034
Checking detector protection. dv=0.00103
Checking detector "CDD". Protection Threshold: 0.1 (V)
SetMagnetDAC 5.8794826205 ===>> OK
Magnet settling time: 1.049
Get Checksum: -860229079
GetData ===>> H2,-0.258387108577003,H1,438.93175704985,AX,4.9088087880951,L1,0.0264775116243613,L2,0.0103853123...
setting magnet DAC
current  : 5.879483
requested: 5.880517
Delta Dac: 0.001034
Checking detector protection. dv=0.00103
Checking detector "CDD". Protection Threshold: 0.1 (V)
SetMagnetDAC 5.88051710326 ===>> OK
Magnet settling time: 1.049
GetData ===>> H2,-0.148953983124828,H1,438.689286208097,AX,4.97705393242968,L1,0.00603384983128627,L2,0.0112963...
setting magnet DAC
current  : 5.880517
requested: 5.881552
Delta Dac: 0.001034
Checking detector protection. dv=0.00103
Checking detector "CDD". Protection Threshold: 0.1 (V)
SetMagnetDAC 5.88155158602 ===>> OK
Magnet settling time: 1.049
GetData ===>> H2,-0.119999167841904,H1,438.235109354419,AX,4.9155551846953,L1,0.013294758614138,L2,0.0910465035...
setting magnet DAC
current  : 5.881552
requested: 5.882586
Delta Dac: 0.001034
Checking detector protection. dv=0.00103
Checking detector "CDD". Protection Threshold: 0.1 (V)
SetMagnetDAC 5.88258606878 ===>> OK
Magnet settling time: 1.049
Get Checksum: -860229079
GetData ===>> H2,-0.152202597733892,H1,437.418236567997,AX,4.97867033012247,L1,0.0290214718113568,L2,-0.0168509...
setting magnet DAC
current  : 5.882586
requested: 5.883621
Delta Dac: 0.001034
Checking detector protection. dv=0.00103
Checking detector "CDD". Protection Threshold: 0.1 (V)
SetMagnetDAC 5.88362055153 ===>> OK
Magnet settling time: 1.049
GetData ===>> H2,-0.162566082538055,H1,434.63620796891,AX,4.86729523204119,L1,0.0804992988058834,L2,0.015213955...
setting magnet DAC
current  : 5.883621
requested: 5.884655
Delta Dac: 0.001034
Checking detector protection. dv=0.00103
Checking detector "CDD". Protection Threshold: 0.1 (V)
SetMagnetDAC 5.88465503429 ===>> OK
Magnet settling time: 1.049
GetData ===>> H2,-0.135653023078367,H1,422.628247625718,AX,4.72084210562551,L1,0.0469727186594564,L2,0.03822168...
setting magnet DAC
current  : 5.884655
requested: 5.885690
Delta Dac: 0.001034
Checking detector protection. dv=0.00103
Checking detector "CDD". Protection Threshold: 0.1 (V)
SetMagnetDAC 5.88568951705 ===>> OK
Magnet settling time: 1.049
Get Checksum: -860229079
GetData ===>> H2,-0.267763947996085,H1,387.277176764248,AX,3.90960046819576,L1,0.050912947029484,L2,-0.14997277...
setting magnet DAC
current  : 5.885690
requested: 5.886724
Delta Dac: 0.001034
Checking detector protection. dv=0.00103
Checking detector "CDD". Protection Threshold: 0.1 (V)
SetMagnetDAC 5.88672399981 ===>> OK
Magnet settling time: 1.049
GetData ===>> H2,-0.364854628570122,H1,310.091157718297,AX,2.81751614943573,L1,-0.0012636861491298,L2,0.0448288...
setting magnet DAC
current  : 5.886724
requested: 5.887758
Delta Dac: 0.001034
Checking detector protection. dv=0.00103
Checking detector "CDD". Protection Threshold: 0.1 (V)
SetMagnetDAC 5.88775848257 ===>> OK
Magnet settling time: 1.049
Get Checksum: -860229079
GetData ===>> H2,-0.352512924071943,H1,202.785168873351,AX,1.53951747600189,L1,0.0023802017139003,L2,0.06358216...
setting magnet DAC
current  : 5.887758
requested: 5.888793
Delta Dac: 0.001034
Checking detector protection. dv=0.00103
Checking detector "CDD". Protection Threshold: 0.1 (V)
SetMagnetDAC 5.88879296533 ===>> OK
Magnet settling time: 1.049
GetData ===>> H2,-0.221209937343867,H1,101.487456943508,AX,0.653432286417046,L1,0.0390233637113398,L2,-0.103882...
setting magnet DAC
current  : 5.888793
requested: 5.889827
Delta Dac: 0.001034
Checking detector protection. dv=0.00103
Checking detector "CDD". Protection Threshold: 0.1 (V)
SetMagnetDAC 5.88982744809 ===>> OK
Magnet settling time: 1.049
GetData ===>> H2,-0.186526183604827,H1,38.7725893771062,AX,0.264671591732433,L1,-0.00592584332999874,L2,0.00951...
setting magnet DAC
current  : 5.889827
requested: 5.890862
Delta Dac: 0.001034
Checking detector protection. dv=0.00103
Checking detector "CDD". Protection Threshold: 0.1 (V)
SetMagnetDAC 5.89086193084 ===>> OK
Magnet settling time: 1.049
Get Checksum: -860229079
GetData ===>> H2,-0.329006171098061,H1,11.7693840533307,AX,-0.0684085520067946,L1,0.034760349999463,L2,0.077256...
setting magnet DAC
current  : 5.890862
requested: 5.891896
Delta Dac: 0.001034
Checking detector protection. dv=0.00103
Checking detector "CDD". Protection Threshold: 0.1 (V)
SetMagnetDAC 5.8918964136 ===>> OK
Magnet settling time: 1.049
GetData ===>> H2,-0.173886142048753,H1,3.02205130832538,AX,0.0883550698641792,L1,0.0258290125386631,L2,-0.03071...
setting magnet DAC
current  : 5.891896
requested: 5.892931
Delta Dac: 0.001034
Checking detector protection. dv=0.00103
Checking detector "CDD". Protection Threshold: 0.1 (V)
SetMagnetDAC 5.89293089636 ===>> OK
Magnet settling time: 1.049
GetData ===>> H2,-0.382370389175511,H1,0.300130613351502,AX,-0.0946970830106603,L1,0.0139568454500811,L2,-0.074...
setting magnet DAC
current  : 5.892931
requested: 5.893965
Delta Dac: 0.001034
Checking detector protection. dv=0.00103
Checking detector "CDD". Protection Threshold: 0.1 (V)
SetMagnetDAC 5.89396537912 ===>> OK
Magnet settling time: 1.049
Get Checksum: -860229079
GetData ===>> H2,-0.215033681335446,H1,0.0609591021824453,AX,-0.127860571252072,L1,-0.0367609519267019,L2,-0.04...
result of _do_sweep=True
result of _calculate_peak_center=([5.8710896276172768, 5.8788150785190805, 5.8865405294208841], [323.86228282843541, 439.23382035858339, 323.78046169740935], 5.8764102688998419, 439.23382035858339)
Failed to find a valid peak. No peak greater than 1.0. max = 0.0886492046002
Failed to find a valid peak. No peak greater than 1.0. max = 0.0109695089517
new center pos Detector(H1) (Ar40) @ 5.87881507852
GetHighVoltage ===>> 4499.94659342336
GetDeflection H1 ===>> 0
dac uncorrected for HV and deflection 5.87884969851
update mftable H1 Ar40 5.87884969851 message=automated run peakcenter
get initial guess parabolic
get initial guess parabolic
get initial guess parabolic
get initial guess parabolic
get initial guess parabolic
get initial guess parabolic
add to repo msg=modified - automated run peakcenter
sweep finished
locally archiving mftable
setting magnet DAC
current  : 5.893965
requested: 5.878815
Delta Dac: 0.015150
Checking detector protection. dv=0.01515
Checking detector "CDD". Protection Threshold: 0.1 (V)
SetMagnetDAC 5.87881507852 ===>> OK
Magnet settling time: 0.500
setting integration time = 1.048576
SetIntegrationTime 1.048576 ===>> OK
Failed to find a valid peak. No peak greater than 1.0. max = 0.0886492046002
Failed to find a valid peak. No peak greater than 1.0. max = 0.0109695089517
flush and close file /Users/jan/PychronDev/data/isotopes/6d/f1b2d3-eae2-4cf9-8e38-325ab77d3513.h5
finished measure script
executed 568.532928
jan_unknown400_120.py completed successfully
Measurement Finished
10:34:26 -- ******* Measurement Finished *******
Post Measurement Started jan_pump_ms.py
10:34:26 -- ******* Post Measurement Started jan_pump_ms.py *******
testing...
no interpolation path defined
executed 0
Pumping spectrometer
open () {'name': 'O'}
opening name=O desc=---
checking ownership. requestor=129.138.12.150
check software interlocks O
interlocks []
actuate state mode=None-script, software_lock=False
doing actuation None-script open_channel True
Open O ===>> OK
GetValveState O ===>> OK
change switch state (True, True)
update switch state O True args=() kw={} ncanvase=3
10:34:26 -- OPEN   VALVE-O (Jan Ion Pump)
---------------------------------------- open O () result=[(True, True)], time=0.08 sec
action=open, ok=True, locked=[False]
executed 0
jan_pump_ms.py completed successfully
setting _ms_pumptime
Post Measurement Finished
10:34:27 -- ******* Post Measurement Finished *******
$$$$$$$$$$$$$$$$$$$$ state at run end truncated
post measurement save measured=True aborted=False
Set filtering
setting fod for Ar40= {'filter_outliers': True, 'std_devs': 2, 'iterations': 1}
setting fod for H1= {'filter_outliers': True, 'std_devs': 2, 'iterations': 1}
setting fod for PM41= {'filter_outliers': False, 'std_devs': 2, 'iterations': 1}
setting fod for H2= {'filter_outliers': True, 'std_devs': 2, 'iterations': 1}
setting fod for Ar36= {'filter_outliers': True, 'std_devs': 2, 'iterations': 1}
setting fod for CDD= {'filter_outliers': True, 'std_devs': 10, 'iterations': 1}
setting fod for Ar37= {'filter_outliers': True, 'std_devs': 2, 'iterations': 1}
setting fod for L2= {'filter_outliers': True, 'std_devs': 2, 'iterations': 1}
setting fod for Ar38= {'filter_outliers': True, 'std_devs': 2, 'iterations': 1}
setting fod for L1= {'filter_outliers': True, 'std_devs': 2, 'iterations': 1}
setting fod for Ar39= {'filter_outliers': True, 'std_devs': 2, 'iterations': 1}
setting fod for AX= {'filter_outliers': True, 'std_devs': 2, 'iterations': 1}
persistence save...
persistence save - db
post measurement save
5352542288 connecting to database sqlite:////Users/jan/PychronDev/.appdata/local_lab.db
connected to db sqlite:////Users/jan/PychronDev/.appdata/local_lab.db
create new session 5352542288
close session 5352542288
No database instance. Not saving post measurement to isotopedb database
$$$$$$$$$$$$$$$ auto_save_detector_ic=False
massspec enabled True
create new session 4976557712
MassSpec Database Version: 16.0
close session 4976557712
saving post measurement to secondary database
saving to massspec database 129.138.12.160/massspecdata
setting labnumber to 65506
setting aliquot to 50
setting step to 
setting uuid to 6df1b2d3-eae2-4cf9-8e38-325ab77d3513
setting irradpos to 65506
setting extract_device to Fusions CO2
setting tray to 
setting position to 159
setting power_requested to 5.0
setting extract_value to 5.0
setting duration to 30.0
setting duration_at_request to 30.0
setting first_stage_delay to 30.0
setting cleanup to 30.0
setting comment to F:2 DS
setting irradiation to NM-289
setting level to F
setting irradiation_level to F
setting sample to 6-2-15-C
setting material to DetritalSanidine
setting project to Cather
setting mass_spectrometer to Jan
no attribute chron_dosages
no attribute production_ratios
no attribute interference_corrections
no attribute production_name
no attribute j
Reference Isotope=Ar40
Reference Detector=H1
%%%%%%%%%%%%%%%%%%%% Comment: F:2 DS %%%%%%%%%%%%%%%%%%%
adding isotope PM41 H2
add baseline dbdet= PM41. original det= H2
get baseline data PM41 H2
Get data baseline <pychron.processing.isotope.Baseline object at 0x13f0fe9d0> len t=50
baseline PM41. v=-0.205250779788, e=0.00838023187685
get signal data PM41 H2
Get data signal PM41 0.09+/-0.08 len t=50
adding isotope Ar40 H1
add baseline dbdet= Ar40. original det= H1
get baseline data Ar40 H1
Get data baseline <pychron.processing.isotope.Baseline object at 0x13f0fe7d0> len t=50
baseline Ar40. v=-0.0360160569665, e=0.00567961252158
get signal data Ar40 H1
Get data signal Ar40 468.88+/-0.16 len t=50
adding isotope Ar39 AX
add baseline dbdet= Ar39. original det= AX
get baseline data Ar39 AX
Get data baseline <pychron.processing.isotope.Baseline object at 0x13f0fecd0> len t=50
baseline Ar39. v=-0.0578067097049, e=0.00852778756329
get signal data Ar39 AX
Get data signal Ar39 5.29+/-0.04 len t=50
adding isotope Ar38 L1
add baseline dbdet= Ar38. original det= L1
get baseline data Ar38 L1
Get data baseline <pychron.processing.isotope.Baseline object at 0x13f0fec50> len t=50
baseline Ar38. v=-0.0165873435127, e=0.00295969054417
get signal data Ar38 L1
Get data signal Ar38 0.076+/-0.008 len t=50
adding isotope Ar37 L2
add baseline dbdet= Ar37. original det= L2
get baseline data Ar37 L2
Get Checksum: -1965264452
Get data baseline <pychron.processing.isotope.Baseline object at 0x13c3df2d0> len t=50
baseline Ar37. v=-0.0241873561371, e=0.00627399368712
get signal data Ar37 L2
Get data signal Ar37 0.033+/-0.020 len t=50
adding isotope Ar36 CDD
add baseline dbdet= Ar36. original det= CDD
get baseline data Ar36 CDD
Get data baseline <pychron.processing.isotope.Baseline object at 0x13c3dfe10> len t=50
baseline Ar36. v=8.93192470049e-05, e=1.41065918918e-05
get signal data Ar36 CDD
Get data signal Ar36 0.0048+/-0.0011 len t=50
65506-50 added analysis time 0.477725028992s
analysis added to mass spec database
mass spec save time= 0.484
persistence save - dvc
================= post measurement started
create new session 4981558160
close session 4981558160
---------------- Experiment Queue saving disabled
DVC saving peakcenter
Failed to find a valid peak. No peak greater than 1.0. max = 0.0886492046002
Failed to find a valid peak. No peak greater than 1.0. max = 0.0109695089517
Smart pull ahead: 0 behind: 0
Up-to-date with origin
add to repo msg=modified - ad8224ebc6dbfeb9f5997218dfa5fe690569839d.json
add to repo msg=modified - 06-50.json
add to repo msg=modified - 06-50.dat.json
add to repo msg=modified - 06-50.blan.json
add to repo msg=modified - 06-50.inte.json
add to repo msg=modified - 06-50.icfa.json
add to repo msg=modified - 06-50.base.json
not at valid file /Users/jan/PychronDev/data/.dvc/repositories/Cather/655/tags/06-50.tags.json
add to repo msg=modified - 06-50.peak.json
add to repo msg=modified - 06-50.extr.json
not at valid file /Users/jan/PychronDev/data/.dvc/repositories/Cather/655/monitor/06-50.moni.json
commit message=<COLLECTION>
Get Checksum: -1965264452
add to repo msg=modified - 06-50.inte.json
add to repo msg=modified - 06-50.base.json
commit message=<ISOEVO> default collection fits
add to repo msg=modified - 06-50.blan.json
commit message=<BLANKS> preceding bc-02-J-221
add to repo msg=modified - 06-50.icfa.json
commit message=<ICFactor> default
push repository <pychron.git_archive.repo_manager.GitRepoManager object at 0x1391b3f50>
pushing to remote=origin, url=https://github.com
Get Checksum: -1965264452
Get Checksum: -1965264452
no changes to meta repo
create new session 4981558160
add association Cather
get identifier "65506"
setting analysis irradiation position=<pychron.dvc.dvc_orm.IrradiationPositionTbl object at 0x13f07b9d0>
close session 4981558160
================= post measurement finished
10:34:39 -- ******* Post Run Check *******
loading queue conditionals post_run_actions
loading system conditionals post_run_actions
loading conditionals from /Users/jan/PychronDev/setupfiles/spectrometer/default_conditionals.yaml
loading queue conditionals post_run_terminations
loading system conditionals post_run_terminations
loading conditionals from /Users/jan/PychronDev/setupfiles/spectrometer/default_conditionals.yaml
Checking default post run terminations n=1
GetDeflection CDD ===>> 50
testing CDD==2000
evaluate ot="CDD.deflection==2000" t="CDD==2000", ctx="{'CDD': 50.0}"
10:34:39 -- ******* Post Run Check Passed *******
10:34:39 -- Automated run 65506-50 truncated duration: 284.191 s
----------------- finish -----------------
----------------- stop -----------------
retroactive repository identifiers disabled
finish run. runs completed=15
write rem/ex queues
/Users/jan/PychronDev/experiments/rem/CurrentExperiment.rem.txt
/Users/jan/PychronDev/experiments/rem/CurrentExperiment.ex.txt
doing event level: 3
