do run
loading script "jan_unknown400_120.py"
loading script "jan_pump_ms.py"
loading script "jan_co2.py"
loading script "jan_pump_extraction_line.py"
testing...
no interpolation path defined
executed 556.052928
script duration name:unknown400_120 seconds:556.0
loading script "jan_unknown400_120.py"
loading script "jan_pump_ms.py"
loading script "jan_co2.py"
loading script "jan_pump_extraction_line.py"
testing...
no interpolation path defined
executed 0
loading script "jan_unknown400_120.py"
loading script "jan_pump_ms.py"
loading script "jan_co2.py"
loading script "jan_pump_extraction_line.py"
testing...
no interpolation path defined
calculate duration
testing...
no interpolation path defined
executed 0
calculate duration
testing...
no interpolation path defined
executed 0
executed 0.0
script duration name:co2 seconds:0.0
loading script "jan_unknown400_120.py"
loading script "jan_pump_ms.py"
loading script "jan_co2.py"
loading script "jan_pump_extraction_line.py"
testing...
no interpolation path defined
calculate duration
testing...
no interpolation path defined
executed 4.0
executed 4.0
Script duration 556.0
Run total estimated duration= 557.000
run duration: 0:09:17
doing event level: 2
18:18:33 -- Setting default integration. t=1.048576
setting integration time = 1.048576
SetIntegrationTime 1.048576 ===>> OK
----------------- start -----------------
**************** Experiment Type: Ar/Ar, Ar/Ar
create new session 4419757072
close session 4419757072
$$$$$ Clearing conditionals
adding conditionals kevin
extract conditionals from file. /Users/jan/PychronDev/scripts/conditionals/kevin.yaml
no attr for this modification cd={'extraction_str': '', 'attr': '', 'mapper': '', 'use_termination': False, 'start_count': 0, 'nskip': 0, 'window': 0, 'frequency': 1, 'teststr': '', 'action': 'Skip Next Run', 'ntrips': 1, 'use_truncation': False}
no attr for this cancelation cd={'mapper': '', 'window': 0, 'frequency': 1, 'attr': '', 'teststr': '', 'start_count': 0, 'ntrips': 1}
adding truncation attr="Ar40" test="Ar40>5000.0" start="10"
adding truncation attr="age" test="age>100.0" start="50"
adding truncation attr="Ar39" test="Ar39.bs_corrected<0.5" start="50"
adding termination attr="Ar40" test="Ar40>5000.0" start="1"
Invalid conditional kind="pre_run_terminations"
no attr for this action cd={'mapper': '', 'attr': '', 'start_count': 0, 'window': 0, 'frequency': 1, 'teststr': '', 'action': None, 'ntrips': 1}
Invalid conditional kind="post_run_terminations"
Add queue conditionals
add default conditionals
adding default conditionals from /Users/jan/PychronDev/setupfiles/spectrometer/default_conditionals.yaml
Start automated run 65506-81
loading script "jan_unknown400_120.py"
loading script "jan_pump_ms.py"
loading script "jan_co2.py"
loading script "jan_pump_extraction_line.py"
%%%%%%%%%%%%%%%%%% setting automated run 65506-81
No value "sensitivity_multiplier" in metadata
$$$$$$$$$$$$$$$ auto_save_detector_ic=False
============================= Pre Extraction Check =============================
loading queue conditionals pre_run_terminations
loading system conditionals pre_run_terminations
loading conditionals from /Users/jan/PychronDev/setupfiles/spectrometer/default_conditionals.yaml
18:18:33 -- ******* Pre Extraction Check *******
Get a measurement from the spectrometer
GetData ===>> H2,-0.235051723496154,H1,-0.0303920017943547,AX,-0.0845789257568275,L1,-0.0252809428185517,L2,0.0...
Pre Extraction Termination data. keys=H2,H1,AX,L1,L2,CDD, signals=-0.23505,-0.03039,-0.08458,-0.02528,0.02639,0.00461
18:18:33 -- testing system defined conditionals
Checking default pre extraction terminations n=2
testing CDD
evaluate ot="CDD.inactive" t="CDD", ctx="{'CDD': False}"
GetDeflection CDD ===>> 50
testing CDD==2000
evaluate ot="CDD.deflection==2000" t="CDD==2000", ctx="{'CDD': 50.0}"
18:18:33 -- ******* Pre Extraction Check Passed *******
=================================================================================
18:18:33 -- stopping status monitor
stop 4982081872
Alive clients [4989540592]
18:18:33 -- starting status monitor
start 4982081872
Monitor already running
start extraction
do extraction
Analysis started at 18:18:33.186945
Extraction Started jan_co2.py
18:18:33 -- ******* Extraction Started jan_co2.py *******
state changed from not run to extraction
DO EXTRACTION <pychron.extraction_line.pyscript_runner.RemotePyScriptRunner object at 0x12b135950>
testing...
no interpolation path defined
calculate duration
testing...
no interpolation path defined
executed 0
calculate duration
testing...
no interpolation path defined
executed 0
executed 100.0
Jan CO2 laser analysis
doing GOSUB
testing...
no interpolation path defined
executed 0
Waiting for CO2 access
wait ('FelixCO2Flag', 0) {}
waiting for FelixCO2Flag = 0
Read FelixCO2Flag ===>> 0
finished waiting
CO2 free
wait ('CO2PumpTimeFlag', 0) {}
waiting for CO2PumpTimeFlag = 0
Read CO2PumpTimeFlag ===>> 0
finished waiting
acquire ('JanCO2Flag',) {'clear': True}
acquire JanCO2Flag
Set JanCO2Flag 1 ===>> OK
JanCO2Flag acquired
set extraction state False (0.75, 'red', 1.5)
CO2 acquired
executed 0
WaitForCO2Access.py completed successfully
gosub finished
doing GOSUB
testing...
no interpolation path defined
executed 0
Prepare for CO2 analysis
close () {'description': 'Jan Inlet'}
closing name=--- desc=Jan Inlet
checking ownership. requestor=129.138.12.150
check software interlocks R
interlocks []
actuate state mode=None-script, software_lock=False
doing actuation None-script close_channel False
Close R ===>> OK
GetValveState R ===>> False
change switch state (True, True)
update switch state R False args=() kw={} ncanvase=2
18:18:33 -- CLOSE  VALVE-R (Jan Inlet)
---------------------------------------- close None (Jan Inlet) result=[(True, True)]
action=close, ok=True, locked=[False]
open () {'description': 'Jan Ion Pump'}
opening name=--- desc=Jan Ion Pump
checking ownership. requestor=129.138.12.150
check software interlocks O
interlocks []
actuate state mode=None-script, software_lock=False
doing actuation None-script open_channel False
Open O ===>> OK
GetValveState O ===>> OK
change switch state (True, True)
update switch state O True args=() kw={} ncanvase=2
18:18:33 -- OPEN   VALVE-O (Jan Ion Pump)
---------------------------------------- open None (Jan Ion Pump) result=[(True, True)], time=0.07 sec
action=open, ok=True, locked=[False]
close () {'description': 'Microbone to Minibone'}
closing name=--- desc=Microbone to Minibone
checking ownership. requestor=129.138.12.150
check software interlocks L
interlocks []
actuate state mode=None-script, software_lock=False
doing actuation None-script close_channel False
Close L ===>> OK
Get Checksum: -1965264452
GetValveState L ===>> False
change switch state (True, True)
update switch state L False args=() kw={} ncanvase=2
18:18:34 -- CLOSE  VALVE-L (Microbone to Minibone)
---------------------------------------- close None (Microbone to Minibone) result=[(True, True)]
action=close, ok=True, locked=[False]
open () {'description': 'Microbone to Turbo'}
opening name=--- desc=Microbone to Turbo
checking ownership. requestor=129.138.12.150
check software interlocks U
interlocks []
actuate state mode=None-script, software_lock=False
doing actuation None-script open_channel False
Open U ===>> OK
GetValveState U ===>> OK
change switch state (True, True)
update switch state U True args=() kw={} ncanvase=2
18:18:34 -- OPEN   VALVE-U (Microbone to Turbo)
---------------------------------------- open None (Microbone to Turbo) result=[(True, True)], time=0.11 sec
action=open, ok=True, locked=[False]
open () {'description': 'Microbone to Inlet Pipette'}
opening name=--- desc=Microbone to Inlet Pipette
checking ownership. requestor=129.138.12.150
check software interlocks S
interlocks []
actuate state mode=None-script, software_lock=False
doing actuation None-script open_channel False
Open S ===>> OK
GetValveState S ===>> OK
change switch state (True, True)
update switch state S True args=() kw={} ncanvase=2
18:18:35 -- OPEN   VALVE-S (Microbone to Inlet Pipette)
---------------------------------------- open None (Microbone to Inlet Pipette) result=[(True, True)], time=0.39 sec
action=open, ok=True, locked=[False]
open () {'description': 'Microbone to Getter D-50'}
opening name=--- desc=Microbone to Getter D-50
checking ownership. requestor=129.138.12.150
check software interlocks K
interlocks []
actuate state mode=None-script, software_lock=False
doing actuation None-script open_channel False
Open K ===>> OK
GetValveState K ===>> OK
change switch state (True, True)
update switch state K True args=() kw={} ncanvase=2
18:18:36 -- OPEN   VALVE-K (Microbone to Getter D-50)
---------------------------------------- open None (Microbone to Getter D-50) result=[(True, True)], time=0.39 sec
action=open, ok=True, locked=[False]
open () {'description': 'Microbone to Getter NP-10'}
opening name=--- desc=Microbone to Getter NP-10
checking ownership. requestor=129.138.12.150
check software interlocks M
interlocks []
actuate state mode=None-script, software_lock=False
doing actuation None-script open_channel False
Open M ===>> OK
GetValveState M ===>> OK
change switch state (True, True)
update switch state M True args=() kw={} ncanvase=2
18:18:36 -- OPEN   VALVE-M (Microbone to Getter NP-10)
---------------------------------------- open None (Microbone to Getter NP-10) result=[(True, True)], time=0.12 sec
action=open, ok=True, locked=[False]
close () {'description': 'CO2 Laser to Felix'}
closing name=--- desc=CO2 Laser to Felix
checking ownership. requestor=129.138.12.150
check software interlocks F
interlocks []
actuate state mode=None-script, software_lock=True
VALVE-F(CO2 Laser to Felix) software locked
change switch state (True, False)
---------------------------------------- close None (CO2 Laser to Felix) result=[(True, False)]
action=close, ok=True, locked=[True]
open () {'description': 'CO2 Laser to Jan'}
opening name=--- desc=CO2 Laser to Jan
checking ownership. requestor=129.138.12.150
check software interlocks A
interlocks []
actuate state mode=None-script, software_lock=False
doing actuation None-script open_channel False
Open A ===>> OK
GetValveState A ===>> OK
change switch state (True, True)
update switch state A True args=() kw={} ncanvase=2
18:18:36 -- OPEN   VALVE-A (CO2 Laser to Jan)
---------------------------------------- open None (CO2 Laser to Jan) result=[(True, True)], time=0.12 sec
action=open, ok=True, locked=[False]
open () {'description': 'Microbone to CO2 Laser'}
opening name=--- desc=Microbone to CO2 Laser
checking ownership. requestor=129.138.12.150
check software interlocks T
interlocks []
actuate state mode=None-script, software_lock=False
doing actuation None-script open_channel False
Open T ===>> OK
Get Checksum: -1965264452
GetValveState T ===>> OK
change switch state (True, True)
update switch state T True args=() kw={} ncanvase=2
18:18:37 -- OPEN   VALVE-T (Microbone to CO2 Laser)
---------------------------------------- open None (Microbone to CO2 Laser) result=[(True, True)], time=0.39 sec
action=open, ok=True, locked=[False]
executed 0
PrepareForCO2Analysis.py completed successfully
gosub finished
set_motor ('beam', '1.25') {}
setting motor "beam" to 1.25
set motor beam to 1.25
SetMotor beam,1.25 ===>> OK
GetMotorMoving beam ===>> False
GetMotorMoving beam ===>> False
Block completed
move_to_position ('191',) {'autocenter': True}
FusionsCO2 move to position 191
sending GoToHole 191,True
GoToHole 191,True ===>> OK
GetDriveMoving ===>> OK
GetDriveMoving ===>> OK
GetDriveMoving ===>> OK
GetDriveMoving ===>> OK
Get Checksum: -1965264452
GetDriveMoving ===>> OK
GetDriveMoving ===>> OK
GetDriveMoving ===>> False
GetDriveMoving ===>> OK
GetDriveMoving ===>> OK
GetDriveMoving ===>> OK
GetDriveMoving ===>> OK
GetDriveMoving ===>> OK
GetDriveMoving ===>> OK
GetDriveMoving ===>> OK
GetDriveMoving ===>> False
Block completed
Get Checksum: -1965264452
GetAutoCorrecting ===>> False
GetAutoCorrecting ===>> False
Block completed
update position
GetPosition ===>> 1.99390,-9.96950,1.00000
got position (1.9939, -9.9695, 1.0)
move to position succeeded
sleep (5,) {}
SLEEP 5.0
block started
WaitControl setup for 5.0  
Get Checksum: -1965264452
Get Checksum: -1965264452
Join finished
block finished. duration 5.02334904671
close () {'description': 'Microbone to Turbo'}
closing name=--- desc=Microbone to Turbo
checking ownership. requestor=129.138.12.150
check software interlocks U
interlocks []
actuate state mode=None-script, software_lock=False
doing actuation None-script close_channel True
Close U ===>> OK
GetValveState U ===>> False
change switch state (True, True)
update switch state U False args=() kw={} ncanvase=2
18:18:49 -- CLOSE  VALVE-U (Microbone to Turbo)
---------------------------------------- close None (Microbone to Turbo) result=[(True, True)]
action=close, ok=True, locked=[False]
enable laser
enable () {}
set extraction state FusionsCO2 Enabled (False, 'red', 1.5)
enabling laser
Enable ===>> OK
begin interval
BEGIN INTERVAL Interval 1 waiting for 30.0
block started
set extract to 5.0
WaitControl setup for 30.0  
extract (5.0,) {}
GetPosition ===>> 1.99390,-9.96950,1.00000
set extraction state FusionsCO2 ON! 5.0(watts) (0.75, 'red', 1.5)
extract sample to 5.0 (watts)
set laser output
SetLaserOutput 5.0,watts ===>> OK
COMPLETE INTERVAL waiting for Interval 1 to complete
Get Checksum: 1551197106
Get Checksum: 1551197106
Get Checksum: 1551197106
Get Checksum: 1551197106
Get Checksum: 1551197106
Get Checksum: 1551197106
Get Checksum: 1551197106
Get Checksum: 1551197106
Get Checksum: 1551197106
Join finished
block finished. duration 30.0877099037
Interval 1 finished
end_extract () {}
ending extraction. set laser power to 0
set laser power 0
SetLaserPower 0 ===>> OK
disable () {}
%%%%%%%%%%%%%%%%%%%%%%%%%%%%%%%%%%% disable
set extraction state False (0.75, 'red', 1.5)
disabling laser
Disable ===>> OK
sleep (30.0,) {}
SLEEP 30.0
block started
WaitControl setup for 30.0  
Get Checksum: 1551197106
Get Checksum: 1551197106
Get Checksum: 1551197106
Get Checksum: 1551197106
Get Checksum: 1551197106
Get Checksum: 1551197106
Get Checksum: 1551197106
Get Checksum: 1551197106
Get Checksum: 1551197106
Get Checksum: 1551197106
Join finished
block finished. duration 30.0739748478
executed 195.0
jan_co2.py completed successfully
GetAchievedOutput ===>> No Response
Requested Output= 0.000
Achieved Output=  0.000
GetResponseBlob ===>> No Response
GetOutputBlob ===>> No Response
persistence save...
persistence save - db
AutomatedRunPersister post_extraction_save deprecated
persistence save - dvc
no extraction position for 191
create new session 4989160336
close session 4989160336
Extraction Finished
18:19:50 -- ******* Extraction Finished *******
no overlap. not waiting for min ms pumptime
18:19:50 -- Sending spectrometer configuration
======== Sending configuration ========
SetDeflection CDD,50.0 ===>> OK
SetDeflection H2,0.0 ===>> OK
SetDeflection H1,0.0 ===>> OK
SetDeflection L2,825.0 ===>> OK
SetDeflection L1,400.0 ===>> OK
SetDeflection AX,190.0 ===>> OK
SetZFocus 74.64 ===>> OK
SetZSymmetry -50.72 ===>> OK
SetExtractionLens 26.13 ===>> OK
SetIonRepeller -3.81 ===>> OK
SetElectronEnergy 75.08 ===>> OK
SetYSymmetry -2.81 ===>> OK
SetIonCounterVoltage 1590.0 ===>> OK
send trap current 200.0
GetParameter Trap Current Readback ===>> 197.587621314778
SetParameter Trap Current Set,200.0 ===>> OK
updating mftable name mftable
Using mftable located at /Users/jan/PychronDev/setupfiles/spectrometer/mftables/mftable.csv
============ MFtable ===========
Isotope  H2     H1     AX     L1     L2     CDD    
Ar40     5.7711 5.8790 5.9922 6.1110 6.2309 6.3393
Ar39     5.6704 5.7712 5.8846 5.9971 6.1160 6.2258
Ar36     5.3479 5.4402 5.5480 5.6560 5.7710 5.8769
================================
get initial guess parabolic
get initial guess parabolic
get initial guess parabolic
get initial guess parabolic
get initial guess parabolic
get initial guess parabolic
======== Configuration Finished ========
GetYSymmetry ===>> -2.81
GetZSymmetry ===>> -50.72
GetParameter Trap Current Readback ===>> 197.587621314778
GetHighVoltage ===>> 4499.94659342336
start measurement
do measurement
L#=65506 analysis type=unknown
Measurement Started jan_unknown400_120.py
18:19:51 -- ******* Measurement Started jan_unknown400_120.py *******
state changed from extraction to measurement
setting spec, defl, and gains
GetExtractionLens ===>> 26.13
GetYSymmetry ===>> -2.81
GetZSymmetry ===>> -50.72
GetZFocus ===>> 74.64
GetDeflection H2 ===>> 0
GetDeflection H1 ===>> 0
GetDeflection AX ===>> 190
GetDeflection L1 ===>> 400
GetDeflection L2 ===>> 825
GetDeflection CDD ===>> 50
GetGain H2 ===>> 0.0113
GetGain H1 ===>> 0.1
GetGain AX ===>> 0.097049
GetGain L1 ===>> 0.010355
GetGain L2 ===>> 0.095649
GetGain CDD ===>> 0
pre measurement save
New frame /Users/jan/PychronDev/data/isotopes/7f/b3b360-d520-4ced-9e6f-a8988081a092.h5
flush and close file /Users/jan/PychronDev/data/isotopes/7f/b3b360-d520-4ced-9e6f-a8988081a092.h5
testing...
no interpolation path defined
executed 568.532928
unknown measurement script
activate_detectors ('H2', 'H1', 'AX', 'L1', 'L2', 'CDD') {}
activate detectors
*************** Set Analysis View Ar/Ar
create graphs
clearing graphs
clear isotope group
setting isotope det=H2, iso=PM41
setting isotope det=H1, iso=Ar40
setting isotope det=AX, iso=Ar39
setting isotope det=L1, iso=Ar38
setting isotope det=L2, iso=Ar37
setting isotope det=CDD, iso=Ar36
setting previous blanks
 - setting Ar40 blank 0.205+/-0.007
 - setting Ar36 blank 0.00453+/-0.00017
 - setting Ar37 blank 0.044+/-0.005
 - setting Ar38 blank 0.0068+/-0.0022
 - setting PM41 blank 0.01+/-0.07
 - setting Ar39 blank 0.027+/-0.009
load analysis view
position_magnet ('Ar40',) {'detector': 'H1'}
detector Detector(H1)
POSITION Ar40 H1
setting detector H2 to PM41 (40.9624)
setting detector H1 to Ar40 (39.9624)
setting detector AX to Ar39 (38.9624)
setting detector L1 to Ar38 (37.9624)
setting detector L2 to Ar37 (36.9624)
setting detector CDD to Ar36 (35.9624)
Mapping mass to dac mass func: "parabolic"
H1 map mass coeffs = [-0.00063987  0.15840543  0.57057999]
H1 map mass to dac 39.9624 >> 5.87897
GetDeflection H1 ===>> 0
GetHighVoltage ===>> 4499.94659342336
positioning Ar40 (5.8789353793) on H1
setting magnet DAC
current  : 5.878935
requested: 5.878935
Delta Dac: 0.000000
Checking detector protection. dv=0.00000
Checking detector "CDD". Protection Threshold: 0.1 (V)
SetMagnetDAC 5.8789353793 ===>> OK
equilibrate () {'delay': 3, 'inlet': 'R', 'outlet': 'O', 'eqtime': 12.0}
Equilibration Started
18:19:51 -- ******* Equilibration Started *******
checking ownership. requestor=129.138.12.150
check software interlocks O
interlocks []
actuate state mode=None-script, software_lock=False
doing actuation None-script close_channel True
Close O ===>> OK
GetValveState O ===>> False
change switch state (True, True)
update switch state O False args=() kw={} ncanvase=2
18:19:51 -- CLOSE  VALVE-O (Jan Ion Pump)
waiting 3s before opening inlet value ('R',)
Get Checksum: -598318598
checking ownership. requestor=129.138.12.150
check software interlocks R
interlocks []
actuate state mode=None-script, software_lock=False
doing actuation None-script open_channel True
Open R ===>> OK
GetValveState R ===>> OK
change switch state (True, True)
update switch state R True args=() kw={} ncanvase=2
18:19:55 -- OPEN   VALVE-R (Jan Inlet)
equilibrating for 12.0sec
set_time_zero () {}
sniff (12.0,) {}
py_sniff
build tables- sniff [Detector(H2), Detector(H1), Detector(AX), Detector(L1), Detector(L2), Detector(CDD)]
add group /sniff/PM41 (Group) '' table H2
add group /sniff/Ar40 (Group) '' table H1
add group /sniff/Ar39 (Group) '' table AX
add group /sniff/Ar38 (Group) '' table L1
add group /sniff/Ar37 (Group) '' table L2
add group /sniff/Ar36 (Group) '' table CDD
flush and close file /Users/jan/PychronDev/data/isotopes/7f/b3b360-d520-4ced-9e6f-a8988081a092.h5
measuring sniff. ncounts=12.0
Get Checksum: -1449001502
starting measurement
GetData ===>> H2,-0.228305007973447,H1,17.5781951965796,AX,-0.0201480652568842,L1,-0.0159716521129867,L2,0.0838...
GetData ===>> H2,0.877579397813712,H1,1156.60726885558,AX,6.19450209639094,L1,0.156986015474637,L2,0.4354136298...
GetData ===>> H2,0.751081733701365,H1,2223.17100638809,AX,10.0232489555777,L1,0.230678157076262,L2,0.0926991737...
Get Checksum: -1449001502
GetData ===>> H2,0.274877723842884,H1,2560.50482367607,AX,10.8865822341555,L1,0.213338204377615,L2,0.0965745123...
GetData ===>> H2,0.0504302638848972,H1,2675.61610526397,AX,11.147936935616,L1,0.173323267095582,L2,0.0720260041...
GetData ===>> H2,-0.0106777027933968,H1,2719.71250895769,AX,11.3376757405757,L1,0.141895557612329,L2,-0.0382086...
Get Checksum: -1449001502
GetData ===>> H2,0.0473208382152627,H1,2737.94780464107,AX,11.3613103383766,L1,0.170145708289459,L2,0.085062936...
GetData ===>> H2,0.0117332625016587,H1,2745.62340842449,AX,11.356610613017,L1,0.182863617111103,L2,0.1141636833...
GetData ===>> H2,0.0113958066457355,H1,2748.84753651203,AX,11.4333055069864,L1,0.142791343650753,L2,-0.03806054...
Get Checksum: -1449001502
GetData ===>> H2,0.0294652938607185,H1,2750.41135303507,AX,11.2955049412365,L1,0.152333093911718,L2,0.020654754...
GetData ===>> H2,-0.0465023536634462,H1,2749.98258939531,AX,11.3855117964152,L1,0.170586102636821,L2,0.07992306...
GetData ===>> H2,-0.0461357847531566,H1,2748.8673987997,AX,11.346217986909,L1,0.202809427306194,L2,0.0540514821...
Get Checksum: -1449001502
Equilibration Finished
18:20:07 -- ******* Equilibration Finished *******
checking ownership. requestor=129.138.12.150
check software interlocks R
interlocks []
actuate state mode=None-script, software_lock=False
doing actuation None-script close_channel True
Close R ===>> OK
GetValveState R ===>> False
change switch state (True, True)
update switch state R False args=() kw={} ncanvase=2
18:20:08 -- CLOSE  VALVE-R (Jan Inlet)
Post Equilibration Started jan_pump_extraction_line.py
18:20:08 -- ******* Post Equilibration Started jan_pump_extraction_line.py *******
testing...
no interpolation path defined
calculate duration
testing...
no interpolation path defined
executed 4.0
executed 4.0
Pump after analysis
doing GOSUB
testing...
no interpolation path defined
executed 4.0
Pump Microbone
close () {'description': 'Jan Inlet'}
closing name=--- desc=Jan Inlet
checking ownership. requestor=129.138.12.150
check software interlocks R
interlocks []
actuate state mode=None-script, software_lock=False
doing actuation None-script close_channel False
measurement finished
estimated time: 12.583 actual time: :13.082
flush and close file /Users/jan/PychronDev/data/isotopes/7f/b3b360-d520-4ced-9e6f-a8988081a092.h5
set_fits () {}
using default fits file=/Users/jan/PychronDev/scripts/measurement/fits/nominal.yaml
set "Ar40" to "('Parabolic', 'SEM')"
No fit for "PM41". defaulting to linear. check the measurement script "jan_unknown400_120.py"
set "PM41" to "linear"
set "Ar36" to "('Parabolic', 'SEM')"
set "Ar37" to "('linear', 'SEM')"
set "Ar38" to "('linear', 'SEM')"
set "Ar39" to "('Parabolic', 'SEM')"
set_baseline_fits () {}
using default fits file=/Users/jan/PychronDev/scripts/measurement/fits/nominal.yaml
set "H1" to "('average', 'SEM')"
set "H2" to "('average', 'SEM')"
set "CDD" to "('average', 'SEM')"
set "L2" to "('average', 'SEM')"
set "L1" to "('average', 'SEM')"
set "AX" to "('average', 'SEM')"
multicollect () {'integration_time': 1, 'ncounts': 400}
build tables- signal [Detector(H2), Detector(H1), Detector(AX), Detector(L1), Detector(L2), Detector(CDD)]
add group /signal/PM41 (Group) '' table H2
add group /signal/Ar40 (Group) '' table H1
add group /signal/Ar39 (Group) '' table AX
add group /signal/Ar38 (Group) '' table L1
add group /signal/Ar37 (Group) '' table L2
add group /signal/Ar36 (Group) '' table CDD
flush and close file /Users/jan/PychronDev/data/isotopes/7f/b3b360-d520-4ced-9e6f-a8988081a092.h5
measuring signal. ncounts=400
Close R ===>> OK
GetValveState R ===>> False
change switch state (True, True)
update switch state R False args=() kw={} ncanvase=2
18:20:08 -- CLOSE  VALVE-R (Jan Inlet)
---------------------------------------- close None (Jan Inlet) result=[(True, True)]
action=close, ok=True, locked=[False]
is_closed ('F',) {}
is F () closed?
is closed True
open () {'description': 'CO2 Laser to Jan'}
opening name=--- desc=CO2 Laser to Jan
checking ownership. requestor=129.138.12.150
check software interlocks A
interlocks []
actuate state mode=None-script, software_lock=False
doing actuation None-script open_channel False
Open A ===>> OK
GetValveState A ===>> OK
change switch state (True, True)
update switch state A True args=() kw={} ncanvase=2
18:20:09 -- OPEN   VALVE-A (CO2 Laser to Jan)
---------------------------------------- open None (CO2 Laser to Jan) result=[(True, True)], time=0.11 sec
starting measurement
GetData ===>> H2,-0.0105866264951279,H1,2748.31717637853,AX,11.3412490820514,L1,0.109926255044057,L2,0.02947884...
action=open, ok=True, locked=[False]
sleep (1,) {}
SLEEP 1.0
testing Ar40>5000.0
evaluate ot="Ar40>5000.0" t="Ar40>5000.0", ctx="{'Ar40': 2748.6922502099396}"
GetData ===>> H2,0.075862108531536,H1,2748.78092070424,AX,11.4555709724166,L1,0.122158490517206,L2,0.0610310351...
close () {'description': 'CO2 Laser to Roughing'}
closing name=--- desc=CO2 Laser to Roughing
checking ownership. requestor=129.138.12.150
check software interlocks G
interlocks []
actuate state mode=None-script, software_lock=True
VALVE-G(CO2 Laser to Roughing) software locked
change switch state (True, False)
---------------------------------------- close None (CO2 Laser to Roughing) result=[(True, False)]
action=close, ok=True, locked=[True]
open () {'description': 'Microbone to Turbo'}
opening name=--- desc=Microbone to Turbo
checking ownership. requestor=129.138.12.150
check software interlocks U
interlocks []
actuate state mode=None-script, software_lock=False
doing actuation None-script open_channel True
Open U ===>> OK
GetValveState U ===>> OK
change switch state (True, True)
update switch state U True args=() kw={} ncanvase=2
18:20:10 -- OPEN   VALVE-U (Microbone to Turbo)
---------------------------------------- open None (Microbone to Turbo) result=[(True, True)], time=0.19 sec
Get Checksum: -860229079
action=open, ok=True, locked=[False]
open () {'description': 'Microbone to Getter NP-10'}
opening name=--- desc=Microbone to Getter NP-10
checking ownership. requestor=129.138.12.150
check software interlocks M
interlocks []
actuate state mode=None-script, software_lock=False
doing actuation None-script open_channel False
Open M ===>> OK
GetValveState M ===>> OK
change switch state (True, True)
update switch state M True args=() kw={} ncanvase=2
18:20:11 -- OPEN   VALVE-M (Microbone to Getter NP-10)
---------------------------------------- open None (Microbone to Getter NP-10) result=[(True, True)], time=0.15 sec
action=open, ok=True, locked=[False]
open () {'description': 'Microbone to Getter D-50'}
opening name=--- desc=Microbone to Getter D-50
checking ownership. requestor=129.138.12.150
check software interlocks K
interlocks []
actuate state mode=None-script, software_lock=False
doing actuation None-script open_channel False
testing Ar40>5000.0
evaluate ot="Ar40>5000.0" t="Ar40>5000.0", ctx="{'Ar40': 49.241024961656315}"
GetData ===>> H2,-0.00403946277079468,H1,2747.7462120454,AX,11.430223353311,L1,0.144875701115194,L2,0.023995042...
Open K ===>> OK
GetValveState K ===>> OK
change switch state (True, True)
update switch state K True args=() kw={} ncanvase=2
18:20:11 -- OPEN   VALVE-K (Microbone to Getter D-50)
---------------------------------------- open None (Microbone to Getter D-50) result=[(True, True)], time=0.42 sec
action=open, ok=True, locked=[False]
open () {'description': 'Microbone to CO2 Laser'}
opening name=--- desc=Microbone to CO2 Laser
checking ownership. requestor=129.138.12.150
check software interlocks T
interlocks []
actuate state mode=None-script, software_lock=False
doing actuation None-script open_channel False
Open T ===>> OK
GetValveState T ===>> OK
change switch state (True, True)
update switch state T True args=() kw={} ncanvase=2
18:20:12 -- OPEN   VALVE-T (Microbone to CO2 Laser)
---------------------------------------- open None (Microbone to CO2 Laser) result=[(True, True)], time=0.38 sec
testing Ar40>5000.0
evaluate ot="Ar40>5000.0" t="Ar40>5000.0", ctx="{'Ar40': 2594.626728877174}"
GetData ===>> H2,-0.0969479975105036,H1,2746.42795192227,AX,11.3189392161743,L1,0.124524987196919,L2,0.02108795...
action=open, ok=True, locked=[False]
open () {'description': 'Microbone to Inlet Pipette'}
opening name=--- desc=Microbone to Inlet Pipette
checking ownership. requestor=129.138.12.150
check software interlocks S
interlocks []
actuate state mode=None-script, software_lock=False
doing actuation None-script open_channel False
Open S ===>> OK
GetValveState S ===>> OK
change switch state (True, True)
update switch state S True args=() kw={} ncanvase=2
18:20:13 -- OPEN   VALVE-S (Microbone to Inlet Pipette)
---------------------------------------- open None (Microbone to Inlet Pipette) result=[(True, True)], time=0.39 sec
action=open, ok=True, locked=[False]
sleep (1,) {}
SLEEP 1.0
testing Ar40>5000.0
evaluate ot="Ar40>5000.0" t="Ar40>5000.0", ctx="{'Ar40': 2657.6885945398963}"
GetData ===>> H2,-0.136325417770245,H1,2745.52772032657,AX,11.3330097080816,L1,0.136524918905523,L2,0.069083243...
Get Checksum: -860229079
set_resource () {'name': 'CO2PumpTimeFlag', 'value': 30}
Set CO2PumpTimeFlag 30 ===>> OK
release ('JanCO2Flag',) {}
release JanCO2Flag
Set JanCO2Flag 0 ===>> OK
executed 6.0
PumpMicrobone.py completed successfully
gosub finished
get_resource_value () {'name': 'JanMiniboneFlag'}
Read JanMiniboneFlag ===>> 0
Get Resource Value JanMiniboneFlag=0.0
get resource value 0.0
get_resource_value () {'name': 'JanMiniboneFlag'}
Read JanMiniboneFlag ===>> 0
Get Resource Value JanMiniboneFlag=0.0
executed 4.0
jan_pump_extraction_line.py completed successfully
Post Equilibration Finished
18:20:14 -- ******* Post Equilibration Finished *******
testing Ar40>5000.0
evaluate ot="Ar40>5000.0" t="Ar40>5000.0", ctx="{'Ar40': 2707.916393503575}"
GetData ===>> H2,-0.00685731129313425,H1,2743.74646537778,AX,11.2757329670634,L1,0.132029015848344,L2,0.0537321...
testing Ar40>5000.0
evaluate ot="Ar40>5000.0" t="Ar40>5000.0", ctx="{'Ar40': 2713.5572210572655}"
GetData ===>> H2,-0.0834322592687591,H1,2742.49613519018,AX,11.2783346486928,L1,0.147857517066411,L2,0.06582121...
testing Ar40>5000.0
evaluate ot="Ar40>5000.0" t="Ar40>5000.0", ctx="{'Ar40': 2726.7758942242704}"
GetData ===>> H2,0.00576122339012469,H1,2741.44313027125,AX,11.2455607166145,L1,0.152035708374893,L2,0.09193552...
Get Checksum: -860229079
testing Ar40>5000.0
evaluate ot="Ar40>5000.0" t="Ar40>5000.0", ctx="{'Ar40': 2739.284539933137}"
GetData ===>> H2,-0.0770791227182422,H1,2740.94246295887,AX,11.3086883665183,L1,0.152828755843207,L2,0.01046360...
testing Ar40>5000.0
evaluate ot="Ar40>5000.0" t="Ar40>5000.0", ctx="{'Ar40': 2752.4640573704055}"
GetData ===>> H2,-0.0620489418944217,H1,2739.17082758853,AX,11.3891204115408,L1,0.124924434271253,L2,0.03771082...
testing Ar40>5000.0
evaluate ot="Ar40>5000.0" t="Ar40>5000.0", ctx="{'Ar40': 2753.7505742702533}"
testing Ar40>5000.0
evaluate ot="Ar40>5000.0" t="Ar40>5000.0", ctx="{'Ar40': 2753.7505742702533}"
GetData ===>> H2,-0.0585314836508481,H1,2738.37602226772,AX,11.3885435156014,L1,0.0782027393917274,L2,0.0271530...
Get Checksum: -860229079
testing Ar40>5000.0
evaluate ot="Ar40>5000.0" t="Ar40>5000.0", ctx="{'Ar40': 2757.3979238838688}"
testing Ar40>5000.0
evaluate ot="Ar40>5000.0" t="Ar40>5000.0", ctx="{'Ar40': 2757.3979238838688}"
GetData ===>> H2,-0.0444562052257692,H1,2736.74165131447,AX,11.3707227045563,L1,0.141009520520729,L2,-0.0112829...
testing Ar40>5000.0
evaluate ot="Ar40>5000.0" t="Ar40>5000.0", ctx="{'Ar40': 2757.359629808574}"
testing Ar40>5000.0
evaluate ot="Ar40>5000.0" t="Ar40>5000.0", ctx="{'Ar40': 2757.359629808574}"
GetData ===>> H2,-0.0189639616283004,H1,2735.83615926694,AX,11.2917859001895,L1,0.130063137909969,L2,-0.0386871...
testing Ar40>5000.0
evaluate ot="Ar40>5000.0" t="Ar40>5000.0", ctx="{'Ar40': 2758.9568290003444}"
testing Ar40>5000.0
evaluate ot="Ar40>5000.0" t="Ar40>5000.0", ctx="{'Ar40': 2758.9568290003444}"
GetData ===>> H2,-0.00590677318662502,H1,2734.5442815329,AX,11.3116100616285,L1,0.0939710995829938,L2,-0.052824...
Get Checksum: -860229079
testing Ar40>5000.0
evaluate ot="Ar40>5000.0" t="Ar40>5000.0", ctx="{'Ar40': 2759.727389207021}"
testing Ar40>5000.0
evaluate ot="Ar40>5000.0" t="Ar40>5000.0", ctx="{'Ar40': 2759.727389207021}"
GetData ===>> H2,-0.0326619190078311,H1,2733.24677074991,AX,11.3993086805576,L1,0.13167397036733,L2,0.048372417...
testing Ar40>5000.0
evaluate ot="Ar40>5000.0" t="Ar40>5000.0", ctx="{'Ar40': 2760.1288904891935}"
testing Ar40>5000.0
evaluate ot="Ar40>5000.0" t="Ar40>5000.0", ctx="{'Ar40': 2760.1288904891935}"
GetData ===>> H2,-0.218297971866251,H1,2731.94712948961,AX,11.3267600114997,L1,0.144089314710262,L2,-0.01962472...
Get Checksum: -860229079
testing Ar40>5000.0
evaluate ot="Ar40>5000.0" t="Ar40>5000.0", ctx="{'Ar40': 2760.3728758904153}"
testing Ar40>5000.0
evaluate ot="Ar40>5000.0" t="Ar40>5000.0", ctx="{'Ar40': 2760.3728758904153}"
GetData ===>> H2,-0.175919562276701,H1,2731.51236589662,AX,11.3463161414011,L1,0.13768606035944,L2,0.0038866744...
testing Ar40>5000.0
evaluate ot="Ar40>5000.0" t="Ar40>5000.0", ctx="{'Ar40': 2762.2129202052456}"
testing Ar40>5000.0
evaluate ot="Ar40>5000.0" t="Ar40>5000.0", ctx="{'Ar40': 2762.2129202052456}"
GetData ===>> H2,-0.135657474659167,H1,2729.81046457853,AX,11.334556842802,L1,0.15095624794376,L2,0.10620654841...
testing Ar40>5000.0
evaluate ot="Ar40>5000.0" t="Ar40>5000.0", ctx="{'Ar40': 2762.4125888095464}"
testing Ar40>5000.0
evaluate ot="Ar40>5000.0" t="Ar40>5000.0", ctx="{'Ar40': 2762.4125888095464}"
GetData ===>> H2,-0.11290321613289,H1,2729.84591667289,AX,11.4182762742189,L1,0.173002562021235,L2,-0.063668818...
Get Checksum: -860229079
testing Ar40>5000.0
evaluate ot="Ar40>5000.0" t="Ar40>5000.0", ctx="{'Ar40': 2764.4589402874844}"
testing Ar40>5000.0
evaluate ot="Ar40>5000.0" t="Ar40>5000.0", ctx="{'Ar40': 2764.4589402874844}"
GetData ===>> H2,-0.0835744833827951,H1,2728.12373111892,AX,11.3914648516792,L1,0.12099316656897,L2,0.087809632...
testing Ar40>5000.0
evaluate ot="Ar40>5000.0" t="Ar40>5000.0", ctx="{'Ar40': 2764.8142118123383}"
testing Ar40>5000.0
evaluate ot="Ar40>5000.0" t="Ar40>5000.0", ctx="{'Ar40': 2764.8142118123383}"
GetData ===>> H2,-0.0296290875202151,H1,2726.24666026952,AX,11.4132670170134,L1,0.153754862283955,L2,0.07429586...
testing Ar40>5000.0
evaluate ot="Ar40>5000.0" t="Ar40>5000.0", ctx="{'Ar40': 2764.113069045619}"
testing Ar40>5000.0
evaluate ot="Ar40>5000.0" t="Ar40>5000.0", ctx="{'Ar40': 2764.113069045619}"
GetData ===>> H2,-0.173757997725384,H1,2725.22768829428,AX,11.4014692140533,L1,0.13314253845969,L2,0.0127092135...
Get Checksum: -860229079
testing Ar40>5000.0
evaluate ot="Ar40>5000.0" t="Ar40>5000.0", ctx="{'Ar40': 2763.8717882373267}"
testing Ar40>5000.0
evaluate ot="Ar40>5000.0" t="Ar40>5000.0", ctx="{'Ar40': 2763.8717882373267}"
GetData ===>> H2,-0.0938085358935622,H1,2724.86801984759,AX,11.2530446715779,L1,0.154504514252326,L2,-0.0548752...
testing Ar40>5000.0
evaluate ot="Ar40>5000.0" t="Ar40>5000.0", ctx="{'Ar40': 2764.552645594475}"
testing Ar40>5000.0
evaluate ot="Ar40>5000.0" t="Ar40>5000.0", ctx="{'Ar40': 2764.552645594475}"
GetData ===>> H2,0.00365746996510763,H1,2723.19081004433,AX,11.2218732911051,L1,0.147157895643529,L2,0.06497721...
testing Ar40>5000.0
evaluate ot="Ar40>5000.0" t="Ar40>5000.0", ctx="{'Ar40': 2764.493395966218}"
testing Ar40>5000.0
evaluate ot="Ar40>5000.0" t="Ar40>5000.0", ctx="{'Ar40': 2764.493395966218}"
18:20:34 -- collecting point 25
GetData ===>> H2,-0.0120831761554532,H1,2722.50345539854,AX,11.2291592621499,L1,0.138122277930654,L2,0.07953559...
Get Checksum: -860229079
testing Ar40>5000.0
evaluate ot="Ar40>5000.0" t="Ar40>5000.0", ctx="{'Ar40': 2764.8442242179544}"
testing Ar40>5000.0
evaluate ot="Ar40>5000.0" t="Ar40>5000.0", ctx="{'Ar40': 2764.8442242179544}"
GetData ===>> H2,-0.0879390197876819,H1,2721.51481715561,AX,11.3298786732007,L1,0.119360730881255,L2,0.11088043...
testing Ar40>5000.0
evaluate ot="Ar40>5000.0" t="Ar40>5000.0", ctx="{'Ar40': 2765.181672070642}"
testing Ar40>5000.0
evaluate ot="Ar40>5000.0" t="Ar40>5000.0", ctx="{'Ar40': 2765.181672070642}"
GetData ===>> H2,0.0111032622603278,H1,2719.95023467239,AX,11.1926609901733,L1,0.118927310275569,L2,0.023037405...
testing Ar40>5000.0
evaluate ot="Ar40>5000.0" t="Ar40>5000.0", ctx="{'Ar40': 2765.082545807713}"
testing Ar40>5000.0
evaluate ot="Ar40>5000.0" t="Ar40>5000.0", ctx="{'Ar40': 2765.082545807713}"
GetData ===>> H2,-0.00302339785653409,H1,2718.29197579208,AX,11.2812677553886,L1,0.169362966575472,L2,0.0651711...
Get Checksum: -860229079
testing Ar40>5000.0
evaluate ot="Ar40>5000.0" t="Ar40>5000.0", ctx="{'Ar40': 2764.6634472172473}"
testing Ar40>5000.0
evaluate ot="Ar40>5000.0" t="Ar40>5000.0", ctx="{'Ar40': 2764.6634472172473}"
GetData ===>> H2,-0.00549199283086736,H1,2717.84936868322,AX,11.2614494333785,L1,0.1008120789653,L2,0.137617139...
testing Ar40>5000.0
evaluate ot="Ar40>5000.0" t="Ar40>5000.0", ctx="{'Ar40': 2764.811185009204}"
testing Ar40>5000.0
evaluate ot="Ar40>5000.0" t="Ar40>5000.0", ctx="{'Ar40': 2764.811185009204}"
GetData ===>> H2,-0.0427989994688485,H1,2715.98709729061,AX,11.2917122571683,L1,0.117711658397553,L2,0.02497549...
testing Ar40>5000.0
evaluate ot="Ar40>5000.0" t="Ar40>5000.0", ctx="{'Ar40': 2764.498650158638}"
testing Ar40>5000.0
evaluate ot="Ar40>5000.0" t="Ar40>5000.0", ctx="{'Ar40': 2764.498650158638}"
GetData ===>> H2,-0.100944883306299,H1,2715.78577052728,AX,11.3196390119736,L1,0.114665322887954,L2,-0.03816308...
Get Checksum: -860229079
testing Ar40>5000.0
evaluate ot="Ar40>5000.0" t="Ar40>5000.0", ctx="{'Ar40': 2764.7900494575615}"
testing Ar40>5000.0
evaluate ot="Ar40>5000.0" t="Ar40>5000.0", ctx="{'Ar40': 2764.7900494575615}"
GetData ===>> H2,-0.175379580996275,H1,2714.3758415141,AX,11.3363741418342,L1,0.148843593951352,L2,0.0178389709...
testing Ar40>5000.0
evaluate ot="Ar40>5000.0" t="Ar40>5000.0", ctx="{'Ar40': 2764.856699580912}"
testing Ar40>5000.0
evaluate ot="Ar40>5000.0" t="Ar40>5000.0", ctx="{'Ar40': 2764.856699580912}"
GetData ===>> H2,-0.0246889923225752,H1,2713.25558720674,AX,11.3526350336351,L1,0.154040207150117,L2,-0.0189637...
testing Ar40>5000.0
evaluate ot="Ar40>5000.0" t="Ar40>5000.0", ctx="{'Ar40': 2764.911583497706}"
testing Ar40>5000.0
evaluate ot="Ar40>5000.0" t="Ar40>5000.0", ctx="{'Ar40': 2764.911583497706}"
GetData ===>> H2,0.0492406247773709,H1,2711.79756634209,AX,11.2737081188284,L1,0.139967649614031,L2,0.003328168...
Get Checksum: -860229079
testing Ar40>5000.0
evaluate ot="Ar40>5000.0" t="Ar40>5000.0", ctx="{'Ar40': 2764.807121374545}"
testing Ar40>5000.0
evaluate ot="Ar40>5000.0" t="Ar40>5000.0", ctx="{'Ar40': 2764.807121374545}"
GetData ===>> H2,0.0172673281370383,H1,2711.33124442331,AX,11.277070615918,L1,0.0948897142625472,L2,0.032351974...
testing Ar40>5000.0
evaluate ot="Ar40>5000.0" t="Ar40>5000.0", ctx="{'Ar40': 2765.0138425161617}"
testing Ar40>5000.0
evaluate ot="Ar40>5000.0" t="Ar40>5000.0", ctx="{'Ar40': 2765.0138425161617}"
GetData ===>> H2,-0.0918699796888134,H1,2710.24036443205,AX,11.270603428862,L1,0.0949680776433363,L2,0.07487760...
testing Ar40>5000.0
evaluate ot="Ar40>5000.0" t="Ar40>5000.0", ctx="{'Ar40': 2765.177857531373}"
testing Ar40>5000.0
evaluate ot="Ar40>5000.0" t="Ar40>5000.0", ctx="{'Ar40': 2765.177857531373}"
GetData ===>> H2,-0.0892318742921702,H1,2709.15185850192,AX,11.2838941226526,L1,0.100363348439988,L2,0.03495155...
Get Checksum: -860229079
testing Ar40>5000.0
evaluate ot="Ar40>5000.0" t="Ar40>5000.0", ctx="{'Ar40': 2765.3094276986944}"
testing Ar40>5000.0
evaluate ot="Ar40>5000.0" t="Ar40>5000.0", ctx="{'Ar40': 2765.3094276986944}"
GetData ===>> H2,-0.0363822488542262,H1,2708.06539089919,AX,11.2276137100526,L1,0.111447389247169,L2,0.08556440...
testing Ar40>5000.0
evaluate ot="Ar40>5000.0" t="Ar40>5000.0", ctx="{'Ar40': 2765.4121344766936}"
testing Ar40>5000.0
evaluate ot="Ar40>5000.0" t="Ar40>5000.0", ctx="{'Ar40': 2765.4121344766936}"
GetData ===>> H2,-0.00294586308363469,H1,2706.73963054225,AX,11.2703825453955,L1,0.103118771335794,L2,0.0193893...
testing Ar40>5000.0
evaluate ot="Ar40>5000.0" t="Ar40>5000.0", ctx="{'Ar40': 2765.4094082647475}"
testing Ar40>5000.0
evaluate ot="Ar40>5000.0" t="Ar40>5000.0", ctx="{'Ar40': 2765.4094082647475}"
GetData ===>> H2,-0.00887507247763774,H1,2705.81922894098,AX,11.2719532825632,L1,0.144899861417129,L2,0.0633576...
testing Ar40>5000.0
evaluate ot="Ar40>5000.0" t="Ar40>5000.0", ctx="{'Ar40': 2765.4615873774756}"
testing Ar40>5000.0
evaluate ot="Ar40>5000.0" t="Ar40>5000.0", ctx="{'Ar40': 2765.4615873774756}"
GetData ===>> H2,-0.0568089700596846,H1,2704.35511543051,AX,11.3388177228278,L1,0.176352916893986,L2,0.04026493...
Get Checksum: -860229079
testing Ar40>5000.0
evaluate ot="Ar40>5000.0" t="Ar40>5000.0", ctx="{'Ar40': 2765.3865954182156}"
testing Ar40>5000.0
evaluate ot="Ar40>5000.0" t="Ar40>5000.0", ctx="{'Ar40': 2765.3865954182156}"
GetData ===>> H2,-0.108485311161135,H1,2702.79782301388,AX,11.2853177889771,L1,0.143983018307329,L2,-0.03430074...
testing Ar40>5000.0
evaluate ot="Ar40>5000.0" t="Ar40>5000.0", ctx="{'Ar40': 2765.1918218116134}"
testing Ar40>5000.0
evaluate ot="Ar40>5000.0" t="Ar40>5000.0", ctx="{'Ar40': 2765.1918218116134}"
GetData ===>> H2,-0.0579401619070171,H1,2701.88917854364,AX,11.2670079957928,L1,0.14957475450355,L2,-0.02149353...
testing Ar40>5000.0
evaluate ot="Ar40>5000.0" t="Ar40>5000.0", ctx="{'Ar40': 2765.0949389962675}"
testing Ar40>5000.0
evaluate ot="Ar40>5000.0" t="Ar40>5000.0", ctx="{'Ar40': 2765.0949389962675}"
GetData ===>> H2,-0.08465803727571,H1,2700.32205177176,AX,11.2763588373003,L1,0.159810489272472,L2,-0.088541462...
Get Checksum: -860229079
testing Ar40>5000.0
evaluate ot="Ar40>5000.0" t="Ar40>5000.0", ctx="{'Ar40': 2764.8952534701953}"
testing Ar40>5000.0
evaluate ot="Ar40>5000.0" t="Ar40>5000.0", ctx="{'Ar40': 2764.8952534701953}"
GetData ===>> H2,-0.0198916804191763,H1,2699.76077042546,AX,11.2597438860865,L1,0.14393953373631,L2,0.080219370...
testing Ar40>5000.0
evaluate ot="Ar40>5000.0" t="Ar40>5000.0", ctx="{'Ar40': 2764.8815190705504}"
testing Ar40>5000.0
evaluate ot="Ar40>5000.0" t="Ar40>5000.0", ctx="{'Ar40': 2764.8815190705504}"
GetData ===>> H2,-0.131295948298975,H1,2699.03519821442,AX,11.3185586274724,L1,0.0980874330608096,L2,0.05803158...
testing Ar40>5000.0
evaluate ot="Ar40>5000.0" t="Ar40>5000.0", ctx="{'Ar40': 2764.967836249685}"
testing Ar40>5000.0
evaluate ot="Ar40>5000.0" t="Ar40>5000.0", ctx="{'Ar40': 2764.967836249685}"
GetData ===>> H2,-0.108607064515612,H1,2697.52492926985,AX,11.1696967690512,L1,0.106301062764792,L2,0.041633242...
Get Checksum: -860229079
testing Ar40>5000.0
evaluate ot="Ar40>5000.0" t="Ar40>5000.0", ctx="{'Ar40': 2764.942538669872}"
testing Ar40>5000.0
evaluate ot="Ar40>5000.0" t="Ar40>5000.0", ctx="{'Ar40': 2764.942538669872}"
GetData ===>> H2,-0.154063205299755,H1,2696.39213060604,AX,11.3022191937077,L1,0.108957721654893,L2,0.019776950...
testing Ar40>5000.0
evaluate ot="Ar40>5000.0" t="Ar40>5000.0", ctx="{'Ar40': 2764.9186279424202}"
testing Ar40>5000.0
evaluate ot="Ar40>5000.0" t="Ar40>5000.0", ctx="{'Ar40': 2764.9186279424202}"
GetData ===>> H2,-0.0744414406384222,H1,2695.14279914608,AX,11.225369020945,L1,0.0546961930178785,L2,-0.0055618...
testing Ar40>5000.0
evaluate ot="Ar40>5000.0" t="Ar40>5000.0", ctx="{'Ar40': 2764.870635908897}"
testing Ar40>5000.0
evaluate ot="Ar40>5000.0" t="Ar40>5000.0", ctx="{'Ar40': 2764.870635908897}"
18:21:00 -- collecting point 50
GetData ===>> H2,-0.19229440678727,H1,2694.93705213122,AX,11.2871342194139,L1,0.0604452712650713,L2,-0.06852085...
Get Checksum: -860229079
testing Ar40>5000.0
evaluate ot="Ar40>5000.0" t="Ar40>5000.0", ctx="{'Ar40': 2765.0241351819836}"
testing age>100.0
evaluate ot="age>100.0" t="age>100.0", ctx="{'age': 1220.6775733466307}"
condition age>100.0 is true trips=1/1
18:21:02 -- Conditional tripped: age>100.0 condition age>100.0 is True
18:21:02 -- truncation conditional condition age>100.0 is True. measurement iteration executed 50/400 counts
state changed from measurement to truncated
measurement finished
estimated time: 419.430 actual time: :52.709
flush and close file /Users/jan/PychronDev/data/isotopes/7f/b3b360-d520-4ced-9e6f-a8988081a092.h5
baselines () {'settling_time': 15.0, 'detector': 'H1', 'mass': 34.2, 'ncounts': 120}
%%%%%%%%%%%%%%%%%%%%%%%%%%%%%%%% Baseline
build tables- baseline [Detector(H2), Detector(H1), Detector(AX), Detector(L1), Detector(L2), Detector(CDD)]
add group baseline table H2
add group baseline table H1
add group baseline table AX
add group baseline table L1
add group baseline table L2
add group baseline table CDD
flush and close file /Users/jan/PychronDev/data/isotopes/7f/b3b360-d520-4ced-9e6f-a8988081a092.h5
detector Detector(H1)
POSITION 34.2 H1
Mapping mass to dac mass func: "parabolic"
H1 map mass coeffs = [-0.00063987  0.15840543  0.57057999]
H1 map mass to dac 34.2 >> 5.23962599104
GetDeflection H1 ===>> 0
GetHighVoltage ===>> 4499.94659342336
positioning 34.2 (5.23959513538) on H1
setting magnet DAC
current  : 5.878935
requested: 5.239595
Delta Dac: 0.639340
Checking detector protection. dv=0.63934
Checking detector "CDD". Protection Threshold: 0.1 (V)
ProtectDetector CDD,On ===>> OK
GetDeflection CDD ===>> 2000
SetMagnetDAC 5.23959513538 ===>> OK
Magnet settling time: 0.500
loading system conditionals pre_run_terminations
loading conditionals from /Users/jan/PychronDev/setupfiles/spectrometer/default_conditionals.yaml
loading queue conditionals pre_run_terminations
loading system conditionals None
loading conditionals from /Users/jan/PychronDev/setupfiles/spectrometer/default_conditionals.yaml
loading queue conditionals None
loading system conditionals post_run_terminations
loading conditionals from /Users/jan/PychronDev/setupfiles/spectrometer/default_conditionals.yaml
loading queue conditionals post_run_terminations
Show conditionals active run: <pychron.experiment.automated_run.automated_run.AutomatedRun object at 0x136867ef0>
Show conditionals measuring run: <pychron.experiment.automated_run.automated_run.AutomatedRun object at 0x136867ef0>
active_run same as measuring_run: True
GetMagnetMoving ===>> True
GetMagnetMoving ===>> True
GetMagnetMoving ===>> True
GetMagnetMoving ===>> True
GetMagnetMoving ===>> True
GetMagnetMoving ===>> True
GetMagnetMoving ===>> True
GetMagnetMoving ===>> True
Get Checksum: -860229079
GetMagnetMoving ===>> False
ProtectDetector CDD,Off ===>> OK
GetDeflection CDD ===>> 50
Delaying 15.0s for detectors to settle
Get Checksum: -860229079
Get Checksum: -860229079
Get Checksum: -860229079
Get Checksum: -860229079
Get Checksum: -860229079
Join finished
measuring baseline. ncounts=120.0
starting measurement
GetData ===>> H2,-0.0717028090815613,H1,-0.236075474467534,AX,-0.134292134142871,L1,-0.0632290490733666,L2,-0.0...
testing Ar40>5000.0
evaluate ot="Ar40>5000.0" t="Ar40>5000.0", ctx="{'Ar40': 2765.0241351819836}"
GetData ===>> H2,-0.203231799718429,H1,-0.141307852708938,AX,0.00848094469315847,L1,-0.0271872953114492,L2,-0.0...
testing Ar40>5000.0
evaluate ot="Ar40>5000.0" t="Ar40>5000.0", ctx="{'Ar40': 2765.182692121119}"
GetData ===>> H2,-0.194072239399099,H1,-0.148950271330528,AX,0.0440237184505244,L1,-0.0242455377550326,L2,0.006...
Get Checksum: -860229079
testing Ar40>5000.0
evaluate ot="Ar40>5000.0" t="Ar40>5000.0", ctx="{'Ar40': 2765.1694449903666}"
GetData ===>> H2,-0.194072239399099,H1,-0.148950271330528,AX,0.0440237184505244,L1,-0.0242455377550326,L2,0.006...
testing Ar40>5000.0
evaluate ot="Ar40>5000.0" t="Ar40>5000.0", ctx="{'Ar40': 2765.1628214249904}"
GetData ===>> H2,-0.216427268402392,H1,-0.114904285185546,AX,-0.0505658602360108,L1,-0.0533425930055168,L2,0.02...
testing Ar40>5000.0
evaluate ot="Ar40>5000.0" t="Ar40>5000.0", ctx="{'Ar40': 2765.1520380885354}"
GetData ===>> H2,-0.31697174547247,H1,-0.12903822477075,AX,0.0222764517979854,L1,-0.0139745587186979,L2,-0.0406...
Get Checksum: -860229079
testing Ar40>5000.0
evaluate ot="Ar40>5000.0" t="Ar40>5000.0", ctx="{'Ar40': 2765.147204854163}"
GetData ===>> H2,-0.221831750433007,H1,-0.0134571232895507,AX,-0.144646635856746,L1,-0.0165389680377923,L2,-0.0...
testing Ar40>5000.0
evaluate ot="Ar40>5000.0" t="Ar40>5000.0", ctx="{'Ar40': 2765.1272409579715}"
GetData ===>> H2,-0.120707978102434,H1,-0.157045113833987,AX,-0.0652784918332371,L1,-0.0444548074973133,L2,-0.0...
testing Ar40>5000.0
evaluate ot="Ar40>5000.0" t="Ar40>5000.0", ctx="{'Ar40': 2765.1302165346456}"
GetData ===>> H2,-0.239534637640801,H1,-0.0952785290968759,AX,-0.0637482035480239,L1,-0.0802505478427818,L2,0.0...
Get Checksum: -860229079
testing Ar40>5000.0
evaluate ot="Ar40>5000.0" t="Ar40>5000.0", ctx="{'Ar40': 2765.1256679181993}"
GetData ===>> H2,-0.11601602161512,H1,-0.0505550811272347,AX,-0.138976726097995,L1,-0.0396408491053533,L2,-0.06...
testing Ar40>5000.0
evaluate ot="Ar40>5000.0" t="Ar40>5000.0", ctx="{'Ar40': 2765.1175566802453}"
testing Ar40>5000.0
evaluate ot="Ar40>5000.0" t="Ar40>5000.0", ctx="{'Ar40': 2765.1175566802453}"
GetData ===>> H2,-0.158665951614824,H1,0.0116523181649566,AX,-0.168748759429042,L1,-0.0456280099931963,L2,0.050...
Get Checksum: -860229079
testing Ar40>5000.0
evaluate ot="Ar40>5000.0" t="Ar40>5000.0", ctx="{'Ar40': 2765.1052649947105}"
testing Ar40>5000.0
evaluate ot="Ar40>5000.0" t="Ar40>5000.0", ctx="{'Ar40': 2765.1052649947105}"
GetData ===>> H2,-0.264151235074264,H1,-0.0160094644130691,AX,-0.107502634758511,L1,-0.0649752826116151,L2,-0.0...
testing Ar40>5000.0
evaluate ot="Ar40>5000.0" t="Ar40>5000.0", ctx="{'Ar40': 2765.09732707198}"
testing Ar40>5000.0
evaluate ot="Ar40>5000.0" t="Ar40>5000.0", ctx="{'Ar40': 2765.09732707198}"
GetData ===>> H2,-0.273825096314077,H1,0.0185600102397434,AX,-0.0320704688919994,L1,-0.0454711918769751,L2,-0.0...
testing Ar40>5000.0
evaluate ot="Ar40>5000.0" t="Ar40>5000.0", ctx="{'Ar40': 2765.0879511777734}"
testing Ar40>5000.0
evaluate ot="Ar40>5000.0" t="Ar40>5000.0", ctx="{'Ar40': 2765.0879511777734}"
GetData ===>> H2,-0.233528580353315,H1,0.0663423146629373,AX,-0.112717082395214,L1,0.0158179612164274,L2,-0.083...
Get Checksum: -860229079
testing Ar40>5000.0
evaluate ot="Ar40>5000.0" t="Ar40>5000.0", ctx="{'Ar40': 2765.0765016752803}"
testing Ar40>5000.0
evaluate ot="Ar40>5000.0" t="Ar40>5000.0", ctx="{'Ar40': 2765.0765016752803}"
GetData ===>> H2,-0.234454331407556,H1,-0.0643962156025022,AX,-0.0825853044827529,L1,-0.0113495120065514,L2,0.0...
testing Ar40>5000.0
evaluate ot="Ar40>5000.0" t="Ar40>5000.0", ctx="{'Ar40': 2765.075294675137}"
testing Ar40>5000.0
evaluate ot="Ar40>5000.0" t="Ar40>5000.0", ctx="{'Ar40': 2765.075294675137}"
GetData ===>> H2,-0.232831525858334,H1,-0.15026170412844,AX,-0.0994834276643521,L1,-0.0518544640116118,L2,-0.09...
testing Ar40>5000.0
evaluate ot="Ar40>5000.0" t="Ar40>5000.0", ctx="{'Ar40': 2765.079605143045}"
testing Ar40>5000.0
evaluate ot="Ar40>5000.0" t="Ar40>5000.0", ctx="{'Ar40': 2765.079605143045}"
GetData ===>> H2,-0.137123112062367,H1,-0.0678532199862357,AX,-0.0842775670221293,L1,-0.0528210552062522,L2,-0....
Get Checksum: -860229079
testing Ar40>5000.0
evaluate ot="Ar40>5000.0" t="Ar40>5000.0", ctx="{'Ar40': 2765.07856093919}"
testing Ar40>5000.0
evaluate ot="Ar40>5000.0" t="Ar40>5000.0", ctx="{'Ar40': 2765.07856093919}"
GetData ===>> H2,-0.121852261577984,H1,-0.0179534936592727,AX,-0.123017691966277,L1,-0.0276737108015609,L2,0.01...
testing Ar40>5000.0
evaluate ot="Ar40>5000.0" t="Ar40>5000.0", ctx="{'Ar40': 2765.074860550968}"
testing Ar40>5000.0
evaluate ot="Ar40>5000.0" t="Ar40>5000.0", ctx="{'Ar40': 2765.074860550968}"
GetData ===>> H2,-0.241114955866249,H1,0.00594995399436655,AX,0.0204315230575548,L1,-0.00103088162563889,L2,0.0...
testing Ar40>5000.0
evaluate ot="Ar40>5000.0" t="Ar40>5000.0", ctx="{'Ar40': 2765.0702916011032}"
testing Ar40>5000.0
evaluate ot="Ar40>5000.0" t="Ar40>5000.0", ctx="{'Ar40': 2765.0702916011032}"
GetData ===>> H2,-0.216365334847151,H1,-0.0242385322970272,AX,-0.0234071552670216,L1,0.00923814886349106,L2,0.0...
Get Checksum: -860229079
testing Ar40>5000.0
evaluate ot="Ar40>5000.0" t="Ar40>5000.0", ctx="{'Ar40': 2765.067688970539}"
testing Ar40>5000.0
evaluate ot="Ar40>5000.0" t="Ar40>5000.0", ctx="{'Ar40': 2765.067688970539}"
GetData ===>> H2,-0.175341781342442,H1,-0.0228789938239825,AX,-0.0141979148169569,L1,-0.0303342028612638,L2,-0....
testing Ar40>5000.0
evaluate ot="Ar40>5000.0" t="Ar40>5000.0", ctx="{'Ar40': 2765.065269469626}"
testing Ar40>5000.0
evaluate ot="Ar40>5000.0" t="Ar40>5000.0", ctx="{'Ar40': 2765.065269469626}"
GetData ===>> H2,-0.224941585324482,H1,-0.0225808469530573,AX,-0.0874649679044472,L1,-0.00663589500567812,L2,0....
testing Ar40>5000.0
evaluate ot="Ar40>5000.0" t="Ar40>5000.0", ctx="{'Ar40': 2765.06305637121}"
testing Ar40>5000.0
evaluate ot="Ar40>5000.0" t="Ar40>5000.0", ctx="{'Ar40': 2765.06305637121}"
GetData ===>> H2,-0.199611974965804,H1,0.119073881655596,AX,0.0481787649877407,L1,-0.0426480471891655,L2,0.0371...
Get Checksum: -860229079
testing Ar40>5000.0
evaluate ot="Ar40>5000.0" t="Ar40>5000.0", ctx="{'Ar40': 2765.0548768148915}"
testing Ar40>5000.0
evaluate ot="Ar40>5000.0" t="Ar40>5000.0", ctx="{'Ar40': 2765.0548768148915}"
GetData ===>> H2,-0.145365822294857,H1,0.0417442295514327,AX,-0.0173412170003706,L1,-0.0235180540116476,L2,-0.0...
testing Ar40>5000.0
evaluate ot="Ar40>5000.0" t="Ar40>5000.0", ctx="{'Ar40': 2765.050600957103}"
testing Ar40>5000.0
evaluate ot="Ar40>5000.0" t="Ar40>5000.0", ctx="{'Ar40': 2765.050600957103}"
18:21:45 -- collecting point 25
GetData ===>> H2,-0.15774609218739,H1,0.0182498100459451,AX,-0.00306215303418067,L1,-0.021102718325081,L2,-0.05...
testing Ar40>5000.0
evaluate ot="Ar40>5000.0" t="Ar40>5000.0", ctx="{'Ar40': 2765.0476069447186}"
testing Ar40>5000.0
evaluate ot="Ar40>5000.0" t="Ar40>5000.0", ctx="{'Ar40': 2765.0476069447186}"
GetData ===>> H2,-0.269038929482862,H1,-0.021018542829254,AX,-0.11997049362613,L1,-0.0262179883830209,L2,-0.087...
Get Checksum: -860229079
testing Ar40>5000.0
evaluate ot="Ar40>5000.0" t="Ar40>5000.0", ctx="{'Ar40': 2765.0463535622434}"
testing Ar40>5000.0
evaluate ot="Ar40>5000.0" t="Ar40>5000.0", ctx="{'Ar40': 2765.0463535622434}"
GetData ===>> H2,-0.259401741542022,H1,-0.0239761666613213,AX,-0.0847411954581159,L1,-0.0404026140055573,L2,-0....
testing Ar40>5000.0
evaluate ot="Ar40>5000.0" t="Ar40>5000.0", ctx="{'Ar40': 2765.045302564538}"
testing Ar40>5000.0
evaluate ot="Ar40>5000.0" t="Ar40>5000.0", ctx="{'Ar40': 2765.045302564538}"
GetData ===>> H2,-0.20502308336999,H1,0.0572232512225269,AX,-0.0348652957801188,L1,-0.0622361918209226,L2,-0.00...
testing Ar40>5000.0
evaluate ot="Ar40>5000.0" t="Ar40>5000.0", ctx="{'Ar40': 2765.041426658887}"
testing Ar40>5000.0
evaluate ot="Ar40>5000.0" t="Ar40>5000.0", ctx="{'Ar40': 2765.041426658887}"
GetData ===>> H2,-0.292440072191542,H1,0.0585003475319425,AX,-0.0666464564432515,L1,-0.0385316353350183,L2,-0.0...
Get Checksum: -860229079
testing Ar40>5000.0
evaluate ot="Ar40>5000.0" t="Ar40>5000.0", ctx="{'Ar40': 2765.03777401927}"
testing Ar40>5000.0
evaluate ot="Ar40>5000.0" t="Ar40>5000.0", ctx="{'Ar40': 2765.03777401927}"
GetData ===>> H2,-0.222295114863024,H1,0.0170806025699967,AX,-0.0772996922309249,L1,-0.0272507942352365,L2,0.06...
testing Ar40>5000.0
evaluate ot="Ar40>5000.0" t="Ar40>5000.0", ctx="{'Ar40': 2765.035745547126}"
testing Ar40>5000.0
evaluate ot="Ar40>5000.0" t="Ar40>5000.0", ctx="{'Ar40': 2765.035745547126}"
GetData ===>> H2,-0.197555506499178,H1,-0.0152819345565323,AX,-0.0385413566542282,L1,-0.0380524554551812,L2,-0....
Get Checksum: -860229079
testing Ar40>5000.0
evaluate ot="Ar40>5000.0" t="Ar40>5000.0", ctx="{'Ar40': 2765.0348918969635}"
testing Ar40>5000.0
evaluate ot="Ar40>5000.0" t="Ar40>5000.0", ctx="{'Ar40': 2765.0348918969635}"
GetData ===>> H2,-0.251729929007444,H1,-0.0256576799507301,AX,-0.00752821051124331,L1,-0.0513723299214273,L2,-0...
testing Ar40>5000.0
evaluate ot="Ar40>5000.0" t="Ar40>5000.0", ctx="{'Ar40': 2765.03441584198}"
testing Ar40>5000.0
evaluate ot="Ar40>5000.0" t="Ar40>5000.0", ctx="{'Ar40': 2765.03441584198}"
GetData ===>> H2,-0.239299051673594,H1,0.0124993497562677,AX,0.071769152264081,L1,-0.0345046157987926,L2,-0.022...
testing Ar40>5000.0
evaluate ot="Ar40>5000.0" t="Ar40>5000.0", ctx="{'Ar40': 2765.0328123651857}"
testing Ar40>5000.0
evaluate ot="Ar40>5000.0" t="Ar40>5000.0", ctx="{'Ar40': 2765.0328123651857}"
GetData ===>> H2,-0.274777518826577,H1,-0.0294976256561384,AX,-0.037520886801162,L1,-0.04381068502251,L2,0.0408...
Get Checksum: -860229079
testing Ar40>5000.0
evaluate ot="Ar40>5000.0" t="Ar40>5000.0", ctx="{'Ar40': 2765.0325384157154}"
testing Ar40>5000.0
evaluate ot="Ar40>5000.0" t="Ar40>5000.0", ctx="{'Ar40': 2765.0325384157154}"
GetData ===>> H2,-0.20828952492264,H1,0.0473889617798708,AX,-0.114339297991835,L1,-0.0440728885593871,L2,0.0092...
testing Ar40>5000.0
evaluate ot="Ar40>5000.0" t="Ar40>5000.0", ctx="{'Ar40': 2765.030083360859}"
testing Ar40>5000.0
evaluate ot="Ar40>5000.0" t="Ar40>5000.0", ctx="{'Ar40': 2765.030083360859}"
GetData ===>> H2,-0.322479805122584,H1,0.0250625047821586,AX,0.0254558450039973,L1,-0.0267475842157308,L2,-0.08...
testing Ar40>5000.0
evaluate ot="Ar40>5000.0" t="Ar40>5000.0", ctx="{'Ar40': 2765.0283848773006}"
testing Ar40>5000.0
evaluate ot="Ar40>5000.0" t="Ar40>5000.0", ctx="{'Ar40': 2765.0283848773006}"
GetData ===>> H2,-0.22533883909497,H1,0.0486301295161475,AX,-0.071967424029436,L1,0.00660430719049501,L2,-0.075...
Get Checksum: -860229079
testing Ar40>5000.0
evaluate ot="Ar40>5000.0" t="Ar40>5000.0", ctx="{'Ar40': 2765.026141240833}"
testing Ar40>5000.0
evaluate ot="Ar40>5000.0" t="Ar40>5000.0", ctx="{'Ar40': 2765.026141240833}"
GetData ===>> H2,-0.197817137010403,H1,0.0184764947084084,AX,-0.0294727155011514,L1,-0.0232855357556088,L2,-0.0...
testing Ar40>5000.0
evaluate ot="Ar40>5000.0" t="Ar40>5000.0", ctx="{'Ar40': 2765.0248092072015}"
testing Ar40>5000.0
evaluate ot="Ar40>5000.0" t="Ar40>5000.0", ctx="{'Ar40': 2765.0248092072015}"
GetData ===>> H2,-0.235468802846281,H1,0.0293698942628097,AX,-0.0354915115454626,L1,-0.0302527574485287,L2,-0.0...
testing Ar40>5000.0
evaluate ot="Ar40>5000.0" t="Ar40>5000.0", ctx="{'Ar40': 2765.0232661650493}"
testing Ar40>5000.0
evaluate ot="Ar40>5000.0" t="Ar40>5000.0", ctx="{'Ar40': 2765.0232661650493}"
GetData ===>> H2,-0.239304436550584,H1,0.0631433863245825,AX,-0.0694634755279509,L1,-0.0348449559645328,L2,-0.0...
Get Checksum: -860229079
testing Ar40>5000.0
evaluate ot="Ar40>5000.0" t="Ar40>5000.0", ctx="{'Ar40': 2765.020955937703}"
testing Ar40>5000.0
evaluate ot="Ar40>5000.0" t="Ar40>5000.0", ctx="{'Ar40': 2765.020955937703}"
GetData ===>> H2,-0.215658460452981,H1,0.0536068892962095,AX,-0.141805924836434,L1,-0.0158613036507001,L2,-0.06...
testing Ar40>5000.0
evaluate ot="Ar40>5000.0" t="Ar40>5000.0", ctx="{'Ar40': 2765.0189910018626}"
testing Ar40>5000.0
evaluate ot="Ar40>5000.0" t="Ar40>5000.0", ctx="{'Ar40': 2765.0189910018626}"
GetData ===>> H2,-0.282412848345559,H1,0.0813657817095194,AX,-0.0809046036513277,L1,0.00253746107051513,L2,0.01...
testing Ar40>5000.0
evaluate ot="Ar40>5000.0" t="Ar40>5000.0", ctx="{'Ar40': 2765.0164587083855}"
testing Ar40>5000.0
evaluate ot="Ar40>5000.0" t="Ar40>5000.0", ctx="{'Ar40': 2765.0164587083855}"
GetData ===>> H2,-0.224948318555575,H1,-0.00880549310335859,AX,-0.0325343461296549,L1,0.00501191816974909,L2,-0...
Get Checksum: -860229079
testing Ar40>5000.0
evaluate ot="Ar40>5000.0" t="Ar40>5000.0", ctx="{'Ar40': 2765.0161412023913}"
testing Ar40>5000.0
evaluate ot="Ar40>5000.0" t="Ar40>5000.0", ctx="{'Ar40': 2765.0161412023913}"
GetData ===>> H2,-0.206407124075568,H1,0.0017270735655607,AX,-0.129297168499278,L1,-0.0228971943122395,L2,-0.04...
testing Ar40>5000.0
evaluate ot="Ar40>5000.0" t="Ar40>5000.0", ctx="{'Ar40': 2765.0155987519724}"
testing Ar40>5000.0
evaluate ot="Ar40>5000.0" t="Ar40>5000.0", ctx="{'Ar40': 2765.0155987519724}"
GetData ===>> H2,-0.166996666104767,H1,0.0258499915082534,AX,-0.0115416873437524,L1,-0.0223338328522065,L2,-0.0...
testing Ar40>5000.0
evaluate ot="Ar40>5000.0" t="Ar40>5000.0", ctx="{'Ar40': 2765.014544345618}"
testing Ar40>5000.0
evaluate ot="Ar40>5000.0" t="Ar40>5000.0", ctx="{'Ar40': 2765.014544345618}"
GetData ===>> H2,-0.145155065187839,H1,0.00676114916300392,AX,0.016579331741776,L1,-0.0157341615307172,L2,-0.02...
Get Checksum: -860229079
testing Ar40>5000.0
evaluate ot="Ar40>5000.0" t="Ar40>5000.0", ctx="{'Ar40': 2765.0139507578515}"
testing Ar40>5000.0
evaluate ot="Ar40>5000.0" t="Ar40>5000.0", ctx="{'Ar40': 2765.0139507578515}"
GetData ===>> H2,-0.245580111234653,H1,0.057903571528173,AX,0.0294592432578892,L1,-0.0408337760951627,L2,-0.081...
testing Ar40>5000.0
evaluate ot="Ar40>5000.0" t="Ar40>5000.0", ctx="{'Ar40': 2765.012294292493}"
testing Ar40>5000.0
evaluate ot="Ar40>5000.0" t="Ar40>5000.0", ctx="{'Ar40': 2765.012294292493}"
GetData ===>> H2,-0.174746420152642,H1,-0.0449990141174748,AX,-0.0343202528527275,L1,-0.0223578063230497,L2,0.0...
testing Ar40>5000.0
evaluate ot="Ar40>5000.0" t="Ar40>5000.0", ctx="{'Ar40': 2765.0128506503925}"
testing Ar40>5000.0
evaluate ot="Ar40>5000.0" t="Ar40>5000.0", ctx="{'Ar40': 2765.0128506503925}"
GetData ===>> H2,-0.169120895708712,H1,0.0112705597907105,AX,-0.0402807692399876,L1,-0.00206166081081343,L2,-0....
Get Checksum: -860229079
testing Ar40>5000.0
evaluate ot="Ar40>5000.0" t="Ar40>5000.0", ctx="{'Ar40': 2765.0122359411544}"
testing Ar40>5000.0
evaluate ot="Ar40>5000.0" t="Ar40>5000.0", ctx="{'Ar40': 2765.0122359411544}"
18:22:11 -- collecting point 50
GetData ===>> H2,-0.132027719840611,H1,0.0950707533166064,AX,-0.103748059392638,L1,-0.00549043214381069,L2,-0.0...
testing Ar40>5000.0
evaluate ot="Ar40>5000.0" t="Ar40>5000.0", ctx="{'Ar40': 2765.009969816416}"
testing age>100.0
evaluate ot="age>100.0" t="age>100.0", ctx="{'age': 1221.2316953235254}"
condition age>100.0 is true trips=1/1
18:22:12 -- Conditional tripped: age>100.0 condition age>100.0 is True
18:22:12 -- truncation conditional condition age>100.0 is True. measurement iteration executed 50/120 counts
measurement finished
estimated time: 125.829 actual time: :52.723
flush and close file /Users/jan/PychronDev/data/isotopes/7f/b3b360-d520-4ced-9e6f-a8988081a092.h5
activate_detectors ('H1', 'AX', 'L2', 'CDD') {'peak_center': True}
peak_center () {'detector': 'H1', 'integration_time': 0.262144, 'isotope': 'Ar40'}
peak center: mean=2699.21570486 threshold=3
peak center started
setup peak center. detector=['H1', 'AX', 'L2', 'CDD'], isotope=Ar40
VersionedUnpickler [<apptools.sweet_pickle.versioned_unpickler.VersionedUnpickler object at 0x142da6b30>] using Updater [<apptools.sweet_pickle.updater.Updater object at 0x1350084d0>]
VersionedUnpickler [<apptools.sweet_pickle.versioned_unpickler.VersionedUnpickler object at 0x142da6b30>] using Updater [<apptools.sweet_pickle.updater.Updater object at 0x1350084d0>]
VersionedUnpickler [<apptools.sweet_pickle.versioned_unpickler.VersionedUnpickler object at 0x142da6b30>] using Updater [<apptools.sweet_pickle.updater.Updater object at 0x1350084d0>]
setting integration time = 0.524288
SetIntegrationTime 0.524288 ===>> OK
Mapping mass to dac mass func: "parabolic"
H1 map mass coeffs = [-0.00063987  0.15840543  0.57057999]
H1 map mass to dac 39.9624 >> 5.87897
GetDeflection H1 ===>> 0
GetHighVoltage ===>> 4499.94659342336
do peak center. <pychron.spectrometer.jobs.peak_center.PeakCenter object at 0x135059470>
doing pc
starting peak center. center dac= 5.8789353793 step_width=0.001
width = 0.001
get scan parameters. half-width=0.015,window=0.015, i=0, scalar=1
Scan parameters center=5.87894 width=0.03000 (5.86394 - 5.89394)
GetData ===>> H2,-0.217680828217052,H1,0.00306310686555307,AX,-0.0230244208145359,L1,-0.0139374053004603,L2,0.0...
Moving to starting dac 5.8639353793
setting magnet DAC
current  : 5.239595
requested: 5.863935
Delta Dac: 0.624340
Checking detector protection. dv=0.62434
Checking detector "CDD". Protection Threshold: 0.1 (V)
ProtectDetector CDD,On ===>> OK
GetDeflection CDD ===>> 2000
SetMagnetDAC 5.8639353793 ===>> OK
Magnet settling time: 0.500
loading system conditionals pre_run_terminations
loading conditionals from /Users/jan/PychronDev/setupfiles/spectrometer/default_conditionals.yaml
loading queue conditionals pre_run_terminations
loading system conditionals None
loading conditionals from /Users/jan/PychronDev/setupfiles/spectrometer/default_conditionals.yaml
loading queue conditionals None
loading system conditionals post_run_terminations
loading conditionals from /Users/jan/PychronDev/setupfiles/spectrometer/default_conditionals.yaml
loading queue conditionals post_run_terminations
Show conditionals active run: <pychron.experiment.automated_run.automated_run.AutomatedRun object at 0x136867ef0>
Show conditionals measuring run: <pychron.experiment.automated_run.automated_run.AutomatedRun object at 0x136867ef0>
active_run same as measuring_run: True
GetMagnetMoving ===>> True
GetMagnetMoving ===>> True
GetMagnetMoving ===>> True
Get Checksum: -860229079
GetMagnetMoving ===>> True
GetMagnetMoving ===>> True
GetMagnetMoving ===>> True
GetMagnetMoving ===>> True
GetMagnetMoving ===>> True
GetMagnetMoving ===>> False
ProtectDetector CDD,Off ===>> OK
GetDeflection CDD ===>> 50
Wait until signal near baseline. tol= 0.00229733014916. timeout= 10
GetData ===>> H2,6.35649202111269,H1,0.0661393945311285,AX,-0.0300989659651142,L1,-0.000296432082898693,L2,0.13...
GetData ===>> H2,131.103881735136,H1,39.5091953986029,AX,-0.0229548325705684,L1,-0.0183205619741143,L2,0.005989...
GetData ===>> H2,147.194080436163,H1,62.8079340726779,AX,0.0688406779936086,L1,-0.0644857832317113,L2,-0.150656...
GetData ===>> H2,100.431261346498,H1,30.3784684968594,AX,0.00616061412481068,L1,-0.0286490126802107,L2,-0.12153...
Get Checksum: -860229079
GetData ===>> H2,47.6193186587345,H1,15.6443480051558,AX,-0.0724658875685243,L1,-0.0122593660015128,L2,-0.14008...
GetData ===>> H2,18.044664989877,H1,8.63044589754047,AX,-0.1229713474592,L1,0.00942146288758883,L2,0.0070372924...
GetData ===>> H2,5.75777557781864,H1,5.18844589964973,AX,0.0399500879874591,L1,-0.0299892812466306,L2,-0.014073...
GetData ===>> H2,1.78756529866092,H1,3.57260215470483,AX,0.0497920850369884,L1,-0.0808386193767958,L2,-0.037751...
GetData ===>> H2,0.918605248511921,H1,2.68399406888473,AX,0.0475636212172957,L1,-0.104008893743602,L2,-0.004964...
Get Checksum: -860229079
GetData ===>> H2,0.862488749933151,H1,2.23804891752477,AX,0.0840671307235094,L1,-0.0722993176274327,L2,-0.00507...
GetData ===>> H2,0.796102336455605,H1,2.13008238235097,AX,0.0566519614527551,L1,-0.057653811892931,L2,0.0953776...
GetData ===>> H2,0.785097871821219,H1,2.01717710675917,AX,-0.216657999992384,L1,-0.027495281316261,L2,-0.128601...
GetData ===>> H2,0.839293172144064,H1,1.92524686154674,AX,-0.133004418213894,L1,-0.026760366813659,L2,-0.107385...
GetData ===>> H2,0.849316744263012,H1,1.90229283621253,AX,-0.101720064898404,L1,-0.0195016985661655,L2,-0.12454...
GetData ===>> H2,0.720876623872139,H1,1.90655567648317,AX,-0.0686867747052107,L1,-0.0189818238853752,L2,0.01045...
Get Checksum: -860229079
GetData ===>> H2,0.564467495330811,H1,1.9282098281505,AX,-0.183362675317633,L1,-0.0253933308658672,L2,-0.115338...
GetData ===>> H2,0.484796157320137,H1,1.85033435994602,AX,-0.128741068855807,L1,-0.00747301998127254,L2,-0.1079...
GetData ===>> H2,0.384022033172895,H1,1.87503417760821,AX,-0.104223183419041,L1,-0.00253561582482592,L2,-0.1548...
GetData ===>> H2,0.24761170899699,H1,1.87257836984618,AX,-0.117525714161295,L1,-0.0216144611274579,L2,0.0094742...
GetData ===>> H2,0.135035903781157,H1,1.90159442190068,AX,0.122549447668977,L1,-0.0438250525167838,L2,0.1083952...
GetData ===>> H2,0.110983775113479,H1,1.90328025778659,AX,-0.00523140654476058,L1,-0.0465880186905441,L2,-0.029...
Peak center failed to move to a baseline position
_do_sweep sm= 5.8639353793, em= 5.8939353793, stm= 0.001
calculated step values: start=5.8639353793, end=5.8939353793, width=0.001, nsteps=31.0
setting magnet DAC
current  : 5.863935
requested: 5.863935
Delta Dac: 0.000000
Checking detector protection. dv=0.00000
Checking detector "CDD". Protection Threshold: 0.1 (V)
SetMagnetDAC 5.8639353793 ===>> OK
GetData ===>> H2,0.110983775113479,H1,1.90328025778659,AX,-0.00523140654476058,L1,-0.0465880186905441,L2,-0.029...
setting magnet DAC
current  : 5.863935
requested: 5.864970
Delta Dac: 0.001034
Checking detector protection. dv=0.00103
Checking detector "CDD". Protection Threshold: 0.1 (V)
SetMagnetDAC 5.86496986206 ===>> OK
Magnet settling time: 1.049
Get Checksum: -860229079
GetData ===>> H2,0.187872606952656,H1,4.31737755021888,AX,-0.0471453474548317,L1,-0.0602504130642316,L2,-0.0591...
setting magnet DAC
current  : 5.864970
requested: 5.866004
Delta Dac: 0.001034
Checking detector protection. dv=0.00103
Checking detector "CDD". Protection Threshold: 0.1 (V)
SetMagnetDAC 5.86600434481 ===>> OK
Magnet settling time: 1.049
GetData ===>> H2,0.106406959889759,H1,16.0705957096319,AX,-0.061383165225238,L1,-0.00800548159405285,L2,-0.0240...
setting magnet DAC
current  : 5.866004
requested: 5.867039
Delta Dac: 0.001034
Checking detector protection. dv=0.00103
Checking detector "CDD". Protection Threshold: 0.1 (V)
SetMagnetDAC 5.86703882757 ===>> OK
Magnet settling time: 1.049
GetData ===>> H2,-0.0349553608097892,H1,62.4649652851698,AX,0.0488403390406736,L1,-0.0693857788504974,L2,0.0176...
setting magnet DAC
current  : 5.867039
requested: 5.868073
Delta Dac: 0.001034
Checking detector protection. dv=0.00103
Checking detector "CDD". Protection Threshold: 0.1 (V)
SetMagnetDAC 5.86807331033 ===>> OK
Magnet settling time: 1.049
Get Checksum: -860229079
GetData ===>> H2,0.0447312038491413,H1,212.803459690512,AX,0.461859737618564,L1,0.0112176235683197,L2,0.0430745...
setting magnet DAC
current  : 5.868073
requested: 5.869108
Delta Dac: 0.001034
Checking detector protection. dv=0.00103
Checking detector "CDD". Protection Threshold: 0.1 (V)
SetMagnetDAC 5.86910779309 ===>> OK
Magnet settling time: 1.049
GetData ===>> H2,0.034854838924754,H1,570.337984280262,AX,1.63185565019778,L1,-0.0274569809097596,L2,-0.1349815...
setting magnet DAC
current  : 5.869108
requested: 5.870142
Delta Dac: 0.001034
Checking detector protection. dv=0.00103
Checking detector "CDD". Protection Threshold: 0.1 (V)
SetMagnetDAC 5.87014227585 ===>> OK
Magnet settling time: 1.049
GetData ===>> H2,0.018242124077773,H1,1148.05134351363,AX,3.69671378749652,L1,-0.0225509293493624,L2,0.04831494...
setting magnet DAC
current  : 5.870142
requested: 5.871177
Delta Dac: 0.001034
Checking detector protection. dv=0.00103
Checking detector "CDD". Protection Threshold: 0.1 (V)
SetMagnetDAC 5.87117675861 ===>> OK
Magnet settling time: 1.049
GetData ===>> H2,0.129809666193336,H1,1779.51601660349,AX,6.3527453451105,L1,0.024608986567484,L2,-0.0184448142...
setting magnet DAC
current  : 5.871177
requested: 5.872211
Delta Dac: 0.001034
Checking detector protection. dv=0.00103
Checking detector "CDD". Protection Threshold: 0.1 (V)
SetMagnetDAC 5.87221124137 ===>> OK
Magnet settling time: 1.049
Get Checksum: -860229079
GetData ===>> H2,0.148548722906386,H1,2241.76832678968,AX,8.75399924291723,L1,0.0685185903009996,L2,-0.13010543...
setting magnet DAC
current  : 5.872211
requested: 5.873246
Delta Dac: 0.001034
Checking detector protection. dv=0.00103
Checking detector "CDD". Protection Threshold: 0.1 (V)
SetMagnetDAC 5.87324572412 ===>> OK
Magnet settling time: 1.049
GetData ===>> H2,0.0209710238738933,H1,2523.9554240902,AX,10.6208605337079,L1,0.0215979795174954,L2,-0.05008873...
setting magnet DAC
current  : 5.873246
requested: 5.874280
Delta Dac: 0.001034
Checking detector protection. dv=0.00103
Checking detector "CDD". Protection Threshold: 0.1 (V)
SetMagnetDAC 5.87428020688 ===>> OK
Magnet settling time: 1.049
GetData ===>> H2,0.0568739071292547,H1,2566.94247193197,AX,11.0182629497023,L1,0.0518069201722287,L2,0.09556007...
setting magnet DAC
current  : 5.874280
requested: 5.875315
Delta Dac: 0.001034
Checking detector protection. dv=0.00103
Checking detector "CDD". Protection Threshold: 0.1 (V)
SetMagnetDAC 5.87531468964 ===>> OK
Magnet settling time: 1.049
Get Checksum: -860229079
GetData ===>> H2,-0.0989025816247959,H1,2579.42277501677,AX,10.9458040367406,L1,0.0715377198101078,L2,0.0387229...
setting magnet DAC
current  : 5.875315
requested: 5.876349
Delta Dac: 0.001034
Checking detector protection. dv=0.00103
Checking detector "CDD". Protection Threshold: 0.1 (V)
SetMagnetDAC 5.8763491724 ===>> OK
Magnet settling time: 1.049
GetData ===>> H2,0.040746410457583,H1,2582.59909725921,AX,10.9497220769789,L1,0.137542086397316,L2,-0.027939091...
setting magnet DAC
current  : 5.876349
requested: 5.877384
Delta Dac: 0.001034
Checking detector protection. dv=0.00103
Checking detector "CDD". Protection Threshold: 0.1 (V)
SetMagnetDAC 5.87738365516 ===>> OK
Magnet settling time: 1.049
GetData ===>> H2,-0.0292487382239188,H1,2582.25878101511,AX,11.1873426644995,L1,0.133192485696344,L2,0.05218848...
setting magnet DAC
current  : 5.877384
requested: 5.878418
Delta Dac: 0.001034
Checking detector protection. dv=0.00103
Checking detector "CDD". Protection Threshold: 0.1 (V)
SetMagnetDAC 5.87841813792 ===>> OK
Magnet settling time: 1.049
Get Checksum: -860229079
GetData ===>> H2,0.0330612895794676,H1,2581.02316743449,AX,10.9466121203181,L1,0.0971485879216442,L2,-0.0137314...
setting magnet DAC
current  : 5.878418
requested: 5.879453
Delta Dac: 0.001034
Checking detector protection. dv=0.00103
Checking detector "CDD". Protection Threshold: 0.1 (V)
SetMagnetDAC 5.87945262068 ===>> OK
Magnet settling time: 1.049
GetData ===>> H2,-0.079575275882224,H1,2580.34505262511,AX,11.0709121861591,L1,0.112544050417228,L2,-0.04121128...
setting magnet DAC
current  : 5.879453
requested: 5.880487
Delta Dac: 0.001034
Checking detector protection. dv=0.00103
Checking detector "CDD". Protection Threshold: 0.1 (V)
SetMagnetDAC 5.88048710343 ===>> OK
Magnet settling time: 1.049
Get Checksum: -860229079
GetData ===>> H2,-0.231438833652182,H1,2579.58088914942,AX,11.0690489040911,L1,0.121089768640265,L2,0.129851892...
setting magnet DAC
current  : 5.880487
requested: 5.881522
Delta Dac: 0.001034
Checking detector protection. dv=0.00103
Checking detector "CDD". Protection Threshold: 0.1 (V)
SetMagnetDAC 5.88152158619 ===>> OK
Magnet settling time: 1.049
GetData ===>> H2,-0.0458744467418036,H1,2579.25115184688,AX,11.0599291155487,L1,0.133781334609967,L2,0.09984587...
setting magnet DAC
current  : 5.881522
requested: 5.882556
Delta Dac: 0.001034
Checking detector protection. dv=0.00103
Checking detector "CDD". Protection Threshold: 0.1 (V)
SetMagnetDAC 5.88255606895 ===>> OK
Magnet settling time: 1.049
GetData ===>> H2,-0.127082575812168,H1,2575.93578862861,AX,11.0078490450329,L1,0.188022747193181,L2,-0.14425450...
setting magnet DAC
current  : 5.882556
requested: 5.883591
Delta Dac: 0.001034
Checking detector protection. dv=0.00103
Checking detector "CDD". Protection Threshold: 0.1 (V)
SetMagnetDAC 5.88359055171 ===>> OK
Magnet settling time: 1.049
Get Checksum: -860229079
GetData ===>> H2,-0.00942550539864714,H1,2562.18115195528,AX,10.9170110220303,L1,0.131691558354222,L2,0.1151213...
setting magnet DAC
current  : 5.883591
requested: 5.884625
Delta Dac: 0.001034
Checking detector protection. dv=0.00103
Checking detector "CDD". Protection Threshold: 0.1 (V)
SetMagnetDAC 5.88462503447 ===>> OK
Magnet settling time: 1.049
GetData ===>> H2,-0.212186729060335,H1,2487.07578966441,AX,10.3246684630841,L1,0.121130824799501,L2,-0.05618866...
setting magnet DAC
current  : 5.884625
requested: 5.885660
Delta Dac: 0.001034
Checking detector protection. dv=0.00103
Checking detector "CDD". Protection Threshold: 0.1 (V)
SetMagnetDAC 5.88565951723 ===>> OK
Magnet settling time: 1.049
GetData ===>> H2,-0.148638245866024,H1,2268.41427949562,AX,8.70223395961073,L1,0.0725202148276016,L2,0.01924560...
setting magnet DAC
current  : 5.885660
requested: 5.886694
Delta Dac: 0.001034
Checking detector protection. dv=0.00103
Checking detector "CDD". Protection Threshold: 0.1 (V)
SetMagnetDAC 5.88669399999 ===>> OK
Magnet settling time: 1.049
Get Checksum: -860229079
GetData ===>> H2,-0.186264789830152,H1,1783.87509888254,AX,6.04446479261143,L1,0.032498534529778,L2,0.098865595...
setting magnet DAC
current  : 5.886694
requested: 5.887728
Delta Dac: 0.001034
Checking detector protection. dv=0.00103
Checking detector "CDD". Protection Threshold: 0.1 (V)
SetMagnetDAC 5.88772848275 ===>> OK
Magnet settling time: 1.049
GetData ===>> H2,-0.184472597792241,H1,1119.7463593021,AX,3.29912016890485,L1,0.00905459628342143,L2,0.06205533...
setting magnet DAC
current  : 5.887728
requested: 5.888763
Delta Dac: 0.001034
Checking detector protection. dv=0.00103
Checking detector "CDD". Protection Threshold: 0.1 (V)
SetMagnetDAC 5.8887629655 ===>> OK
Magnet settling time: 1.049
GetData ===>> H2,-0.29918791112098,H1,539.825598114842,AX,1.34030282782558,L1,0.0247026447471865,L2,-0.09967350...
setting magnet DAC
current  : 5.888763
requested: 5.889797
Delta Dac: 0.001034
Checking detector protection. dv=0.00103
Checking detector "CDD". Protection Threshold: 0.1 (V)
SetMagnetDAC 5.88979744826 ===>> OK
Magnet settling time: 1.049
Get Checksum: -860229079
GetData ===>> H2,-0.168454248998612,H1,199.968404203436,AX,0.282994322925642,L1,-0.0286657671398646,L2,0.014188...
setting magnet DAC
current  : 5.889797
requested: 5.890832
Delta Dac: 0.001034
Checking detector protection. dv=0.00103
Checking detector "CDD". Protection Threshold: 0.1 (V)
SetMagnetDAC 5.89083193102 ===>> OK
Magnet settling time: 1.049
GetData ===>> H2,-0.196322794750828,H1,60.375399244179,AX,-0.0216326464817641,L1,0.000310849334541782,L2,0.0783...
setting magnet DAC
current  : 5.890832
requested: 5.891866
Delta Dac: 0.001034
Checking detector protection. dv=0.00103
Checking detector "CDD". Protection Threshold: 0.1 (V)
SetMagnetDAC 5.89186641378 ===>> OK
Magnet settling time: 1.049
Get Checksum: -860229079
GetData ===>> H2,-0.239063460791822,H1,15.4313437397204,AX,-0.0192433874690121,L1,-0.0398540532764239,L2,-0.122...
setting magnet DAC
current  : 5.891866
requested: 5.892901
Delta Dac: 0.001034
Checking detector protection. dv=0.00103
Checking detector "CDD". Protection Threshold: 0.1 (V)
SetMagnetDAC 5.89290089654 ===>> OK
Magnet settling time: 1.049
GetData ===>> H2,-0.197191371491272,H1,3.42904907569717,AX,-0.00924497808112055,L1,-0.00163328227526218,L2,0.02...
setting magnet DAC
current  : 5.892901
requested: 5.893935
Delta Dac: 0.001034
Checking detector protection. dv=0.00103
Checking detector "CDD". Protection Threshold: 0.1 (V)
SetMagnetDAC 5.8939353793 ===>> OK
Magnet settling time: 1.049
GetData ===>> H2,-0.247590065892382,H1,0.519251920871589,AX,-0.0392835098266672,L1,-0.0355603517747095,L2,-0.05...
result of _do_sweep=True
result of _calculate_peak_center=([5.8714804694773104, 5.8789654394171897, 5.8864504093570691], [1915.2273661874538, 2582.5888673119925, 1897.9699961212834], 5.8763802690765088, 2582.5888673119925)
Failed to find a valid peak. No peak greater than 1.0. max = 0.128649246911
Failed to find a valid peak. No peak greater than 1.0. max = 0.0148776053347
new center pos Detector(H1) (Ar40) @ 5.87896543942
GetHighVoltage ===>> 4499.94659342336
GetDeflection H1 ===>> 0
dac uncorrected for HV and deflection 5.8790000603
update mftable H1 Ar40 5.8790000603 message=automated run peakcenter
get initial guess parabolic
get initial guess parabolic
get initial guess parabolic
get initial guess parabolic
get initial guess parabolic
get initial guess parabolic
add to repo msg=modified - automated run peakcenter
Get Checksum: -860229079
sweep finished
locally archiving mftable
setting magnet DAC
current  : 5.893935
requested: 5.878965
Delta Dac: 0.014970
Checking detector protection. dv=0.01497
Checking detector "CDD". Protection Threshold: 0.1 (V)
SetMagnetDAC 5.87896543942 ===>> OK
Magnet settling time: 0.500
setting integration time = 1.048576
SetIntegrationTime 1.048576 ===>> OK
Failed to find a valid peak. No peak greater than 1.0. max = 0.128649246911
Failed to find a valid peak. No peak greater than 1.0. max = 0.0148776053347
flush and close file /Users/jan/PychronDev/data/isotopes/7f/b3b360-d520-4ced-9e6f-a8988081a092.h5
finished measure script
executed 568.532928
jan_unknown400_120.py completed successfully
Measurement Finished
18:22:59 -- ******* Measurement Finished *******
Post Measurement Started jan_pump_ms.py
18:22:59 -- ******* Post Measurement Started jan_pump_ms.py *******
testing...
no interpolation path defined
executed 0
Pumping spectrometer
open () {'name': 'O'}
opening name=O desc=---
checking ownership. requestor=129.138.12.150
check software interlocks O
interlocks []
actuate state mode=None-script, software_lock=False
doing actuation None-script open_channel True
Open O ===>> OK
GetValveState O ===>> OK
change switch state (True, True)
update switch state O True args=() kw={} ncanvase=2
18:22:59 -- OPEN   VALVE-O (Jan Ion Pump)
---------------------------------------- open O () result=[(True, True)], time=0.13 sec
action=open, ok=True, locked=[False]
executed 0
jan_pump_ms.py completed successfully
setting _ms_pumptime
Post Measurement Finished
18:22:59 -- ******* Post Measurement Finished *******
$$$$$$$$$$$$$$$$$$$$ state at run end truncated
post measurement save measured=True aborted=False
Set filtering
setting fod for Ar40= {'filter_outliers': True, 'std_devs': 2, 'iterations': 1}
setting fod for H1= {'filter_outliers': True, 'std_devs': 2, 'iterations': 1}
setting fod for PM41= {'filter_outliers': False, 'std_devs': 2, 'iterations': 1}
setting fod for H2= {'filter_outliers': True, 'std_devs': 2, 'iterations': 1}
setting fod for Ar36= {'filter_outliers': True, 'std_devs': 2, 'iterations': 1}
setting fod for CDD= {'filter_outliers': True, 'std_devs': 10, 'iterations': 1}
setting fod for Ar37= {'filter_outliers': True, 'std_devs': 2, 'iterations': 1}
setting fod for L2= {'filter_outliers': True, 'std_devs': 2, 'iterations': 1}
setting fod for Ar38= {'filter_outliers': True, 'std_devs': 2, 'iterations': 1}
setting fod for L1= {'filter_outliers': True, 'std_devs': 2, 'iterations': 1}
setting fod for Ar39= {'filter_outliers': True, 'std_devs': 2, 'iterations': 1}
setting fod for AX= {'filter_outliers': True, 'std_devs': 2, 'iterations': 1}
persistence save...
persistence save - db
post measurement save
5402096656 connecting to database sqlite:////Users/jan/PychronDev/.appdata/local_lab.db
connected to db sqlite:////Users/jan/PychronDev/.appdata/local_lab.db
create new session 5402096656
close session 5402096656
No database instance. Not saving post measurement to isotopedb database
$$$$$$$$$$$$$$$ auto_save_detector_ic=False
massspec enabled True
create new session 4985320080
MassSpec Database Version: 16.0
close session 4985320080
saving post measurement to secondary database
saving to massspec database 129.138.12.160/massspecdata
setting labnumber to 65506
setting aliquot to 81
setting step to 
setting uuid to 7fb3b360-d520-4ced-9e6f-a8988081a092
setting irradpos to 65506
setting extract_device to Fusions CO2
setting tray to 
setting position to 191
setting power_requested to 5.0
setting extract_value to 5.0
setting duration to 30.0
setting duration_at_request to 30.0
setting first_stage_delay to 30.0
setting cleanup to 30.0
setting comment to F:2 DS
setting irradiation to NM-289
setting level to F
setting irradiation_level to F
setting sample to 6-2-15-C
setting material to DetritalSanidine
setting project to Cather
setting mass_spectrometer to Jan
no attribute chron_dosages
no attribute production_ratios
no attribute interference_corrections
no attribute production_name
no attribute j
Reference Isotope=Ar40
Reference Detector=H1
%%%%%%%%%%%%%%%%%%%% Comment: F:2 DS %%%%%%%%%%%%%%%%%%%
adding isotope PM41 H2
add baseline dbdet= PM41. original det= H2
get baseline data PM41 H2
Get data baseline <pychron.processing.isotope.Baseline object at 0x145531890> len t=50
baseline PM41. v=-0.208588231773, e=0.00665428633991
get signal data PM41 H2
Get data signal PM41 0.18+/-0.07 len t=50
adding isotope Ar40 H1
add baseline dbdet= Ar40. original det= H1
get baseline data Ar40 H1
Get data baseline <pychron.processing.isotope.Baseline object at 0x145531a50> len t=50
baseline Ar40. v=-0.0114773973421, e=0.00976123320062
get signal data Ar40 H1
Get data signal Ar40 2765.9+/-0.4 len t=50
adding isotope Ar39 AX
add baseline dbdet= Ar39. original det= AX
get baseline data Ar39 AX
Get data baseline <pychron.processing.isotope.Baseline object at 0x145531c10> len t=50
baseline Ar39. v=-0.0542195036521, e=0.00811795780038
get signal data Ar39 AX
Get data signal Ar39 11.43+/-0.06 len t=50
adding isotope Ar38 L1
add baseline dbdet= Ar38. original det= L1
get baseline data Ar38 L1
Get data baseline <pychron.processing.isotope.Baseline object at 0x145531dd0> len t=50
baseline Ar38. v=-0.0287013247111, e=0.00271199198408
get signal data Ar38 L1
Get data signal Ar38 0.171+/-0.009 len t=50
adding isotope Ar37 L2
add baseline dbdet= Ar37. original det= L2
get baseline data Ar37 L2
Get data baseline <pychron.processing.isotope.Baseline object at 0x145531f90> len t=50
baseline Ar37. v=-0.0305281517597, e=0.00626771188083
get signal data Ar37 L2
Get data signal Ar37 0.071+/-0.019 len t=50
adding isotope Ar36 CDD
add baseline dbdet= Ar36. original det= CDD
get baseline data Ar36 CDD
Get data baseline <pychron.processing.isotope.Baseline object at 0x14553d190> len t=50
baseline Ar36. v=0.000476369332257, e=4.52131753453e-05
get signal data Ar36 CDD
Get data signal Ar36 0.0092+/-0.0011 len t=50
65506-81 added analysis time 0.522377967834s
analysis added to mass spec database
mass spec save time= 0.538
persistence save - dvc
================= post measurement started
create new session 4989160336
close session 4989160336
---------------- Experiment Queue saving disabled
DVC saving peakcenter
Failed to find a valid peak. No peak greater than 1.0. max = 0.128649246911
Failed to find a valid peak. No peak greater than 1.0. max = 0.0148776053347
Get Checksum: -1965264452
Smart pull ahead: 0 behind: 0
Up-to-date with origin
add to repo msg=modified - ad8224ebc6dbfeb9f5997218dfa5fe690569839d.json
add to repo msg=modified - 06-81.json
add to repo msg=modified - 06-81.dat.json
add to repo msg=modified - 06-81.blan.json
add to repo msg=modified - 06-81.inte.json
add to repo msg=modified - 06-81.icfa.json
add to repo msg=modified - 06-81.base.json
not at valid file /Users/jan/PychronDev/data/.dvc/repositories/Cather/655/tags/06-81.tags.json
add to repo msg=modified - 06-81.peak.json
add to repo msg=modified - 06-81.extr.json
not at valid file /Users/jan/PychronDev/data/.dvc/repositories/Cather/655/monitor/06-81.moni.json
commit message=<COLLECTION>
add to repo msg=modified - 06-81.inte.json
add to repo msg=modified - 06-81.base.json
Get Checksum: -1965264452
commit message=<ISOEVO> default collection fits
add to repo msg=modified - 06-81.blan.json
commit message=<BLANKS> preceding bc-02-J-223
add to repo msg=modified - 06-81.icfa.json
commit message=<ICFactor> default
push repository <pychron.git_archive.repo_manager.GitRepoManager object at 0x144864290>
pushing to remote=origin, url=https://github.com
Get Checksum: -1965264452
Get Checksum: -1965264452
no changes to meta repo
create new session 4989160336
add association Cather
get identifier "65506"
setting analysis irradiation position=<pychron.dvc.dvc_orm.IrradiationPositionTbl object at 0x1335c5b50>
close session 4989160336
================= post measurement finished
18:23:12 -- ******* Post Run Check *******
loading queue conditionals post_run_actions
loading system conditionals post_run_actions
loading conditionals from /Users/jan/PychronDev/setupfiles/spectrometer/default_conditionals.yaml
loading queue conditionals post_run_terminations
loading system conditionals post_run_terminations
loading conditionals from /Users/jan/PychronDev/setupfiles/spectrometer/default_conditionals.yaml
Checking default post run terminations n=1
GetDeflection CDD ===>> 50
testing CDD==2000
evaluate ot="CDD.deflection==2000" t="CDD==2000", ctx="{'CDD': 50.0}"
18:23:13 -- ******* Post Run Check Passed *******
18:23:13 -- Automated run 65506-81 truncated duration: 279.944 s
----------------- finish -----------------
----------------- stop -----------------
retroactive repository identifiers disabled
finish run. runs completed=35
write rem/ex queues
/Users/jan/PychronDev/experiments/rem/CurrentExperiment.rem.txt
/Users/jan/PychronDev/experiments/rem/CurrentExperiment.ex.txt
doing event level: 3
