do run
loading script "jan_unknown400_120.py"
loading script "jan_pump_ms.py"
loading script "jan_co2.py"
loading script "jan_pump_extraction_line.py"
testing...
no interpolation path defined
executed 556.052928
script duration name:unknown400_120 seconds:556.0
loading script "jan_unknown400_120.py"
loading script "jan_pump_ms.py"
loading script "jan_co2.py"
loading script "jan_pump_extraction_line.py"
testing...
no interpolation path defined
executed 0
loading script "jan_unknown400_120.py"
loading script "jan_pump_ms.py"
loading script "jan_co2.py"
loading script "jan_pump_extraction_line.py"
testing...
no interpolation path defined
calculate duration
testing...
no interpolation path defined
executed 0
calculate duration
testing...
no interpolation path defined
executed 0
executed 0.0
script duration name:co2 seconds:0.0
loading script "jan_unknown400_120.py"
loading script "jan_pump_ms.py"
loading script "jan_co2.py"
loading script "jan_pump_extraction_line.py"
testing...
no interpolation path defined
calculate duration
testing...
no interpolation path defined
executed 4.0
executed 4.0
Script duration 556.0
Run total estimated duration= 557.000
run duration: 0:09:17
doing event level: 2
08:00:53 -- Setting default integration. t=1.048576
setting integration time = 1.048576
SetIntegrationTime 1.048576 ===>> OK
----------------- start -----------------
**************** Experiment Type: Ar/Ar, Ar/Ar
create new session 4419404816
close session 4419404816
$$$$$ Clearing conditionals
adding conditionals kevin
extract conditionals from file. /Users/jan/PychronDev/scripts/conditionals/kevin.yaml
no attr for this modification cd={'extraction_str': '', 'attr': '', 'mapper': '', 'use_termination': False, 'start_count': 0, 'nskip': 0, 'window': 0, 'frequency': 1, 'teststr': '', 'action': 'Skip Next Run', 'ntrips': 1, 'use_truncation': False}
no attr for this cancelation cd={'mapper': '', 'window': 0, 'frequency': 1, 'attr': '', 'teststr': '', 'start_count': 0, 'ntrips': 1}
adding truncation attr="Ar40" test="Ar40>5000.0" start="10"
adding truncation attr="age" test="age>100.0" start="50"
adding truncation attr="Ar39" test="Ar39.bs_corrected<0.5" start="50"
adding termination attr="Ar40" test="Ar40>5000.0" start="1"
Invalid conditional kind="pre_run_terminations"
no attr for this action cd={'mapper': '', 'attr': '', 'start_count': 0, 'window': 0, 'frequency': 1, 'teststr': '', 'action': None, 'ntrips': 1}
Invalid conditional kind="post_run_terminations"
Add queue conditionals
add default conditionals
adding default conditionals from /Users/jan/PychronDev/setupfiles/spectrometer/default_conditionals.yaml
Start automated run 65506-99
loading script "jan_unknown400_120.py"
loading script "jan_pump_ms.py"
loading script "jan_co2.py"
loading script "jan_pump_extraction_line.py"
%%%%%%%%%%%%%%%%%% setting automated run 65506-99
No value "sensitivity_multiplier" in metadata
$$$$$$$$$$$$$$$ auto_save_detector_ic=False
============================= Pre Extraction Check =============================
loading queue conditionals pre_run_terminations
loading system conditionals pre_run_terminations
loading conditionals from /Users/jan/PychronDev/setupfiles/spectrometer/default_conditionals.yaml
08:00:53 -- ******* Pre Extraction Check *******
Get a measurement from the spectrometer
GetData ===>> H2,-0.190734698165865,H1,-0.000491656625878201,AX,-0.14437996039155,L1,-0.00999836492349273,L2,-0...
Pre Extraction Termination data. keys=H2,H1,AX,L1,L2,CDD, signals=-0.19073,-0.00049,-0.14438,-0.01000,-0.06455,0.00268
08:00:53 -- testing system defined conditionals
Checking default pre extraction terminations n=2
testing CDD
evaluate ot="CDD.inactive" t="CDD", ctx="{'CDD': False}"
GetDeflection CDD ===>> 50
testing CDD==2000
evaluate ot="CDD.deflection==2000" t="CDD==2000", ctx="{'CDD': 50.0}"
08:00:53 -- ******* Pre Extraction Check Passed *******
=================================================================================
08:00:53 -- stopping status monitor
stop 4975560080
Alive clients [4982987280]
08:00:53 -- starting status monitor
start 4975560080
Monitor already running
start extraction
do extraction
Analysis started at 08:00:53.479832
Extraction Started jan_co2.py
08:00:53 -- ******* Extraction Started jan_co2.py *******
state changed from not run to extraction
DO EXTRACTION <pychron.extraction_line.pyscript_runner.RemotePyScriptRunner object at 0x12abb4950>
testing...
no interpolation path defined
calculate duration
testing...
no interpolation path defined
executed 0
calculate duration
testing...
no interpolation path defined
executed 0
executed 100.0
Jan CO2 laser analysis
doing GOSUB
testing...
no interpolation path defined
executed 0
Waiting for CO2 access
wait ('FelixCO2Flag', 0) {}
waiting for FelixCO2Flag = 0
Read FelixCO2Flag ===>> 0
finished waiting
CO2 free
wait ('CO2PumpTimeFlag', 0) {}
waiting for CO2PumpTimeFlag = 0
Read CO2PumpTimeFlag ===>> 0
finished waiting
acquire ('JanCO2Flag',) {'clear': True}
acquire JanCO2Flag
Set JanCO2Flag 1 ===>> OK
JanCO2Flag acquired
set extraction state False (0.75, 'red', 1.5)
CO2 acquired
executed 0
WaitForCO2Access.py completed successfully
gosub finished
doing GOSUB
testing...
no interpolation path defined
executed 0
Prepare for CO2 analysis
close () {'description': 'Jan Inlet'}
closing name=--- desc=Jan Inlet
checking ownership. requestor=129.138.12.150
check software interlocks R
interlocks []
actuate state mode=None-script, software_lock=False
doing actuation None-script close_channel False
Close R ===>> OK
GetValveState R ===>> False
change switch state (True, True)
update switch state R False args=() kw={} ncanvase=2
08:00:53 -- CLOSE  VALVE-R (Jan Inlet)
---------------------------------------- close None (Jan Inlet) result=[(True, True)]
Get Checksum: 192129876
action=close, ok=True, locked=[False]
open () {'description': 'Jan Ion Pump'}
opening name=--- desc=Jan Ion Pump
checking ownership. requestor=129.138.12.150
check software interlocks O
interlocks []
actuate state mode=None-script, software_lock=False
doing actuation None-script open_channel False
Open O ===>> OK
GetValveState O ===>> OK
change switch state (True, True)
update switch state O True args=() kw={} ncanvase=2
08:00:54 -- OPEN   VALVE-O (Jan Ion Pump)
---------------------------------------- open None (Jan Ion Pump) result=[(True, True)], time=0.08 sec
action=open, ok=True, locked=[False]
close () {'description': 'Microbone to Minibone'}
closing name=--- desc=Microbone to Minibone
checking ownership. requestor=129.138.12.150
check software interlocks L
interlocks []
actuate state mode=None-script, software_lock=False
doing actuation None-script close_channel False
Close L ===>> OK
GetValveState L ===>> False
change switch state (True, True)
update switch state L False args=() kw={} ncanvase=2
08:00:54 -- CLOSE  VALVE-L (Microbone to Minibone)
---------------------------------------- close None (Microbone to Minibone) result=[(True, True)]
action=close, ok=True, locked=[False]
open () {'description': 'Microbone to Turbo'}
opening name=--- desc=Microbone to Turbo
checking ownership. requestor=129.138.12.150
check software interlocks U
interlocks []
actuate state mode=None-script, software_lock=False
doing actuation None-script open_channel False
Open U ===>> OK
GetValveState U ===>> OK
change switch state (True, True)
update switch state U True args=() kw={} ncanvase=2
08:00:55 -- OPEN   VALVE-U (Microbone to Turbo)
---------------------------------------- open None (Microbone to Turbo) result=[(True, True)], time=0.11 sec
action=open, ok=True, locked=[False]
open () {'description': 'Microbone to Inlet Pipette'}
opening name=--- desc=Microbone to Inlet Pipette
checking ownership. requestor=129.138.12.150
check software interlocks S
interlocks []
actuate state mode=None-script, software_lock=False
doing actuation None-script open_channel False
Open S ===>> OK
GetValveState S ===>> OK
change switch state (True, True)
update switch state S True args=() kw={} ncanvase=2
08:00:55 -- OPEN   VALVE-S (Microbone to Inlet Pipette)
---------------------------------------- open None (Microbone to Inlet Pipette) result=[(True, True)], time=0.38 sec
action=open, ok=True, locked=[False]
open () {'description': 'Microbone to Getter D-50'}
opening name=--- desc=Microbone to Getter D-50
checking ownership. requestor=129.138.12.150
check software interlocks K
interlocks []
actuate state mode=None-script, software_lock=False
doing actuation None-script open_channel False
Open K ===>> OK
GetValveState K ===>> OK
change switch state (True, True)
update switch state K True args=() kw={} ncanvase=2
08:00:56 -- OPEN   VALVE-K (Microbone to Getter D-50)
---------------------------------------- open None (Microbone to Getter D-50) result=[(True, True)], time=0.38 sec
action=open, ok=True, locked=[False]
open () {'description': 'Microbone to Getter NP-10'}
opening name=--- desc=Microbone to Getter NP-10
checking ownership. requestor=129.138.12.150
check software interlocks M
interlocks []
actuate state mode=None-script, software_lock=False
doing actuation None-script open_channel False
Open M ===>> OK
GetValveState M ===>> OK
change switch state (True, True)
update switch state M True args=() kw={} ncanvase=2
08:00:56 -- OPEN   VALVE-M (Microbone to Getter NP-10)
---------------------------------------- open None (Microbone to Getter NP-10) result=[(True, True)], time=0.12 sec
Get Checksum: 192129876
action=open, ok=True, locked=[False]
close () {'description': 'CO2 Laser to Felix'}
closing name=--- desc=CO2 Laser to Felix
checking ownership. requestor=129.138.12.150
check software interlocks F
interlocks []
actuate state mode=None-script, software_lock=True
VALVE-F(CO2 Laser to Felix) software locked
change switch state (True, False)
---------------------------------------- close None (CO2 Laser to Felix) result=[(True, False)]
action=close, ok=True, locked=[True]
open () {'description': 'CO2 Laser to Jan'}
opening name=--- desc=CO2 Laser to Jan
checking ownership. requestor=129.138.12.150
check software interlocks A
interlocks []
actuate state mode=None-script, software_lock=False
doing actuation None-script open_channel False
Open A ===>> OK
GetValveState A ===>> OK
change switch state (True, True)
update switch state A True args=() kw={} ncanvase=2
08:00:57 -- OPEN   VALVE-A (CO2 Laser to Jan)
---------------------------------------- open None (CO2 Laser to Jan) result=[(True, True)], time=0.11 sec
action=open, ok=True, locked=[False]
open () {'description': 'Microbone to CO2 Laser'}
opening name=--- desc=Microbone to CO2 Laser
checking ownership. requestor=129.138.12.150
check software interlocks T
interlocks []
actuate state mode=None-script, software_lock=False
doing actuation None-script open_channel False
Open T ===>> OK
GetValveState T ===>> OK
change switch state (True, True)
update switch state T True args=() kw={} ncanvase=2
08:00:57 -- OPEN   VALVE-T (Microbone to CO2 Laser)
---------------------------------------- open None (Microbone to CO2 Laser) result=[(True, True)], time=0.39 sec
action=open, ok=True, locked=[False]
executed 0
PrepareForCO2Analysis.py completed successfully
gosub finished
set_motor ('beam', '1.25') {}
setting motor "beam" to 1.25
set motor beam to 1.25
SetMotor beam,1.25 ===>> OK
GetMotorMoving beam ===>> False
GetMotorMoving beam ===>> False
Block completed
move_to_position ('197',) {'autocenter': True}
FusionsCO2 move to position 197
sending GoToHole 197,True
GoToHole 197,True ===>> OK
Get Checksum: 192129876
GetDriveMoving ===>> OK
GetDriveMoving ===>> OK
GetDriveMoving ===>> OK
GetDriveMoving ===>> OK
GetDriveMoving ===>> OK
GetDriveMoving ===>> OK
GetDriveMoving ===>> OK
GetDriveMoving ===>> OK
GetDriveMoving ===>> OK
GetDriveMoving ===>> OK
GetDriveMoving ===>> OK
GetDriveMoving ===>> OK
Get Checksum: 192129876
GetDriveMoving ===>> OK
GetDriveMoving ===>> OK
GetDriveMoving ===>> OK
GetDriveMoving ===>> OK
GetDriveMoving ===>> OK
GetDriveMoving ===>> OK
GetDriveMoving ===>> OK
GetDriveMoving ===>> OK
GetDriveMoving ===>> OK
GetDriveMoving ===>> OK
GetDriveMoving ===>> OK
GetDriveMoving ===>> OK
Get Checksum: 192129876
GetDriveMoving ===>> OK
GetDriveMoving ===>> OK
GetDriveMoving ===>> OK
GetDriveMoving ===>> OK
GetDriveMoving ===>> OK
GetDriveMoving ===>> OK
GetDriveMoving ===>> OK
GetDriveMoving ===>> OK
GetDriveMoving ===>> OK
GetDriveMoving ===>> OK
GetDriveMoving ===>> OK
GetDriveMoving ===>> OK
Get Checksum: 192129876
GetDriveMoving ===>> OK
GetDriveMoving ===>> OK
GetDriveMoving ===>> OK
GetDriveMoving ===>> OK
GetDriveMoving ===>> OK
GetDriveMoving ===>> OK
GetDriveMoving ===>> OK
GetDriveMoving ===>> OK
GetDriveMoving ===>> OK
GetDriveMoving ===>> OK
GetDriveMoving ===>> OK
Get Checksum: 192129876
GetDriveMoving ===>> OK
GetDriveMoving ===>> OK
GetDriveMoving ===>> False
GetDriveMoving ===>> False
Block completed
GetAutoCorrecting ===>> OK
GetAutoCorrecting ===>> OK
GetAutoCorrecting ===>> OK
Get Checksum: 192129876
GetAutoCorrecting ===>> False
GetAutoCorrecting ===>> False
Block completed
update position
GetPosition ===>> -9.96950,-11.96340,1.00000
got position (-9.9695, -11.9634, 1.0)
move to position succeeded
sleep (5,) {}
SLEEP 5.0
block started
WaitControl setup for 5.0  
Get Checksum: 192129876
Join finished
block finished. duration 5.01252889633
close () {'description': 'Microbone to Turbo'}
closing name=--- desc=Microbone to Turbo
checking ownership. requestor=129.138.12.150
check software interlocks U
interlocks []
actuate state mode=None-script, software_lock=False
doing actuation None-script close_channel True
Close U ===>> OK
GetValveState U ===>> False
change switch state (True, True)
update switch state U False args=() kw={} ncanvase=2
08:01:20 -- CLOSE  VALVE-U (Microbone to Turbo)
---------------------------------------- close None (Microbone to Turbo) result=[(True, True)]
Get Checksum: 38271967
action=close, ok=True, locked=[False]
enable laser
enable () {}
set extraction state FusionsCO2 Enabled (False, 'red', 1.5)
enabling laser
Enable ===>> OK
begin interval
BEGIN INTERVAL Interval 1 waiting for 30.0
block started
set extract to 5.0
WaitControl setup for 30.0  
extract (5.0,) {}
GetPosition ===>> -9.96950,-11.96340,1.00000
set extraction state FusionsCO2 ON! 5.0(watts) (0.75, 'red', 1.5)
extract sample to 5.0 (watts)
set laser output
SetLaserOutput 5.0,watts ===>> OK
COMPLETE INTERVAL waiting for Interval 1 to complete
Get Checksum: 38271967
Get Checksum: 38271967
Get Checksum: 38271967
Get Checksum: 38271967
Get Checksum: 38271967
Get Checksum: 38271967
Get Checksum: 38271967
Get Checksum: 38271967
Get Checksum: 38271967
Get Checksum: 38271967
Join finished
block finished. duration 30.058508873
Interval 1 finished
end_extract () {}
ending extraction. set laser power to 0
set laser power 0
SetLaserPower 0 ===>> OK
disable () {}
%%%%%%%%%%%%%%%%%%%%%%%%%%%%%%%%%%% disable
set extraction state False (0.75, 'red', 1.5)
disabling laser
Disable ===>> OK
sleep (30.0,) {}
SLEEP 30.0
block started
WaitControl setup for 30.0  
Get Checksum: 38271967
Get Checksum: 38271967
Get Checksum: 38271967
Get Checksum: 38271967
Get Checksum: 38271967
Get Checksum: 38271967
Get Checksum: 38271967
Get Checksum: 38271967
set states for children of V. state=True
handle state [('V', True)]
update switch state V True args=() kw={'refresh': False} ncanvase=2
refresh_canvas_needed fired
Get Checksum: 777293942
Join finished
block finished. duration 30.0761961937
executed 195.0
jan_co2.py completed successfully
GetAchievedOutput ===>> No Response
Requested Output= 0.000
Achieved Output=  0.000
GetResponseBlob ===>> No Response
GetOutputBlob ===>> No Response
persistence save...
persistence save - db
AutomatedRunPersister post_extraction_save deprecated
persistence save - dvc
no extraction position for 197
create new session 4982606736
close session 4982606736
Extraction Finished
08:02:21 -- ******* Extraction Finished *******
no overlap. not waiting for min ms pumptime
08:02:21 -- Sending spectrometer configuration
======== Sending configuration ========
SetDeflection CDD,50.0 ===>> OK
SetDeflection H2,0.0 ===>> OK
SetDeflection H1,0.0 ===>> OK
SetDeflection L2,825.0 ===>> OK
SetDeflection L1,400.0 ===>> OK
SetDeflection AX,190.0 ===>> OK
SetZFocus 74.64 ===>> OK
SetZSymmetry -50.72 ===>> OK
SetExtractionLens 26.13 ===>> OK
SetIonRepeller -3.81 ===>> OK
SetElectronEnergy 75.08 ===>> OK
SetYSymmetry -2.81 ===>> OK
SetIonCounterVoltage 1590.0 ===>> OK
send trap current 200.0
GetParameter Trap Current Readback ===>> 197.811389855338
SetParameter Trap Current Set,200.0 ===>> OK
updating mftable name mftable
Using mftable located at /Users/jan/PychronDev/setupfiles/spectrometer/mftables/mftable.csv
============ MFtable ===========
Isotope  H2     H1     AX     L1     L2     CDD    
Ar40     5.7708 5.8786 5.9919 6.1107 6.2306 6.3389
Ar39     5.6700 5.7709 5.8843 5.9968 6.1157 6.2254
Ar36     5.3476 5.4399 5.5477 5.6556 5.7707 5.8765
================================
get initial guess parabolic
get initial guess parabolic
get initial guess parabolic
get initial guess parabolic
get initial guess parabolic
get initial guess parabolic
======== Configuration Finished ========
GetYSymmetry ===>> -2.81
GetZSymmetry ===>> -50.72
GetParameter Trap Current Readback ===>> 198.147042666178
GetHighVoltage ===>> 4499.94659342336
start measurement
do measurement
L#=65506 analysis type=unknown
Measurement Started jan_unknown400_120.py
08:02:22 -- ******* Measurement Started jan_unknown400_120.py *******
state changed from extraction to measurement
setting spec, defl, and gains
GetExtractionLens ===>> 26.13
GetYSymmetry ===>> -2.81
GetZSymmetry ===>> -50.72
GetZFocus ===>> 74.64
GetDeflection H2 ===>> 0
GetDeflection H1 ===>> 0
GetDeflection AX ===>> 190
GetDeflection L1 ===>> 400
GetDeflection L2 ===>> 825
GetDeflection CDD ===>> 50
GetGain H2 ===>> 0.0113
GetGain H1 ===>> 0.1
GetGain AX ===>> 0.097049
GetGain L1 ===>> 0.010355
GetGain L2 ===>> 0.095649
GetGain CDD ===>> 0
pre measurement save
New frame /Users/jan/PychronDev/data/isotopes/f5/e9e7d2-51ef-454f-867f-f22faacd8167.h5
flush and close file /Users/jan/PychronDev/data/isotopes/f5/e9e7d2-51ef-454f-867f-f22faacd8167.h5
testing...
no interpolation path defined
executed 568.532928
unknown measurement script
activate_detectors ('H2', 'H1', 'AX', 'L1', 'L2', 'CDD') {}
activate detectors
*************** Set Analysis View Ar/Ar
create graphs
clearing graphs
clear isotope group
setting isotope det=H2, iso=PM41
setting isotope det=H1, iso=Ar40
setting isotope det=AX, iso=Ar39
setting isotope det=L1, iso=Ar38
setting isotope det=L2, iso=Ar37
setting isotope det=CDD, iso=Ar36
setting previous blanks
 - setting Ar40 blank 0.354+/-0.008
 - setting Ar36 blank 0.00438+/-0.00016
 - setting Ar37 blank 0.045+/-0.005
 - setting Ar38 blank 0.0128+/-0.0023
 - setting PM41 blank 0.01+/-0.07
 - setting Ar39 blank 0.012+/-0.009
load analysis view
position_magnet ('Ar40',) {'detector': 'H1'}
detector Detector(H1)
POSITION Ar40 H1
setting detector H2 to PM41 (40.9624)
setting detector H1 to Ar40 (39.9624)
setting detector AX to Ar39 (38.9624)
setting detector L1 to Ar38 (37.9624)
setting detector L2 to Ar37 (36.9624)
setting detector CDD to Ar36 (35.9624)
Mapping mass to dac mass func: "parabolic"
H1 map mass coeffs = [-0.00063987  0.15840543  0.57024999]
H1 map mass to dac 39.9624 >> 5.87864
GetDeflection H1 ===>> 0
GetHighVoltage ===>> 4499.94659342336
positioning Ar40 (5.87860538124) on H1
setting magnet DAC
current  : 5.878605
requested: 5.878605
Delta Dac: 0.000001
Checking detector protection. dv=0.00000
Checking detector "CDD". Protection Threshold: 0.1 (V)
SetMagnetDAC 5.87860538124 ===>> OK
Magnet settling time: 0.500
equilibrate () {'delay': 3, 'inlet': 'R', 'outlet': 'O', 'eqtime': 12.0}
Equilibration Started
08:02:23 -- ******* Equilibration Started *******
checking ownership. requestor=129.138.12.150
check software interlocks O
interlocks []
actuate state mode=None-script, software_lock=False
doing actuation None-script close_channel True
Close O ===>> OK
GetValveState O ===>> False
change switch state (True, True)
update switch state O False args=() kw={} ncanvase=2
08:02:23 -- CLOSE  VALVE-O (Jan Ion Pump)
waiting 3s before opening inlet value ('R',)
Get Checksum: 1076709024
checking ownership. requestor=129.138.12.150
check software interlocks R
interlocks []
actuate state mode=None-script, software_lock=False
doing actuation None-script open_channel True
Open R ===>> OK
GetValveState R ===>> OK
change switch state (True, True)
update switch state R True args=() kw={} ncanvase=2
Get Checksum: -612364762
08:02:26 -- OPEN   VALVE-R (Jan Inlet)
equilibrating for 12.0sec
set_time_zero () {}
sniff (12.0,) {}
py_sniff
build tables- sniff [Detector(H2), Detector(H1), Detector(AX), Detector(L1), Detector(L2), Detector(CDD)]
add group /sniff/PM41 (Group) '' table H2
add group /sniff/Ar40 (Group) '' table H1
add group /sniff/Ar39 (Group) '' table AX
add group /sniff/Ar38 (Group) '' table L1
add group /sniff/Ar37 (Group) '' table L2
add group /sniff/Ar36 (Group) '' table CDD
flush and close file /Users/jan/PychronDev/data/isotopes/f5/e9e7d2-51ef-454f-867f-f22faacd8167.h5
measuring sniff. ncounts=12.0
starting measurement
GetData ===>> H2,-0.0499149512750855,H1,0.666893582889982,AX,0.327398847999261,L1,-0.0144491516067549,L2,0.0704...
GetData ===>> H2,0.791008787692882,H1,5.04070076026124,AX,0.975933389478553,L1,0.148539059977655,L2,0.336876700...
GetData ===>> H2,0.385342471651514,H1,7.45286123928859,AX,0.58245756725756,L1,0.150386948331637,L2,0.1119520350...
Get Checksum: -612364762
GetData ===>> H2,0.107407875563706,H1,8.11299647131747,AX,0.282936260670006,L1,0.100054556194492,L2,0.070337897...
GetData ===>> H2,-0.00349267602787668,H1,8.34921932547366,AX,0.293922255178563,L1,0.0638286112806313,L2,0.05795...
GetData ===>> H2,-0.163092659412611,H1,8.51765516674481,AX,0.225022143899497,L1,0.0451933843892232,L2,-0.051571...
Get Checksum: -612364762
GetData ===>> H2,-0.129535990400373,H1,8.52650739674565,AX,0.234966436118708,L1,0.0179353150104653,L2,-0.080809...
GetData ===>> H2,-0.162456713502871,H1,8.54630330194472,AX,0.133433689728119,L1,-0.0171698145705105,L2,0.091069...
GetData ===>> H2,-0.273710907678598,H1,8.57323026704206,AX,0.235861007477121,L1,0.0170669419805658,L2,-0.000273...
Get Checksum: -612364762
GetData ===>> H2,-0.226142730271124,H1,8.5359945385514,AX,0.126424125640645,L1,-0.00611415583316774,L2,-0.08123...
GetData ===>> H2,-0.163347837864743,H1,8.65463794684926,AX,0.187612350082733,L1,0.0397989786434089,L2,-0.032751...
Equilibration Finished
08:02:38 -- ******* Equilibration Finished *******
checking ownership. requestor=129.138.12.150
check software interlocks R
interlocks []
actuate state mode=None-script, software_lock=False
doing actuation None-script close_channel True
Get Checksum: -612364762
GetData ===>> H2,-0.196840711888741,H1,8.73583140489271,AX,0.285444581636755,L1,0.0270840161039768,L2,0.0623083...
Close R ===>> OK
GetValveState R ===>> False
change switch state (True, True)
update switch state R False args=() kw={} ncanvase=2
08:02:39 -- CLOSE  VALVE-R (Jan Inlet)
Post Equilibration Started jan_pump_extraction_line.py
08:02:39 -- ******* Post Equilibration Started jan_pump_extraction_line.py *******
testing...
no interpolation path defined
calculate duration
testing...
no interpolation path defined
executed 4.0
executed 4.0
Pump after analysis
doing GOSUB
testing...
no interpolation path defined
executed 4.0
Pump Microbone
close () {'description': 'Jan Inlet'}
closing name=--- desc=Jan Inlet
checking ownership. requestor=129.138.12.150
check software interlocks R
interlocks []
actuate state mode=None-script, software_lock=False
doing actuation None-script close_channel False
Close R ===>> OK
GetValveState R ===>> False
change switch state (True, True)
update switch state R False args=() kw={} ncanvase=2
08:02:39 -- CLOSE  VALVE-R (Jan Inlet)
---------------------------------------- close None (Jan Inlet) result=[(True, True)]
measurement finished
estimated time: 12.583 actual time: :12.687
flush and close file /Users/jan/PychronDev/data/isotopes/f5/e9e7d2-51ef-454f-867f-f22faacd8167.h5
set_fits () {}
using default fits file=/Users/jan/PychronDev/scripts/measurement/fits/nominal.yaml
set "Ar40" to "('Parabolic', 'SEM')"
No fit for "PM41". defaulting to linear. check the measurement script "jan_unknown400_120.py"
set "PM41" to "linear"
set "Ar36" to "('Parabolic', 'SEM')"
set "Ar37" to "('linear', 'SEM')"
set "Ar38" to "('linear', 'SEM')"
set "Ar39" to "('Parabolic', 'SEM')"
set_baseline_fits () {}
using default fits file=/Users/jan/PychronDev/scripts/measurement/fits/nominal.yaml
set "H1" to "('average', 'SEM')"
set "H2" to "('average', 'SEM')"
set "CDD" to "('average', 'SEM')"
set "L2" to "('average', 'SEM')"
set "L1" to "('average', 'SEM')"
set "AX" to "('average', 'SEM')"
multicollect () {'integration_time': 1, 'ncounts': 400}
build tables- signal [Detector(H2), Detector(H1), Detector(AX), Detector(L1), Detector(L2), Detector(CDD)]
add group /signal/PM41 (Group) '' table H2
add group /signal/Ar40 (Group) '' table H1
add group /signal/Ar39 (Group) '' table AX
add group /signal/Ar38 (Group) '' table L1
add group /signal/Ar37 (Group) '' table L2
add group /signal/Ar36 (Group) '' table CDD
flush and close file /Users/jan/PychronDev/data/isotopes/f5/e9e7d2-51ef-454f-867f-f22faacd8167.h5
measuring signal. ncounts=400
action=close, ok=True, locked=[False]
is_closed ('F',) {}
is F () closed?
is closed True
open () {'description': 'CO2 Laser to Jan'}
opening name=--- desc=CO2 Laser to Jan
checking ownership. requestor=129.138.12.150
check software interlocks A
interlocks []
actuate state mode=None-script, software_lock=False
doing actuation None-script open_channel False
Open A ===>> OK
GetValveState A ===>> OK
change switch state (True, True)
update switch state A True args=() kw={} ncanvase=2
08:02:40 -- OPEN   VALVE-A (CO2 Laser to Jan)
---------------------------------------- open None (CO2 Laser to Jan) result=[(True, True)], time=0.11 sec
action=open, ok=True, locked=[False]
sleep (1,) {}
SLEEP 1.0
starting measurement
GetData ===>> H2,-0.11696458094662,H1,8.67582912037081,AX,0.0950149402232161,L1,0.00539501059044424,L2,0.053754...
close () {'description': 'CO2 Laser to Roughing'}
closing name=--- desc=CO2 Laser to Roughing
checking ownership. requestor=129.138.12.150
check software interlocks G
interlocks []
actuate state mode=None-script, software_lock=True
VALVE-G(CO2 Laser to Roughing) software locked
change switch state (True, False)
---------------------------------------- close None (CO2 Laser to Roughing) result=[(True, False)]
action=close, ok=True, locked=[True]
open () {'description': 'Microbone to Turbo'}
opening name=--- desc=Microbone to Turbo
checking ownership. requestor=129.138.12.150
check software interlocks U
interlocks []
actuate state mode=None-script, software_lock=False
doing actuation None-script open_channel True
Open U ===>> OK
testing Ar40>5000.0
evaluate ot="Ar40>5000.0" t="Ar40>5000.0", ctx="{'Ar40': 8.413800354796185}"
GetData ===>> H2,0.0115618119092386,H1,8.58476185845614,AX,0.2571716445707,L1,-0.00187087262148329,L2,0.0486803...
GetValveState U ===>> OK
change switch state (True, True)
update switch state U True args=() kw={} ncanvase=2
08:02:41 -- OPEN   VALVE-U (Microbone to Turbo)
---------------------------------------- open None (Microbone to Turbo) result=[(True, True)], time=0.14 sec
Get Checksum: -1097334291
action=open, ok=True, locked=[False]
open () {'description': 'Microbone to Getter NP-10'}
opening name=--- desc=Microbone to Getter NP-10
checking ownership. requestor=129.138.12.150
check software interlocks M
interlocks []
actuate state mode=None-script, software_lock=False
doing actuation None-script open_channel False
Open M ===>> OK
GetValveState M ===>> OK
change switch state (True, True)
update switch state M True args=() kw={} ncanvase=2
08:02:41 -- OPEN   VALVE-M (Microbone to Getter NP-10)
---------------------------------------- open None (Microbone to Getter NP-10) result=[(True, True)], time=0.11 sec
action=open, ok=True, locked=[False]
open () {'description': 'Microbone to Getter D-50'}
opening name=--- desc=Microbone to Getter D-50
checking ownership. requestor=129.138.12.150
check software interlocks K
interlocks []
actuate state mode=None-script, software_lock=False
doing actuation None-script open_channel False
Open K ===>> OK
testing Ar40>5000.0
evaluate ot="Ar40>5000.0" t="Ar40>5000.0", ctx="{'Ar40': -0.14596667539422647}"
GetData ===>> H2,-0.0921788703253604,H1,8.63848077872438,AX,0.143937374823903,L1,-0.0105678589666148,L2,0.06899...
GetValveState K ===>> OK
change switch state (True, True)
update switch state K True args=() kw={} ncanvase=2
08:02:42 -- OPEN   VALVE-K (Microbone to Getter D-50)
---------------------------------------- open None (Microbone to Getter D-50) result=[(True, True)], time=0.41 sec
action=open, ok=True, locked=[False]
open () {'description': 'Microbone to CO2 Laser'}
opening name=--- desc=Microbone to CO2 Laser
checking ownership. requestor=129.138.12.150
check software interlocks T
interlocks []
actuate state mode=None-script, software_lock=False
doing actuation None-script open_channel False
Open T ===>> OK
GetValveState T ===>> OK
change switch state (True, True)
update switch state T True args=() kw={} ncanvase=2
08:02:43 -- OPEN   VALVE-T (Microbone to CO2 Laser)
---------------------------------------- open None (Microbone to CO2 Laser) result=[(True, True)], time=0.39 sec
action=open, ok=True, locked=[False]
open () {'description': 'Microbone to Inlet Pipette'}
opening name=--- desc=Microbone to Inlet Pipette
checking ownership. requestor=129.138.12.150
check software interlocks S
interlocks []
actuate state mode=None-script, software_lock=False
doing actuation None-script open_channel False
testing Ar40>5000.0
evaluate ot="Ar40>5000.0" t="Ar40>5000.0", ctx="{'Ar40': 23.03719075005591}"
GetData ===>> H2,-0.170676701905796,H1,8.6114498755087,AX,0.15466274790325,L1,-0.0176615116250521,L2,0.00600674...
Open S ===>> OK
GetValveState S ===>> OK
change switch state (True, True)
update switch state S True args=() kw={} ncanvase=2
08:02:43 -- OPEN   VALVE-S (Microbone to Inlet Pipette)
---------------------------------------- open None (Microbone to Inlet Pipette) result=[(True, True)], time=0.39 sec
action=open, ok=True, locked=[False]
sleep (1,) {}
SLEEP 1.0
testing Ar40>5000.0
evaluate ot="Ar40>5000.0" t="Ar40>5000.0", ctx="{'Ar40': 11.925909843639525}"
GetData ===>> H2,-0.197152259997162,H1,8.6036107292877,AX,0.238911802482252,L1,-0.016143169603133,L2,-0.0163997...
Get Checksum: -1097334291
set_resource () {'name': 'CO2PumpTimeFlag', 'value': 30}
Set CO2PumpTimeFlag 30 ===>> OK
release ('JanCO2Flag',) {}
release JanCO2Flag
Set JanCO2Flag 0 ===>> OK
executed 6.0
PumpMicrobone.py completed successfully
gosub finished
get_resource_value () {'name': 'JanMiniboneFlag'}
Read JanMiniboneFlag ===>> 0
Get Resource Value JanMiniboneFlag=0.0
get resource value 0.0
get_resource_value () {'name': 'JanMiniboneFlag'}
Read JanMiniboneFlag ===>> 0
Get Resource Value JanMiniboneFlag=0.0
executed 4.0
jan_pump_extraction_line.py completed successfully
Post Equilibration Finished
08:02:45 -- ******* Post Equilibration Finished *******
testing Ar40>5000.0
evaluate ot="Ar40>5000.0" t="Ar40>5000.0", ctx="{'Ar40': 9.875376244436792}"
GetData ===>> H2,-0.259608688586588,H1,8.68926504415757,AX,0.203475786643897,L1,-0.0138666935771,L2,-0.00571004...
testing Ar40>5000.0
evaluate ot="Ar40>5000.0" t="Ar40>5000.0", ctx="{'Ar40': 11.024898728364724}"
GetData ===>> H2,-0.236093047678467,H1,8.56832941545169,AX,0.166341282630009,L1,0.00169957311722372,L2,0.088641...
Get Checksum: -1097334291
testing Ar40>5000.0
evaluate ot="Ar40>5000.0" t="Ar40>5000.0", ctx="{'Ar40': 8.541415203948953}"
GetData ===>> H2,-0.189919034598201,H1,8.61758472904606,AX,0.21129232408463,L1,-0.0466382909326357,L2,0.0628900...
testing Ar40>5000.0
evaluate ot="Ar40>5000.0" t="Ar40>5000.0", ctx="{'Ar40': 8.612635011904333}"
GetData ===>> H2,-0.171592813920504,H1,8.67400047549334,AX,0.192477946585373,L1,-0.0415954505826297,L2,-0.10252...
testing Ar40>5000.0
evaluate ot="Ar40>5000.0" t="Ar40>5000.0", ctx="{'Ar40': 9.039543359620607}"
GetData ===>> H2,-0.140086257934921,H1,8.63352707847917,AX,0.125669815197153,L1,-0.0075054002079611,L2,-0.05837...
Get Checksum: -1097334291
testing Ar40>5000.0
evaluate ot="Ar40>5000.0" t="Ar40>5000.0", ctx="{'Ar40': 8.766387113253522}"
testing Ar40>5000.0
evaluate ot="Ar40>5000.0" t="Ar40>5000.0", ctx="{'Ar40': 8.766387113253522}"
GetData ===>> H2,-0.153386212925762,H1,8.70858843507027,AX,0.0987389578276219,L1,-0.0221060820295674,L2,-0.0419...
testing Ar40>5000.0
evaluate ot="Ar40>5000.0" t="Ar40>5000.0", ctx="{'Ar40': 8.969762776816571}"
testing Ar40>5000.0
evaluate ot="Ar40>5000.0" t="Ar40>5000.0", ctx="{'Ar40': 8.969762776816571}"
GetData ===>> H2,-0.201717950617119,H1,8.65067933392132,AX,0.208818374430203,L1,-0.0482337054650077,L2,-0.00575...
testing Ar40>5000.0
evaluate ot="Ar40>5000.0" t="Ar40>5000.0", ctx="{'Ar40': 8.693268069393117}"
testing Ar40>5000.0
evaluate ot="Ar40>5000.0" t="Ar40>5000.0", ctx="{'Ar40': 8.693268069393117}"
GetData ===>> H2,-0.252189820088263,H1,8.71264518362598,AX,0.161384119250754,L1,-0.03508582355544,L2,0.04963820...
Get Checksum: -1097334291
testing Ar40>5000.0
evaluate ot="Ar40>5000.0" t="Ar40>5000.0", ctx="{'Ar40': 8.729937774204908}"
testing Ar40>5000.0
evaluate ot="Ar40>5000.0" t="Ar40>5000.0", ctx="{'Ar40': 8.729937774204908}"
GetData ===>> H2,-0.143531023288373,H1,8.68882959360071,AX,0.183374021308802,L1,0.00206809117980458,L2,0.020791...
testing Ar40>5000.0
evaluate ot="Ar40>5000.0" t="Ar40>5000.0", ctx="{'Ar40': 8.609821199475327}"
testing Ar40>5000.0
evaluate ot="Ar40>5000.0" t="Ar40>5000.0", ctx="{'Ar40': 8.609821199475327}"
GetData ===>> H2,-0.129166998291808,H1,8.71426294938427,AX,0.24618979104643,L1,0.0258001913250862,L2,-0.0240232...
testing Ar40>5000.0
evaluate ot="Ar40>5000.0" t="Ar40>5000.0", ctx="{'Ar40': 8.569532853714133}"
testing Ar40>5000.0
evaluate ot="Ar40>5000.0" t="Ar40>5000.0", ctx="{'Ar40': 8.569532853714133}"
GetData ===>> H2,-0.13353980800094,H1,8.70972082449051,AX,0.194324382124398,L1,0.0232949401324463,L2,-0.0218012...
Get Checksum: -1097334291
testing Ar40>5000.0
evaluate ot="Ar40>5000.0" t="Ar40>5000.0", ctx="{'Ar40': 8.498793310161616}"
testing Ar40>5000.0
evaluate ot="Ar40>5000.0" t="Ar40>5000.0", ctx="{'Ar40': 8.498793310161616}"
GetData ===>> H2,-0.124108028741425,H1,8.71483539557707,AX,0.2878716758634,L1,-0.0172069925046081,L2,0.02692501...
testing Ar40>5000.0
evaluate ot="Ar40>5000.0" t="Ar40>5000.0", ctx="{'Ar40': 8.440601260411032}"
testing Ar40>5000.0
evaluate ot="Ar40>5000.0" t="Ar40>5000.0", ctx="{'Ar40': 8.440601260411032}"
GetData ===>> H2,-0.227674947352565,H1,8.704108773091,AX,0.184999659864406,L1,0.00380162739139353,L2,0.01180868...
testing Ar40>5000.0
evaluate ot="Ar40>5000.0" t="Ar40>5000.0", ctx="{'Ar40': 8.367341998011272}"
testing Ar40>5000.0
evaluate ot="Ar40>5000.0" t="Ar40>5000.0", ctx="{'Ar40': 8.367341998011272}"
GetData ===>> H2,-0.211471511549049,H1,8.7216925492599,AX,0.179205543533101,L1,0.0034042322745784,L2,0.05008294...
Get Checksum: -1097334291
testing Ar40>5000.0
evaluate ot="Ar40>5000.0" t="Ar40>5000.0", ctx="{'Ar40': 8.33514692729866}"
testing Ar40>5000.0
evaluate ot="Ar40>5000.0" t="Ar40>5000.0", ctx="{'Ar40': 8.33514692729866}"
GetData ===>> H2,-0.162799669658633,H1,8.76463777566105,AX,0.117848540452137,L1,-0.039637255737871,L2,-0.065320...
testing Ar40>5000.0
evaluate ot="Ar40>5000.0" t="Ar40>5000.0", ctx="{'Ar40': 8.357650664464407}"
testing Ar40>5000.0
evaluate ot="Ar40>5000.0" t="Ar40>5000.0", ctx="{'Ar40': 8.357650664464407}"
GetData ===>> H2,-0.260864696577034,H1,8.70800357940802,AX,0.219759979258331,L1,-0.0300323724357962,L2,0.033526...
testing Ar40>5000.0
evaluate ot="Ar40>5000.0" t="Ar40>5000.0", ctx="{'Ar40': 8.288955484009032}"
testing Ar40>5000.0
evaluate ot="Ar40>5000.0" t="Ar40>5000.0", ctx="{'Ar40': 8.288955484009032}"
GetData ===>> H2,-0.269477051664206,H1,8.80682841851639,AX,0.187542677434315,L1,-0.0111097475899371,L2,0.030447...
Get Checksum: -1097334291
testing Ar40>5000.0
evaluate ot="Ar40>5000.0" t="Ar40>5000.0", ctx="{'Ar40': 8.342034145711574}"
testing Ar40>5000.0
evaluate ot="Ar40>5000.0" t="Ar40>5000.0", ctx="{'Ar40': 8.342034145711574}"
GetData ===>> H2,-0.176374476523134,H1,8.75120460321794,AX,0.175060465325743,L1,-0.0201687928871221,L2,-0.04316...
testing Ar40>5000.0
evaluate ot="Ar40>5000.0" t="Ar40>5000.0", ctx="{'Ar40': 8.307449499359166}"
testing Ar40>5000.0
evaluate ot="Ar40>5000.0" t="Ar40>5000.0", ctx="{'Ar40': 8.307449499359166}"
GetData ===>> H2,-0.0122272477783824,H1,8.81983274718345,AX,0.17960032208374,L1,-0.0179349327615417,L2,0.022102...
testing Ar40>5000.0
evaluate ot="Ar40>5000.0" t="Ar40>5000.0", ctx="{'Ar40': 8.335563639132364}"
testing Ar40>5000.0
evaluate ot="Ar40>5000.0" t="Ar40>5000.0", ctx="{'Ar40': 8.335563639132364}"
08:03:05 -- collecting point 25
GetData ===>> H2,-0.0968410154647141,H1,8.74927504932248,AX,0.154593098814322,L1,-0.00816257637389525,L2,0.0917...
Get Checksum: -1097334291
testing Ar40>5000.0
evaluate ot="Ar40>5000.0" t="Ar40>5000.0", ctx="{'Ar40': 8.284939417866417}"
testing Ar40>5000.0
evaluate ot="Ar40>5000.0" t="Ar40>5000.0", ctx="{'Ar40': 8.284939417866417}"
GetData ===>> H2,-0.144421437788793,H1,8.7025284937343,AX,0.193186323378535,L1,-0.0219130891384934,L2,0.0474829...
testing Ar40>5000.0
evaluate ot="Ar40>5000.0" t="Ar40>5000.0", ctx="{'Ar40': 8.209515817625}"
testing Ar40>5000.0
evaluate ot="Ar40>5000.0" t="Ar40>5000.0", ctx="{'Ar40': 8.209515817625}"
GetData ===>> H2,-0.221330648913234,H1,8.73615502786282,AX,0.214161255150308,L1,-0.0323916784033724,L2,0.082418...
testing Ar40>5000.0
evaluate ot="Ar40>5000.0" t="Ar40>5000.0", ctx="{'Ar40': 8.178656855318527}"
testing Ar40>5000.0
evaluate ot="Ar40>5000.0" t="Ar40>5000.0", ctx="{'Ar40': 8.178656855318527}"
GetData ===>> H2,-0.168079074287571,H1,8.74264014563077,AX,0.184813871228115,L1,-0.00533809375584598,L2,0.05951...
Get Checksum: -1097334291
testing Ar40>5000.0
evaluate ot="Ar40>5000.0" t="Ar40>5000.0", ctx="{'Ar40': 8.159150679908281}"
testing Ar40>5000.0
evaluate ot="Ar40>5000.0" t="Ar40>5000.0", ctx="{'Ar40': 8.159150679908281}"
GetData ===>> H2,-0.0552476321822158,H1,8.82710790505932,AX,0.175234624726453,L1,-0.0279264937977389,L2,0.05959...
testing Ar40>5000.0
evaluate ot="Ar40>5000.0" t="Ar40>5000.0", ctx="{'Ar40': 8.193669004030413}"
testing Ar40>5000.0
evaluate ot="Ar40>5000.0" t="Ar40>5000.0", ctx="{'Ar40': 8.193669004030413}"
GetData ===>> H2,-0.179447706164306,H1,8.82695841041772,AX,0.200084556814136,L1,-0.0489804591234469,L2,0.011569...
Get Checksum: -1097334291
testing Ar40>5000.0
evaluate ot="Ar40>5000.0" t="Ar40>5000.0", ctx="{'Ar40': 8.213811844679576}"
testing Ar40>5000.0
evaluate ot="Ar40>5000.0" t="Ar40>5000.0", ctx="{'Ar40': 8.213811844679576}"
GetData ===>> H2,-0.174234735528758,H1,8.85786806831044,AX,0.171449630557622,L1,-0.0397115184047469,L2,-0.10548...
testing Ar40>5000.0
evaluate ot="Ar40>5000.0" t="Ar40>5000.0", ctx="{'Ar40': 8.239908554576434}"
testing Ar40>5000.0
evaluate ot="Ar40>5000.0" t="Ar40>5000.0", ctx="{'Ar40': 8.239908554576434}"
GetData ===>> H2,-0.00348723523212275,H1,8.77863301923181,AX,0.175838379725986,L1,-0.0185537005295476,L2,-0.161...
testing Ar40>5000.0
evaluate ot="Ar40>5000.0" t="Ar40>5000.0", ctx="{'Ar40': 8.215369083178789}"
testing Ar40>5000.0
evaluate ot="Ar40>5000.0" t="Ar40>5000.0", ctx="{'Ar40': 8.215369083178789}"
GetData ===>> H2,-0.0740916917463188,H1,8.84886695919061,AX,0.0789487709511214,L1,-0.0320767370878172,L2,-0.044...
Get Checksum: -1097334291
testing Ar40>5000.0
evaluate ot="Ar40>5000.0" t="Ar40>5000.0", ctx="{'Ar40': 8.226604418420592}"
testing Ar40>5000.0
evaluate ot="Ar40>5000.0" t="Ar40>5000.0", ctx="{'Ar40': 8.226604418420592}"
GetData ===>> H2,-0.189621066801281,H1,8.82209995096874,AX,0.157750574218769,L1,-0.0239794789631802,L2,0.075721...
testing Ar40>5000.0
evaluate ot="Ar40>5000.0" t="Ar40>5000.0", ctx="{'Ar40': 8.219530382306512}"
testing Ar40>5000.0
evaluate ot="Ar40>5000.0" t="Ar40>5000.0", ctx="{'Ar40': 8.219530382306512}"
GetData ===>> H2,-0.181401614299711,H1,8.76976748717133,AX,0.180296994016535,L1,-0.0131140024073321,L2,0.056263...
testing Ar40>5000.0
evaluate ot="Ar40>5000.0" t="Ar40>5000.0", ctx="{'Ar40': 8.190071641927958}"
testing Ar40>5000.0
evaluate ot="Ar40>5000.0" t="Ar40>5000.0", ctx="{'Ar40': 8.190071641927958}"
GetData ===>> H2,-0.238233245936275,H1,8.75501402069558,AX,0.298974370120215,L1,0.00365875543845229,L2,0.020677...
Get Checksum: -1097334291
testing Ar40>5000.0
evaluate ot="Ar40>5000.0" t="Ar40>5000.0", ctx="{'Ar40': 8.160662351690238}"
testing Ar40>5000.0
evaluate ot="Ar40>5000.0" t="Ar40>5000.0", ctx="{'Ar40': 8.160662351690238}"
GetData ===>> H2,-0.142747292591685,H1,8.84839389329055,AX,0.219283726723668,L1,-0.00631805711936699,L2,0.08325...
testing Ar40>5000.0
evaluate ot="Ar40>5000.0" t="Ar40>5000.0", ctx="{'Ar40': 8.171477540392424}"
testing Ar40>5000.0
evaluate ot="Ar40>5000.0" t="Ar40>5000.0", ctx="{'Ar40': 8.171477540392424}"
GetData ===>> H2,-0.182741357805716,H1,8.87152683320844,AX,0.131251850810421,L1,-0.0104491670767283,L2,0.064099...
testing Ar40>5000.0
evaluate ot="Ar40>5000.0" t="Ar40>5000.0", ctx="{'Ar40': 8.18587754873562}"
testing Ar40>5000.0
evaluate ot="Ar40>5000.0" t="Ar40>5000.0", ctx="{'Ar40': 8.18587754873562}"
GetData ===>> H2,-0.0903538552584775,H1,8.7835019108953,AX,0.28234402763798,L1,0.011321711392906,L2,0.026788206...
Get Checksum: -1097334291
testing Ar40>5000.0
evaluate ot="Ar40>5000.0" t="Ar40>5000.0", ctx="{'Ar40': 8.16599359984762}"
testing Ar40>5000.0
evaluate ot="Ar40>5000.0" t="Ar40>5000.0", ctx="{'Ar40': 8.16599359984762}"
GetData ===>> H2,-0.167562176547411,H1,8.88792717945905,AX,0.22624189150006,L1,-0.0147877418698891,L2,0.0689007...
testing Ar40>5000.0
evaluate ot="Ar40>5000.0" t="Ar40>5000.0", ctx="{'Ar40': 8.182316837589577}"
testing Ar40>5000.0
evaluate ot="Ar40>5000.0" t="Ar40>5000.0", ctx="{'Ar40': 8.182316837589577}"
GetData ===>> H2,-0.311635378735283,H1,8.92132110535962,AX,0.205345659049408,L1,-0.0282223975737301,L2,-0.02548...
testing Ar40>5000.0
evaluate ot="Ar40>5000.0" t="Ar40>5000.0", ctx="{'Ar40': 8.203117937049388}"
testing Ar40>5000.0
evaluate ot="Ar40>5000.0" t="Ar40>5000.0", ctx="{'Ar40': 8.203117937049388}"
GetData ===>> H2,-0.296108402515855,H1,8.79489675126515,AX,0.168709665183172,L1,-0.0237685444690052,L2,-0.00855...
Get Checksum: -1097334291
testing Ar40>5000.0
evaluate ot="Ar40>5000.0" t="Ar40>5000.0", ctx="{'Ar40': 8.181279581974932}"
testing Ar40>5000.0
evaluate ot="Ar40>5000.0" t="Ar40>5000.0", ctx="{'Ar40': 8.181279581974932}"
GetData ===>> H2,-0.255182688413359,H1,8.78302870942493,AX,0.178543712492818,L1,-0.0252845377893326,L2,-0.05715...
testing Ar40>5000.0
evaluate ot="Ar40>5000.0" t="Ar40>5000.0", ctx="{'Ar40': 8.159863065693305}"
testing Ar40>5000.0
evaluate ot="Ar40>5000.0" t="Ar40>5000.0", ctx="{'Ar40': 8.159863065693305}"
GetData ===>> H2,-0.293943520691015,H1,8.89733020878645,AX,0.172575825111903,L1,-0.0331065466023753,L2,-0.04223...
testing Ar40>5000.0
evaluate ot="Ar40>5000.0" t="Ar40>5000.0", ctx="{'Ar40': 8.172115259589264}"
testing Ar40>5000.0
evaluate ot="Ar40>5000.0" t="Ar40>5000.0", ctx="{'Ar40': 8.172115259589264}"
GetData ===>> H2,-0.193808075723313,H1,8.80802415129673,AX,0.259040772458742,L1,-0.00894201802882654,L2,0.01603...
Get Checksum: -1097334291
testing Ar40>5000.0
evaluate ot="Ar40>5000.0" t="Ar40>5000.0", ctx="{'Ar40': 8.158320340158557}"
testing Ar40>5000.0
evaluate ot="Ar40>5000.0" t="Ar40>5000.0", ctx="{'Ar40': 8.158320340158557}"
GetData ===>> H2,-0.19492129516349,H1,8.88396695134383,AX,0.277130209747196,L1,0.00672188543686682,L2,-0.049350...
testing Ar40>5000.0
evaluate ot="Ar40>5000.0" t="Ar40>5000.0", ctx="{'Ar40': 8.164932740546654}"
testing Ar40>5000.0
evaluate ot="Ar40>5000.0" t="Ar40>5000.0", ctx="{'Ar40': 8.164932740546654}"
GetData ===>> H2,-0.278199665268715,H1,8.9187050081142,AX,0.214800097452448,L1,-0.0223865744126419,L2,0.0389650...
testing Ar40>5000.0
evaluate ot="Ar40>5000.0" t="Ar40>5000.0", ctx="{'Ar40': 8.177321131097026}"
testing Ar40>5000.0
evaluate ot="Ar40>5000.0" t="Ar40>5000.0", ctx="{'Ar40': 8.177321131097026}"
GetData ===>> H2,-0.250559946174964,H1,8.80900814999255,AX,0.203789365226433,L1,-0.0179313351632496,L2,0.048315...
Get Checksum: -1097334291
testing Ar40>5000.0
evaluate ot="Ar40>5000.0" t="Ar40>5000.0", ctx="{'Ar40': 8.161931219973086}"
testing Ar40>5000.0
evaluate ot="Ar40>5000.0" t="Ar40>5000.0", ctx="{'Ar40': 8.161931219973086}"
GetData ===>> H2,-0.146065615875512,H1,8.99749067895981,AX,0.164100659980738,L1,-0.0526499944796706,L2,-0.02949...
testing Ar40>5000.0
evaluate ot="Ar40>5000.0" t="Ar40>5000.0", ctx="{'Ar40': 8.189137609984693}"
testing Ar40>5000.0
evaluate ot="Ar40>5000.0" t="Ar40>5000.0", ctx="{'Ar40': 8.189137609984693}"
08:03:32 -- collecting point 50
GetData ===>> H2,-0.193564123178434,H1,8.95571018206509,AX,0.24451824320334,L1,-0.0499413440979301,L2,0.1110628...
testing Ar40>5000.0
evaluate ot="Ar40>5000.0" t="Ar40>5000.0", ctx="{'Ar40': 8.201331817283197}"
testing age>100.0
evaluate ot="age>100.0" t="age>100.0", ctx="{'age': 209.3085437832302}"
condition age>100.0 is true trips=1/1
08:03:33 -- Conditional tripped: age>100.0 condition age>100.0 is True
08:03:33 -- truncation conditional condition age>100.0 is True. measurement iteration executed 50/400 counts
state changed from measurement to truncated
measurement finished
estimated time: 419.430 actual time: :52.724
flush and close file /Users/jan/PychronDev/data/isotopes/f5/e9e7d2-51ef-454f-867f-f22faacd8167.h5
baselines () {'settling_time': 15.0, 'detector': 'H1', 'mass': 34.2, 'ncounts': 120}
%%%%%%%%%%%%%%%%%%%%%%%%%%%%%%%% Baseline
build tables- baseline [Detector(H2), Detector(H1), Detector(AX), Detector(L1), Detector(L2), Detector(CDD)]
add group baseline table H2
add group baseline table H1
add group baseline table AX
add group baseline table L1
add group baseline table L2
add group baseline table CDD
flush and close file /Users/jan/PychronDev/data/isotopes/f5/e9e7d2-51ef-454f-867f-f22faacd8167.h5
detector Detector(H1)
POSITION 34.2 H1
Mapping mass to dac mass func: "parabolic"
H1 map mass coeffs = [-0.00063987  0.15840543  0.57024999]
H1 map mass to dac 34.2 >> 5.23929599104
GetDeflection H1 ===>> 0
Get Checksum: -1097334291
GetHighVoltage ===>> 4499.94659342336
positioning 34.2 (5.23926513732) on H1
setting magnet DAC
current  : 5.878605
requested: 5.239265
Delta Dac: 0.639340
Checking detector protection. dv=0.63934
Checking detector "CDD". Protection Threshold: 0.1 (V)
ProtectDetector CDD,On ===>> OK
GetDeflection CDD ===>> 2000
SetMagnetDAC 5.23926513732 ===>> OK
Magnet settling time: 0.500
loading system conditionals pre_run_terminations
loading conditionals from /Users/jan/PychronDev/setupfiles/spectrometer/default_conditionals.yaml
loading queue conditionals pre_run_terminations
loading system conditionals None
loading conditionals from /Users/jan/PychronDev/setupfiles/spectrometer/default_conditionals.yaml
loading queue conditionals None
loading system conditionals post_run_terminations
loading conditionals from /Users/jan/PychronDev/setupfiles/spectrometer/default_conditionals.yaml
loading queue conditionals post_run_terminations
Show conditionals active run: <pychron.experiment.automated_run.automated_run.AutomatedRun object at 0x135520fb0>
Show conditionals measuring run: <pychron.experiment.automated_run.automated_run.AutomatedRun object at 0x135520fb0>
active_run same as measuring_run: True
GetMagnetMoving ===>> True
GetMagnetMoving ===>> True
GetMagnetMoving ===>> True
GetMagnetMoving ===>> True
GetMagnetMoving ===>> True
GetMagnetMoving ===>> True
GetMagnetMoving ===>> True
GetMagnetMoving ===>> True
GetMagnetMoving ===>> False
ProtectDetector CDD,Off ===>> OK
GetDeflection CDD ===>> 50
Delaying 15.0s for detectors to settle
Get Checksum: -1097334291
Get Checksum: -1097334291
Get Checksum: -1097334291
Get Checksum: -1097334291
Get Checksum: -1097334291
Join finished
measuring baseline. ncounts=120.0
Get Checksum: -1097334291
starting measurement
GetData ===>> H2,-0.234872778279645,H1,-0.0381548509223116,AX,0.085699719199326,L1,-0.0282751082638883,L2,0.025...
testing Ar40>5000.0
evaluate ot="Ar40>5000.0" t="Ar40>5000.0", ctx="{'Ar40': 8.201331817283197}"
GetData ===>> H2,-0.232667348464194,H1,-0.088044507757634,AX,-0.054484808450165,L1,-0.0214983217002973,L2,0.011...
testing Ar40>5000.0
evaluate ot="Ar40>5000.0" t="Ar40>5000.0", ctx="{'Ar40': 8.232280098104887}"
GetData ===>> H2,-0.137316443081831,H1,-0.099497140289828,AX,-0.0662754848901289,L1,-0.0102861133095001,L2,0.05...
Get Checksum: -1097334291
testing Ar40>5000.0
evaluate ot="Ar40>5000.0" t="Ar40>5000.0", ctx="{'Ar40': 8.244412585088172}"
GetData ===>> H2,-0.155888586040575,H1,-0.0473120923676127,AX,-0.167079540780893,L1,-0.0168831800792223,L2,-0.0...
testing Ar40>5000.0
evaluate ot="Ar40>5000.0" t="Ar40>5000.0", ctx="{'Ar40': 8.237432566599262}"
GetData ===>> H2,-0.249405982252177,H1,-0.0620000838673416,AX,-0.0866536394047195,L1,-0.0382513178783715,L2,0.0...
testing Ar40>5000.0
evaluate ot="Ar40>5000.0" t="Ar40>5000.0", ctx="{'Ar40': 8.23618215380586}"
GetData ===>> H2,-0.221717253388092,H1,-0.101904290698695,AX,-0.0380079305658052,L1,-0.0402013986999447,L2,0.01...
testing Ar40>5000.0
evaluate ot="Ar40>5000.0" t="Ar40>5000.0", ctx="{'Ar40': 8.241999246415485}"
GetData ===>> H2,-0.222786745303518,H1,-0.00998631200779239,AX,-0.00305055261812161,L1,-0.0323737162362138,L2,-...
testing Ar40>5000.0
evaluate ot="Ar40>5000.0" t="Ar40>5000.0", ctx="{'Ar40': 8.233023172752231}"
GetData ===>> H2,-0.0756519225866479,H1,0.0492865225197871,AX,-0.0207743757225878,L1,-0.0276401656610113,L2,0.0...
Get Checksum: -1097334291
testing Ar40>5000.0
evaluate ot="Ar40>5000.0" t="Ar40>5000.0", ctx="{'Ar40': 8.218882013188844}"
GetData ===>> H2,-0.160332584530492,H1,-0.000587084778324964,AX,-0.161260235075193,L1,-0.0277707514709606,L2,-0...
testing Ar40>5000.0
evaluate ot="Ar40>5000.0" t="Ar40>5000.0", ctx="{'Ar40': 8.213424845450444}"
GetData ===>> H2,-0.255567159337905,H1,-0.0352691923722446,AX,-0.0970149548623873,L1,-0.0425031570442673,L2,0.0...
testing Ar40>5000.0
evaluate ot="Ar40>5000.0" t="Ar40>5000.0", ctx="{'Ar40': 8.212527322019115}"
testing Ar40>5000.0
evaluate ot="Ar40>5000.0" t="Ar40>5000.0", ctx="{'Ar40': 8.212527322019115}"
GetData ===>> H2,-0.235787656349082,H1,-0.0790697807389272,AX,-0.041486743716616,L1,-0.0288980318572804,L2,-0.0...
Get Checksum: -1097334291
testing Ar40>5000.0
evaluate ot="Ar40>5000.0" t="Ar40>5000.0", ctx="{'Ar40': 8.215774856335909}"
testing Ar40>5000.0
evaluate ot="Ar40>5000.0" t="Ar40>5000.0", ctx="{'Ar40': 8.215774856335909}"
GetData ===>> H2,-0.193750120622641,H1,0.0182617408048149,AX,-0.0557485776233402,L1,-0.0484024479249216,L2,-0.0...
testing Ar40>5000.0
evaluate ot="Ar40>5000.0" t="Ar40>5000.0", ctx="{'Ar40': 8.210370174804591}"
testing Ar40>5000.0
evaluate ot="Ar40>5000.0" t="Ar40>5000.0", ctx="{'Ar40': 8.210370174804591}"
GetData ===>> H2,-0.239783680319614,H1,-0.15710471996464,AX,-0.0324067801097083,L1,-0.0875452153245489,L2,-0.04...
testing Ar40>5000.0
evaluate ot="Ar40>5000.0" t="Ar40>5000.0", ctx="{'Ar40': 8.219286710491126}"
testing Ar40>5000.0
evaluate ot="Ar40>5000.0" t="Ar40>5000.0", ctx="{'Ar40': 8.219286710491126}"
GetData ===>> H2,-0.312040489521565,H1,0.0118193379114341,AX,-0.146142323828758,L1,-0.0712711609747336,L2,0.034...
Get Checksum: -1097334291
testing Ar40>5000.0
evaluate ot="Ar40>5000.0" t="Ar40>5000.0", ctx="{'Ar40': 8.214863451231295}"
testing Ar40>5000.0
evaluate ot="Ar40>5000.0" t="Ar40>5000.0", ctx="{'Ar40': 8.214863451231295}"
GetData ===>> H2,-0.20901841632759,H1,-0.0142323739708015,AX,-0.157550535768322,L1,-0.0427091159632597,L2,-0.04...
testing Ar40>5000.0
evaluate ot="Ar40>5000.0" t="Ar40>5000.0", ctx="{'Ar40': 8.212766740664923}"
testing Ar40>5000.0
evaluate ot="Ar40>5000.0" t="Ar40>5000.0", ctx="{'Ar40': 8.212766740664923}"
GetData ===>> H2,-0.195791365545455,H1,0.0265658939073489,AX,-0.203401757871279,L1,-0.0484407436914187,L2,0.012...
testing Ar40>5000.0
evaluate ot="Ar40>5000.0" t="Ar40>5000.0", ctx="{'Ar40': 8.208382227176964}"
testing Ar40>5000.0
evaluate ot="Ar40>5000.0" t="Ar40>5000.0", ctx="{'Ar40': 8.208382227176964}"
GetData ===>> H2,-0.136098267440823,H1,-0.0348756870325538,AX,0.0290763023913692,L1,-0.0254151541895561,L2,-0.0...
Get Checksum: -1097334291
testing Ar40>5000.0
evaluate ot="Ar40>5000.0" t="Ar40>5000.0", ctx="{'Ar40': 8.208127749448758}"
testing Ar40>5000.0
evaluate ot="Ar40>5000.0" t="Ar40>5000.0", ctx="{'Ar40': 8.208127749448758}"
GetData ===>> H2,-0.245336578367795,H1,-0.0232606205228468,AX,-0.0669826481915971,L1,-0.0131403715208973,L2,-0....
testing Ar40>5000.0
evaluate ot="Ar40>5000.0" t="Ar40>5000.0", ctx="{'Ar40': 8.207256265550924}"
testing Ar40>5000.0
evaluate ot="Ar40>5000.0" t="Ar40>5000.0", ctx="{'Ar40': 8.207256265550924}"
GetData ===>> H2,-0.278007633539136,H1,-0.108327047219192,AX,-0.110191007109508,L1,-0.0542718389869574,L2,-0.02...
testing Ar40>5000.0
evaluate ot="Ar40>5000.0" t="Ar40>5000.0", ctx="{'Ar40': 8.210953697152672}"
testing Ar40>5000.0
evaluate ot="Ar40>5000.0" t="Ar40>5000.0", ctx="{'Ar40': 8.210953697152672}"
GetData ===>> H2,-0.329687207965677,H1,-0.102309448934545,AX,-0.0275475499519173,L1,-0.043537698728076,L2,-0.05...
Get Checksum: -1097334291
testing Ar40>5000.0
evaluate ot="Ar40>5000.0" t="Ar40>5000.0", ctx="{'Ar40': 8.213980505680011}"
testing Ar40>5000.0
evaluate ot="Ar40>5000.0" t="Ar40>5000.0", ctx="{'Ar40': 8.213980505680011}"
GetData ===>> H2,-0.261065089874666,H1,-0.05103198237546,AX,0.0482600106819668,L1,0.0099894299190662,L2,-0.0834...
testing Ar40>5000.0
evaluate ot="Ar40>5000.0" t="Ar40>5000.0", ctx="{'Ar40': 8.214277262606695}"
testing Ar40>5000.0
evaluate ot="Ar40>5000.0" t="Ar40>5000.0", ctx="{'Ar40': 8.214277262606695}"
GetData ===>> H2,-0.132483531494814,H1,0.0191446209101056,AX,-0.0400488493580873,L1,-0.00358183753248795,L2,-0....
testing Ar40>5000.0
evaluate ot="Ar40>5000.0" t="Ar40>5000.0", ctx="{'Ar40': 8.211357196027063}"
testing Ar40>5000.0
evaluate ot="Ar40>5000.0" t="Ar40>5000.0", ctx="{'Ar40': 8.211357196027063}"
GetData ===>> H2,-0.155744025523015,H1,-0.0545252147259976,AX,0.0213713880469239,L1,-0.05750621177565,L2,0.0701...
Get Checksum: -1097334291
testing Ar40>5000.0
evaluate ot="Ar40>5000.0" t="Ar40>5000.0", ctx="{'Ar40': 8.211894084612448}"
testing Ar40>5000.0
evaluate ot="Ar40>5000.0" t="Ar40>5000.0", ctx="{'Ar40': 8.211894084612448}"
GetData ===>> H2,-0.270276647964915,H1,-0.0953261980135565,AX,-0.144032121729516,L1,-0.012571023028144,L2,-0.09...
testing Ar40>5000.0
evaluate ot="Ar40>5000.0" t="Ar40>5000.0", ctx="{'Ar40': 8.214086273452699}"
testing Ar40>5000.0
evaluate ot="Ar40>5000.0" t="Ar40>5000.0", ctx="{'Ar40': 8.214086273452699}"
08:04:16 -- collecting point 25
GetData ===>> H2,-0.288230691772375,H1,-0.115142582791772,AX,0.00116048976568802,L1,-9.60092606929757E-05,L2,0....
Get Checksum: -1097334291
testing Ar40>5000.0
evaluate ot="Ar40>5000.0" t="Ar40>5000.0", ctx="{'Ar40': 8.216895742576858}"
testing Ar40>5000.0
evaluate ot="Ar40>5000.0" t="Ar40>5000.0", ctx="{'Ar40': 8.216895742576858}"
GetData ===>> H2,-0.194848521451358,H1,-0.0681631524767077,AX,0.0434550247593498,L1,-4.20024287408078E-05,L2,0....
testing Ar40>5000.0
evaluate ot="Ar40>5000.0" t="Ar40>5000.0", ctx="{'Ar40': 8.217682197525503}"
testing Ar40>5000.0
evaluate ot="Ar40>5000.0" t="Ar40>5000.0", ctx="{'Ar40': 8.217682197525503}"
GetData ===>> H2,-0.120843242207622,H1,-0.0917509662369696,AX,-0.131058129730544,L1,0.00179800333200831,L2,-0.0...
testing Ar40>5000.0
evaluate ot="Ar40>5000.0" t="Ar40>5000.0", ctx="{'Ar40': 8.219284019283888}"
testing Ar40>5000.0
evaluate ot="Ar40>5000.0" t="Ar40>5000.0", ctx="{'Ar40': 8.219284019283888}"
GetData ===>> H2,-0.138830530124467,H1,0.0186912490726555,AX,-0.0943725765447963,L1,0.0219670830909284,L2,-0.03...
Get Checksum: -1097334291
testing Ar40>5000.0
evaluate ot="Ar40>5000.0" t="Ar40>5000.0", ctx="{'Ar40': 8.216827060369901}"
testing Ar40>5000.0
evaluate ot="Ar40>5000.0" t="Ar40>5000.0", ctx="{'Ar40': 8.216827060369901}"
GetData ===>> H2,-0.175013729048041,H1,-0.0676744123435878,AX,-0.0514586522609412,L1,0.0207631503355913,L2,-0.0...
testing Ar40>5000.0
evaluate ot="Ar40>5000.0" t="Ar40>5000.0", ctx="{'Ar40': 8.21751767315399}"
testing Ar40>5000.0
evaluate ot="Ar40>5000.0" t="Ar40>5000.0", ctx="{'Ar40': 8.21751767315399}"
GetData ===>> H2,-0.180587976673962,H1,-0.0713220250305956,AX,0.00409556643533111,L1,-0.00385297358570722,L2,-0...
testing Ar40>5000.0
evaluate ot="Ar40>5000.0" t="Ar40>5000.0", ctx="{'Ar40': 8.218283832175375}"
testing Ar40>5000.0
evaluate ot="Ar40>5000.0" t="Ar40>5000.0", ctx="{'Ar40': 8.218283832175375}"
GetData ===>> H2,-0.0953336803518467,H1,0.0136804339393005,AX,-0.00444259267985241,L1,-0.0428384368480108,L2,0....
Get Checksum: -1097334291
testing Ar40>5000.0
evaluate ot="Ar40>5000.0" t="Ar40>5000.0", ctx="{'Ar40': 8.216258546776995}"
testing Ar40>5000.0
evaluate ot="Ar40>5000.0" t="Ar40>5000.0", ctx="{'Ar40': 8.216258546776995}"
GetData ===>> H2,-0.210629625063031,H1,-0.0535833654500937,AX,-0.0243929795014893,L1,-0.0416984398719568,L2,-0....
testing Ar40>5000.0
evaluate ot="Ar40>5000.0" t="Ar40>5000.0", ctx="{'Ar40': 8.216461835446934}"
testing Ar40>5000.0
evaluate ot="Ar40>5000.0" t="Ar40>5000.0", ctx="{'Ar40': 8.216461835446934}"
GetData ===>> H2,-0.196407767156943,H1,-0.113665128483098,AX,-0.110747212803565,L1,-0.00739506715649141,L2,0.01...
testing Ar40>5000.0
evaluate ot="Ar40>5000.0" t="Ar40>5000.0", ctx="{'Ar40': 8.218473463077268}"
testing Ar40>5000.0
evaluate ot="Ar40>5000.0" t="Ar40>5000.0", ctx="{'Ar40': 8.218473463077268}"
GetData ===>> H2,-0.238932874014588,H1,-0.106253697789005,AX,-0.0824925769176714,L1,-0.00567035640460262,L2,0.0...
Get Checksum: -1097334291
testing Ar40>5000.0
evaluate ot="Ar40>5000.0" t="Ar40>5000.0", ctx="{'Ar40': 8.220148776414817}"
testing Ar40>5000.0
evaluate ot="Ar40>5000.0" t="Ar40>5000.0", ctx="{'Ar40': 8.220148776414817}"
GetData ===>> H2,-0.294178416396701,H1,0.0887965300585549,AX,-0.066727606281951,L1,-0.00727273996841396,L2,0.07...
testing Ar40>5000.0
evaluate ot="Ar40>5000.0" t="Ar40>5000.0", ctx="{'Ar40': 8.216155493908861}"
testing Ar40>5000.0
evaluate ot="Ar40>5000.0" t="Ar40>5000.0", ctx="{'Ar40': 8.216155493908861}"
GetData ===>> H2,-0.22457933157738,H1,-0.0265282395618847,AX,-0.0028997470829462,L1,-0.0323389892887079,L2,-0.0...
testing Ar40>5000.0
evaluate ot="Ar40>5000.0" t="Ar40>5000.0", ctx="{'Ar40': 8.215587526253804}"
testing Ar40>5000.0
evaluate ot="Ar40>5000.0" t="Ar40>5000.0", ctx="{'Ar40': 8.215587526253804}"
GetData ===>> H2,-0.297683820596425,H1,-0.0279115789842298,AX,0.0516829508387298,L1,-0.0546142386254326,L2,0.04...
Get Checksum: -1097334291
testing Ar40>5000.0
evaluate ot="Ar40>5000.0" t="Ar40>5000.0", ctx="{'Ar40': 8.21508764710503}"
testing Ar40>5000.0
evaluate ot="Ar40>5000.0" t="Ar40>5000.0", ctx="{'Ar40': 8.21508764710503}"
GetData ===>> H2,-0.321731971756984,H1,-0.0122882724497451,AX,-0.0775547064317821,L1,-0.0705217448878787,L2,0.0...
testing Ar40>5000.0
evaluate ot="Ar40>5000.0" t="Ar40>5000.0", ctx="{'Ar40': 8.214202937739493}"
testing Ar40>5000.0
evaluate ot="Ar40>5000.0" t="Ar40>5000.0", ctx="{'Ar40': 8.214202937739493}"
GetData ===>> H2,-0.246735811619564,H1,-0.0808695581220541,AX,-0.0768128450823227,L1,-0.101953038382783,L2,-0.0...
testing Ar40>5000.0
evaluate ot="Ar40>5000.0" t="Ar40>5000.0", ctx="{'Ar40': 8.215122092589429}"
testing Ar40>5000.0
evaluate ot="Ar40>5000.0" t="Ar40>5000.0", ctx="{'Ar40': 8.215122092589429}"
GetData ===>> H2,-0.274472591177739,H1,-0.072478266657394,AX,-0.0656842460541643,L1,-0.0419882412782596,L2,-0.1...
Get Checksum: -1097334291
testing Ar40>5000.0
evaluate ot="Ar40>5000.0" t="Ar40>5000.0", ctx="{'Ar40': 8.215785507410251}"
testing Ar40>5000.0
evaluate ot="Ar40>5000.0" t="Ar40>5000.0", ctx="{'Ar40': 8.215785507410251}"
GetData ===>> H2,-0.173196843402499,H1,-0.0604383949879271,AX,-0.0499861207687713,L1,-0.0421475087404683,L2,-0....
testing Ar40>5000.0
evaluate ot="Ar40>5000.0" t="Ar40>5000.0", ctx="{'Ar40': 8.216122905125925}"
testing Ar40>5000.0
evaluate ot="Ar40>5000.0" t="Ar40>5000.0", ctx="{'Ar40': 8.216122905125925}"
GetData ===>> H2,-0.261165957637532,H1,-0.0438186082223567,AX,-0.18946091569289,L1,-0.00661310696286624,L2,-0.0...
testing Ar40>5000.0
evaluate ot="Ar40>5000.0" t="Ar40>5000.0", ctx="{'Ar40': 8.216048527075003}"
testing Ar40>5000.0
evaluate ot="Ar40>5000.0" t="Ar40>5000.0", ctx="{'Ar40': 8.216048527075003}"
GetData ===>> H2,-0.201983529182111,H1,-0.00225706272016775,AX,-0.0260630589470587,L1,0.00423145607459273,L2,-0...
Get Checksum: -1097334291
testing Ar40>5000.0
evaluate ot="Ar40>5000.0" t="Ar40>5000.0", ctx="{'Ar40': 8.215011060898494}"
testing Ar40>5000.0
evaluate ot="Ar40>5000.0" t="Ar40>5000.0", ctx="{'Ar40': 8.215011060898494}"
GetData ===>> H2,-0.114401529455544,H1,-0.0607483504445614,AX,-0.184222443460901,L1,0.0386878836313628,L2,-0.06...
testing Ar40>5000.0
evaluate ot="Ar40>5000.0" t="Ar40>5000.0", ctx="{'Ar40': 8.215350099723743}"
testing Ar40>5000.0
evaluate ot="Ar40>5000.0" t="Ar40>5000.0", ctx="{'Ar40': 8.215350099723743}"
GetData ===>> H2,-0.194863345764009,H1,0.0185242178606384,AX,0.00286583974646829,L1,0.0224501384448918,L2,-0.02...
Get Checksum: -1097334291
testing Ar40>5000.0
evaluate ot="Ar40>5000.0" t="Ar40>5000.0", ctx="{'Ar40': 8.213912457527755}"
testing Ar40>5000.0
evaluate ot="Ar40>5000.0" t="Ar40>5000.0", ctx="{'Ar40': 8.213912457527755}"
GetData ===>> H2,-0.212918062896028,H1,-0.0305351012348297,AX,-0.0438174789593672,L1,-0.0160400195748675,L2,-0....
testing Ar40>5000.0
evaluate ot="Ar40>5000.0" t="Ar40>5000.0", ctx="{'Ar40': 8.21360382845106}"
testing Ar40>5000.0
evaluate ot="Ar40>5000.0" t="Ar40>5000.0", ctx="{'Ar40': 8.21360382845106}"
GetData ===>> H2,-0.16678881030373,H1,-0.0832652380555075,AX,-0.0694982530317466,L1,-0.036439847370608,L2,0.038...
testing Ar40>5000.0
evaluate ot="Ar40>5000.0" t="Ar40>5000.0", ctx="{'Ar40': 8.214430250331258}"
testing Ar40>5000.0
evaluate ot="Ar40>5000.0" t="Ar40>5000.0", ctx="{'Ar40': 8.214430250331258}"
GetData ===>> H2,-0.172390135352986,H1,-0.0855416767840509,AX,0.00928147157166217,L1,-0.022522023062167,L2,-0.0...
Get Checksum: -1097334291
testing Ar40>5000.0
evaluate ot="Ar40>5000.0" t="Ar40>5000.0", ctx="{'Ar40': 8.215269663773295}"
testing Ar40>5000.0
evaluate ot="Ar40>5000.0" t="Ar40>5000.0", ctx="{'Ar40': 8.215269663773295}"
GetData ===>> H2,-0.104662945134073,H1,-0.0811794502986405,AX,0.047784144008868,L1,-0.0106014281361006,L2,-0.03...
testing Ar40>5000.0
evaluate ot="Ar40>5000.0" t="Ar40>5000.0", ctx="{'Ar40': 8.215985790411871}"
testing Ar40>5000.0
evaluate ot="Ar40>5000.0" t="Ar40>5000.0", ctx="{'Ar40': 8.215985790411871}"
08:04:42 -- collecting point 50
GetData ===>> H2,-0.272046309108295,H1,-0.0821329586681906,AX,-0.121152308115615,L1,-0.00784838436253834,L2,-0....
testing Ar40>5000.0
evaluate ot="Ar40>5000.0" t="Ar40>5000.0", ctx="{'Ar40': 8.216692342152296}"
testing age>100.0
evaluate ot="age>100.0" t="age>100.0", ctx="{'age': 211.08372775850228}"
condition age>100.0 is true trips=1/1
08:04:44 -- Conditional tripped: age>100.0 condition age>100.0 is True
08:04:44 -- truncation conditional condition age>100.0 is True. measurement iteration executed 50/120 counts
measurement finished
estimated time: 125.829 actual time: :52.693
flush and close file /Users/jan/PychronDev/data/isotopes/f5/e9e7d2-51ef-454f-867f-f22faacd8167.h5
activate_detectors ('H1', 'AX', 'L2', 'CDD') {'peak_center': True}
peak_center () {'detector': 'H1', 'integration_time': 0.262144, 'isotope': 'Ar40'}
peak center: mean=8.87694818966 threshold=3
peak center started
setup peak center. detector=['H1', 'AX', 'L2', 'CDD'], isotope=Ar40
VersionedUnpickler [<apptools.sweet_pickle.versioned_unpickler.VersionedUnpickler object at 0x13bcc2f50>] using Updater [<apptools.sweet_pickle.updater.Updater object at 0x136e1c0b0>]
VersionedUnpickler [<apptools.sweet_pickle.versioned_unpickler.VersionedUnpickler object at 0x13bcc2f50>] using Updater [<apptools.sweet_pickle.updater.Updater object at 0x136e1c0b0>]
VersionedUnpickler [<apptools.sweet_pickle.versioned_unpickler.VersionedUnpickler object at 0x13bcc2f50>] using Updater [<apptools.sweet_pickle.updater.Updater object at 0x136e1c0b0>]
setting integration time = 0.524288
SetIntegrationTime 0.524288 ===>> OK
Mapping mass to dac mass func: "parabolic"
H1 map mass coeffs = [-0.00063987  0.15840543  0.57024999]
H1 map mass to dac 39.9624 >> 5.87864
GetDeflection H1 ===>> 0
GetHighVoltage ===>> 4499.94659342336
do peak center. <pychron.spectrometer.jobs.peak_center.PeakCenter object at 0x136fe7170>
doing pc
starting peak center. center dac= 5.87860538124 step_width=0.001
width = 0.001
get scan parameters. half-width=0.015,window=0.015, i=0, scalar=1
Scan parameters center=5.87861 width=0.03000 (5.86361 - 5.89361)
GetData ===>> H2,-0.195707737357,H1,-0.0475028593213576,AX,-0.139069488017167,L1,0.00697504325836779,L2,-0.0351...
Moving to starting dac 5.86360538124
setting magnet DAC
current  : 5.239265
requested: 5.863605
Delta Dac: 0.624340
Checking detector protection. dv=0.62434
Checking detector "CDD". Protection Threshold: 0.1 (V)
ProtectDetector CDD,On ===>> OK
GetDeflection CDD ===>> 2000
SetMagnetDAC 5.86360538124 ===>> OK
Magnet settling time: 0.500
loading system conditionals pre_run_terminations
loading conditionals from /Users/jan/PychronDev/setupfiles/spectrometer/default_conditionals.yaml
loading queue conditionals pre_run_terminations
loading system conditionals None
loading conditionals from /Users/jan/PychronDev/setupfiles/spectrometer/default_conditionals.yaml
loading queue conditionals None
loading system conditionals post_run_terminations
loading conditionals from /Users/jan/PychronDev/setupfiles/spectrometer/default_conditionals.yaml
loading queue conditionals post_run_terminations
Show conditionals active run: <pychron.experiment.automated_run.automated_run.AutomatedRun object at 0x135520fb0>
Show conditionals measuring run: <pychron.experiment.automated_run.automated_run.AutomatedRun object at 0x135520fb0>
active_run same as measuring_run: True
GetMagnetMoving ===>> True
Get Checksum: -1097334291
GetMagnetMoving ===>> True
GetMagnetMoving ===>> True
GetMagnetMoving ===>> True
GetMagnetMoving ===>> True
GetMagnetMoving ===>> True
GetMagnetMoving ===>> True
GetMagnetMoving ===>> True
GetMagnetMoving ===>> False
ProtectDetector CDD,Off ===>> OK
GetDeflection CDD ===>> 50
Wait until signal near baseline. tol= -0.035627144491. timeout= 10
GetData ===>> H2,-0.246357766655752,H1,-0.0943966500415837,AX,-0.036454020513766,L1,-0.00732670802874683,L2,0.0...
Peak center baseline intensity achieved
_do_sweep sm= 5.86360538124, em= 5.89360538124, stm= 0.001
calculated step values: start=5.86360538124, end=5.89360538124, width=0.001, nsteps=31.0
setting magnet DAC
current  : 5.863605
requested: 5.863605
Delta Dac: 0.000000
Checking detector protection. dv=0.00000
Checking detector "CDD". Protection Threshold: 0.1 (V)
SetMagnetDAC 5.86360538124 ===>> OK
GetData ===>> H2,0.315611202883696,H1,-0.00244791556809325,AX,-0.0488846062658386,L1,-0.00742265053273015,L2,0....
setting magnet DAC
current  : 5.863605
requested: 5.864640
Delta Dac: 0.001034
Checking detector protection. dv=0.00103
Checking detector "CDD". Protection Threshold: 0.1 (V)
SetMagnetDAC 5.864639864 ===>> OK
Magnet settling time: 1.049
Get Checksum: -1097334291
GetData ===>> H2,-0.00359730048587725,H1,0.0780714430622666,AX,-0.114443582354795,L1,-0.0593682178171083,L2,-0....
setting magnet DAC
current  : 5.864640
requested: 5.865674
Delta Dac: 0.001034
Checking detector protection. dv=0.00103
Checking detector "CDD". Protection Threshold: 0.1 (V)
SetMagnetDAC 5.86567434676 ===>> OK
Magnet settling time: 1.049
GetData ===>> H2,-0.198254073447203,H1,0.0371379819815722,AX,-0.0291479914519114,L1,-0.0289410149806836,L2,-0.0...
setting magnet DAC
current  : 5.865674
requested: 5.866709
Delta Dac: 0.001034
Checking detector protection. dv=0.00103
Checking detector "CDD". Protection Threshold: 0.1 (V)
SetMagnetDAC 5.86670882952 ===>> OK
Magnet settling time: 1.049
GetData ===>> H2,-0.229714936865734,H1,0.0665213621794837,AX,0.0014505131641808,L1,-0.0256495146221845,L2,-0.03...
setting magnet DAC
current  : 5.866709
requested: 5.867743
Delta Dac: 0.001034
Checking detector protection. dv=0.00103
Checking detector "CDD". Protection Threshold: 0.1 (V)
SetMagnetDAC 5.86774331227 ===>> OK
Magnet settling time: 1.049
Get Checksum: -1097334291
GetData ===>> H2,-0.273539317466888,H1,0.608544937044297,AX,0.0150941902610925,L1,-0.0274019238198635,L2,0.0699...
setting magnet DAC
current  : 5.867743
requested: 5.868778
Delta Dac: 0.001034
Checking detector protection. dv=0.00103
Checking detector "CDD". Protection Threshold: 0.1 (V)
SetMagnetDAC 5.86877779503 ===>> OK
Magnet settling time: 1.049
GetData ===>> H2,-0.206380172611624,H1,1.87580463940311,AX,0.0228682288000497,L1,0.000536488915711591,L2,0.0052...
setting magnet DAC
current  : 5.868778
requested: 5.869812
Delta Dac: 0.001034
Checking detector protection. dv=0.00103
Checking detector "CDD". Protection Threshold: 0.1 (V)
SetMagnetDAC 5.86981227779 ===>> OK
Magnet settling time: 1.049
GetData ===>> H2,-0.10383338901068,H1,4.00654530076714,AX,-0.124454360734783,L1,0.00671703464378111,L2,0.034006...
setting magnet DAC
current  : 5.869812
requested: 5.870847
Delta Dac: 0.001034
Checking detector protection. dv=0.00103
Checking detector "CDD". Protection Threshold: 0.1 (V)
SetMagnetDAC 5.87084676055 ===>> OK
Magnet settling time: 1.049
Get Checksum: -1097334291
GetData ===>> H2,-0.188175250519579,H1,6.22797479921957,AX,-0.0291016022136373,L1,-0.0476341082642564,L2,-0.016...
setting magnet DAC
current  : 5.870847
requested: 5.871881
Delta Dac: 0.001034
Checking detector protection. dv=0.00103
Checking detector "CDD". Protection Threshold: 0.1 (V)
SetMagnetDAC 5.87188124331 ===>> OK
Magnet settling time: 1.049
GetData ===>> H2,-0.240972278634936,H1,8.05335011724384,AX,0.0896762567289755,L1,0.00997058884536605,L2,-0.0636...
setting magnet DAC
current  : 5.871881
requested: 5.872916
Delta Dac: 0.001034
Checking detector protection. dv=0.00103
Checking detector "CDD". Protection Threshold: 0.1 (V)
SetMagnetDAC 5.87291572607 ===>> OK
Magnet settling time: 1.049
GetData ===>> H2,-0.240156560981874,H1,8.8560739845257,AX,0.241430598269694,L1,0.0503049943898722,L2,0.04722126...
setting magnet DAC
current  : 5.872916
requested: 5.873950
Delta Dac: 0.001034
Checking detector protection. dv=0.00103
Checking detector "CDD". Protection Threshold: 0.1 (V)
SetMagnetDAC 5.87395020883 ===>> OK
Magnet settling time: 1.049
Get Checksum: -1097334291
GetData ===>> H2,-0.18616508133608,H1,9.15560231206383,AX,0.172900782434799,L1,-0.0525686498952844,L2,-0.029509...
setting magnet DAC
current  : 5.873950
requested: 5.874985
Delta Dac: 0.001034
Checking detector protection. dv=0.00103
Checking detector "CDD". Protection Threshold: 0.1 (V)
SetMagnetDAC 5.87498469159 ===>> OK
Magnet settling time: 1.049
GetData ===>> H2,-0.218644535418484,H1,9.24693751091124,AX,0.296697982475089,L1,-0.0362960658863827,L2,0.093257...
setting magnet DAC
current  : 5.874985
requested: 5.876019
Delta Dac: 0.001034
Checking detector protection. dv=0.00103
Checking detector "CDD". Protection Threshold: 0.1 (V)
SetMagnetDAC 5.87601917434 ===>> OK
Magnet settling time: 1.049
Get Checksum: -1097334291
GetData ===>> H2,-0.238291478054023,H1,9.40098760174435,AX,0.168748305975634,L1,0.00458445759340323,L2,-0.05161...
setting magnet DAC
current  : 5.876019
requested: 5.877054
Delta Dac: 0.001034
Checking detector protection. dv=0.00103
Checking detector "CDD". Protection Threshold: 0.1 (V)
SetMagnetDAC 5.8770536571 ===>> OK
Magnet settling time: 1.049
GetData ===>> H2,-0.298973245010457,H1,9.4517220327879,AX,0.306547225829821,L1,0.0414502148796025,L2,0.12590679...
setting magnet DAC
current  : 5.877054
requested: 5.878088
Delta Dac: 0.001034
Checking detector protection. dv=0.00103
Checking detector "CDD". Protection Threshold: 0.1 (V)
SetMagnetDAC 5.87808813986 ===>> OK
Magnet settling time: 1.049
GetData ===>> H2,-0.312213167454835,H1,9.39357424209299,AX,0.207705028319253,L1,-0.00357703859853464,L2,0.07317...
setting magnet DAC
current  : 5.878088
requested: 5.879123
Delta Dac: 0.001034
Checking detector protection. dv=0.00103
Checking detector "CDD". Protection Threshold: 0.1 (V)
SetMagnetDAC 5.87912262262 ===>> OK
Magnet settling time: 1.049
Get Checksum: -1097334291
GetData ===>> H2,-0.141897722319158,H1,9.3794478772341,AX,0.293748048988146,L1,0.00439474775641772,L2,0.0805156...
setting magnet DAC
current  : 5.879123
requested: 5.880157
Delta Dac: 0.001034
Checking detector protection. dv=0.00103
Checking detector "CDD". Protection Threshold: 0.1 (V)
SetMagnetDAC 5.88015710538 ===>> OK
Magnet settling time: 1.049
GetData ===>> H2,-0.154529374147515,H1,9.43289349731866,AX,0.182992733893832,L1,0.0585791741906806,L2,-0.082973...
setting magnet DAC
current  : 5.880157
requested: 5.881192
Delta Dac: 0.001034
Checking detector protection. dv=0.00103
Checking detector "CDD". Protection Threshold: 0.1 (V)
SetMagnetDAC 5.88119158814 ===>> OK
Magnet settling time: 1.049
GetData ===>> H2,-0.0421490743893744,H1,9.36998976798342,AX,0.186704979011719,L1,0.049175693378292,L2,-0.047106...
setting magnet DAC
current  : 5.881192
requested: 5.882226
Delta Dac: 0.001034
Checking detector protection. dv=0.00103
Checking detector "CDD". Protection Threshold: 0.1 (V)
SetMagnetDAC 5.8822260709 ===>> OK
Magnet settling time: 1.049
Get Checksum: -1097334291
GetData ===>> H2,-0.197844108884052,H1,9.42115858805381,AX,0.0861994876692114,L1,-0.0279261508384023,L2,0.04184...
setting magnet DAC
current  : 5.882226
requested: 5.883261
Delta Dac: 0.001034
Checking detector protection. dv=0.00103
Checking detector "CDD". Protection Threshold: 0.1 (V)
SetMagnetDAC 5.88326055365 ===>> OK
Magnet settling time: 1.049
GetData ===>> H2,-0.160186730171722,H1,9.17888198017505,AX,0.239480557131392,L1,-0.0476173525390741,L2,0.013961...
setting magnet DAC
current  : 5.883261
requested: 5.884295
Delta Dac: 0.001034
Checking detector protection. dv=0.00103
Checking detector "CDD". Protection Threshold: 0.1 (V)
SetMagnetDAC 5.88429503641 ===>> OK
Magnet settling time: 1.049
GetData ===>> H2,-0.298541217060835,H1,9.12282493353216,AX,0.27052334446968,L1,0.00214971915469509,L2,-0.000592...
setting magnet DAC
current  : 5.884295
requested: 5.885330
Delta Dac: 0.001034
Checking detector protection. dv=0.00103
Checking detector "CDD". Protection Threshold: 0.1 (V)
SetMagnetDAC 5.88532951917 ===>> OK
Magnet settling time: 1.049
Get Checksum: -1097334291
GetData ===>> H2,-0.0447729704211235,H1,8.7789443226513,AX,0.130317301587547,L1,0.0070958026796498,L2,0.1074604...
setting magnet DAC
current  : 5.885330
requested: 5.886364
Delta Dac: 0.001034
Checking detector protection. dv=0.00103
Checking detector "CDD". Protection Threshold: 0.1 (V)
SetMagnetDAC 5.88636400193 ===>> OK
Magnet settling time: 1.049
GetData ===>> H2,-0.189226001174908,H1,7.41707031361607,AX,0.224508326899702,L1,-0.0155959920202418,L2,-0.04553...
setting magnet DAC
current  : 5.886364
requested: 5.887398
Delta Dac: 0.001034
Checking detector protection. dv=0.00103
Checking detector "CDD". Protection Threshold: 0.1 (V)
SetMagnetDAC 5.88739848469 ===>> OK
Magnet settling time: 1.049
Get Checksum: -1097334291
GetData ===>> H2,-0.234453003834398,H1,5.57075018799804,AX,0.190556582820265,L1,-0.00665508489645265,L2,-0.0356...
setting magnet DAC
current  : 5.887398
requested: 5.888433
Delta Dac: 0.001034
Checking detector protection. dv=0.00103
Checking detector "CDD". Protection Threshold: 0.1 (V)
SetMagnetDAC 5.88843296745 ===>> OK
Magnet settling time: 1.049
GetData ===>> H2,-0.234130383553628,H1,2.0160219781397,AX,0.0350062526188329,L1,-0.0327769462490147,L2,-0.15591...
setting magnet DAC
current  : 5.888433
requested: 5.889467
Delta Dac: 0.001034
Checking detector protection. dv=0.00103
Checking detector "CDD". Protection Threshold: 0.1 (V)
SetMagnetDAC 5.88946745021 ===>> OK
Magnet settling time: 1.049
GetData ===>> H2,-0.197671487781607,H1,0.731931448659196,AX,-0.0510412440220269,L1,0.00379682493988981,L2,0.049...
setting magnet DAC
current  : 5.889467
requested: 5.890502
Delta Dac: 0.001034
Checking detector protection. dv=0.00103
Checking detector "CDD". Protection Threshold: 0.1 (V)
SetMagnetDAC 5.89050193296 ===>> OK
Magnet settling time: 1.049
Get Checksum: -1097334291
GetData ===>> H2,-0.192248386079527,H1,0.0876278838646051,AX,-0.134070226358,L1,0.0160633385604076,L2,-0.068705...
setting magnet DAC
current  : 5.890502
requested: 5.891536
Delta Dac: 0.001034
Checking detector protection. dv=0.00103
Checking detector "CDD". Protection Threshold: 0.1 (V)
SetMagnetDAC 5.89153641572 ===>> OK
Magnet settling time: 1.049
GetData ===>> H2,-0.250264069235699,H1,-0.0168562547997684,AX,-0.0628903041334,L1,-0.0231544381174281,L2,-0.046...
setting magnet DAC
current  : 5.891536
requested: 5.892571
Delta Dac: 0.001034
Checking detector protection. dv=0.00103
Checking detector "CDD". Protection Threshold: 0.1 (V)
SetMagnetDAC 5.89257089848 ===>> OK
Magnet settling time: 1.049
GetData ===>> H2,-0.180952068385089,H1,0.0631553224344163,AX,-0.0960646340820426,L1,-0.0198754167622117,L2,-0.1...
setting magnet DAC
current  : 5.892571
requested: 5.893605
Delta Dac: 0.001034
Checking detector protection. dv=0.00103
Checking detector "CDD". Protection Threshold: 0.1 (V)
SetMagnetDAC 5.89360538124 ===>> OK
Magnet settling time: 1.049
Get Checksum: -1097334291
GetData ===>> H2,-0.112689348606393,H1,-0.0842902378196396,AX,-0.108047267916442,L1,-0.0501351852179382,L2,-0.1...
result of _do_sweep=True
result of _calculate_peak_center=([5.8712707119016123, 5.8789360425629349, 5.8866013732242575], [6.9760494536001136, 9.4506732750398861, 6.9934156956139741], 5.8770723151080251, 9.4506732750398861)
Failed to find a valid peak. No peak greater than 1.0. max = 0.304764500825
Failed to find a valid peak. No peak greater than 1.0. max = 0.124955751896
Failed to find a valid peak. No peak greater than 1.0. max = 0.0088734574615
new center pos Detector(H1) (Ar40) @ 5.87893604256
GetHighVoltage ===>> 4499.94659342336
GetDeflection H1 ===>> 0
dac uncorrected for HV and deflection 5.87897066327
update mftable H1 Ar40 5.87897066327 message=automated run peakcenter
get initial guess parabolic
get initial guess parabolic
get initial guess parabolic
get initial guess parabolic
get initial guess parabolic
get initial guess parabolic
add to repo msg=modified - automated run peakcenter
locally archiving mftable
setting magnet DAC
current  : 5.893605
requested: 5.878936
Delta Dac: 0.014669
Checking detector protection. dv=0.01467
Checking detector "CDD". Protection Threshold: 0.1 (V)
sweep finished
SetMagnetDAC 5.87893604256 ===>> OK
Magnet settling time: 0.500
setting integration time = 1.048576
SetIntegrationTime 1.048576 ===>> OK
Failed to find a valid peak. No peak greater than 1.0. max = 0.304764500825
Failed to find a valid peak. No peak greater than 1.0. max = 0.124955751896
Failed to find a valid peak. No peak greater than 1.0. max = 0.0088734574615
flush and close file /Users/jan/PychronDev/data/isotopes/f5/e9e7d2-51ef-454f-867f-f22faacd8167.h5
finished measure script
executed 568.532928
jan_unknown400_120.py completed successfully
Measurement Finished
08:05:20 -- ******* Measurement Finished *******
Post Measurement Started jan_pump_ms.py
08:05:20 -- ******* Post Measurement Started jan_pump_ms.py *******
testing...
no interpolation path defined
executed 0
Pumping spectrometer
open () {'name': 'O'}
opening name=O desc=---
checking ownership. requestor=129.138.12.150
check software interlocks O
interlocks []
actuate state mode=None-script, software_lock=False
doing actuation None-script open_channel True
Open O ===>> OK
GetValveState O ===>> OK
change switch state (True, True)
update switch state O True args=() kw={} ncanvase=2
08:05:20 -- OPEN   VALVE-O (Jan Ion Pump)
---------------------------------------- open O () result=[(True, True)], time=0.10 sec
action=open, ok=True, locked=[False]
executed 0
jan_pump_ms.py completed successfully
setting _ms_pumptime
Post Measurement Finished
08:05:20 -- ******* Post Measurement Finished *******
$$$$$$$$$$$$$$$$$$$$ state at run end truncated
post measurement save measured=True aborted=False
Set filtering
setting fod for Ar40= {'filter_outliers': True, 'std_devs': 2, 'iterations': 1}
setting fod for H1= {'filter_outliers': True, 'std_devs': 2, 'iterations': 1}
setting fod for PM41= {'filter_outliers': False, 'std_devs': 2, 'iterations': 1}
setting fod for H2= {'filter_outliers': True, 'std_devs': 2, 'iterations': 1}
setting fod for Ar36= {'filter_outliers': True, 'std_devs': 2, 'iterations': 1}
setting fod for CDD= {'filter_outliers': True, 'std_devs': 10, 'iterations': 1}
setting fod for Ar37= {'filter_outliers': True, 'std_devs': 2, 'iterations': 1}
setting fod for L2= {'filter_outliers': True, 'std_devs': 2, 'iterations': 1}
setting fod for Ar38= {'filter_outliers': True, 'std_devs': 2, 'iterations': 1}
setting fod for L1= {'filter_outliers': True, 'std_devs': 2, 'iterations': 1}
setting fod for Ar39= {'filter_outliers': True, 'std_devs': 2, 'iterations': 1}
setting fod for AX= {'filter_outliers': True, 'std_devs': 2, 'iterations': 1}
persistence save...
persistence save - db
post measurement save
5232108560 connecting to database sqlite:////Users/jan/PychronDev/.appdata/local_lab.db
connected to db sqlite:////Users/jan/PychronDev/.appdata/local_lab.db
create new session 5232108560
close session 5232108560
No database instance. Not saving post measurement to isotopedb database
$$$$$$$$$$$$$$$ auto_save_detector_ic=False
massspec enabled True
create new session 4978720400
MassSpec Database Version: 16.0
close session 4978720400
saving post measurement to secondary database
saving to massspec database 129.138.12.160/massspecdata
setting labnumber to 65506
setting aliquot to 99
setting step to 
setting uuid to f5e9e7d2-51ef-454f-867f-f22faacd8167
setting irradpos to 65506
setting extract_device to Fusions CO2
setting tray to 
setting position to 197
setting power_requested to 5.0
setting extract_value to 5.0
setting duration to 30.0
setting duration_at_request to 30.0
setting first_stage_delay to 30.0
setting cleanup to 30.0
setting comment to F:2 DS
setting irradiation to NM-289
setting level to F
setting irradiation_level to F
setting sample to 6-2-15-C
setting material to DetritalSanidine
setting project to Cather
setting mass_spectrometer to Jan
no attribute chron_dosages
no attribute production_ratios
no attribute interference_corrections
no attribute production_name
no attribute j
Reference Isotope=Ar40
Reference Detector=H1
%%%%%%%%%%%%%%%%%%%% Comment: F:2 DS %%%%%%%%%%%%%%%%%%%
adding isotope PM41 H2
add baseline dbdet= PM41. original det= H2
get baseline data PM41 H2
Get data baseline <pychron.processing.isotope.Baseline object at 0x13b224710> len t=50
baseline PM41. v=-0.213038441648, e=0.00847199610119
get signal data PM41 H2
Get data signal PM41 0.09+/-0.08 len t=50
adding isotope Ar40 H1
add baseline dbdet= Ar40. original det= H1
get baseline data Ar40 H1
Get data baseline <pychron.processing.isotope.Baseline object at 0x13b224f50> len t=50
baseline Ar40. v=-0.0480684995721, e=0.00632408348879
get signal data Ar40 H1
Get data signal Ar40 8.55+/-0.05 len t=50
adding isotope Ar39 AX
add baseline dbdet= Ar39. original det= AX
get baseline data Ar39 AX
Get data baseline <pychron.processing.isotope.Baseline object at 0x13b224c90> len t=50
baseline Ar39. v=-0.0568864567054, e=0.00919362291263
get signal data Ar39 AX
Get data signal Ar39 0.25+/-0.04 len t=50
adding isotope Ar38 L1
add baseline dbdet= Ar38. original det= L1
get baseline data Ar38 L1
Get data baseline <pychron.processing.isotope.Baseline object at 0x13b224610> len t=50
baseline Ar38. v=-0.0235057694284, e=0.00338938994608
get signal data Ar38 L1
Get data signal Ar38 0.011+/-0.007 len t=50
adding isotope Ar37 L2
add baseline dbdet= Ar37. original det= L2
get baseline data Ar37 L2
Get data baseline <pychron.processing.isotope.Baseline object at 0x13b224850> len t=50
baseline Ar37. v=-0.0120802212912, e=0.0072666760504
get signal data Ar37 L2
Get data signal Ar37 0.024+/-0.020 len t=50
adding isotope Ar36 CDD
add baseline dbdet= Ar36. original det= CDD
get baseline data Ar36 CDD
Get data baseline <pychron.processing.isotope.Baseline object at 0x135854b50> len t=50
baseline Ar36. v=1.48865411202e-05, e=6.37994619436e-06
get signal data Ar36 CDD
Get data signal Ar36 0.0080+/-0.0007 len t=50
65506-99 added analysis time 0.472374916077s
analysis added to mass spec database
mass spec save time= 0.480
persistence save - dvc
================= post measurement started
create new session 4982606736
close session 4982606736
Get Checksum: -1404555142
---------------- Experiment Queue saving disabled
DVC saving peakcenter
Failed to find a valid peak. No peak greater than 1.0. max = 0.304764500825
Failed to find a valid peak. No peak greater than 1.0. max = 0.124955751896
Failed to find a valid peak. No peak greater than 1.0. max = 0.0088734574615
Smart pull ahead: 0 behind: 0
Up-to-date with origin
add to repo msg=modified - ad8224ebc6dbfeb9f5997218dfa5fe690569839d.json
add to repo msg=modified - 06-99.json
add to repo msg=modified - 06-99.dat.json
add to repo msg=modified - 06-99.blan.json
add to repo msg=modified - 06-99.inte.json
add to repo msg=modified - 06-99.icfa.json
add to repo msg=modified - 06-99.base.json
not at valid file /Users/jan/PychronDev/data/.dvc/repositories/Cather/655/tags/06-99.tags.json
add to repo msg=modified - 06-99.peak.json
add to repo msg=modified - 06-99.extr.json
Get Checksum: -1404555142
not at valid file /Users/jan/PychronDev/data/.dvc/repositories/Cather/655/monitor/06-99.moni.json
commit message=<COLLECTION>
add to repo msg=modified - 06-99.inte.json
add to repo msg=modified - 06-99.base.json
commit message=<ISOEVO> default collection fits
add to repo msg=modified - 06-99.blan.json
commit message=<BLANKS> preceding bu-FC-J-7434
add to repo msg=modified - 06-99.icfa.json
Get Checksum: -1404555142
commit message=<ICFactor> default
push repository <pychron.git_archive.repo_manager.GitRepoManager object at 0x134732470>
pushing to remote=origin, url=https://github.com
Get Checksum: -1404555142
Get Checksum: -1404555142
no changes to meta repo
create new session 4982606736
add association Cather
get identifier "65506"
setting analysis irradiation position=<pychron.dvc.dvc_orm.IrradiationPositionTbl object at 0x136db29d0>
close session 4982606736
================= post measurement finished
08:05:36 -- ******* Post Run Check *******
loading queue conditionals post_run_actions
loading system conditionals post_run_actions
loading conditionals from /Users/jan/PychronDev/setupfiles/spectrometer/default_conditionals.yaml
loading queue conditionals post_run_terminations
loading system conditionals post_run_terminations
loading conditionals from /Users/jan/PychronDev/setupfiles/spectrometer/default_conditionals.yaml
Checking default post run terminations n=1
GetDeflection CDD ===>> 50
testing CDD==2000
evaluate ot="CDD.deflection==2000" t="CDD==2000", ctx="{'CDD': 50.0}"
08:05:36 -- ******* Post Run Check Passed *******
08:05:36 -- Automated run 65506-99 truncated duration: 283.464 s
----------------- finish -----------------
----------------- stop -----------------
retroactive repository identifiers disabled
finish run. runs completed=11
write rem/ex queues
/Users/jan/PychronDev/experiments/rem/CurrentExperiment.rem.txt
/Users/jan/PychronDev/experiments/rem/CurrentExperiment.ex.txt
doing event level: 3
